[1.499s] Invoking command in '/home/danielwp22/arduinobot_ws/src/arduinobot_py_examples': DEBUGINFOD_URLS=https://debuginfod.ubuntu.com PYTHONPATH=/home/danielwp22/arduinobot_ws/build/arduinobot_py_examples/prefix_override:/usr/lib/python3/dist-packages/colcon_core/task/python/colcon_distutils_commands:/home/danielwp22/arduinobot_ws/install/arduinobot_py_examples/lib/python3.12/site-packages:${PYTHONPATH} /usr/bin/python3 -W ignore:setup.py install is deprecated -W ignore:easy_install command is deprecated setup.py egg_info --egg-base ../../build/arduinobot_py_examples build --build-base /home/danielwp22/arduinobot_ws/build/arduinobot_py_examples/build install --record /home/danielwp22/arduinobot_ws/build/arduinobot_py_examples/install.log --single-version-externally-managed install_data
[1.979s] running egg_info
[2.018s] writing ../../build/arduinobot_py_examples/arduinobot_py_examples.egg-info/PKG-INFO
[2.020s] writing dependency_links to ../../build/arduinobot_py_examples/arduinobot_py_examples.egg-info/dependency_links.txt
[2.020s] writing entry points to ../../build/arduinobot_py_examples/arduinobot_py_examples.egg-info/entry_points.txt
[2.020s] writing requirements to ../../build/arduinobot_py_examples/arduinobot_py_examples.egg-info/requires.txt
[2.020s] writing top-level names to ../../build/arduinobot_py_examples/arduinobot_py_examples.egg-info/top_level.txt
[2.102s] reading manifest file '../../build/arduinobot_py_examples/arduinobot_py_examples.egg-info/SOURCES.txt'
[2.103s] writing manifest file '../../build/arduinobot_py_examples/arduinobot_py_examples.egg-info/SOURCES.txt'
[2.105s] running build
[2.105s] running build_py
[2.105s] copying arduinobot_py_examples/simple_subscriber.py -> /home/danielwp22/arduinobot_ws/build/arduinobot_py_examples/build/lib/arduinobot_py_examples
[2.105s] copying arduinobot_py_examples/simple_publisher.py -> /home/danielwp22/arduinobot_ws/build/arduinobot_py_examples/build/lib/arduinobot_py_examples
[2.105s] copying arduinobot_py_examples/simple_parameter.py -> /home/danielwp22/arduinobot_ws/build/arduinobot_py_examples/build/lib/arduinobot_py_examples
[2.105s] running install
[2.112s] running install_lib
[2.153s] copying /home/danielwp22/arduinobot_ws/build/arduinobot_py_examples/build/lib/arduinobot_py_examples/simple_subscriber.py -> /home/danielwp22/arduinobot_ws/install/arduinobot_py_examples/lib/python3.12/site-packages/arduinobot_py_examples
[2.155s] copying /home/danielwp22/arduinobot_ws/build/arduinobot_py_examples/build/lib/arduinobot_py_examples/simple_publisher.py -> /home/danielwp22/arduinobot_ws/install/arduinobot_py_examples/lib/python3.12/site-packages/arduinobot_py_examples
[2.155s] copying /home/danielwp22/arduinobot_ws/build/arduinobot_py_examples/build/lib/arduinobot_py_examples/simple_parameter.py -> /home/danielwp22/arduinobot_ws/install/arduinobot_py_examples/lib/python3.12/site-packages/arduinobot_py_examples
[2.155s] byte-compiling /home/danielwp22/arduinobot_ws/install/arduinobot_py_examples/lib/python3.12/site-packages/arduinobot_py_examples/simple_subscriber.py to simple_subscriber.cpython-312.pyc
[2.155s] byte-compiling /home/danielwp22/arduinobot_ws/install/arduinobot_py_examples/lib/python3.12/site-packages/arduinobot_py_examples/simple_publisher.py to simple_publisher.cpython-312.pyc
[2.155s] byte-compiling /home/danielwp22/arduinobot_ws/install/arduinobot_py_examples/lib/python3.12/site-packages/arduinobot_py_examples/simple_parameter.py to simple_parameter.cpython-312.pyc
[2.155s] running install_data
[2.155s] running install_egg_info
[2.197s] removing '/home/danielwp22/arduinobot_ws/install/arduinobot_py_examples/lib/python3.12/site-packages/arduinobot_py_examples-0.0.0-py3.12.egg-info' (and everything under it)
[2.198s] Copying ../../build/arduinobot_py_examples/arduinobot_py_examples.egg-info to /home/danielwp22/arduinobot_ws/install/arduinobot_py_examples/lib/python3.12/site-packages/arduinobot_py_examples-0.0.0-py3.12.egg-info
[2.199s] running install_scripts
[2.455s] Installing simple_parameter script to /home/danielwp22/arduinobot_ws/install/arduinobot_py_examples/lib/arduinobot_py_examples
[2.455s] Installing simple_publisher script to /home/danielwp22/arduinobot_ws/install/arduinobot_py_examples/lib/arduinobot_py_examples
[2.455s] Installing simple_subscriber script to /home/danielwp22/arduinobot_ws/install/arduinobot_py_examples/lib/arduinobot_py_examples
[2.455s] writing list of installed files to '/home/danielwp22/arduinobot_ws/build/arduinobot_py_examples/install.log'
[2.491s] Invoked command in '/home/danielwp22/arduinobot_ws/src/arduinobot_py_examples' returned '0': DEBUGINFOD_URLS=https://debuginfod.ubuntu.com PYTHONPATH=/home/danielwp22/arduinobot_ws/build/arduinobot_py_examples/prefix_override:/usr/lib/python3/dist-packages/colcon_core/task/python/colcon_distutils_commands:/home/danielwp22/arduinobot_ws/install/arduinobot_py_examples/lib/python3.12/site-packages:${PYTHONPATH} /usr/bin/python3 -W ignore:setup.py install is deprecated -W ignore:easy_install command is deprecated setup.py egg_info --egg-base ../../build/arduinobot_py_examples build --build-base /home/danielwp22/arduinobot_ws/build/arduinobot_py_examples/build install --record /home/danielwp22/arduinobot_ws/build/arduinobot_py_examples/install.log --single-version-externally-managed install_data
