[ 25%] [32mBuilding CXX object CMakeFiles/task_server.dir/src/task_server.cpp.o[0m
[ 25%] Built target ament_cmake_python_copy_arduinobot_remote
[ 50%] [32mBuilding CXX object CMakeFiles/task_server_node.dir/rclcpp_components/node_main_task_server_node.cpp.o[0m
running egg_info
creating arduinobot_remote.egg-info
writing arduinobot_remote.egg-info/PKG-INFO
writing dependency_links to arduinobot_remote.egg-info/dependency_links.txt
writing top-level names to arduinobot_remote.egg-info/top_level.txt
writing manifest file 'arduinobot_remote.egg-info/SOURCES.txt'
reading manifest file 'arduinobot_remote.egg-info/SOURCES.txt'
writing manifest file 'arduinobot_remote.egg-info/SOURCES.txt'
[ 50%] Built target ament_cmake_python_build_arduinobot_remote_egg
[ 75%] [32m[1mLinking CXX executable task_server_node[0m
[ 75%] Built target task_server_node
[100%] [32m[1mLinking CXX shared library libtask_server.so[0m
[100%] Built target task_server
-- Install configuration: ""
-- Installing: /home/danielwp22/arduinobot_ws/install/arduinobot_remote/lib/arduinobot_remote/task_server_node
-- Set non-toolchain portion of runtime path of "/home/danielwp22/arduinobot_ws/install/arduinobot_remote/lib/arduinobot_remote/task_server_node" to ""
-- Installing: /home/danielwp22/arduinobot_ws/install/arduinobot_remote/share/arduinobot_remote/environment/pythonpath.sh
-- Installing: /home/danielwp22/arduinobot_ws/install/arduinobot_remote/share/arduinobot_remote/environment/pythonpath.dsv
-- Installing: /home/danielwp22/arduinobot_ws/install/arduinobot_remote/lib/python3.12/site-packages/arduinobot_remote-0.0.0-py3.12.egg-info
-- Installing: /home/danielwp22/arduinobot_ws/install/arduinobot_remote/lib/python3.12/site-packages/arduinobot_remote-0.0.0-py3.12.egg-info/PKG-INFO
-- Installing: /home/danielwp22/arduinobot_ws/install/arduinobot_remote/lib/python3.12/site-packages/arduinobot_remote-0.0.0-py3.12.egg-info/SOURCES.txt
-- Installing: /home/danielwp22/arduinobot_ws/install/arduinobot_remote/lib/python3.12/site-packages/arduinobot_remote-0.0.0-py3.12.egg-info/top_level.txt
-- Installing: /home/danielwp22/arduinobot_ws/install/arduinobot_remote/lib/python3.12/site-packages/arduinobot_remote-0.0.0-py3.12.egg-info/dependency_links.txt
-- Installing: /home/danielwp22/arduinobot_ws/install/arduinobot_remote/lib/python3.12/site-packages/arduinobot_remote
-- Installing: /home/danielwp22/arduinobot_ws/install/arduinobot_remote/lib/python3.12/site-packages/arduinobot_remote/__init__.py
-- Installing: /home/danielwp22/arduinobot_ws/install/arduinobot_remote/lib/python3.12/site-packages/arduinobot_remote/alexa_interface.py
-- Installing: /home/danielwp22/arduinobot_ws/install/arduinobot_remote/lib/python3.12/site-packages/arduinobot_remote/task_server.py
Listing '/home/danielwp22/arduinobot_ws/install/arduinobot_remote/lib/python3.12/site-packages/arduinobot_remote'...
Compiling '/home/danielwp22/arduinobot_ws/install/arduinobot_remote/lib/python3.12/site-packages/arduinobot_remote/__init__.py'...
Compiling '/home/danielwp22/arduinobot_ws/install/arduinobot_remote/lib/python3.12/site-packages/arduinobot_remote/alexa_interface.py'...
Compiling '/home/danielwp22/arduinobot_ws/install/arduinobot_remote/lib/python3.12/site-packages/arduinobot_remote/task_server.py'...
-- Installing: /home/danielwp22/arduinobot_ws/install/arduinobot_remote/share/arduinobot_remote/launch
-- Installing: /home/danielwp22/arduinobot_ws/install/arduinobot_remote/share/arduinobot_remote/launch/remote_interface.launch.py
-- Installing: /home/danielwp22/arduinobot_ws/install/arduinobot_remote/lib/libtask_server.so
-- Set non-toolchain portion of runtime path of "/home/danielwp22/arduinobot_ws/install/arduinobot_remote/lib/libtask_server.so" to ""
-- Installing: /home/danielwp22/arduinobot_ws/install/arduinobot_remote/lib/arduinobot_remote/task_server.py
-- Installing: /home/danielwp22/arduinobot_ws/install/arduinobot_remote/lib/arduinobot_remote/alexa_interface.py
-- Installing: /home/danielwp22/arduinobot_ws/install/arduinobot_remote/share/ament_index/resource_index/package_run_dependencies/arduinobot_remote
-- Installing: /home/danielwp22/arduinobot_ws/install/arduinobot_remote/share/ament_index/resource_index/parent_prefix_path/arduinobot_remote
-- Installing: /home/danielwp22/arduinobot_ws/install/arduinobot_remote/share/arduinobot_remote/environment/ament_prefix_path.sh
-- Installing: /home/danielwp22/arduinobot_ws/install/arduinobot_remote/share/arduinobot_remote/environment/ament_prefix_path.dsv
-- Installing: /home/danielwp22/arduinobot_ws/install/arduinobot_remote/share/arduinobot_remote/environment/path.sh
-- Installing: /home/danielwp22/arduinobot_ws/install/arduinobot_remote/share/arduinobot_remote/environment/path.dsv
-- Installing: /home/danielwp22/arduinobot_ws/install/arduinobot_remote/share/arduinobot_remote/local_setup.bash
-- Installing: /home/danielwp22/arduinobot_ws/install/arduinobot_remote/share/arduinobot_remote/local_setup.sh
-- Installing: /home/danielwp22/arduinobot_ws/install/arduinobot_remote/share/arduinobot_remote/local_setup.zsh
-- Installing: /home/danielwp22/arduinobot_ws/install/arduinobot_remote/share/arduinobot_remote/local_setup.dsv
-- Up-to-date: /home/danielwp22/arduinobot_ws/install/arduinobot_remote/share/arduinobot_remote/package.dsv
-- Installing: /home/danielwp22/arduinobot_ws/install/arduinobot_remote/share/ament_index/resource_index/packages/arduinobot_remote
-- Installing: /home/danielwp22/arduinobot_ws/install/arduinobot_remote/share/ament_index/resource_index/rclcpp_components/arduinobot_remote
-- Installing: /home/danielwp22/arduinobot_ws/install/arduinobot_remote/share/arduinobot_remote/cmake/arduinobot_remoteConfig.cmake
-- Installing: /home/danielwp22/arduinobot_ws/install/arduinobot_remote/share/arduinobot_remote/cmake/arduinobot_remoteConfig-version.cmake
-- Installing: /home/danielwp22/arduinobot_ws/install/arduinobot_remote/share/arduinobot_remote/package.xml
