[0.541s] Invoking command in '/home/danielwp22/arduinobot_ws/build/arduinobot_controller': AMENT_PREFIX_PATH=/home/danielwp22/arduinobot_ws/install/arduinobot_description:${AMENT_PREFIX_PATH} CMAKE_PREFIX_PATH=/home/danielwp22/arduinobot_ws/install/arduinobot_description:/home/danielwp22/ros2_ws/install/my_robot_bringup:/home/danielwp22/ros2_ws/install/my_final_project:/home/danielwp22/ros2_ws/install/my_cpp_pkg:/home/danielwp22/ros2_ws/install/actions_cpp:/home/danielwp22/ros2_ws/install/my_robot_interfaces:/home/danielwp22/ros2_ws/install/my_robot_description:/home/danielwp22/ros2_ws/install/my_robot_arm_description:/home/danielwp22/ros2_ws/install/lifecycle_cpp:/home/danielwp22/ros2_ws/install/components_cpp:/opt/ros/jazzy/opt/gz_sim_vendor:/opt/ros/jazzy/opt/gz_sensors_vendor:/opt/ros/jazzy/opt/gz_physics_vendor:/opt/ros/jazzy/opt/sdformat_vendor:/opt/ros/jazzy/opt/gz_gui_vendor:/opt/ros/jazzy/opt/gz_transport_vendor:/opt/ros/jazzy/opt/gz_rendering_vendor:/opt/ros/jazzy/opt/gz_plugin_vendor:/opt/ros/jazzy/opt/gz_fuel_tools_vendor:/opt/ros/jazzy/opt/gz_msgs_vendor:/opt/ros/jazzy/opt/gz_common_vendor:/opt/ros/jazzy/opt/gz_math_vendor:/opt/ros/jazzy/opt/gz_utils_vendor:/opt/ros/jazzy/opt/gz_tools_vendor:/opt/ros/jazzy/opt/gz_ogre_next_vendor:/opt/ros/jazzy/opt/gz_dartsim_vendor:/opt/ros/jazzy/opt/gz_cmake_vendor:/home/danielwp22/ros2_ws/install/my_turtle_pkg:/home/danielwp22/ros2_ws/install/my_py_pkg:/home/danielwp22/ros2_ws/install/actions_py:/home/danielwp22/ros2_ws/install/lifecycle_py:/home/danielwp22/ros2_ws/install/executors_py:/home/danielwp22/ros2_ws/install/components_py:/opt/ros/jazzy CONDA_PROMPT_MODIFIER=(base) DEBUGINFOD_URLS=https://debuginfod.ubuntu.com /usr/bin/cmake --build /home/danielwp22/arduinobot_ws/build/arduinobot_controller -- -j4 -l4
[2.670s] [100%] Built target slider_control
[2.944s] [100%] Built target ament_cmake_python_copy_arduinobot_controller
[3.464s] running egg_info
[3.506s] writing arduinobot_controller.egg-info/PKG-INFO
[3.568s] writing dependency_links to arduinobot_controller.egg-info/dependency_links.txt
[3.632s] writing top-level names to arduinobot_controller.egg-info/top_level.txt
[3.832s] reading manifest file 'arduinobot_controller.egg-info/SOURCES.txt'
[3.833s] writing manifest file 'arduinobot_controller.egg-info/SOURCES.txt'
[3.908s] [100%] Built target ament_cmake_python_build_arduinobot_controller_egg
[3.926s] Invoked command in '/home/danielwp22/arduinobot_ws/build/arduinobot_controller' returned '0': AMENT_PREFIX_PATH=/home/danielwp22/arduinobot_ws/install/arduinobot_description:${AMENT_PREFIX_PATH} CMAKE_PREFIX_PATH=/home/danielwp22/arduinobot_ws/install/arduinobot_description:/home/danielwp22/ros2_ws/install/my_robot_bringup:/home/danielwp22/ros2_ws/install/my_final_project:/home/danielwp22/ros2_ws/install/my_cpp_pkg:/home/danielwp22/ros2_ws/install/actions_cpp:/home/danielwp22/ros2_ws/install/my_robot_interfaces:/home/danielwp22/ros2_ws/install/my_robot_description:/home/danielwp22/ros2_ws/install/my_robot_arm_description:/home/danielwp22/ros2_ws/install/lifecycle_cpp:/home/danielwp22/ros2_ws/install/components_cpp:/opt/ros/jazzy/opt/gz_sim_vendor:/opt/ros/jazzy/opt/gz_sensors_vendor:/opt/ros/jazzy/opt/gz_physics_vendor:/opt/ros/jazzy/opt/sdformat_vendor:/opt/ros/jazzy/opt/gz_gui_vendor:/opt/ros/jazzy/opt/gz_transport_vendor:/opt/ros/jazzy/opt/gz_rendering_vendor:/opt/ros/jazzy/opt/gz_plugin_vendor:/opt/ros/jazzy/opt/gz_fuel_tools_vendor:/opt/ros/jazzy/opt/gz_msgs_vendor:/opt/ros/jazzy/opt/gz_common_vendor:/opt/ros/jazzy/opt/gz_math_vendor:/opt/ros/jazzy/opt/gz_utils_vendor:/opt/ros/jazzy/opt/gz_tools_vendor:/opt/ros/jazzy/opt/gz_ogre_next_vendor:/opt/ros/jazzy/opt/gz_dartsim_vendor:/opt/ros/jazzy/opt/gz_cmake_vendor:/home/danielwp22/ros2_ws/install/my_turtle_pkg:/home/danielwp22/ros2_ws/install/my_py_pkg:/home/danielwp22/ros2_ws/install/actions_py:/home/danielwp22/ros2_ws/install/lifecycle_py:/home/danielwp22/ros2_ws/install/executors_py:/home/danielwp22/ros2_ws/install/components_py:/opt/ros/jazzy CONDA_PROMPT_MODIFIER=(base) DEBUGINFOD_URLS=https://debuginfod.ubuntu.com /usr/bin/cmake --build /home/danielwp22/arduinobot_ws/build/arduinobot_controller -- -j4 -l4
[4.037s] Invoking command in '/home/danielwp22/arduinobot_ws/build/arduinobot_controller': AMENT_PREFIX_PATH=/home/danielwp22/arduinobot_ws/install/arduinobot_description:${AMENT_PREFIX_PATH} CMAKE_PREFIX_PATH=/home/danielwp22/arduinobot_ws/install/arduinobot_description:/home/danielwp22/ros2_ws/install/my_robot_bringup:/home/danielwp22/ros2_ws/install/my_final_project:/home/danielwp22/ros2_ws/install/my_cpp_pkg:/home/danielwp22/ros2_ws/install/actions_cpp:/home/danielwp22/ros2_ws/install/my_robot_interfaces:/home/danielwp22/ros2_ws/install/my_robot_description:/home/danielwp22/ros2_ws/install/my_robot_arm_description:/home/danielwp22/ros2_ws/install/lifecycle_cpp:/home/danielwp22/ros2_ws/install/components_cpp:/opt/ros/jazzy/opt/gz_sim_vendor:/opt/ros/jazzy/opt/gz_sensors_vendor:/opt/ros/jazzy/opt/gz_physics_vendor:/opt/ros/jazzy/opt/sdformat_vendor:/opt/ros/jazzy/opt/gz_gui_vendor:/opt/ros/jazzy/opt/gz_transport_vendor:/opt/ros/jazzy/opt/gz_rendering_vendor:/opt/ros/jazzy/opt/gz_plugin_vendor:/opt/ros/jazzy/opt/gz_fuel_tools_vendor:/opt/ros/jazzy/opt/gz_msgs_vendor:/opt/ros/jazzy/opt/gz_common_vendor:/opt/ros/jazzy/opt/gz_math_vendor:/opt/ros/jazzy/opt/gz_utils_vendor:/opt/ros/jazzy/opt/gz_tools_vendor:/opt/ros/jazzy/opt/gz_ogre_next_vendor:/opt/ros/jazzy/opt/gz_dartsim_vendor:/opt/ros/jazzy/opt/gz_cmake_vendor:/home/danielwp22/ros2_ws/install/my_turtle_pkg:/home/danielwp22/ros2_ws/install/my_py_pkg:/home/danielwp22/ros2_ws/install/actions_py:/home/danielwp22/ros2_ws/install/lifecycle_py:/home/danielwp22/ros2_ws/install/executors_py:/home/danielwp22/ros2_ws/install/components_py:/opt/ros/jazzy CONDA_PROMPT_MODIFIER=(base) DEBUGINFOD_URLS=https://debuginfod.ubuntu.com /usr/bin/cmake --install /home/danielwp22/arduinobot_ws/build/arduinobot_controller
[4.150s] -- Install configuration: ""
[4.150s] -- Up-to-date: /home/danielwp22/arduinobot_ws/install/arduinobot_controller/share/arduinobot_controller/environment/pythonpath.sh
[4.150s] -- Up-to-date: /home/danielwp22/arduinobot_ws/install/arduinobot_controller/share/arduinobot_controller/environment/pythonpath.dsv
[4.151s] -- Up-to-date: /home/danielwp22/arduinobot_ws/install/arduinobot_controller/lib/python3.12/site-packages/arduinobot_controller-0.0.0-py3.12.egg-info
[4.151s] -- Installing: /home/danielwp22/arduinobot_ws/install/arduinobot_controller/lib/python3.12/site-packages/arduinobot_controller-0.0.0-py3.12.egg-info/PKG-INFO
[4.152s] -- Installing: /home/danielwp22/arduinobot_ws/install/arduinobot_controller/lib/python3.12/site-packages/arduinobot_controller-0.0.0-py3.12.egg-info/SOURCES.txt
[4.152s] -- Installing: /home/danielwp22/arduinobot_ws/install/arduinobot_controller/lib/python3.12/site-packages/arduinobot_controller-0.0.0-py3.12.egg-info/top_level.txt
[4.152s] -- Installing: /home/danielwp22/arduinobot_ws/install/arduinobot_controller/lib/python3.12/site-packages/arduinobot_controller-0.0.0-py3.12.egg-info/dependency_links.txt
[4.152s] -- Up-to-date: /home/danielwp22/arduinobot_ws/install/arduinobot_controller/lib/python3.12/site-packages/arduinobot_controller
[4.152s] -- Up-to-date: /home/danielwp22/arduinobot_ws/install/arduinobot_controller/lib/python3.12/site-packages/arduinobot_controller/slider_control.py
[4.152s] -- Up-to-date: /home/danielwp22/arduinobot_ws/install/arduinobot_controller/lib/python3.12/site-packages/arduinobot_controller/__init__.py
[4.198s] Listing '/home/danielwp22/arduinobot_ws/install/arduinobot_controller/lib/python3.12/site-packages/arduinobot_controller'...
[4.336s] -- Up-to-date: /home/danielwp22/arduinobot_ws/install/arduinobot_controller/lib/arduinobot_controller/slider_control
[4.337s] -- Up-to-date: /home/danielwp22/arduinobot_ws/install/arduinobot_controller/share/arduinobot_controller/launch
[4.338s] -- Up-to-date: /home/danielwp22/arduinobot_ws/install/arduinobot_controller/share/arduinobot_controller/launch/controller.launch.py
[4.339s] -- Up-to-date: /home/danielwp22/arduinobot_ws/install/arduinobot_controller/share/arduinobot_controller/launch/slider_controller.launch.py
[4.339s] -- Up-to-date: /home/danielwp22/arduinobot_ws/install/arduinobot_controller/share/arduinobot_controller/config
[4.340s] -- Up-to-date: /home/danielwp22/arduinobot_ws/install/arduinobot_controller/share/arduinobot_controller/config/arduinobot_controllers.yaml
[4.340s] -- Up-to-date: /home/danielwp22/arduinobot_ws/install/arduinobot_controller/lib/arduinobot_controller/slider_control.py
[4.340s] -- Up-to-date: /home/danielwp22/arduinobot_ws/install/arduinobot_controller/share/ament_index/resource_index/package_run_dependencies/arduinobot_controller
[4.341s] -- Up-to-date: /home/danielwp22/arduinobot_ws/install/arduinobot_controller/share/ament_index/resource_index/parent_prefix_path/arduinobot_controller
[4.341s] -- Up-to-date: /home/danielwp22/arduinobot_ws/install/arduinobot_controller/share/arduinobot_controller/environment/ament_prefix_path.sh
[4.341s] -- Up-to-date: /home/danielwp22/arduinobot_ws/install/arduinobot_controller/share/arduinobot_controller/environment/ament_prefix_path.dsv
[4.342s] -- Up-to-date: /home/danielwp22/arduinobot_ws/install/arduinobot_controller/share/arduinobot_controller/environment/path.sh
[4.342s] -- Up-to-date: /home/danielwp22/arduinobot_ws/install/arduinobot_controller/share/arduinobot_controller/environment/path.dsv
[4.342s] -- Up-to-date: /home/danielwp22/arduinobot_ws/install/arduinobot_controller/share/arduinobot_controller/local_setup.bash
[4.342s] -- Up-to-date: /home/danielwp22/arduinobot_ws/install/arduinobot_controller/share/arduinobot_controller/local_setup.sh
[4.343s] -- Up-to-date: /home/danielwp22/arduinobot_ws/install/arduinobot_controller/share/arduinobot_controller/local_setup.zsh
[4.343s] -- Up-to-date: /home/danielwp22/arduinobot_ws/install/arduinobot_controller/share/arduinobot_controller/local_setup.dsv
[4.343s] -- Installing: /home/danielwp22/arduinobot_ws/install/arduinobot_controller/share/arduinobot_controller/package.dsv
[4.375s] -- Up-to-date: /home/danielwp22/arduinobot_ws/install/arduinobot_controller/share/ament_index/resource_index/packages/arduinobot_controller
[4.375s] -- Up-to-date: /home/danielwp22/arduinobot_ws/install/arduinobot_controller/share/arduinobot_controller/cmake/arduinobot_controllerConfig.cmake
[4.376s] -- Up-to-date: /home/danielwp22/arduinobot_ws/install/arduinobot_controller/share/arduinobot_controller/cmake/arduinobot_controllerConfig-version.cmake
[4.376s] -- Up-to-date: /home/danielwp22/arduinobot_ws/install/arduinobot_controller/share/arduinobot_controller/package.xml
[4.401s] Invoked command in '/home/danielwp22/arduinobot_ws/build/arduinobot_controller' returned '0': AMENT_PREFIX_PATH=/home/danielwp22/arduinobot_ws/install/arduinobot_description:${AMENT_PREFIX_PATH} CMAKE_PREFIX_PATH=/home/danielwp22/arduinobot_ws/install/arduinobot_description:/home/danielwp22/ros2_ws/install/my_robot_bringup:/home/danielwp22/ros2_ws/install/my_final_project:/home/danielwp22/ros2_ws/install/my_cpp_pkg:/home/danielwp22/ros2_ws/install/actions_cpp:/home/danielwp22/ros2_ws/install/my_robot_interfaces:/home/danielwp22/ros2_ws/install/my_robot_description:/home/danielwp22/ros2_ws/install/my_robot_arm_description:/home/danielwp22/ros2_ws/install/lifecycle_cpp:/home/danielwp22/ros2_ws/install/components_cpp:/opt/ros/jazzy/opt/gz_sim_vendor:/opt/ros/jazzy/opt/gz_sensors_vendor:/opt/ros/jazzy/opt/gz_physics_vendor:/opt/ros/jazzy/opt/sdformat_vendor:/opt/ros/jazzy/opt/gz_gui_vendor:/opt/ros/jazzy/opt/gz_transport_vendor:/opt/ros/jazzy/opt/gz_rendering_vendor:/opt/ros/jazzy/opt/gz_plugin_vendor:/opt/ros/jazzy/opt/gz_fuel_tools_vendor:/opt/ros/jazzy/opt/gz_msgs_vendor:/opt/ros/jazzy/opt/gz_common_vendor:/opt/ros/jazzy/opt/gz_math_vendor:/opt/ros/jazzy/opt/gz_utils_vendor:/opt/ros/jazzy/opt/gz_tools_vendor:/opt/ros/jazzy/opt/gz_ogre_next_vendor:/opt/ros/jazzy/opt/gz_dartsim_vendor:/opt/ros/jazzy/opt/gz_cmake_vendor:/home/danielwp22/ros2_ws/install/my_turtle_pkg:/home/danielwp22/ros2_ws/install/my_py_pkg:/home/danielwp22/ros2_ws/install/actions_py:/home/danielwp22/ros2_ws/install/lifecycle_py:/home/danielwp22/ros2_ws/install/executors_py:/home/danielwp22/ros2_ws/install/components_py:/opt/ros/jazzy CONDA_PROMPT_MODIFIER=(base) DEBUGINFOD_URLS=https://debuginfod.ubuntu.com /usr/bin/cmake --install /home/danielwp22/arduinobot_ws/build/arduinobot_controller
