[0.076s] Invoking command in '/home/danielwp22/arduinobot_ws/build/arduinobot_cpp_examples': CMAKE_PREFIX_PATH=${CMAKE_PREFIX_PATH}:/home/danielwp22/ros2_ws/install/my_turtle_pkg:/home/danielwp22/ros2_ws/install/my_py_pkg:/home/danielwp22/ros2_ws/install/actions_py:/home/danielwp22/ros2_ws/install/lifecycle_py:/home/danielwp22/ros2_ws/install/executors_py:/home/danielwp22/ros2_ws/install/components_py:/opt/ros/jazzy DEBUGINFOD_URLS=https://debuginfod.ubuntu.com /usr/bin/cmake /home/danielwp22/arduinobot_ws/src/arduinobot_cpp_examples -DCMAKE_INSTALL_PREFIX=/home/danielwp22/arduinobot_ws/install/arduinobot_cpp_examples
[2.302s] -- The C compiler identification is GNU 13.3.0
[4.442s] -- The CXX compiler identification is GNU 13.3.0
[4.791s] -- Detecting C compiler ABI info
[5.309s] -- Detecting C compiler ABI info - done
[5.319s] -- Check for working C compiler: /usr/bin/cc - skipped
[5.331s] -- Detecting C compile features
[5.343s] -- Detecting C compile features - done
[5.442s] -- Detecting CXX compiler ABI info
[5.837s] -- Detecting CXX compiler ABI info - done
[5.848s] -- Check for working CXX compiler: /usr/bin/c++ - skipped
[5.848s] -- Detecting CXX compile features
[5.849s] -- Detecting CXX compile features - done
[6.226s] -- Found ament_cmake: 2.5.4 (/opt/ros/jazzy/share/ament_cmake/cmake)
[6.587s] -- Found Python3: /usr/bin/python3 (found version "3.12.3") found components: Interpreter 
[7.254s] -- Found ament_lint_auto: 0.17.2 (/opt/ros/jazzy/share/ament_lint_auto/cmake)
[7.554s] -- Added test 'lint_cmake' to check CMake code style
[7.557s] -- Added test 'xmllint' to check XML markup files
[7.560s] -- Configuring done (7.0s)
[7.564s] -- Generating done (0.0s)
[7.581s] -- Build files have been written to: /home/danielwp22/arduinobot_ws/build/arduinobot_cpp_examples
[7.587s] Invoked command in '/home/danielwp22/arduinobot_ws/build/arduinobot_cpp_examples' returned '0': CMAKE_PREFIX_PATH=${CMAKE_PREFIX_PATH}:/home/danielwp22/ros2_ws/install/my_turtle_pkg:/home/danielwp22/ros2_ws/install/my_py_pkg:/home/danielwp22/ros2_ws/install/actions_py:/home/danielwp22/ros2_ws/install/lifecycle_py:/home/danielwp22/ros2_ws/install/executors_py:/home/danielwp22/ros2_ws/install/components_py:/opt/ros/jazzy DEBUGINFOD_URLS=https://debuginfod.ubuntu.com /usr/bin/cmake /home/danielwp22/arduinobot_ws/src/arduinobot_cpp_examples -DCMAKE_INSTALL_PREFIX=/home/danielwp22/arduinobot_ws/install/arduinobot_cpp_examples
[7.588s] Invoking command in '/home/danielwp22/arduinobot_ws/build/arduinobot_cpp_examples': CMAKE_PREFIX_PATH=${CMAKE_PREFIX_PATH}:/home/danielwp22/ros2_ws/install/my_turtle_pkg:/home/danielwp22/ros2_ws/install/my_py_pkg:/home/danielwp22/ros2_ws/install/actions_py:/home/danielwp22/ros2_ws/install/lifecycle_py:/home/danielwp22/ros2_ws/install/executors_py:/home/danielwp22/ros2_ws/install/components_py:/opt/ros/jazzy DEBUGINFOD_URLS=https://debuginfod.ubuntu.com /usr/bin/cmake --build /home/danielwp22/arduinobot_ws/build/arduinobot_cpp_examples -- -j4 -l4
[7.641s] Invoked command in '/home/danielwp22/arduinobot_ws/build/arduinobot_cpp_examples' returned '0': CMAKE_PREFIX_PATH=${CMAKE_PREFIX_PATH}:/home/danielwp22/ros2_ws/install/my_turtle_pkg:/home/danielwp22/ros2_ws/install/my_py_pkg:/home/danielwp22/ros2_ws/install/actions_py:/home/danielwp22/ros2_ws/install/lifecycle_py:/home/danielwp22/ros2_ws/install/executors_py:/home/danielwp22/ros2_ws/install/components_py:/opt/ros/jazzy DEBUGINFOD_URLS=https://debuginfod.ubuntu.com /usr/bin/cmake --build /home/danielwp22/arduinobot_ws/build/arduinobot_cpp_examples -- -j4 -l4
[7.654s] Invoking command in '/home/danielwp22/arduinobot_ws/build/arduinobot_cpp_examples': CMAKE_PREFIX_PATH=${CMAKE_PREFIX_PATH}:/home/danielwp22/ros2_ws/install/my_turtle_pkg:/home/danielwp22/ros2_ws/install/my_py_pkg:/home/danielwp22/ros2_ws/install/actions_py:/home/danielwp22/ros2_ws/install/lifecycle_py:/home/danielwp22/ros2_ws/install/executors_py:/home/danielwp22/ros2_ws/install/components_py:/opt/ros/jazzy DEBUGINFOD_URLS=https://debuginfod.ubuntu.com /usr/bin/cmake --install /home/danielwp22/arduinobot_ws/build/arduinobot_cpp_examples
[7.664s] -- Install configuration: ""
[7.665s] -- Installing: /home/danielwp22/arduinobot_ws/install/arduinobot_cpp_examples/share/ament_index/resource_index/package_run_dependencies/arduinobot_cpp_examples
[7.665s] -- Installing: /home/danielwp22/arduinobot_ws/install/arduinobot_cpp_examples/share/ament_index/resource_index/parent_prefix_path/arduinobot_cpp_examples
[7.665s] -- Installing: /home/danielwp22/arduinobot_ws/install/arduinobot_cpp_examples/share/arduinobot_cpp_examples/environment/ament_prefix_path.sh
[7.666s] -- Installing: /home/danielwp22/arduinobot_ws/install/arduinobot_cpp_examples/share/arduinobot_cpp_examples/environment/ament_prefix_path.dsv
[7.666s] -- Installing: /home/danielwp22/arduinobot_ws/install/arduinobot_cpp_examples/share/arduinobot_cpp_examples/environment/path.sh
[7.666s] -- Installing: /home/danielwp22/arduinobot_ws/install/arduinobot_cpp_examples/share/arduinobot_cpp_examples/environment/path.dsv
[7.666s] -- Installing: /home/danielwp22/arduinobot_ws/install/arduinobot_cpp_examples/share/arduinobot_cpp_examples/local_setup.bash
[7.666s] -- Installing: /home/danielwp22/arduinobot_ws/install/arduinobot_cpp_examples/share/arduinobot_cpp_examples/local_setup.sh
[7.667s] -- Installing: /home/danielwp22/arduinobot_ws/install/arduinobot_cpp_examples/share/arduinobot_cpp_examples/local_setup.zsh
[7.667s] -- Installing: /home/danielwp22/arduinobot_ws/install/arduinobot_cpp_examples/share/arduinobot_cpp_examples/local_setup.dsv
[7.667s] -- Installing: /home/danielwp22/arduinobot_ws/install/arduinobot_cpp_examples/share/arduinobot_cpp_examples/package.dsv
[7.667s] -- Installing: /home/danielwp22/arduinobot_ws/install/arduinobot_cpp_examples/share/ament_index/resource_index/packages/arduinobot_cpp_examples
[7.668s] -- Installing: /home/danielwp22/arduinobot_ws/install/arduinobot_cpp_examples/share/arduinobot_cpp_examples/cmake/arduinobot_cpp_examplesConfig.cmake
[7.668s] -- Installing: /home/danielwp22/arduinobot_ws/install/arduinobot_cpp_examples/share/arduinobot_cpp_examples/cmake/arduinobot_cpp_examplesConfig-version.cmake
[7.668s] -- Installing: /home/danielwp22/arduinobot_ws/install/arduinobot_cpp_examples/share/arduinobot_cpp_examples/package.xml
[7.670s] Invoked command in '/home/danielwp22/arduinobot_ws/build/arduinobot_cpp_examples' returned '0': CMAKE_PREFIX_PATH=${CMAKE_PREFIX_PATH}:/home/danielwp22/ros2_ws/install/my_turtle_pkg:/home/danielwp22/ros2_ws/install/my_py_pkg:/home/danielwp22/ros2_ws/install/actions_py:/home/danielwp22/ros2_ws/install/lifecycle_py:/home/danielwp22/ros2_ws/install/executors_py:/home/danielwp22/ros2_ws/install/components_py:/opt/ros/jazzy DEBUGINFOD_URLS=https://debuginfod.ubuntu.com /usr/bin/cmake --install /home/danielwp22/arduinobot_ws/build/arduinobot_cpp_examples
