[ 10%] Built target simple_publisher
[ 20%] Built target simple_service_server
[ 25%] [32mBuilding CXX object CMakeFiles/simple_subscriber.dir/src/simple_subscriber.cpp.o[0m
[ 30%] [32mBuilding CXX object CMakeFiles/simple_parameter.dir/src/simple_parameter.cpp.o[0m
[ 40%] Built target simple_action_server
[ 50%] Built target simple_service_client
[ 60%] Built target simple_action_server_node
[ 70%] Built target simple_action_client
[ 80%] Built target simple_action_client_node
[ 85%] [32mBuilding CXX object CMakeFiles/simple_moveit_interface.dir/src/simple_moveit_interface.cpp.o[0m
[01m[K/home/danielwp22/arduinobot_ws/src/arduinobot_cpp_examples/src/simple_moveit_interface.cpp:2:10:[m[K [01;31m[Kfatal error: [m[Kmoveit/move_group_interface/move_group_interface.h: No such file or directory
    2 | #include [01;31m[K<moveit/move_group_interface/move_group_interface.h>[m[K
      |          [01;31m[K^~~~~~~~~~~~~~~~~~~~~~~~~~~~~~~~~~~~~~~~~~~~~~~~~~~~[m[K
compilation terminated.
gmake[2]: *** [CMakeFiles/simple_moveit_interface.dir/build.make:76: CMakeFiles/simple_moveit_interface.dir/src/simple_moveit_interface.cpp.o] Error 1
gmake[1]: *** [CMakeFiles/Makefile2:389: CMakeFiles/simple_moveit_interface.dir/all] Error 2
gmake[1]: *** Waiting for unfinished jobs....
[ 90%] [32m[1mLinking CXX executable simple_parameter[0m
[ 90%] Built target simple_parameter
[ 95%] [32m[1mLinking CXX executable simple_subscriber[0m
[ 95%] Built target simple_subscriber
gmake: *** [Makefile:146: all] Error 2
