[1.415s] Invoking command in '/home/danielwp22/arduinobot_ws/build/arduinobot_firmware': CMAKE_PREFIX_PATH=${CMAKE_PREFIX_PATH}:/home/danielwp22/ros2_ws/install/my_turtle_pkg:/home/danielwp22/ros2_ws/install/my_py_pkg:/home/danielwp22/ros2_ws/install/actions_py:/home/danielwp22/ros2_ws/install/lifecycle_py:/home/danielwp22/ros2_ws/install/executors_py:/home/danielwp22/ros2_ws/install/components_py:/opt/ros/jazzy CONDA_PROMPT_MODIFIER=(base) DEBUGINFOD_URLS=https://debuginfod.ubuntu.com /usr/bin/cmake --build /home/danielwp22/arduinobot_ws/build/arduinobot_firmware -- -j4 -l4
[5.018s] [  0%] Built target ament_cmake_python_copy_arduinobot_firmware
[6.190s] [ 50%] Built target simple_serial_transmitter
[9.459s] running egg_info
[9.530s] writing arduinobot_firmware.egg-info/PKG-INFO
[9.543s] writing dependency_links to arduinobot_firmware.egg-info/dependency_links.txt
[9.608s] writing top-level names to arduinobot_firmware.egg-info/top_level.txt
[9.794s] reading manifest file 'arduinobot_firmware.egg-info/SOURCES.txt'
[9.967s] writing manifest file 'arduinobot_firmware.egg-info/SOURCES.txt'
[10.076s] [ 50%] Built target ament_cmake_python_build_arduinobot_firmware_egg
[10.583s] [100%] Built target simple_serial_receiver
[10.598s] Invoked command in '/home/danielwp22/arduinobot_ws/build/arduinobot_firmware' returned '0': CMAKE_PREFIX_PATH=${CMAKE_PREFIX_PATH}:/home/danielwp22/ros2_ws/install/my_turtle_pkg:/home/danielwp22/ros2_ws/install/my_py_pkg:/home/danielwp22/ros2_ws/install/actions_py:/home/danielwp22/ros2_ws/install/lifecycle_py:/home/danielwp22/ros2_ws/install/executors_py:/home/danielwp22/ros2_ws/install/components_py:/opt/ros/jazzy CONDA_PROMPT_MODIFIER=(base) DEBUGINFOD_URLS=https://debuginfod.ubuntu.com /usr/bin/cmake --build /home/danielwp22/arduinobot_ws/build/arduinobot_firmware -- -j4 -l4
[10.631s] Invoking command in '/home/danielwp22/arduinobot_ws/build/arduinobot_firmware': CMAKE_PREFIX_PATH=${CMAKE_PREFIX_PATH}:/home/danielwp22/ros2_ws/install/my_turtle_pkg:/home/danielwp22/ros2_ws/install/my_py_pkg:/home/danielwp22/ros2_ws/install/actions_py:/home/danielwp22/ros2_ws/install/lifecycle_py:/home/danielwp22/ros2_ws/install/executors_py:/home/danielwp22/ros2_ws/install/components_py:/opt/ros/jazzy CONDA_PROMPT_MODIFIER=(base) DEBUGINFOD_URLS=https://debuginfod.ubuntu.com /usr/bin/cmake --install /home/danielwp22/arduinobot_ws/build/arduinobot_firmware
[10.643s] -- Install configuration: ""
[10.646s] -- Up-to-date: /home/danielwp22/arduinobot_ws/install/arduinobot_firmware/share/arduinobot_firmware/environment/pythonpath.sh
[10.646s] -- Up-to-date: /home/danielwp22/arduinobot_ws/install/arduinobot_firmware/share/arduinobot_firmware/environment/pythonpath.dsv
[10.646s] -- Up-to-date: /home/danielwp22/arduinobot_ws/install/arduinobot_firmware/lib/python3.12/site-packages/arduinobot_firmware-0.0.0-py3.12.egg-info
[10.646s] -- Installing: /home/danielwp22/arduinobot_ws/install/arduinobot_firmware/lib/python3.12/site-packages/arduinobot_firmware-0.0.0-py3.12.egg-info/PKG-INFO
[10.646s] -- Installing: /home/danielwp22/arduinobot_ws/install/arduinobot_firmware/lib/python3.12/site-packages/arduinobot_firmware-0.0.0-py3.12.egg-info/SOURCES.txt
[10.646s] -- Installing: /home/danielwp22/arduinobot_ws/install/arduinobot_firmware/lib/python3.12/site-packages/arduinobot_firmware-0.0.0-py3.12.egg-info/top_level.txt
[10.646s] -- Installing: /home/danielwp22/arduinobot_ws/install/arduinobot_firmware/lib/python3.12/site-packages/arduinobot_firmware-0.0.0-py3.12.egg-info/dependency_links.txt
[10.646s] -- Up-to-date: /home/danielwp22/arduinobot_ws/install/arduinobot_firmware/lib/python3.12/site-packages/arduinobot_firmware
[10.646s] -- Up-to-date: /home/danielwp22/arduinobot_ws/install/arduinobot_firmware/lib/python3.12/site-packages/arduinobot_firmware/simple_serial_transmitter.py
[10.646s] -- Up-to-date: /home/danielwp22/arduinobot_ws/install/arduinobot_firmware/lib/python3.12/site-packages/arduinobot_firmware/simple_serial_receiver.py
[10.647s] -- Up-to-date: /home/danielwp22/arduinobot_ws/install/arduinobot_firmware/lib/python3.12/site-packages/arduinobot_firmware/__init__.py
[11.108s] Listing '/home/danielwp22/arduinobot_ws/install/arduinobot_firmware/lib/python3.12/site-packages/arduinobot_firmware'...
[11.322s] -- Up-to-date: /home/danielwp22/arduinobot_ws/install/arduinobot_firmware/lib/arduinobot_firmware/simple_serial_receiver
[11.590s] -- Up-to-date: /home/danielwp22/arduinobot_ws/install/arduinobot_firmware/lib/arduinobot_firmware/simple_serial_transmitter
[11.590s] -- Up-to-date: /home/danielwp22/arduinobot_ws/install/arduinobot_firmware/lib/arduinobot_firmware/simple_serial_transmitter.py
[11.591s] -- Up-to-date: /home/danielwp22/arduinobot_ws/install/arduinobot_firmware/lib/arduinobot_firmware/simple_serial_receiver.py
[11.591s] -- Up-to-date: /home/danielwp22/arduinobot_ws/install/arduinobot_firmware/share/ament_index/resource_index/package_run_dependencies/arduinobot_firmware
[11.591s] -- Up-to-date: /home/danielwp22/arduinobot_ws/install/arduinobot_firmware/share/ament_index/resource_index/parent_prefix_path/arduinobot_firmware
[11.591s] -- Up-to-date: /home/danielwp22/arduinobot_ws/install/arduinobot_firmware/share/arduinobot_firmware/environment/ament_prefix_path.sh
[11.591s] -- Up-to-date: /home/danielwp22/arduinobot_ws/install/arduinobot_firmware/share/arduinobot_firmware/environment/ament_prefix_path.dsv
[11.591s] -- Up-to-date: /home/danielwp22/arduinobot_ws/install/arduinobot_firmware/share/arduinobot_firmware/environment/path.sh
[11.591s] -- Up-to-date: /home/danielwp22/arduinobot_ws/install/arduinobot_firmware/share/arduinobot_firmware/environment/path.dsv
[11.591s] -- Up-to-date: /home/danielwp22/arduinobot_ws/install/arduinobot_firmware/share/arduinobot_firmware/local_setup.bash
[11.591s] -- Up-to-date: /home/danielwp22/arduinobot_ws/install/arduinobot_firmware/share/arduinobot_firmware/local_setup.sh
[11.591s] -- Up-to-date: /home/danielwp22/arduinobot_ws/install/arduinobot_firmware/share/arduinobot_firmware/local_setup.zsh
[11.592s] -- Up-to-date: /home/danielwp22/arduinobot_ws/install/arduinobot_firmware/share/arduinobot_firmware/local_setup.dsv
[11.592s] -- Installing: /home/danielwp22/arduinobot_ws/install/arduinobot_firmware/share/arduinobot_firmware/package.dsv
[11.666s] -- Up-to-date: /home/danielwp22/arduinobot_ws/install/arduinobot_firmware/share/ament_index/resource_index/packages/arduinobot_firmware
[11.666s] -- Up-to-date: /home/danielwp22/arduinobot_ws/install/arduinobot_firmware/share/arduinobot_firmware/cmake/arduinobot_firmwareConfig.cmake
[11.666s] -- Up-to-date: /home/danielwp22/arduinobot_ws/install/arduinobot_firmware/share/arduinobot_firmware/cmake/arduinobot_firmwareConfig-version.cmake
[11.666s] -- Up-to-date: /home/danielwp22/arduinobot_ws/install/arduinobot_firmware/share/arduinobot_firmware/package.xml
[11.670s] Invoked command in '/home/danielwp22/arduinobot_ws/build/arduinobot_firmware' returned '0': CMAKE_PREFIX_PATH=${CMAKE_PREFIX_PATH}:/home/danielwp22/ros2_ws/install/my_turtle_pkg:/home/danielwp22/ros2_ws/install/my_py_pkg:/home/danielwp22/ros2_ws/install/actions_py:/home/danielwp22/ros2_ws/install/lifecycle_py:/home/danielwp22/ros2_ws/install/executors_py:/home/danielwp22/ros2_ws/install/components_py:/opt/ros/jazzy CONDA_PROMPT_MODIFIER=(base) DEBUGINFOD_URLS=https://debuginfod.ubuntu.com /usr/bin/cmake --install /home/danielwp22/arduinobot_ws/build/arduinobot_firmware
