[0.047s] Invoking command in '/home/danielwp22/arduinobot_ws/build/arduinobot_description': CMAKE_PREFIX_PATH=${CMAKE_PREFIX_PATH}:/home/danielwp22/ws_moveit/install/moveit_configs_utils:/home/danielwp22/arduinobot_ws/install/moveit_configs_utils:/home/danielwp22/arduinobot_ws/install/arduinobot_py_examples:/home/danielwp22/ros2_ws/install/my_turtle_pkg:/home/danielwp22/ros2_ws/install/my_py_pkg:/home/danielwp22/ros2_ws/install/actions_py:/home/danielwp22/ros2_ws/install/lifecycle_py:/home/danielwp22/ros2_ws/install/executors_py:/home/danielwp22/ros2_ws/install/components_py:/opt/ros/jazzy DEBUGINFOD_URLS=https://debuginfod.ubuntu.com /usr/bin/cmake /home/danielwp22/arduinobot_ws/src/arduinobot_description -DCMAKE_INSTALL_PREFIX=/home/danielwp22/arduinobot_ws/install/arduinobot_description
[0.147s] -- The C compiler identification is GNU 13.3.0
[0.222s] -- The CXX compiler identification is GNU 13.3.0
[0.247s] -- Detecting C compiler ABI info
[0.398s] -- Detecting C compiler ABI info - done
[0.411s] -- Check for working C compiler: /usr/bin/cc - skipped
[0.411s] -- Detecting C compile features
[0.412s] -- Detecting C compile features - done
[0.425s] -- Detecting CXX compiler ABI info
[0.678s] -- Detecting CXX compiler ABI info - done
[0.691s] -- Check for working CXX compiler: /usr/bin/c++ - skipped
[0.693s] -- Detecting CXX compile features
[0.693s] -- Detecting CXX compile features - done
[0.716s] -- Found ament_cmake: 2.5.4 (/opt/ros/jazzy/share/ament_cmake/cmake)
[1.108s] -- Found Python3: /usr/bin/python3 (found version "3.12.3") found components: Interpreter 
[1.427s] -- Found ament_lint_auto: 0.17.2 (/opt/ros/jazzy/share/ament_lint_auto/cmake)
[1.704s] -- Added test 'copyright' to check source files copyright and LICENSE
[1.712s] -- Added test 'flake8' to check Python code syntax and style conventions
[1.712s] -- Configured 'flake8' exclude dirs and/or files: 
[1.715s] -- Added test 'lint_cmake' to check CMake code style
[1.719s] -- Added test 'pep257' to check Python code against some of the docstring style conventions in PEP 257
[1.724s] -- Added test 'xmllint' to check XML markup files
[1.732s] -- Configuring done (1.7s)
[1.735s] -- Generating done (0.0s)
[1.738s] -- Build files have been written to: /home/danielwp22/arduinobot_ws/build/arduinobot_description
[1.744s] Invoked command in '/home/danielwp22/arduinobot_ws/build/arduinobot_description' returned '0': CMAKE_PREFIX_PATH=${CMAKE_PREFIX_PATH}:/home/danielwp22/ws_moveit/install/moveit_configs_utils:/home/danielwp22/arduinobot_ws/install/moveit_configs_utils:/home/danielwp22/arduinobot_ws/install/arduinobot_py_examples:/home/danielwp22/ros2_ws/install/my_turtle_pkg:/home/danielwp22/ros2_ws/install/my_py_pkg:/home/danielwp22/ros2_ws/install/actions_py:/home/danielwp22/ros2_ws/install/lifecycle_py:/home/danielwp22/ros2_ws/install/executors_py:/home/danielwp22/ros2_ws/install/components_py:/opt/ros/jazzy DEBUGINFOD_URLS=https://debuginfod.ubuntu.com /usr/bin/cmake /home/danielwp22/arduinobot_ws/src/arduinobot_description -DCMAKE_INSTALL_PREFIX=/home/danielwp22/arduinobot_ws/install/arduinobot_description
[1.745s] Invoking command in '/home/danielwp22/arduinobot_ws/build/arduinobot_description': CMAKE_PREFIX_PATH=${CMAKE_PREFIX_PATH}:/home/danielwp22/ws_moveit/install/moveit_configs_utils:/home/danielwp22/arduinobot_ws/install/moveit_configs_utils:/home/danielwp22/arduinobot_ws/install/arduinobot_py_examples:/home/danielwp22/ros2_ws/install/my_turtle_pkg:/home/danielwp22/ros2_ws/install/my_py_pkg:/home/danielwp22/ros2_ws/install/actions_py:/home/danielwp22/ros2_ws/install/lifecycle_py:/home/danielwp22/ros2_ws/install/executors_py:/home/danielwp22/ros2_ws/install/components_py:/opt/ros/jazzy DEBUGINFOD_URLS=https://debuginfod.ubuntu.com /usr/bin/cmake --build /home/danielwp22/arduinobot_ws/build/arduinobot_description -- -j4 -l4
[1.825s] Invoked command in '/home/danielwp22/arduinobot_ws/build/arduinobot_description' returned '0': CMAKE_PREFIX_PATH=${CMAKE_PREFIX_PATH}:/home/danielwp22/ws_moveit/install/moveit_configs_utils:/home/danielwp22/arduinobot_ws/install/moveit_configs_utils:/home/danielwp22/arduinobot_ws/install/arduinobot_py_examples:/home/danielwp22/ros2_ws/install/my_turtle_pkg:/home/danielwp22/ros2_ws/install/my_py_pkg:/home/danielwp22/ros2_ws/install/actions_py:/home/danielwp22/ros2_ws/install/lifecycle_py:/home/danielwp22/ros2_ws/install/executors_py:/home/danielwp22/ros2_ws/install/components_py:/opt/ros/jazzy DEBUGINFOD_URLS=https://debuginfod.ubuntu.com /usr/bin/cmake --build /home/danielwp22/arduinobot_ws/build/arduinobot_description -- -j4 -l4
[1.826s] Invoking command in '/home/danielwp22/arduinobot_ws/build/arduinobot_description': CMAKE_PREFIX_PATH=${CMAKE_PREFIX_PATH}:/home/danielwp22/ws_moveit/install/moveit_configs_utils:/home/danielwp22/arduinobot_ws/install/moveit_configs_utils:/home/danielwp22/arduinobot_ws/install/arduinobot_py_examples:/home/danielwp22/ros2_ws/install/my_turtle_pkg:/home/danielwp22/ros2_ws/install/my_py_pkg:/home/danielwp22/ros2_ws/install/actions_py:/home/danielwp22/ros2_ws/install/lifecycle_py:/home/danielwp22/ros2_ws/install/executors_py:/home/danielwp22/ros2_ws/install/components_py:/opt/ros/jazzy DEBUGINFOD_URLS=https://debuginfod.ubuntu.com /usr/bin/cmake --install /home/danielwp22/arduinobot_ws/build/arduinobot_description
[1.844s] -- Install configuration: ""
[1.844s] -- Installing: /home/danielwp22/arduinobot_ws/install/arduinobot_description/share/arduinobot_description/launch
[1.845s] -- Installing: /home/danielwp22/arduinobot_ws/install/arduinobot_description/share/arduinobot_description/launch/display.launch.py
[1.845s] -- Installing: /home/danielwp22/arduinobot_ws/install/arduinobot_description/share/arduinobot_description/launch/gazebo.launch.py
[1.845s] -- Installing: /home/danielwp22/arduinobot_ws/install/arduinobot_description/share/arduinobot_description/meshes
[1.845s] -- Installing: /home/danielwp22/arduinobot_ws/install/arduinobot_description/share/arduinobot_description/meshes/left_finger.STL
[1.845s] -- Installing: /home/danielwp22/arduinobot_ws/install/arduinobot_description/share/arduinobot_description/meshes/servo_plate.STL
[1.846s] -- Installing: /home/danielwp22/arduinobot_ws/install/arduinobot_description/share/arduinobot_description/meshes/right_finger.STL
[1.847s] -- Installing: /home/danielwp22/arduinobot_ws/install/arduinobot_description/share/arduinobot_description/meshes/link.STL
[1.847s] -- Installing: /home/danielwp22/arduinobot_ws/install/arduinobot_description/share/arduinobot_description/meshes/claw_support.STL
[1.847s] -- Installing: /home/danielwp22/arduinobot_ws/install/arduinobot_description/share/arduinobot_description/meshes/pi_camera.STL
[1.847s] -- Installing: /home/danielwp22/arduinobot_ws/install/arduinobot_description/share/arduinobot_description/meshes/horizontal_arm.STL
[1.849s] -- Installing: /home/danielwp22/arduinobot_ws/install/arduinobot_description/share/arduinobot_description/meshes/triangular_link.STL
[1.850s] -- Installing: /home/danielwp22/arduinobot_ws/install/arduinobot_description/share/arduinobot_description/meshes/forward_drive_arm.STL
[1.852s] -- Installing: /home/danielwp22/arduinobot_ws/install/arduinobot_description/share/arduinobot_description/meshes/basement.STL
[1.853s] -- Installing: /home/danielwp22/arduinobot_ws/install/arduinobot_description/share/arduinobot_description/meshes/round_plate.STL
[1.854s] -- Installing: /home/danielwp22/arduinobot_ws/install/arduinobot_description/share/arduinobot_description/meshes/base_plate.STL
[1.857s] -- Installing: /home/danielwp22/arduinobot_ws/install/arduinobot_description/share/arduinobot_description/meshes/vertical_drive_arm.STL
[1.858s] -- Installing: /home/danielwp22/arduinobot_ws/install/arduinobot_description/share/arduinobot_description/meshes/plate.STL
[1.860s] -- Installing: /home/danielwp22/arduinobot_ws/install/arduinobot_description/share/arduinobot_description/urdf
[1.861s] -- Installing: /home/danielwp22/arduinobot_ws/install/arduinobot_description/share/arduinobot_description/urdf/arduinobot_ros2_control.xacro
[1.861s] -- Installing: /home/danielwp22/arduinobot_ws/install/arduinobot_description/share/arduinobot_description/urdf/arduinobot.urdf.xacro
[1.861s] -- Installing: /home/danielwp22/arduinobot_ws/install/arduinobot_description/share/arduinobot_description/urdf/arduinobot_gazebo.xacro
[1.861s] -- Installing: /home/danielwp22/arduinobot_ws/install/arduinobot_description/share/arduinobot_description/rviz
[1.861s] -- Installing: /home/danielwp22/arduinobot_ws/install/arduinobot_description/share/arduinobot_description/rviz/display.rviz
[1.861s] -- Installing: /home/danielwp22/arduinobot_ws/install/arduinobot_description/share/ament_index/resource_index/package_run_dependencies/arduinobot_description
[1.861s] -- Installing: /home/danielwp22/arduinobot_ws/install/arduinobot_description/share/ament_index/resource_index/parent_prefix_path/arduinobot_description
[1.861s] -- Installing: /home/danielwp22/arduinobot_ws/install/arduinobot_description/share/arduinobot_description/environment/ament_prefix_path.sh
[1.861s] -- Installing: /home/danielwp22/arduinobot_ws/install/arduinobot_description/share/arduinobot_description/environment/ament_prefix_path.dsv
[1.862s] -- Installing: /home/danielwp22/arduinobot_ws/install/arduinobot_description/share/arduinobot_description/environment/path.sh
[1.862s] -- Installing: /home/danielwp22/arduinobot_ws/install/arduinobot_description/share/arduinobot_description/environment/path.dsv
[1.862s] -- Installing: /home/danielwp22/arduinobot_ws/install/arduinobot_description/share/arduinobot_description/local_setup.bash
[1.862s] -- Installing: /home/danielwp22/arduinobot_ws/install/arduinobot_description/share/arduinobot_description/local_setup.sh
[1.862s] -- Installing: /home/danielwp22/arduinobot_ws/install/arduinobot_description/share/arduinobot_description/local_setup.zsh
[1.862s] -- Installing: /home/danielwp22/arduinobot_ws/install/arduinobot_description/share/arduinobot_description/local_setup.dsv
[1.863s] -- Installing: /home/danielwp22/arduinobot_ws/install/arduinobot_description/share/arduinobot_description/package.dsv
[1.863s] -- Installing: /home/danielwp22/arduinobot_ws/install/arduinobot_description/share/ament_index/resource_index/packages/arduinobot_description
[1.863s] -- Installing: /home/danielwp22/arduinobot_ws/install/arduinobot_description/share/arduinobot_description/cmake/arduinobot_descriptionConfig.cmake
[1.863s] -- Installing: /home/danielwp22/arduinobot_ws/install/arduinobot_description/share/arduinobot_description/cmake/arduinobot_descriptionConfig-version.cmake
[1.863s] -- Installing: /home/danielwp22/arduinobot_ws/install/arduinobot_description/share/arduinobot_description/package.xml
[1.866s] Invoked command in '/home/danielwp22/arduinobot_ws/build/arduinobot_description' returned '0': CMAKE_PREFIX_PATH=${CMAKE_PREFIX_PATH}:/home/danielwp22/ws_moveit/install/moveit_configs_utils:/home/danielwp22/arduinobot_ws/install/moveit_configs_utils:/home/danielwp22/arduinobot_ws/install/arduinobot_py_examples:/home/danielwp22/ros2_ws/install/my_turtle_pkg:/home/danielwp22/ros2_ws/install/my_py_pkg:/home/danielwp22/ros2_ws/install/actions_py:/home/danielwp22/ros2_ws/install/lifecycle_py:/home/danielwp22/ros2_ws/install/executors_py:/home/danielwp22/ros2_ws/install/components_py:/opt/ros/jazzy DEBUGINFOD_URLS=https://debuginfod.ubuntu.com /usr/bin/cmake --install /home/danielwp22/arduinobot_ws/build/arduinobot_description
