[0.151s] DEBUG:colcon:Command line arguments: ['/usr/bin/colcon', 'build']
[0.151s] DEBUG:colcon:Parsed command line arguments: Namespace(log_base=None, log_level=None, verb_name='build', build_base='build', install_base='install', merge_install=False, symlink_install=False, test_result_base=None, continue_on_error=False, executor='parallel', parallel_workers=4, event_handlers=None, ignore_user_meta=False, metas=['./colcon.meta'], base_paths=['.'], packages_ignore=None, packages_ignore_regex=None, paths=None, packages_up_to=None, packages_up_to_regex=None, packages_above=None, packages_above_and_dependencies=None, packages_above_depth=None, packages_select_by_dep=None, packages_skip_by_dep=None, packages_skip_up_to=None, packages_select_build_failed=False, packages_skip_build_finished=False, packages_select_test_failures=False, packages_skip_test_passed=False, packages_select=None, packages_skip=None, packages_select_regex=None, packages_skip_regex=None, packages_start=None, packages_end=None, allow_overriding=[], cmake_args=None, cmake_target=None, cmake_target_skip_unavailable=False, cmake_clean_cache=False, cmake_clean_first=False, cmake_force_configure=False, ament_cmake_args=None, catkin_cmake_args=None, catkin_skip_building_tests=False, mixin_files=None, mixin=None, verb_parser=<colcon_mixin.mixin.mixin_argument.MixinArgumentDecorator object at 0x7847fd305520>, verb_extension=<colcon_core.verb.build.BuildVerb object at 0x7847fd305040>, main=<bound method BuildVerb.main of <colcon_core.verb.build.BuildVerb object at 0x7847fd305040>>, mixin_verb=('build',))
[0.194s] Level 1:colcon.colcon_core.package_discovery:discover_packages(colcon_meta) check parameters
[0.194s] Level 1:colcon.colcon_core.package_discovery:discover_packages(recursive) check parameters
[0.194s] Level 1:colcon.colcon_core.package_discovery:discover_packages(ignore) check parameters
[0.194s] Level 1:colcon.colcon_core.package_discovery:discover_packages(path) check parameters
[0.194s] Level 1:colcon.colcon_core.package_discovery:discover_packages(colcon_meta) discover
[0.194s] Level 1:colcon.colcon_core.package_discovery:discover_packages(recursive) discover
[0.194s] INFO:colcon.colcon_core.package_discovery:Crawling recursively for packages in '/home/danielwp22/arduinobot_ws'
[0.194s] Level 1:colcon.colcon_core.package_identification:_identify(.) by extensions ['ignore', 'ignore_ament_install']
[0.195s] Level 1:colcon.colcon_core.package_identification:_identify(.) by extension 'ignore'
[0.195s] Level 1:colcon.colcon_core.package_identification:_identify(.) by extension 'ignore_ament_install'
[0.195s] Level 1:colcon.colcon_core.package_identification:_identify(.) by extensions ['colcon_pkg']
[0.195s] Level 1:colcon.colcon_core.package_identification:_identify(.) by extension 'colcon_pkg'
[0.195s] Level 1:colcon.colcon_core.package_identification:_identify(.) by extensions ['colcon_meta']
[0.195s] Level 1:colcon.colcon_core.package_identification:_identify(.) by extension 'colcon_meta'
[0.195s] Level 1:colcon.colcon_core.package_identification:_identify(.) by extensions ['ros']
[0.195s] Level 1:colcon.colcon_core.package_identification:_identify(.) by extension 'ros'
[0.223s] Level 1:colcon.colcon_core.package_identification:_identify(.) by extensions ['cmake', 'python']
[0.223s] Level 1:colcon.colcon_core.package_identification:_identify(.) by extension 'cmake'
[0.223s] Level 1:colcon.colcon_core.package_identification:_identify(.) by extension 'python'
[0.223s] Level 1:colcon.colcon_core.package_identification:_identify(.) by extensions ['python_setup_py']
[0.223s] Level 1:colcon.colcon_core.package_identification:_identify(.) by extension 'python_setup_py'
[0.223s] Level 1:colcon.colcon_core.package_identification:_identify(build) by extensions ['ignore', 'ignore_ament_install']
[0.223s] Level 1:colcon.colcon_core.package_identification:_identify(build) by extension 'ignore'
[0.223s] Level 1:colcon.colcon_core.package_identification:_identify(build) ignored
[0.223s] Level 1:colcon.colcon_core.package_identification:_identify(install) by extensions ['ignore', 'ignore_ament_install']
[0.223s] Level 1:colcon.colcon_core.package_identification:_identify(install) by extension 'ignore'
[0.224s] Level 1:colcon.colcon_core.package_identification:_identify(install) ignored
[0.224s] Level 1:colcon.colcon_core.package_identification:_identify(log) by extensions ['ignore', 'ignore_ament_install']
[0.224s] Level 1:colcon.colcon_core.package_identification:_identify(log) by extension 'ignore'
[0.224s] Level 1:colcon.colcon_core.package_identification:_identify(log) ignored
[0.224s] Level 1:colcon.colcon_core.package_identification:_identify(src) by extensions ['ignore', 'ignore_ament_install']
[0.224s] Level 1:colcon.colcon_core.package_identification:_identify(src) by extension 'ignore'
[0.224s] Level 1:colcon.colcon_core.package_identification:_identify(src) by extension 'ignore_ament_install'
[0.224s] Level 1:colcon.colcon_core.package_identification:_identify(src) by extensions ['colcon_pkg']
[0.224s] Level 1:colcon.colcon_core.package_identification:_identify(src) by extension 'colcon_pkg'
[0.224s] Level 1:colcon.colcon_core.package_identification:_identify(src) by extensions ['colcon_meta']
[0.224s] Level 1:colcon.colcon_core.package_identification:_identify(src) by extension 'colcon_meta'
[0.224s] Level 1:colcon.colcon_core.package_identification:_identify(src) by extensions ['ros']
[0.224s] Level 1:colcon.colcon_core.package_identification:_identify(src) by extension 'ros'
[0.224s] Level 1:colcon.colcon_core.package_identification:_identify(src) by extensions ['cmake', 'python']
[0.225s] Level 1:colcon.colcon_core.package_identification:_identify(src) by extension 'cmake'
[0.225s] Level 1:colcon.colcon_core.package_identification:_identify(src) by extension 'python'
[0.225s] Level 1:colcon.colcon_core.package_identification:_identify(src) by extensions ['python_setup_py']
[0.225s] Level 1:colcon.colcon_core.package_identification:_identify(src) by extension 'python_setup_py'
[0.225s] Level 1:colcon.colcon_core.package_identification:_identify(src/arduinobot_controller) by extensions ['ignore', 'ignore_ament_install']
[0.225s] Level 1:colcon.colcon_core.package_identification:_identify(src/arduinobot_controller) by extension 'ignore'
[0.225s] Level 1:colcon.colcon_core.package_identification:_identify(src/arduinobot_controller) by extension 'ignore_ament_install'
[0.225s] Level 1:colcon.colcon_core.package_identification:_identify(src/arduinobot_controller) by extensions ['colcon_pkg']
[0.225s] Level 1:colcon.colcon_core.package_identification:_identify(src/arduinobot_controller) by extension 'colcon_pkg'
[0.225s] Level 1:colcon.colcon_core.package_identification:_identify(src/arduinobot_controller) by extensions ['colcon_meta']
[0.225s] Level 1:colcon.colcon_core.package_identification:_identify(src/arduinobot_controller) by extension 'colcon_meta'
[0.225s] Level 1:colcon.colcon_core.package_identification:_identify(src/arduinobot_controller) by extensions ['ros']
[0.225s] Level 1:colcon.colcon_core.package_identification:_identify(src/arduinobot_controller) by extension 'ros'
[0.228s] DEBUG:colcon.colcon_core.package_identification:Package 'src/arduinobot_controller' with type 'ros.ament_cmake' and name 'arduinobot_controller'
[0.228s] Level 1:colcon.colcon_core.package_identification:_identify(src/arduinobot_cpp_examples) by extensions ['ignore', 'ignore_ament_install']
[0.228s] Level 1:colcon.colcon_core.package_identification:_identify(src/arduinobot_cpp_examples) by extension 'ignore'
[0.229s] Level 1:colcon.colcon_core.package_identification:_identify(src/arduinobot_cpp_examples) by extension 'ignore_ament_install'
[0.229s] Level 1:colcon.colcon_core.package_identification:_identify(src/arduinobot_cpp_examples) by extensions ['colcon_pkg']
[0.229s] Level 1:colcon.colcon_core.package_identification:_identify(src/arduinobot_cpp_examples) by extension 'colcon_pkg'
[0.229s] Level 1:colcon.colcon_core.package_identification:_identify(src/arduinobot_cpp_examples) by extensions ['colcon_meta']
[0.229s] Level 1:colcon.colcon_core.package_identification:_identify(src/arduinobot_cpp_examples) by extension 'colcon_meta'
[0.229s] Level 1:colcon.colcon_core.package_identification:_identify(src/arduinobot_cpp_examples) by extensions ['ros']
[0.229s] Level 1:colcon.colcon_core.package_identification:_identify(src/arduinobot_cpp_examples) by extension 'ros'
[0.229s] DEBUG:colcon.colcon_core.package_identification:Package 'src/arduinobot_cpp_examples' with type 'ros.ament_cmake' and name 'arduinobot_cpp_examples'
[0.230s] Level 1:colcon.colcon_core.package_identification:_identify(src/arduinobot_description) by extensions ['ignore', 'ignore_ament_install']
[0.230s] Level 1:colcon.colcon_core.package_identification:_identify(src/arduinobot_description) by extension 'ignore'
[0.230s] Level 1:colcon.colcon_core.package_identification:_identify(src/arduinobot_description) by extension 'ignore_ament_install'
[0.230s] Level 1:colcon.colcon_core.package_identification:_identify(src/arduinobot_description) by extensions ['colcon_pkg']
[0.230s] Level 1:colcon.colcon_core.package_identification:_identify(src/arduinobot_description) by extension 'colcon_pkg'
[0.230s] Level 1:colcon.colcon_core.package_identification:_identify(src/arduinobot_description) by extensions ['colcon_meta']
[0.230s] Level 1:colcon.colcon_core.package_identification:_identify(src/arduinobot_description) by extension 'colcon_meta'
[0.230s] Level 1:colcon.colcon_core.package_identification:_identify(src/arduinobot_description) by extensions ['ros']
[0.230s] Level 1:colcon.colcon_core.package_identification:_identify(src/arduinobot_description) by extension 'ros'
[0.233s] DEBUG:colcon.colcon_core.package_identification:Package 'src/arduinobot_description' with type 'ros.ament_cmake' and name 'arduinobot_description'
[0.233s] Level 1:colcon.colcon_core.package_identification:_identify(src/arduinobot_py_examples) by extensions ['ignore', 'ignore_ament_install']
[0.233s] Level 1:colcon.colcon_core.package_identification:_identify(src/arduinobot_py_examples) by extension 'ignore'
[0.233s] Level 1:colcon.colcon_core.package_identification:_identify(src/arduinobot_py_examples) by extension 'ignore_ament_install'
[0.234s] Level 1:colcon.colcon_core.package_identification:_identify(src/arduinobot_py_examples) by extensions ['colcon_pkg']
[0.234s] Level 1:colcon.colcon_core.package_identification:_identify(src/arduinobot_py_examples) by extension 'colcon_pkg'
[0.234s] Level 1:colcon.colcon_core.package_identification:_identify(src/arduinobot_py_examples) by extensions ['colcon_meta']
[0.234s] Level 1:colcon.colcon_core.package_identification:_identify(src/arduinobot_py_examples) by extension 'colcon_meta'
[0.234s] Level 1:colcon.colcon_core.package_identification:_identify(src/arduinobot_py_examples) by extensions ['ros']
[0.234s] Level 1:colcon.colcon_core.package_identification:_identify(src/arduinobot_py_examples) by extension 'ros'
[0.234s] DEBUG:colcon.colcon_core.package_identification:Package 'src/arduinobot_py_examples' with type 'ros.ament_python' and name 'arduinobot_py_examples'
[0.234s] Level 1:colcon.colcon_core.package_discovery:discover_packages(recursive) using defaults
[0.234s] Level 1:colcon.colcon_core.package_discovery:discover_packages(ignore) discover
[0.234s] Level 1:colcon.colcon_core.package_discovery:discover_packages(ignore) using defaults
[0.234s] Level 1:colcon.colcon_core.package_discovery:discover_packages(path) discover
[0.234s] Level 1:colcon.colcon_core.package_discovery:discover_packages(path) using defaults
[0.255s] Level 1:colcon.colcon_core.package_discovery:discover_packages(prefix_path) check parameters
[0.255s] Level 1:colcon.colcon_core.package_discovery:discover_packages(prefix_path) discover
[0.259s] WARNING:colcon.colcon_ros.prefix_path.ament:The path '/home/danielwp22/arduinobot_ws/install/moveit_resources_prbt_support' in the environment variable AMENT_PREFIX_PATH doesn't exist
[0.259s] WARNING:colcon.colcon_ros.prefix_path.ament:The path '/home/danielwp22/arduinobot_ws/install/moveit_configs_utils' in the environment variable AMENT_PREFIX_PATH doesn't exist
[0.260s] WARNING:colcon.colcon_ros.prefix_path.ament:The path '/home/danielwp22/arduinobot_ws/install/moveit_common' in the environment variable AMENT_PREFIX_PATH doesn't exist
[0.261s] WARNING:colcon.colcon_ros.prefix_path.catkin:The path '/home/danielwp22/arduinobot_ws/install/moveit_resources_prbt_support' in the environment variable CMAKE_PREFIX_PATH doesn't exist
[0.261s] WARNING:colcon.colcon_ros.prefix_path.catkin:The path '/home/danielwp22/arduinobot_ws/install/moveit_common' in the environment variable CMAKE_PREFIX_PATH doesn't exist
[0.263s] DEBUG:colcon.colcon_installed_package_information.package_discovery:Found 4 installed packages in /home/danielwp22/arduinobot_ws/install
[0.264s] DEBUG:colcon.colcon_installed_package_information.package_discovery:Found 15 installed packages in /home/danielwp22/ros2_ws/install
[0.266s] DEBUG:colcon.colcon_installed_package_information.package_discovery:Found 70 installed packages in /home/danielwp22/ws_moveit/install
[0.269s] DEBUG:colcon.colcon_installed_package_information.package_discovery:Found 470 installed packages in /opt/ros/jazzy
[0.270s] Level 1:colcon.colcon_core.package_discovery:discover_packages(prefix_path) using defaults
[0.369s] Level 5:colcon.colcon_core.verb:set package 'arduinobot_cpp_examples' build argument 'cmake_args' from command line to 'None'
[0.369s] Level 5:colcon.colcon_core.verb:set package 'arduinobot_cpp_examples' build argument 'cmake_target' from command line to 'None'
[0.369s] Level 5:colcon.colcon_core.verb:set package 'arduinobot_cpp_examples' build argument 'cmake_target_skip_unavailable' from command line to 'False'
[0.369s] Level 5:colcon.colcon_core.verb:set package 'arduinobot_cpp_examples' build argument 'cmake_clean_cache' from command line to 'False'
[0.369s] Level 5:colcon.colcon_core.verb:set package 'arduinobot_cpp_examples' build argument 'cmake_clean_first' from command line to 'False'
[0.369s] Level 5:colcon.colcon_core.verb:set package 'arduinobot_cpp_examples' build argument 'cmake_force_configure' from command line to 'False'
[0.369s] Level 5:colcon.colcon_core.verb:set package 'arduinobot_cpp_examples' build argument 'ament_cmake_args' from command line to 'None'
[0.369s] Level 5:colcon.colcon_core.verb:set package 'arduinobot_cpp_examples' build argument 'catkin_cmake_args' from command line to 'None'
[0.369s] Level 5:colcon.colcon_core.verb:set package 'arduinobot_cpp_examples' build argument 'catkin_skip_building_tests' from command line to 'False'
[0.369s] DEBUG:colcon.colcon_core.verb:Building package 'arduinobot_cpp_examples' with the following arguments: {'ament_cmake_args': None, 'build_base': '/home/danielwp22/arduinobot_ws/build/arduinobot_cpp_examples', 'catkin_cmake_args': None, 'catkin_skip_building_tests': False, 'cmake_args': None, 'cmake_clean_cache': False, 'cmake_clean_first': False, 'cmake_force_configure': False, 'cmake_target': None, 'cmake_target_skip_unavailable': False, 'install_base': '/home/danielwp22/arduinobot_ws/install/arduinobot_cpp_examples', 'merge_install': False, 'path': '/home/danielwp22/arduinobot_ws/src/arduinobot_cpp_examples', 'symlink_install': False, 'test_result_base': None}
[0.369s] Level 5:colcon.colcon_core.verb:set package 'arduinobot_description' build argument 'cmake_args' from command line to 'None'
[0.369s] Level 5:colcon.colcon_core.verb:set package 'arduinobot_description' build argument 'cmake_target' from command line to 'None'
[0.369s] Level 5:colcon.colcon_core.verb:set package 'arduinobot_description' build argument 'cmake_target_skip_unavailable' from command line to 'False'
[0.369s] Level 5:colcon.colcon_core.verb:set package 'arduinobot_description' build argument 'cmake_clean_cache' from command line to 'False'
[0.369s] Level 5:colcon.colcon_core.verb:set package 'arduinobot_description' build argument 'cmake_clean_first' from command line to 'False'
[0.370s] Level 5:colcon.colcon_core.verb:set package 'arduinobot_description' build argument 'cmake_force_configure' from command line to 'False'
[0.370s] Level 5:colcon.colcon_core.verb:set package 'arduinobot_description' build argument 'ament_cmake_args' from command line to 'None'
[0.370s] Level 5:colcon.colcon_core.verb:set package 'arduinobot_description' build argument 'catkin_cmake_args' from command line to 'None'
[0.370s] Level 5:colcon.colcon_core.verb:set package 'arduinobot_description' build argument 'catkin_skip_building_tests' from command line to 'False'
[0.370s] DEBUG:colcon.colcon_core.verb:Building package 'arduinobot_description' with the following arguments: {'ament_cmake_args': None, 'build_base': '/home/danielwp22/arduinobot_ws/build/arduinobot_description', 'catkin_cmake_args': None, 'catkin_skip_building_tests': False, 'cmake_args': None, 'cmake_clean_cache': False, 'cmake_clean_first': False, 'cmake_force_configure': False, 'cmake_target': None, 'cmake_target_skip_unavailable': False, 'install_base': '/home/danielwp22/arduinobot_ws/install/arduinobot_description', 'merge_install': False, 'path': '/home/danielwp22/arduinobot_ws/src/arduinobot_description', 'symlink_install': False, 'test_result_base': None}
[0.370s] Level 5:colcon.colcon_core.verb:set package 'arduinobot_py_examples' build argument 'cmake_args' from command line to 'None'
[0.370s] Level 5:colcon.colcon_core.verb:set package 'arduinobot_py_examples' build argument 'cmake_target' from command line to 'None'
[0.370s] Level 5:colcon.colcon_core.verb:set package 'arduinobot_py_examples' build argument 'cmake_target_skip_unavailable' from command line to 'False'
[0.370s] Level 5:colcon.colcon_core.verb:set package 'arduinobot_py_examples' build argument 'cmake_clean_cache' from command line to 'False'
[0.370s] Level 5:colcon.colcon_core.verb:set package 'arduinobot_py_examples' build argument 'cmake_clean_first' from command line to 'False'
[0.370s] Level 5:colcon.colcon_core.verb:set package 'arduinobot_py_examples' build argument 'cmake_force_configure' from command line to 'False'
[0.370s] Level 5:colcon.colcon_core.verb:set package 'arduinobot_py_examples' build argument 'ament_cmake_args' from command line to 'None'
[0.370s] Level 5:colcon.colcon_core.verb:set package 'arduinobot_py_examples' build argument 'catkin_cmake_args' from command line to 'None'
[0.370s] Level 5:colcon.colcon_core.verb:set package 'arduinobot_py_examples' build argument 'catkin_skip_building_tests' from command line to 'False'
[0.370s] DEBUG:colcon.colcon_core.verb:Building package 'arduinobot_py_examples' with the following arguments: {'ament_cmake_args': None, 'build_base': '/home/danielwp22/arduinobot_ws/build/arduinobot_py_examples', 'catkin_cmake_args': None, 'catkin_skip_building_tests': False, 'cmake_args': None, 'cmake_clean_cache': False, 'cmake_clean_first': False, 'cmake_force_configure': False, 'cmake_target': None, 'cmake_target_skip_unavailable': False, 'install_base': '/home/danielwp22/arduinobot_ws/install/arduinobot_py_examples', 'merge_install': False, 'path': '/home/danielwp22/arduinobot_ws/src/arduinobot_py_examples', 'symlink_install': False, 'test_result_base': None}
[0.371s] Level 5:colcon.colcon_core.verb:set package 'arduinobot_controller' build argument 'cmake_args' from command line to 'None'
[0.371s] Level 5:colcon.colcon_core.verb:set package 'arduinobot_controller' build argument 'cmake_target' from command line to 'None'
[0.371s] Level 5:colcon.colcon_core.verb:set package 'arduinobot_controller' build argument 'cmake_target_skip_unavailable' from command line to 'False'
[0.371s] Level 5:colcon.colcon_core.verb:set package 'arduinobot_controller' build argument 'cmake_clean_cache' from command line to 'False'
[0.371s] Level 5:colcon.colcon_core.verb:set package 'arduinobot_controller' build argument 'cmake_clean_first' from command line to 'False'
[0.371s] Level 5:colcon.colcon_core.verb:set package 'arduinobot_controller' build argument 'cmake_force_configure' from command line to 'False'
[0.371s] Level 5:colcon.colcon_core.verb:set package 'arduinobot_controller' build argument 'ament_cmake_args' from command line to 'None'
[0.371s] Level 5:colcon.colcon_core.verb:set package 'arduinobot_controller' build argument 'catkin_cmake_args' from command line to 'None'
[0.371s] Level 5:colcon.colcon_core.verb:set package 'arduinobot_controller' build argument 'catkin_skip_building_tests' from command line to 'False'
[0.371s] DEBUG:colcon.colcon_core.verb:Building package 'arduinobot_controller' with the following arguments: {'ament_cmake_args': None, 'build_base': '/home/danielwp22/arduinobot_ws/build/arduinobot_controller', 'catkin_cmake_args': None, 'catkin_skip_building_tests': False, 'cmake_args': None, 'cmake_clean_cache': False, 'cmake_clean_first': False, 'cmake_force_configure': False, 'cmake_target': None, 'cmake_target_skip_unavailable': False, 'install_base': '/home/danielwp22/arduinobot_ws/install/arduinobot_controller', 'merge_install': False, 'path': '/home/danielwp22/arduinobot_ws/src/arduinobot_controller', 'symlink_install': False, 'test_result_base': None}
[0.371s] INFO:colcon.colcon_core.executor:Executing jobs using 'parallel' executor
[0.372s] DEBUG:colcon.colcon_parallel_executor.executor.parallel:run_until_complete
[0.372s] INFO:colcon.colcon_ros.task.ament_cmake.build:Building ROS package in '/home/danielwp22/arduinobot_ws/src/arduinobot_description' with build type 'ament_cmake'
[0.373s] INFO:colcon.colcon_cmake.task.cmake.build:Building CMake package in '/home/danielwp22/arduinobot_ws/src/arduinobot_description'
[0.375s] INFO:colcon.colcon_core.plugin_system:Skipping extension 'colcon_core.shell.bat': Not used on non-Windows systems
[0.376s] INFO:colcon.colcon_core.shell:Skip shell extension 'powershell' for command environment: Not usable outside of PowerShell
[0.376s] DEBUG:colcon.colcon_core.shell:Skip shell extension 'dsv' for command environment
[0.388s] INFO:colcon.colcon_ros.task.ament_cmake.build:Building ROS package in '/home/danielwp22/arduinobot_ws/src/arduinobot_cpp_examples' with build type 'ament_cmake'
[0.388s] INFO:colcon.colcon_cmake.task.cmake.build:Building CMake package in '/home/danielwp22/arduinobot_ws/src/arduinobot_cpp_examples'
[0.388s] INFO:colcon.colcon_core.shell:Skip shell extension 'powershell' for command environment: Not usable outside of PowerShell
[0.388s] DEBUG:colcon.colcon_core.shell:Skip shell extension 'dsv' for command environment
[0.401s] INFO:colcon.colcon_ros.task.ament_python.build:Building ROS package in '/home/danielwp22/arduinobot_ws/src/arduinobot_py_examples' with build type 'ament_python'
[0.402s] Level 1:colcon.colcon_core.shell:create_environment_hook('arduinobot_py_examples', 'ament_prefix_path')
[0.402s] INFO:colcon.colcon_core.shell:Creating environment hook '/home/danielwp22/arduinobot_ws/install/arduinobot_py_examples/share/arduinobot_py_examples/hook/ament_prefix_path.ps1'
[0.403s] INFO:colcon.colcon_core.shell:Creating environment descriptor '/home/danielwp22/arduinobot_ws/install/arduinobot_py_examples/share/arduinobot_py_examples/hook/ament_prefix_path.dsv'
[0.403s] INFO:colcon.colcon_core.shell:Creating environment hook '/home/danielwp22/arduinobot_ws/install/arduinobot_py_examples/share/arduinobot_py_examples/hook/ament_prefix_path.sh'
[0.404s] INFO:colcon.colcon_core.shell:Skip shell extension 'powershell' for command environment: Not usable outside of PowerShell
[0.404s] DEBUG:colcon.colcon_core.shell:Skip shell extension 'dsv' for command environment
[0.421s] DEBUG:colcon.colcon_core.event_handler.log_command:Invoking command in '/home/danielwp22/arduinobot_ws/build/arduinobot_description': CMAKE_PREFIX_PATH=${CMAKE_PREFIX_PATH}:/home/danielwp22/ws_moveit/install/moveit_configs_utils:/home/danielwp22/arduinobot_ws/install/moveit_configs_utils:/home/danielwp22/arduinobot_ws/install/arduinobot_py_examples:/home/danielwp22/ros2_ws/install/my_turtle_pkg:/home/danielwp22/ros2_ws/install/my_py_pkg:/home/danielwp22/ros2_ws/install/actions_py:/home/danielwp22/ros2_ws/install/lifecycle_py:/home/danielwp22/ros2_ws/install/executors_py:/home/danielwp22/ros2_ws/install/components_py:/opt/ros/jazzy DEBUGINFOD_URLS=https://debuginfod.ubuntu.com /usr/bin/cmake --build /home/danielwp22/arduinobot_ws/build/arduinobot_description -- -j4 -l4
[0.424s] DEBUG:colcon.colcon_core.event_handler.log_command:Invoking command in '/home/danielwp22/arduinobot_ws/build/arduinobot_cpp_examples': CMAKE_PREFIX_PATH=${CMAKE_PREFIX_PATH}:/home/danielwp22/ws_moveit/install/moveit_configs_utils:/home/danielwp22/arduinobot_ws/install/moveit_configs_utils:/home/danielwp22/arduinobot_ws/install/arduinobot_py_examples:/home/danielwp22/ros2_ws/install/my_turtle_pkg:/home/danielwp22/ros2_ws/install/my_py_pkg:/home/danielwp22/ros2_ws/install/actions_py:/home/danielwp22/ros2_ws/install/lifecycle_py:/home/danielwp22/ros2_ws/install/executors_py:/home/danielwp22/ros2_ws/install/components_py:/opt/ros/jazzy DEBUGINFOD_URLS=https://debuginfod.ubuntu.com /usr/bin/cmake --build /home/danielwp22/arduinobot_ws/build/arduinobot_cpp_examples -- -j4 -l4
[0.745s] INFO:colcon.colcon_core.task.python.build:Building Python package in '/home/danielwp22/arduinobot_ws/src/arduinobot_py_examples'
[0.746s] INFO:colcon.colcon_core.shell:Skip shell extension 'powershell' for command environment: Not usable outside of PowerShell
[0.746s] DEBUG:colcon.colcon_core.shell:Skip shell extension 'dsv' for command environment
[0.761s] DEBUG:colcon.colcon_core.event_handler.log_command:Invoked command in '/home/danielwp22/arduinobot_ws/build/arduinobot_cpp_examples' returned '0': CMAKE_PREFIX_PATH=${CMAKE_PREFIX_PATH}:/home/danielwp22/ws_moveit/install/moveit_configs_utils:/home/danielwp22/arduinobot_ws/install/moveit_configs_utils:/home/danielwp22/arduinobot_ws/install/arduinobot_py_examples:/home/danielwp22/ros2_ws/install/my_turtle_pkg:/home/danielwp22/ros2_ws/install/my_py_pkg:/home/danielwp22/ros2_ws/install/actions_py:/home/danielwp22/ros2_ws/install/lifecycle_py:/home/danielwp22/ros2_ws/install/executors_py:/home/danielwp22/ros2_ws/install/components_py:/opt/ros/jazzy DEBUGINFOD_URLS=https://debuginfod.ubuntu.com /usr/bin/cmake --build /home/danielwp22/arduinobot_ws/build/arduinobot_cpp_examples -- -j4 -l4
[0.781s] DEBUG:colcon.colcon_core.event_handler.log_command:Invoking command in '/home/danielwp22/arduinobot_ws/build/arduinobot_cpp_examples': CMAKE_PREFIX_PATH=${CMAKE_PREFIX_PATH}:/home/danielwp22/ws_moveit/install/moveit_configs_utils:/home/danielwp22/arduinobot_ws/install/moveit_configs_utils:/home/danielwp22/arduinobot_ws/install/arduinobot_py_examples:/home/danielwp22/ros2_ws/install/my_turtle_pkg:/home/danielwp22/ros2_ws/install/my_py_pkg:/home/danielwp22/ros2_ws/install/actions_py:/home/danielwp22/ros2_ws/install/lifecycle_py:/home/danielwp22/ros2_ws/install/executors_py:/home/danielwp22/ros2_ws/install/components_py:/opt/ros/jazzy DEBUGINFOD_URLS=https://debuginfod.ubuntu.com /usr/bin/cmake --install /home/danielwp22/arduinobot_ws/build/arduinobot_cpp_examples
[0.781s] DEBUG:colcon.colcon_core.event_handler.log_command:Invoked command in '/home/danielwp22/arduinobot_ws/build/arduinobot_description' returned '0': CMAKE_PREFIX_PATH=${CMAKE_PREFIX_PATH}:/home/danielwp22/ws_moveit/install/moveit_configs_utils:/home/danielwp22/arduinobot_ws/install/moveit_configs_utils:/home/danielwp22/arduinobot_ws/install/arduinobot_py_examples:/home/danielwp22/ros2_ws/install/my_turtle_pkg:/home/danielwp22/ros2_ws/install/my_py_pkg:/home/danielwp22/ros2_ws/install/actions_py:/home/danielwp22/ros2_ws/install/lifecycle_py:/home/danielwp22/ros2_ws/install/executors_py:/home/danielwp22/ros2_ws/install/components_py:/opt/ros/jazzy DEBUGINFOD_URLS=https://debuginfod.ubuntu.com /usr/bin/cmake --build /home/danielwp22/arduinobot_ws/build/arduinobot_description -- -j4 -l4
[0.782s] DEBUG:colcon.colcon_core.event_handler.log_command:Invoking command in '/home/danielwp22/arduinobot_ws/build/arduinobot_description': CMAKE_PREFIX_PATH=${CMAKE_PREFIX_PATH}:/home/danielwp22/ws_moveit/install/moveit_configs_utils:/home/danielwp22/arduinobot_ws/install/moveit_configs_utils:/home/danielwp22/arduinobot_ws/install/arduinobot_py_examples:/home/danielwp22/ros2_ws/install/my_turtle_pkg:/home/danielwp22/ros2_ws/install/my_py_pkg:/home/danielwp22/ros2_ws/install/actions_py:/home/danielwp22/ros2_ws/install/lifecycle_py:/home/danielwp22/ros2_ws/install/executors_py:/home/danielwp22/ros2_ws/install/components_py:/opt/ros/jazzy DEBUGINFOD_URLS=https://debuginfod.ubuntu.com /usr/bin/cmake --install /home/danielwp22/arduinobot_ws/build/arduinobot_description
[0.803s] Level 1:colcon.colcon_core.environment:create_environment_scripts_only(arduinobot_description)
[0.809s] Level 1:colcon.colcon_core.environment:checking '/home/danielwp22/arduinobot_ws/install/arduinobot_description' for CMake module files
[0.809s] DEBUG:colcon.colcon_core.event_handler.log_command:Invoked command in '/home/danielwp22/arduinobot_ws/build/arduinobot_description' returned '0': CMAKE_PREFIX_PATH=${CMAKE_PREFIX_PATH}:/home/danielwp22/ws_moveit/install/moveit_configs_utils:/home/danielwp22/arduinobot_ws/install/moveit_configs_utils:/home/danielwp22/arduinobot_ws/install/arduinobot_py_examples:/home/danielwp22/ros2_ws/install/my_turtle_pkg:/home/danielwp22/ros2_ws/install/my_py_pkg:/home/danielwp22/ros2_ws/install/actions_py:/home/danielwp22/ros2_ws/install/lifecycle_py:/home/danielwp22/ros2_ws/install/executors_py:/home/danielwp22/ros2_ws/install/components_py:/opt/ros/jazzy DEBUGINFOD_URLS=https://debuginfod.ubuntu.com /usr/bin/cmake --install /home/danielwp22/arduinobot_ws/build/arduinobot_description
[0.810s] Level 1:colcon.colcon_core.environment:checking '/home/danielwp22/arduinobot_ws/install/arduinobot_description' for CMake config files
[0.810s] Level 1:colcon.colcon_core.shell:create_environment_hook('arduinobot_description', 'cmake_prefix_path')
[0.810s] INFO:colcon.colcon_core.shell:Creating environment hook '/home/danielwp22/arduinobot_ws/install/arduinobot_description/share/arduinobot_description/hook/cmake_prefix_path.ps1'
[0.811s] INFO:colcon.colcon_core.shell:Creating environment descriptor '/home/danielwp22/arduinobot_ws/install/arduinobot_description/share/arduinobot_description/hook/cmake_prefix_path.dsv'
[0.811s] INFO:colcon.colcon_core.shell:Creating environment hook '/home/danielwp22/arduinobot_ws/install/arduinobot_description/share/arduinobot_description/hook/cmake_prefix_path.sh'
[0.812s] Level 1:colcon.colcon_core.environment:checking '/home/danielwp22/arduinobot_ws/install/arduinobot_description/bin'
[0.812s] Level 1:colcon.colcon_core.environment:checking '/home/danielwp22/arduinobot_ws/install/arduinobot_description/lib/pkgconfig/arduinobot_description.pc'
[0.812s] Level 1:colcon.colcon_core.environment:checking '/home/danielwp22/arduinobot_ws/install/arduinobot_description/lib/python3.12/site-packages'
[0.812s] Level 1:colcon.colcon_core.environment:checking '/home/danielwp22/arduinobot_ws/install/arduinobot_description/bin'
[0.812s] INFO:colcon.colcon_core.shell:Creating package script '/home/danielwp22/arduinobot_ws/install/arduinobot_description/share/arduinobot_description/package.ps1'
[0.813s] INFO:colcon.colcon_core.shell:Creating package descriptor '/home/danielwp22/arduinobot_ws/install/arduinobot_description/share/arduinobot_description/package.dsv'
[0.814s] INFO:colcon.colcon_core.shell:Creating package script '/home/danielwp22/arduinobot_ws/install/arduinobot_description/share/arduinobot_description/package.sh'
[0.814s] INFO:colcon.colcon_core.shell:Creating package script '/home/danielwp22/arduinobot_ws/install/arduinobot_description/share/arduinobot_description/package.bash'
[0.815s] INFO:colcon.colcon_core.shell:Creating package script '/home/danielwp22/arduinobot_ws/install/arduinobot_description/share/arduinobot_description/package.zsh'
[0.815s] Level 1:colcon.colcon_core.environment:create_file_with_runtime_dependencies(/home/danielwp22/arduinobot_ws/install/arduinobot_description/share/colcon-core/packages/arduinobot_description)
[0.816s] Level 1:colcon.colcon_core.environment:create_environment_scripts_only(arduinobot_description)
[0.816s] Level 1:colcon.colcon_core.environment:checking '/home/danielwp22/arduinobot_ws/install/arduinobot_description' for CMake module files
[0.817s] Level 1:colcon.colcon_core.environment:checking '/home/danielwp22/arduinobot_ws/install/arduinobot_description' for CMake config files
[0.817s] Level 1:colcon.colcon_core.shell:create_environment_hook('arduinobot_description', 'cmake_prefix_path')
[0.817s] INFO:colcon.colcon_core.shell:Creating environment hook '/home/danielwp22/arduinobot_ws/install/arduinobot_description/share/arduinobot_description/hook/cmake_prefix_path.ps1'
[0.817s] INFO:colcon.colcon_core.shell:Creating environment descriptor '/home/danielwp22/arduinobot_ws/install/arduinobot_description/share/arduinobot_description/hook/cmake_prefix_path.dsv'
[0.818s] INFO:colcon.colcon_core.shell:Creating environment hook '/home/danielwp22/arduinobot_ws/install/arduinobot_description/share/arduinobot_description/hook/cmake_prefix_path.sh'
[0.818s] Level 1:colcon.colcon_core.environment:checking '/home/danielwp22/arduinobot_ws/install/arduinobot_description/bin'
[0.819s] Level 1:colcon.colcon_core.environment:checking '/home/danielwp22/arduinobot_ws/install/arduinobot_description/lib/pkgconfig/arduinobot_description.pc'
[0.819s] Level 1:colcon.colcon_core.environment:checking '/home/danielwp22/arduinobot_ws/install/arduinobot_description/lib/python3.12/site-packages'
[0.819s] Level 1:colcon.colcon_core.environment:checking '/home/danielwp22/arduinobot_ws/install/arduinobot_description/bin'
[0.819s] INFO:colcon.colcon_core.shell:Creating package script '/home/danielwp22/arduinobot_ws/install/arduinobot_description/share/arduinobot_description/package.ps1'
[0.820s] INFO:colcon.colcon_core.shell:Creating package descriptor '/home/danielwp22/arduinobot_ws/install/arduinobot_description/share/arduinobot_description/package.dsv'
[0.820s] INFO:colcon.colcon_core.shell:Creating package script '/home/danielwp22/arduinobot_ws/install/arduinobot_description/share/arduinobot_description/package.sh'
[0.821s] INFO:colcon.colcon_core.shell:Creating package script '/home/danielwp22/arduinobot_ws/install/arduinobot_description/share/arduinobot_description/package.bash'
[0.821s] INFO:colcon.colcon_core.shell:Creating package script '/home/danielwp22/arduinobot_ws/install/arduinobot_description/share/arduinobot_description/package.zsh'
[0.821s] Level 1:colcon.colcon_core.environment:create_file_with_runtime_dependencies(/home/danielwp22/arduinobot_ws/install/arduinobot_description/share/colcon-core/packages/arduinobot_description)
[0.822s] INFO:colcon.colcon_ros.task.ament_cmake.build:Building ROS package in '/home/danielwp22/arduinobot_ws/src/arduinobot_controller' with build type 'ament_cmake'
[0.822s] INFO:colcon.colcon_cmake.task.cmake.build:Building CMake package in '/home/danielwp22/arduinobot_ws/src/arduinobot_controller'
[0.822s] INFO:colcon.colcon_core.shell:Skip shell extension 'powershell' for command environment: Not usable outside of PowerShell
[0.822s] DEBUG:colcon.colcon_core.shell:Skip shell extension 'dsv' for command environment
[0.836s] Level 1:colcon.colcon_core.environment:create_environment_scripts_only(arduinobot_cpp_examples)
[0.837s] Level 1:colcon.colcon_core.environment:checking '/home/danielwp22/arduinobot_ws/install/arduinobot_cpp_examples' for CMake module files
[0.836s] DEBUG:colcon.colcon_core.event_handler.log_command:Invoked command in '/home/danielwp22/arduinobot_ws/build/arduinobot_cpp_examples' returned '0': CMAKE_PREFIX_PATH=${CMAKE_PREFIX_PATH}:/home/danielwp22/ws_moveit/install/moveit_configs_utils:/home/danielwp22/arduinobot_ws/install/moveit_configs_utils:/home/danielwp22/arduinobot_ws/install/arduinobot_py_examples:/home/danielwp22/ros2_ws/install/my_turtle_pkg:/home/danielwp22/ros2_ws/install/my_py_pkg:/home/danielwp22/ros2_ws/install/actions_py:/home/danielwp22/ros2_ws/install/lifecycle_py:/home/danielwp22/ros2_ws/install/executors_py:/home/danielwp22/ros2_ws/install/components_py:/opt/ros/jazzy DEBUGINFOD_URLS=https://debuginfod.ubuntu.com /usr/bin/cmake --install /home/danielwp22/arduinobot_ws/build/arduinobot_cpp_examples
[0.837s] Level 1:colcon.colcon_core.environment:checking '/home/danielwp22/arduinobot_ws/install/arduinobot_cpp_examples' for CMake config files
[0.838s] Level 1:colcon.colcon_core.shell:create_environment_hook('arduinobot_cpp_examples', 'cmake_prefix_path')
[0.838s] INFO:colcon.colcon_core.shell:Creating environment hook '/home/danielwp22/arduinobot_ws/install/arduinobot_cpp_examples/share/arduinobot_cpp_examples/hook/cmake_prefix_path.ps1'
[0.838s] INFO:colcon.colcon_core.shell:Creating environment descriptor '/home/danielwp22/arduinobot_ws/install/arduinobot_cpp_examples/share/arduinobot_cpp_examples/hook/cmake_prefix_path.dsv'
[0.839s] INFO:colcon.colcon_core.shell:Creating environment hook '/home/danielwp22/arduinobot_ws/install/arduinobot_cpp_examples/share/arduinobot_cpp_examples/hook/cmake_prefix_path.sh'
[0.839s] Level 1:colcon.colcon_core.environment:checking '/home/danielwp22/arduinobot_ws/install/arduinobot_cpp_examples/bin'
[0.839s] Level 1:colcon.colcon_core.environment:checking '/home/danielwp22/arduinobot_ws/install/arduinobot_cpp_examples/lib/pkgconfig/arduinobot_cpp_examples.pc'
[0.840s] Level 1:colcon.colcon_core.environment:checking '/home/danielwp22/arduinobot_ws/install/arduinobot_cpp_examples/lib/python3.12/site-packages'
[0.840s] Level 1:colcon.colcon_core.environment:checking '/home/danielwp22/arduinobot_ws/install/arduinobot_cpp_examples/bin'
[0.840s] INFO:colcon.colcon_core.shell:Creating package script '/home/danielwp22/arduinobot_ws/install/arduinobot_cpp_examples/share/arduinobot_cpp_examples/package.ps1'
[0.840s] INFO:colcon.colcon_core.shell:Creating package descriptor '/home/danielwp22/arduinobot_ws/install/arduinobot_cpp_examples/share/arduinobot_cpp_examples/package.dsv'
[0.841s] INFO:colcon.colcon_core.shell:Creating package script '/home/danielwp22/arduinobot_ws/install/arduinobot_cpp_examples/share/arduinobot_cpp_examples/package.sh'
[0.841s] INFO:colcon.colcon_core.shell:Creating package script '/home/danielwp22/arduinobot_ws/install/arduinobot_cpp_examples/share/arduinobot_cpp_examples/package.bash'
[0.842s] INFO:colcon.colcon_core.shell:Creating package script '/home/danielwp22/arduinobot_ws/install/arduinobot_cpp_examples/share/arduinobot_cpp_examples/package.zsh'
[0.842s] Level 1:colcon.colcon_core.environment:create_file_with_runtime_dependencies(/home/danielwp22/arduinobot_ws/install/arduinobot_cpp_examples/share/colcon-core/packages/arduinobot_cpp_examples)
[0.843s] Level 1:colcon.colcon_core.environment:create_environment_scripts_only(arduinobot_cpp_examples)
[0.843s] Level 1:colcon.colcon_core.environment:checking '/home/danielwp22/arduinobot_ws/install/arduinobot_cpp_examples' for CMake module files
[0.843s] Level 1:colcon.colcon_core.environment:checking '/home/danielwp22/arduinobot_ws/install/arduinobot_cpp_examples' for CMake config files
[0.843s] Level 1:colcon.colcon_core.shell:create_environment_hook('arduinobot_cpp_examples', 'cmake_prefix_path')
[0.844s] INFO:colcon.colcon_core.shell:Creating environment hook '/home/danielwp22/arduinobot_ws/install/arduinobot_cpp_examples/share/arduinobot_cpp_examples/hook/cmake_prefix_path.ps1'
[0.844s] INFO:colcon.colcon_core.shell:Creating environment descriptor '/home/danielwp22/arduinobot_ws/install/arduinobot_cpp_examples/share/arduinobot_cpp_examples/hook/cmake_prefix_path.dsv'
[0.844s] INFO:colcon.colcon_core.shell:Creating environment hook '/home/danielwp22/arduinobot_ws/install/arduinobot_cpp_examples/share/arduinobot_cpp_examples/hook/cmake_prefix_path.sh'
[0.845s] Level 1:colcon.colcon_core.environment:checking '/home/danielwp22/arduinobot_ws/install/arduinobot_cpp_examples/bin'
[0.845s] Level 1:colcon.colcon_core.environment:checking '/home/danielwp22/arduinobot_ws/install/arduinobot_cpp_examples/lib/pkgconfig/arduinobot_cpp_examples.pc'
[0.845s] Level 1:colcon.colcon_core.environment:checking '/home/danielwp22/arduinobot_ws/install/arduinobot_cpp_examples/lib/python3.12/site-packages'
[0.846s] Level 1:colcon.colcon_core.environment:checking '/home/danielwp22/arduinobot_ws/install/arduinobot_cpp_examples/bin'
[0.846s] INFO:colcon.colcon_core.shell:Creating package script '/home/danielwp22/arduinobot_ws/install/arduinobot_cpp_examples/share/arduinobot_cpp_examples/package.ps1'
[0.846s] INFO:colcon.colcon_core.shell:Creating package descriptor '/home/danielwp22/arduinobot_ws/install/arduinobot_cpp_examples/share/arduinobot_cpp_examples/package.dsv'
[0.847s] INFO:colcon.colcon_core.shell:Creating package script '/home/danielwp22/arduinobot_ws/install/arduinobot_cpp_examples/share/arduinobot_cpp_examples/package.sh'
[0.847s] INFO:colcon.colcon_core.shell:Creating package script '/home/danielwp22/arduinobot_ws/install/arduinobot_cpp_examples/share/arduinobot_cpp_examples/package.bash'
[0.848s] INFO:colcon.colcon_core.shell:Creating package script '/home/danielwp22/arduinobot_ws/install/arduinobot_cpp_examples/share/arduinobot_cpp_examples/package.zsh'
[0.848s] Level 1:colcon.colcon_core.environment:create_file_with_runtime_dependencies(/home/danielwp22/arduinobot_ws/install/arduinobot_cpp_examples/share/colcon-core/packages/arduinobot_cpp_examples)
[0.853s] DEBUG:colcon.colcon_core.event_handler.log_command:Invoking command in '/home/danielwp22/arduinobot_ws/build/arduinobot_controller': CMAKE_PREFIX_PATH=/home/danielwp22/arduinobot_ws/install/arduinobot_description:/home/danielwp22/arduinobot_ws/install/arduinobot_controller:/home/danielwp22/ws_moveit/install/robotiq_hardware_tests:/home/danielwp22/ws_moveit/install/robotiq_driver:/home/danielwp22/ws_moveit/install/serial:/home/danielwp22/ws_moveit/install/moveit2_tutorials:/home/danielwp22/ws_moveit/install/moveit_visual_tools:/home/danielwp22/ws_moveit/install/rviz_visual_tools:/home/danielwp22/ws_moveit/install/moveit_task_constructor_visualization:/home/danielwp22/ws_moveit/install/moveit_task_constructor_demo:/home/danielwp22/ws_moveit/install/moveit_task_constructor_capabilities:/home/danielwp22/ws_moveit/install/moveit_task_constructor_core:/home/danielwp22/ws_moveit/install/rviz_marker_tools:/home/danielwp22/ws_moveit/install/kortex_bringup:/home/danielwp22/ws_moveit/install/kinova_gen3_lite_moveit_config:/home/danielwp22/ws_moveit/install/kinova_gen3_7dof_robotiq_2f_85_moveit_config:/home/danielwp22/ws_moveit/install/kinova_gen3_6dof_robotiq_2f_85_moveit_config:/home/danielwp22/ws_moveit/install/kortex_description:/home/danielwp22/ws_moveit/install/robotiq_description:/home/danielwp22/ws_moveit/install/robotiq_controllers:/home/danielwp22/ws_moveit/install/pilz_industrial_motion_planner_testutils:/home/danielwp22/ws_moveit/install/moveit_runtime:/home/danielwp22/ws_moveit/install/moveit:/home/danielwp22/ws_moveit/install/moveit_planners:/home/danielwp22/ws_moveit/install/pilz_industrial_motion_planner:/home/danielwp22/ws_moveit/install/moveit_task_constructor_msgs:/home/danielwp22/ws_moveit/install/moveit_ros_control_interface:/home/danielwp22/ws_moveit/install/moveit_plugins:/home/danielwp22/ws_moveit/install/moveit_simple_controller_manager:/home/danielwp22/ws_moveit/install/moveit_setup_assistant:/home/danielwp22/ws_moveit/install/moveit_setup_srdf_plugins:/home/danielwp22/ws_moveit/install/moveit_setup_core_plugins:/home/danielwp22/ws_moveit/install/moveit_setup_controllers:/home/danielwp22/ws_moveit/install/moveit_setup_app_plugins:/home/danielwp22/ws_moveit/install/moveit_setup_framework:/home/danielwp22/ws_moveit/install/moveit_servo:/home/danielwp22/ws_moveit/install/moveit_ros_trajectory_cache:/home/danielwp22/ws_moveit/install/moveit_ros:/home/danielwp22/ws_moveit/install/moveit_ros_visualization:/home/danielwp22/ws_moveit/install/moveit_py:/home/danielwp22/ws_moveit/install/moveit_hybrid_planning:/home/danielwp22/ws_moveit/install/moveit_ros_planning_interface:/home/danielwp22/ws_moveit/install/moveit_ros_benchmarks:/home/danielwp22/ws_moveit/install/moveit_ros_warehouse:/home/danielwp22/ws_moveit/install/moveit_ros_robot_interaction:/home/danielwp22/ws_moveit/install/moveit_ros_perception:/home/danielwp22/ws_moveit/install/moveit_resources_prbt_pg70_support:/home/danielwp22/ws_moveit/install/moveit_resources_prbt_moveit_config:/home/danielwp22/ws_moveit/install/moveit_ros_move_group:/home/danielwp22/ws_moveit/install/moveit_planners_ompl:/home/danielwp22/ws_moveit/install/moveit_kinematics:/home/danielwp22/ws_moveit/install/moveit_ros_planning:/home/danielwp22/ws_moveit/install/moveit_ros_occupancy_map_monitor:/home/danielwp22/ws_moveit/install/moveit_resources_prbt_support:/home/danielwp22/ws_moveit/install/moveit_resources_prbt_ikfast_manipulator_plugin:/home/danielwp22/ws_moveit/install/moveit_resources:/home/danielwp22/ws_moveit/install/moveit_resources_pr2_description:/home/danielwp22/ws_moveit/install/moveit_resources_panda_moveit_config:/home/danielwp22/ws_moveit/install/dual_arm_panda_moveit_config:/home/danielwp22/ws_moveit/install/moveit_resources_panda_description:/home/danielwp22/ws_moveit/install/moveit_resources_fanuc_moveit_config:/home/danielwp22/ws_moveit/install/moveit_resources_fanuc_description:/home/danielwp22/ws_moveit/install/moveit_planners_stomp:/home/danielwp22/ws_moveit/install/moveit_planners_chomp:/home/danielwp22/ws_moveit/install/chomp_motion_planner:/home/danielwp22/ws_moveit/install/moveit_core:/home/danielwp22/ws_moveit/install/moveit_msgs:/home/danielwp22/ws_moveit/install/moveit_common:/home/danielwp22/ws_moveit/install/kortex_driver:/home/danielwp22/ws_moveit/install/kortex_api:/home/danielwp22/ws_moveit/install:/home/danielwp22/arduinobot_ws/install/moveit_resources_prbt_support:/home/danielwp22/arduinobot_ws/install/moveit_common:/home/danielwp22/arduinobot_ws/install/arduinobot_cpp_examples:/home/danielwp22/ros2_ws/install/my_robot_bringup:/home/danielwp22/ros2_ws/install/my_final_project:/home/danielwp22/ros2_ws/install/my_cpp_pkg:/home/danielwp22/ros2_ws/install/actions_cpp:/home/danielwp22/ros2_ws/install/my_robot_interfaces:/home/danielwp22/ros2_ws/install/my_robot_description:/home/danielwp22/ros2_ws/install/my_robot_arm_description:/home/danielwp22/ros2_ws/install/lifecycle_cpp:/home/danielwp22/ros2_ws/install/components_cpp:/opt/ros/jazzy/opt/gz_sim_vendor:/opt/ros/jazzy/opt/gz_sensors_vendor:/opt/ros/jazzy/opt/gz_physics_vendor:/opt/ros/jazzy/opt/sdformat_vendor:/opt/ros/jazzy/opt/gz_gui_vendor:/opt/ros/jazzy/opt/gz_transport_vendor:/opt/ros/jazzy/opt/gz_rendering_vendor:/opt/ros/jazzy/opt/gz_plugin_vendor:/opt/ros/jazzy/opt/gz_fuel_tools_vendor:/opt/ros/jazzy/opt/gz_msgs_vendor:/opt/ros/jazzy/opt/gz_common_vendor:/opt/ros/jazzy/opt/gz_math_vendor:/opt/ros/jazzy/opt/gz_utils_vendor:/opt/ros/jazzy/opt/gz_tools_vendor:/opt/ros/jazzy/opt/gz_ogre_next_vendor:/opt/ros/jazzy/opt/gz_dartsim_vendor:/opt/ros/jazzy/opt/gz_cmake_vendor:/home/danielwp22/ws_moveit/install/moveit_configs_utils:/home/danielwp22/arduinobot_ws/install/moveit_configs_utils:/home/danielwp22/arduinobot_ws/install/arduinobot_py_examples:/home/danielwp22/ros2_ws/install/my_turtle_pkg:/home/danielwp22/ros2_ws/install/my_py_pkg:/home/danielwp22/ros2_ws/install/actions_py:/home/danielwp22/ros2_ws/install/lifecycle_py:/home/danielwp22/ros2_ws/install/executors_py:/home/danielwp22/ros2_ws/install/components_py:/opt/ros/jazzy DEBUGINFOD_URLS=https://debuginfod.ubuntu.com /usr/bin/cmake --build /home/danielwp22/arduinobot_ws/build/arduinobot_controller -- -j4 -l4
[1.597s] DEBUG:colcon.colcon_core.event_handler.log_command:Invoked command in '/home/danielwp22/arduinobot_ws/build/arduinobot_controller' returned '0': CMAKE_PREFIX_PATH=/home/danielwp22/arduinobot_ws/install/arduinobot_description:/home/danielwp22/arduinobot_ws/install/arduinobot_controller:/home/danielwp22/ws_moveit/install/robotiq_hardware_tests:/home/danielwp22/ws_moveit/install/robotiq_driver:/home/danielwp22/ws_moveit/install/serial:/home/danielwp22/ws_moveit/install/moveit2_tutorials:/home/danielwp22/ws_moveit/install/moveit_visual_tools:/home/danielwp22/ws_moveit/install/rviz_visual_tools:/home/danielwp22/ws_moveit/install/moveit_task_constructor_visualization:/home/danielwp22/ws_moveit/install/moveit_task_constructor_demo:/home/danielwp22/ws_moveit/install/moveit_task_constructor_capabilities:/home/danielwp22/ws_moveit/install/moveit_task_constructor_core:/home/danielwp22/ws_moveit/install/rviz_marker_tools:/home/danielwp22/ws_moveit/install/kortex_bringup:/home/danielwp22/ws_moveit/install/kinova_gen3_lite_moveit_config:/home/danielwp22/ws_moveit/install/kinova_gen3_7dof_robotiq_2f_85_moveit_config:/home/danielwp22/ws_moveit/install/kinova_gen3_6dof_robotiq_2f_85_moveit_config:/home/danielwp22/ws_moveit/install/kortex_description:/home/danielwp22/ws_moveit/install/robotiq_description:/home/danielwp22/ws_moveit/install/robotiq_controllers:/home/danielwp22/ws_moveit/install/pilz_industrial_motion_planner_testutils:/home/danielwp22/ws_moveit/install/moveit_runtime:/home/danielwp22/ws_moveit/install/moveit:/home/danielwp22/ws_moveit/install/moveit_planners:/home/danielwp22/ws_moveit/install/pilz_industrial_motion_planner:/home/danielwp22/ws_moveit/install/moveit_task_constructor_msgs:/home/danielwp22/ws_moveit/install/moveit_ros_control_interface:/home/danielwp22/ws_moveit/install/moveit_plugins:/home/danielwp22/ws_moveit/install/moveit_simple_controller_manager:/home/danielwp22/ws_moveit/install/moveit_setup_assistant:/home/danielwp22/ws_moveit/install/moveit_setup_srdf_plugins:/home/danielwp22/ws_moveit/install/moveit_setup_core_plugins:/home/danielwp22/ws_moveit/install/moveit_setup_controllers:/home/danielwp22/ws_moveit/install/moveit_setup_app_plugins:/home/danielwp22/ws_moveit/install/moveit_setup_framework:/home/danielwp22/ws_moveit/install/moveit_servo:/home/danielwp22/ws_moveit/install/moveit_ros_trajectory_cache:/home/danielwp22/ws_moveit/install/moveit_ros:/home/danielwp22/ws_moveit/install/moveit_ros_visualization:/home/danielwp22/ws_moveit/install/moveit_py:/home/danielwp22/ws_moveit/install/moveit_hybrid_planning:/home/danielwp22/ws_moveit/install/moveit_ros_planning_interface:/home/danielwp22/ws_moveit/install/moveit_ros_benchmarks:/home/danielwp22/ws_moveit/install/moveit_ros_warehouse:/home/danielwp22/ws_moveit/install/moveit_ros_robot_interaction:/home/danielwp22/ws_moveit/install/moveit_ros_perception:/home/danielwp22/ws_moveit/install/moveit_resources_prbt_pg70_support:/home/danielwp22/ws_moveit/install/moveit_resources_prbt_moveit_config:/home/danielwp22/ws_moveit/install/moveit_ros_move_group:/home/danielwp22/ws_moveit/install/moveit_planners_ompl:/home/danielwp22/ws_moveit/install/moveit_kinematics:/home/danielwp22/ws_moveit/install/moveit_ros_planning:/home/danielwp22/ws_moveit/install/moveit_ros_occupancy_map_monitor:/home/danielwp22/ws_moveit/install/moveit_resources_prbt_support:/home/danielwp22/ws_moveit/install/moveit_resources_prbt_ikfast_manipulator_plugin:/home/danielwp22/ws_moveit/install/moveit_resources:/home/danielwp22/ws_moveit/install/moveit_resources_pr2_description:/home/danielwp22/ws_moveit/install/moveit_resources_panda_moveit_config:/home/danielwp22/ws_moveit/install/dual_arm_panda_moveit_config:/home/danielwp22/ws_moveit/install/moveit_resources_panda_description:/home/danielwp22/ws_moveit/install/moveit_resources_fanuc_moveit_config:/home/danielwp22/ws_moveit/install/moveit_resources_fanuc_description:/home/danielwp22/ws_moveit/install/moveit_planners_stomp:/home/danielwp22/ws_moveit/install/moveit_planners_chomp:/home/danielwp22/ws_moveit/install/chomp_motion_planner:/home/danielwp22/ws_moveit/install/moveit_core:/home/danielwp22/ws_moveit/install/moveit_msgs:/home/danielwp22/ws_moveit/install/moveit_common:/home/danielwp22/ws_moveit/install/kortex_driver:/home/danielwp22/ws_moveit/install/kortex_api:/home/danielwp22/ws_moveit/install:/home/danielwp22/arduinobot_ws/install/moveit_resources_prbt_support:/home/danielwp22/arduinobot_ws/install/moveit_common:/home/danielwp22/arduinobot_ws/install/arduinobot_cpp_examples:/home/danielwp22/ros2_ws/install/my_robot_bringup:/home/danielwp22/ros2_ws/install/my_final_project:/home/danielwp22/ros2_ws/install/my_cpp_pkg:/home/danielwp22/ros2_ws/install/actions_cpp:/home/danielwp22/ros2_ws/install/my_robot_interfaces:/home/danielwp22/ros2_ws/install/my_robot_description:/home/danielwp22/ros2_ws/install/my_robot_arm_description:/home/danielwp22/ros2_ws/install/lifecycle_cpp:/home/danielwp22/ros2_ws/install/components_cpp:/opt/ros/jazzy/opt/gz_sim_vendor:/opt/ros/jazzy/opt/gz_sensors_vendor:/opt/ros/jazzy/opt/gz_physics_vendor:/opt/ros/jazzy/opt/sdformat_vendor:/opt/ros/jazzy/opt/gz_gui_vendor:/opt/ros/jazzy/opt/gz_transport_vendor:/opt/ros/jazzy/opt/gz_rendering_vendor:/opt/ros/jazzy/opt/gz_plugin_vendor:/opt/ros/jazzy/opt/gz_fuel_tools_vendor:/opt/ros/jazzy/opt/gz_msgs_vendor:/opt/ros/jazzy/opt/gz_common_vendor:/opt/ros/jazzy/opt/gz_math_vendor:/opt/ros/jazzy/opt/gz_utils_vendor:/opt/ros/jazzy/opt/gz_tools_vendor:/opt/ros/jazzy/opt/gz_ogre_next_vendor:/opt/ros/jazzy/opt/gz_dartsim_vendor:/opt/ros/jazzy/opt/gz_cmake_vendor:/home/danielwp22/ws_moveit/install/moveit_configs_utils:/home/danielwp22/arduinobot_ws/install/moveit_configs_utils:/home/danielwp22/arduinobot_ws/install/arduinobot_py_examples:/home/danielwp22/ros2_ws/install/my_turtle_pkg:/home/danielwp22/ros2_ws/install/my_py_pkg:/home/danielwp22/ros2_ws/install/actions_py:/home/danielwp22/ros2_ws/install/lifecycle_py:/home/danielwp22/ros2_ws/install/executors_py:/home/danielwp22/ros2_ws/install/components_py:/opt/ros/jazzy DEBUGINFOD_URLS=https://debuginfod.ubuntu.com /usr/bin/cmake --build /home/danielwp22/arduinobot_ws/build/arduinobot_controller -- -j4 -l4
[1.598s] DEBUG:colcon.colcon_core.event_handler.log_command:Invoking command in '/home/danielwp22/arduinobot_ws/build/arduinobot_controller': CMAKE_PREFIX_PATH=/home/danielwp22/arduinobot_ws/install/arduinobot_description:/home/danielwp22/arduinobot_ws/install/arduinobot_controller:/home/danielwp22/ws_moveit/install/robotiq_hardware_tests:/home/danielwp22/ws_moveit/install/robotiq_driver:/home/danielwp22/ws_moveit/install/serial:/home/danielwp22/ws_moveit/install/moveit2_tutorials:/home/danielwp22/ws_moveit/install/moveit_visual_tools:/home/danielwp22/ws_moveit/install/rviz_visual_tools:/home/danielwp22/ws_moveit/install/moveit_task_constructor_visualization:/home/danielwp22/ws_moveit/install/moveit_task_constructor_demo:/home/danielwp22/ws_moveit/install/moveit_task_constructor_capabilities:/home/danielwp22/ws_moveit/install/moveit_task_constructor_core:/home/danielwp22/ws_moveit/install/rviz_marker_tools:/home/danielwp22/ws_moveit/install/kortex_bringup:/home/danielwp22/ws_moveit/install/kinova_gen3_lite_moveit_config:/home/danielwp22/ws_moveit/install/kinova_gen3_7dof_robotiq_2f_85_moveit_config:/home/danielwp22/ws_moveit/install/kinova_gen3_6dof_robotiq_2f_85_moveit_config:/home/danielwp22/ws_moveit/install/kortex_description:/home/danielwp22/ws_moveit/install/robotiq_description:/home/danielwp22/ws_moveit/install/robotiq_controllers:/home/danielwp22/ws_moveit/install/pilz_industrial_motion_planner_testutils:/home/danielwp22/ws_moveit/install/moveit_runtime:/home/danielwp22/ws_moveit/install/moveit:/home/danielwp22/ws_moveit/install/moveit_planners:/home/danielwp22/ws_moveit/install/pilz_industrial_motion_planner:/home/danielwp22/ws_moveit/install/moveit_task_constructor_msgs:/home/danielwp22/ws_moveit/install/moveit_ros_control_interface:/home/danielwp22/ws_moveit/install/moveit_plugins:/home/danielwp22/ws_moveit/install/moveit_simple_controller_manager:/home/danielwp22/ws_moveit/install/moveit_setup_assistant:/home/danielwp22/ws_moveit/install/moveit_setup_srdf_plugins:/home/danielwp22/ws_moveit/install/moveit_setup_core_plugins:/home/danielwp22/ws_moveit/install/moveit_setup_controllers:/home/danielwp22/ws_moveit/install/moveit_setup_app_plugins:/home/danielwp22/ws_moveit/install/moveit_setup_framework:/home/danielwp22/ws_moveit/install/moveit_servo:/home/danielwp22/ws_moveit/install/moveit_ros_trajectory_cache:/home/danielwp22/ws_moveit/install/moveit_ros:/home/danielwp22/ws_moveit/install/moveit_ros_visualization:/home/danielwp22/ws_moveit/install/moveit_py:/home/danielwp22/ws_moveit/install/moveit_hybrid_planning:/home/danielwp22/ws_moveit/install/moveit_ros_planning_interface:/home/danielwp22/ws_moveit/install/moveit_ros_benchmarks:/home/danielwp22/ws_moveit/install/moveit_ros_warehouse:/home/danielwp22/ws_moveit/install/moveit_ros_robot_interaction:/home/danielwp22/ws_moveit/install/moveit_ros_perception:/home/danielwp22/ws_moveit/install/moveit_resources_prbt_pg70_support:/home/danielwp22/ws_moveit/install/moveit_resources_prbt_moveit_config:/home/danielwp22/ws_moveit/install/moveit_ros_move_group:/home/danielwp22/ws_moveit/install/moveit_planners_ompl:/home/danielwp22/ws_moveit/install/moveit_kinematics:/home/danielwp22/ws_moveit/install/moveit_ros_planning:/home/danielwp22/ws_moveit/install/moveit_ros_occupancy_map_monitor:/home/danielwp22/ws_moveit/install/moveit_resources_prbt_support:/home/danielwp22/ws_moveit/install/moveit_resources_prbt_ikfast_manipulator_plugin:/home/danielwp22/ws_moveit/install/moveit_resources:/home/danielwp22/ws_moveit/install/moveit_resources_pr2_description:/home/danielwp22/ws_moveit/install/moveit_resources_panda_moveit_config:/home/danielwp22/ws_moveit/install/dual_arm_panda_moveit_config:/home/danielwp22/ws_moveit/install/moveit_resources_panda_description:/home/danielwp22/ws_moveit/install/moveit_resources_fanuc_moveit_config:/home/danielwp22/ws_moveit/install/moveit_resources_fanuc_description:/home/danielwp22/ws_moveit/install/moveit_planners_stomp:/home/danielwp22/ws_moveit/install/moveit_planners_chomp:/home/danielwp22/ws_moveit/install/chomp_motion_planner:/home/danielwp22/ws_moveit/install/moveit_core:/home/danielwp22/ws_moveit/install/moveit_msgs:/home/danielwp22/ws_moveit/install/moveit_common:/home/danielwp22/ws_moveit/install/kortex_driver:/home/danielwp22/ws_moveit/install/kortex_api:/home/danielwp22/ws_moveit/install:/home/danielwp22/arduinobot_ws/install/moveit_resources_prbt_support:/home/danielwp22/arduinobot_ws/install/moveit_common:/home/danielwp22/arduinobot_ws/install/arduinobot_cpp_examples:/home/danielwp22/ros2_ws/install/my_robot_bringup:/home/danielwp22/ros2_ws/install/my_final_project:/home/danielwp22/ros2_ws/install/my_cpp_pkg:/home/danielwp22/ros2_ws/install/actions_cpp:/home/danielwp22/ros2_ws/install/my_robot_interfaces:/home/danielwp22/ros2_ws/install/my_robot_description:/home/danielwp22/ros2_ws/install/my_robot_arm_description:/home/danielwp22/ros2_ws/install/lifecycle_cpp:/home/danielwp22/ros2_ws/install/components_cpp:/opt/ros/jazzy/opt/gz_sim_vendor:/opt/ros/jazzy/opt/gz_sensors_vendor:/opt/ros/jazzy/opt/gz_physics_vendor:/opt/ros/jazzy/opt/sdformat_vendor:/opt/ros/jazzy/opt/gz_gui_vendor:/opt/ros/jazzy/opt/gz_transport_vendor:/opt/ros/jazzy/opt/gz_rendering_vendor:/opt/ros/jazzy/opt/gz_plugin_vendor:/opt/ros/jazzy/opt/gz_fuel_tools_vendor:/opt/ros/jazzy/opt/gz_msgs_vendor:/opt/ros/jazzy/opt/gz_common_vendor:/opt/ros/jazzy/opt/gz_math_vendor:/opt/ros/jazzy/opt/gz_utils_vendor:/opt/ros/jazzy/opt/gz_tools_vendor:/opt/ros/jazzy/opt/gz_ogre_next_vendor:/opt/ros/jazzy/opt/gz_dartsim_vendor:/opt/ros/jazzy/opt/gz_cmake_vendor:/home/danielwp22/ws_moveit/install/moveit_configs_utils:/home/danielwp22/arduinobot_ws/install/moveit_configs_utils:/home/danielwp22/arduinobot_ws/install/arduinobot_py_examples:/home/danielwp22/ros2_ws/install/my_turtle_pkg:/home/danielwp22/ros2_ws/install/my_py_pkg:/home/danielwp22/ros2_ws/install/actions_py:/home/danielwp22/ros2_ws/install/lifecycle_py:/home/danielwp22/ros2_ws/install/executors_py:/home/danielwp22/ros2_ws/install/components_py:/opt/ros/jazzy DEBUGINFOD_URLS=https://debuginfod.ubuntu.com /usr/bin/cmake --install /home/danielwp22/arduinobot_ws/build/arduinobot_controller
[1.673s] Level 1:colcon.colcon_core.environment:create_environment_scripts_only(arduinobot_controller)
[1.673s] Level 1:colcon.colcon_core.environment:checking '/home/danielwp22/arduinobot_ws/install/arduinobot_controller' for CMake module files
[1.674s] DEBUG:colcon.colcon_core.event_handler.log_command:Invoked command in '/home/danielwp22/arduinobot_ws/build/arduinobot_controller' returned '0': CMAKE_PREFIX_PATH=/home/danielwp22/arduinobot_ws/install/arduinobot_description:/home/danielwp22/arduinobot_ws/install/arduinobot_controller:/home/danielwp22/ws_moveit/install/robotiq_hardware_tests:/home/danielwp22/ws_moveit/install/robotiq_driver:/home/danielwp22/ws_moveit/install/serial:/home/danielwp22/ws_moveit/install/moveit2_tutorials:/home/danielwp22/ws_moveit/install/moveit_visual_tools:/home/danielwp22/ws_moveit/install/rviz_visual_tools:/home/danielwp22/ws_moveit/install/moveit_task_constructor_visualization:/home/danielwp22/ws_moveit/install/moveit_task_constructor_demo:/home/danielwp22/ws_moveit/install/moveit_task_constructor_capabilities:/home/danielwp22/ws_moveit/install/moveit_task_constructor_core:/home/danielwp22/ws_moveit/install/rviz_marker_tools:/home/danielwp22/ws_moveit/install/kortex_bringup:/home/danielwp22/ws_moveit/install/kinova_gen3_lite_moveit_config:/home/danielwp22/ws_moveit/install/kinova_gen3_7dof_robotiq_2f_85_moveit_config:/home/danielwp22/ws_moveit/install/kinova_gen3_6dof_robotiq_2f_85_moveit_config:/home/danielwp22/ws_moveit/install/kortex_description:/home/danielwp22/ws_moveit/install/robotiq_description:/home/danielwp22/ws_moveit/install/robotiq_controllers:/home/danielwp22/ws_moveit/install/pilz_industrial_motion_planner_testutils:/home/danielwp22/ws_moveit/install/moveit_runtime:/home/danielwp22/ws_moveit/install/moveit:/home/danielwp22/ws_moveit/install/moveit_planners:/home/danielwp22/ws_moveit/install/pilz_industrial_motion_planner:/home/danielwp22/ws_moveit/install/moveit_task_constructor_msgs:/home/danielwp22/ws_moveit/install/moveit_ros_control_interface:/home/danielwp22/ws_moveit/install/moveit_plugins:/home/danielwp22/ws_moveit/install/moveit_simple_controller_manager:/home/danielwp22/ws_moveit/install/moveit_setup_assistant:/home/danielwp22/ws_moveit/install/moveit_setup_srdf_plugins:/home/danielwp22/ws_moveit/install/moveit_setup_core_plugins:/home/danielwp22/ws_moveit/install/moveit_setup_controllers:/home/danielwp22/ws_moveit/install/moveit_setup_app_plugins:/home/danielwp22/ws_moveit/install/moveit_setup_framework:/home/danielwp22/ws_moveit/install/moveit_servo:/home/danielwp22/ws_moveit/install/moveit_ros_trajectory_cache:/home/danielwp22/ws_moveit/install/moveit_ros:/home/danielwp22/ws_moveit/install/moveit_ros_visualization:/home/danielwp22/ws_moveit/install/moveit_py:/home/danielwp22/ws_moveit/install/moveit_hybrid_planning:/home/danielwp22/ws_moveit/install/moveit_ros_planning_interface:/home/danielwp22/ws_moveit/install/moveit_ros_benchmarks:/home/danielwp22/ws_moveit/install/moveit_ros_warehouse:/home/danielwp22/ws_moveit/install/moveit_ros_robot_interaction:/home/danielwp22/ws_moveit/install/moveit_ros_perception:/home/danielwp22/ws_moveit/install/moveit_resources_prbt_pg70_support:/home/danielwp22/ws_moveit/install/moveit_resources_prbt_moveit_config:/home/danielwp22/ws_moveit/install/moveit_ros_move_group:/home/danielwp22/ws_moveit/install/moveit_planners_ompl:/home/danielwp22/ws_moveit/install/moveit_kinematics:/home/danielwp22/ws_moveit/install/moveit_ros_planning:/home/danielwp22/ws_moveit/install/moveit_ros_occupancy_map_monitor:/home/danielwp22/ws_moveit/install/moveit_resources_prbt_support:/home/danielwp22/ws_moveit/install/moveit_resources_prbt_ikfast_manipulator_plugin:/home/danielwp22/ws_moveit/install/moveit_resources:/home/danielwp22/ws_moveit/install/moveit_resources_pr2_description:/home/danielwp22/ws_moveit/install/moveit_resources_panda_moveit_config:/home/danielwp22/ws_moveit/install/dual_arm_panda_moveit_config:/home/danielwp22/ws_moveit/install/moveit_resources_panda_description:/home/danielwp22/ws_moveit/install/moveit_resources_fanuc_moveit_config:/home/danielwp22/ws_moveit/install/moveit_resources_fanuc_description:/home/danielwp22/ws_moveit/install/moveit_planners_stomp:/home/danielwp22/ws_moveit/install/moveit_planners_chomp:/home/danielwp22/ws_moveit/install/chomp_motion_planner:/home/danielwp22/ws_moveit/install/moveit_core:/home/danielwp22/ws_moveit/install/moveit_msgs:/home/danielwp22/ws_moveit/install/moveit_common:/home/danielwp22/ws_moveit/install/kortex_driver:/home/danielwp22/ws_moveit/install/kortex_api:/home/danielwp22/ws_moveit/install:/home/danielwp22/arduinobot_ws/install/moveit_resources_prbt_support:/home/danielwp22/arduinobot_ws/install/moveit_common:/home/danielwp22/arduinobot_ws/install/arduinobot_cpp_examples:/home/danielwp22/ros2_ws/install/my_robot_bringup:/home/danielwp22/ros2_ws/install/my_final_project:/home/danielwp22/ros2_ws/install/my_cpp_pkg:/home/danielwp22/ros2_ws/install/actions_cpp:/home/danielwp22/ros2_ws/install/my_robot_interfaces:/home/danielwp22/ros2_ws/install/my_robot_description:/home/danielwp22/ros2_ws/install/my_robot_arm_description:/home/danielwp22/ros2_ws/install/lifecycle_cpp:/home/danielwp22/ros2_ws/install/components_cpp:/opt/ros/jazzy/opt/gz_sim_vendor:/opt/ros/jazzy/opt/gz_sensors_vendor:/opt/ros/jazzy/opt/gz_physics_vendor:/opt/ros/jazzy/opt/sdformat_vendor:/opt/ros/jazzy/opt/gz_gui_vendor:/opt/ros/jazzy/opt/gz_transport_vendor:/opt/ros/jazzy/opt/gz_rendering_vendor:/opt/ros/jazzy/opt/gz_plugin_vendor:/opt/ros/jazzy/opt/gz_fuel_tools_vendor:/opt/ros/jazzy/opt/gz_msgs_vendor:/opt/ros/jazzy/opt/gz_common_vendor:/opt/ros/jazzy/opt/gz_math_vendor:/opt/ros/jazzy/opt/gz_utils_vendor:/opt/ros/jazzy/opt/gz_tools_vendor:/opt/ros/jazzy/opt/gz_ogre_next_vendor:/opt/ros/jazzy/opt/gz_dartsim_vendor:/opt/ros/jazzy/opt/gz_cmake_vendor:/home/danielwp22/ws_moveit/install/moveit_configs_utils:/home/danielwp22/arduinobot_ws/install/moveit_configs_utils:/home/danielwp22/arduinobot_ws/install/arduinobot_py_examples:/home/danielwp22/ros2_ws/install/my_turtle_pkg:/home/danielwp22/ros2_ws/install/my_py_pkg:/home/danielwp22/ros2_ws/install/actions_py:/home/danielwp22/ros2_ws/install/lifecycle_py:/home/danielwp22/ros2_ws/install/executors_py:/home/danielwp22/ros2_ws/install/components_py:/opt/ros/jazzy DEBUGINFOD_URLS=https://debuginfod.ubuntu.com /usr/bin/cmake --install /home/danielwp22/arduinobot_ws/build/arduinobot_controller
[1.674s] Level 1:colcon.colcon_core.environment:checking '/home/danielwp22/arduinobot_ws/install/arduinobot_controller' for CMake config files
[1.675s] Level 1:colcon.colcon_core.shell:create_environment_hook('arduinobot_controller', 'cmake_prefix_path')
[1.675s] INFO:colcon.colcon_core.shell:Creating environment hook '/home/danielwp22/arduinobot_ws/install/arduinobot_controller/share/arduinobot_controller/hook/cmake_prefix_path.ps1'
[1.675s] INFO:colcon.colcon_core.shell:Creating environment descriptor '/home/danielwp22/arduinobot_ws/install/arduinobot_controller/share/arduinobot_controller/hook/cmake_prefix_path.dsv'
[1.676s] INFO:colcon.colcon_core.shell:Creating environment hook '/home/danielwp22/arduinobot_ws/install/arduinobot_controller/share/arduinobot_controller/hook/cmake_prefix_path.sh'
[1.676s] Level 1:colcon.colcon_core.environment:checking '/home/danielwp22/arduinobot_ws/install/arduinobot_controller/lib'
[1.677s] Level 1:colcon.colcon_core.environment:checking '/home/danielwp22/arduinobot_ws/install/arduinobot_controller/bin'
[1.677s] Level 1:colcon.colcon_core.environment:checking '/home/danielwp22/arduinobot_ws/install/arduinobot_controller/lib/pkgconfig/arduinobot_controller.pc'
[1.677s] Level 1:colcon.colcon_core.environment:checking '/home/danielwp22/arduinobot_ws/install/arduinobot_controller/lib/python3.12/site-packages'
[1.677s] Level 1:colcon.colcon_core.shell:create_environment_hook('arduinobot_controller', 'pythonpath')
[1.677s] INFO:colcon.colcon_core.shell:Creating environment hook '/home/danielwp22/arduinobot_ws/install/arduinobot_controller/share/arduinobot_controller/hook/pythonpath.ps1'
[1.678s] INFO:colcon.colcon_core.shell:Creating environment descriptor '/home/danielwp22/arduinobot_ws/install/arduinobot_controller/share/arduinobot_controller/hook/pythonpath.dsv'
[1.678s] INFO:colcon.colcon_core.shell:Creating environment hook '/home/danielwp22/arduinobot_ws/install/arduinobot_controller/share/arduinobot_controller/hook/pythonpath.sh'
[1.679s] Level 1:colcon.colcon_core.environment:checking '/home/danielwp22/arduinobot_ws/install/arduinobot_controller/bin'
[1.679s] INFO:colcon.colcon_core.shell:Creating package script '/home/danielwp22/arduinobot_ws/install/arduinobot_controller/share/arduinobot_controller/package.ps1'
[1.680s] INFO:colcon.colcon_core.shell:Creating package descriptor '/home/danielwp22/arduinobot_ws/install/arduinobot_controller/share/arduinobot_controller/package.dsv'
[1.680s] INFO:colcon.colcon_core.shell:Creating package script '/home/danielwp22/arduinobot_ws/install/arduinobot_controller/share/arduinobot_controller/package.sh'
[1.681s] INFO:colcon.colcon_core.shell:Creating package script '/home/danielwp22/arduinobot_ws/install/arduinobot_controller/share/arduinobot_controller/package.bash'
[1.681s] INFO:colcon.colcon_core.shell:Creating package script '/home/danielwp22/arduinobot_ws/install/arduinobot_controller/share/arduinobot_controller/package.zsh'
[1.681s] Level 1:colcon.colcon_core.environment:create_file_with_runtime_dependencies(/home/danielwp22/arduinobot_ws/install/arduinobot_controller/share/colcon-core/packages/arduinobot_controller)
[1.682s] Level 1:colcon.colcon_core.environment:create_environment_scripts_only(arduinobot_controller)
[1.682s] Level 1:colcon.colcon_core.environment:checking '/home/danielwp22/arduinobot_ws/install/arduinobot_controller' for CMake module files
[1.683s] Level 1:colcon.colcon_core.environment:checking '/home/danielwp22/arduinobot_ws/install/arduinobot_controller' for CMake config files
[1.683s] Level 1:colcon.colcon_core.shell:create_environment_hook('arduinobot_controller', 'cmake_prefix_path')
[1.683s] INFO:colcon.colcon_core.shell:Creating environment hook '/home/danielwp22/arduinobot_ws/install/arduinobot_controller/share/arduinobot_controller/hook/cmake_prefix_path.ps1'
[1.684s] INFO:colcon.colcon_core.shell:Creating environment descriptor '/home/danielwp22/arduinobot_ws/install/arduinobot_controller/share/arduinobot_controller/hook/cmake_prefix_path.dsv'
[1.684s] INFO:colcon.colcon_core.shell:Creating environment hook '/home/danielwp22/arduinobot_ws/install/arduinobot_controller/share/arduinobot_controller/hook/cmake_prefix_path.sh'
[1.685s] Level 1:colcon.colcon_core.environment:checking '/home/danielwp22/arduinobot_ws/install/arduinobot_controller/lib'
[1.685s] Level 1:colcon.colcon_core.environment:checking '/home/danielwp22/arduinobot_ws/install/arduinobot_controller/bin'
[1.685s] Level 1:colcon.colcon_core.environment:checking '/home/danielwp22/arduinobot_ws/install/arduinobot_controller/lib/pkgconfig/arduinobot_controller.pc'
[1.685s] Level 1:colcon.colcon_core.environment:checking '/home/danielwp22/arduinobot_ws/install/arduinobot_controller/lib/python3.12/site-packages'
[1.685s] Level 1:colcon.colcon_core.shell:create_environment_hook('arduinobot_controller', 'pythonpath')
[1.685s] INFO:colcon.colcon_core.shell:Creating environment hook '/home/danielwp22/arduinobot_ws/install/arduinobot_controller/share/arduinobot_controller/hook/pythonpath.ps1'
[1.686s] INFO:colcon.colcon_core.shell:Creating environment descriptor '/home/danielwp22/arduinobot_ws/install/arduinobot_controller/share/arduinobot_controller/hook/pythonpath.dsv'
[1.686s] INFO:colcon.colcon_core.shell:Creating environment hook '/home/danielwp22/arduinobot_ws/install/arduinobot_controller/share/arduinobot_controller/hook/pythonpath.sh'
[1.687s] Level 1:colcon.colcon_core.environment:checking '/home/danielwp22/arduinobot_ws/install/arduinobot_controller/bin'
[1.687s] INFO:colcon.colcon_core.shell:Creating package script '/home/danielwp22/arduinobot_ws/install/arduinobot_controller/share/arduinobot_controller/package.ps1'
[1.687s] INFO:colcon.colcon_core.shell:Creating package descriptor '/home/danielwp22/arduinobot_ws/install/arduinobot_controller/share/arduinobot_controller/package.dsv'
[1.688s] INFO:colcon.colcon_core.shell:Creating package script '/home/danielwp22/arduinobot_ws/install/arduinobot_controller/share/arduinobot_controller/package.sh'
[1.688s] INFO:colcon.colcon_core.shell:Creating package script '/home/danielwp22/arduinobot_ws/install/arduinobot_controller/share/arduinobot_controller/package.bash'
[1.689s] INFO:colcon.colcon_core.shell:Creating package script '/home/danielwp22/arduinobot_ws/install/arduinobot_controller/share/arduinobot_controller/package.zsh'
[1.689s] Level 1:colcon.colcon_core.environment:create_file_with_runtime_dependencies(/home/danielwp22/arduinobot_ws/install/arduinobot_controller/share/colcon-core/packages/arduinobot_controller)
[1.779s] DEBUG:colcon.colcon_core.event_handler.log_command:Invoking command in '/home/danielwp22/arduinobot_ws/src/arduinobot_py_examples': DEBUGINFOD_URLS=https://debuginfod.ubuntu.com PYTHONPATH=/home/danielwp22/arduinobot_ws/build/arduinobot_py_examples/prefix_override:/usr/lib/python3/dist-packages/colcon_core/task/python/colcon_distutils_commands:/home/danielwp22/arduinobot_ws/install/arduinobot_py_examples/lib/python3.12/site-packages:${PYTHONPATH} /usr/bin/python3 -W ignore:setup.py install is deprecated -W ignore:easy_install command is deprecated setup.py egg_info --egg-base ../../build/arduinobot_py_examples build --build-base /home/danielwp22/arduinobot_ws/build/arduinobot_py_examples/build install --record /home/danielwp22/arduinobot_ws/build/arduinobot_py_examples/install.log --single-version-externally-managed install_data
[2.707s] Level 1:colcon.colcon_core.environment:checking '/home/danielwp22/arduinobot_ws/install/arduinobot_py_examples' for CMake module files
[2.708s] DEBUG:colcon.colcon_core.event_handler.log_command:Invoked command in '/home/danielwp22/arduinobot_ws/src/arduinobot_py_examples' returned '0': DEBUGINFOD_URLS=https://debuginfod.ubuntu.com PYTHONPATH=/home/danielwp22/arduinobot_ws/build/arduinobot_py_examples/prefix_override:/usr/lib/python3/dist-packages/colcon_core/task/python/colcon_distutils_commands:/home/danielwp22/arduinobot_ws/install/arduinobot_py_examples/lib/python3.12/site-packages:${PYTHONPATH} /usr/bin/python3 -W ignore:setup.py install is deprecated -W ignore:easy_install command is deprecated setup.py egg_info --egg-base ../../build/arduinobot_py_examples build --build-base /home/danielwp22/arduinobot_ws/build/arduinobot_py_examples/build install --record /home/danielwp22/arduinobot_ws/build/arduinobot_py_examples/install.log --single-version-externally-managed install_data
[2.708s] Level 1:colcon.colcon_core.environment:checking '/home/danielwp22/arduinobot_ws/install/arduinobot_py_examples' for CMake config files
[2.709s] Level 1:colcon.colcon_core.environment:checking '/home/danielwp22/arduinobot_ws/install/arduinobot_py_examples/lib'
[2.709s] Level 1:colcon.colcon_core.environment:checking '/home/danielwp22/arduinobot_ws/install/arduinobot_py_examples/bin'
[2.709s] Level 1:colcon.colcon_core.environment:checking '/home/danielwp22/arduinobot_ws/install/arduinobot_py_examples/lib/pkgconfig/arduinobot_py_examples.pc'
[2.709s] Level 1:colcon.colcon_core.environment:checking '/home/danielwp22/arduinobot_ws/install/arduinobot_py_examples/lib/python3.12/site-packages'
[2.709s] Level 1:colcon.colcon_core.shell:create_environment_hook('arduinobot_py_examples', 'pythonpath')
[2.710s] INFO:colcon.colcon_core.shell:Creating environment hook '/home/danielwp22/arduinobot_ws/install/arduinobot_py_examples/share/arduinobot_py_examples/hook/pythonpath.ps1'
[2.710s] INFO:colcon.colcon_core.shell:Creating environment descriptor '/home/danielwp22/arduinobot_ws/install/arduinobot_py_examples/share/arduinobot_py_examples/hook/pythonpath.dsv'
[2.710s] INFO:colcon.colcon_core.shell:Creating environment hook '/home/danielwp22/arduinobot_ws/install/arduinobot_py_examples/share/arduinobot_py_examples/hook/pythonpath.sh'
[2.711s] Level 1:colcon.colcon_core.environment:checking '/home/danielwp22/arduinobot_ws/install/arduinobot_py_examples/bin'
[2.711s] Level 1:colcon.colcon_core.environment:create_environment_scripts_only(arduinobot_py_examples)
[2.711s] INFO:colcon.colcon_core.shell:Creating package script '/home/danielwp22/arduinobot_ws/install/arduinobot_py_examples/share/arduinobot_py_examples/package.ps1'
[2.712s] INFO:colcon.colcon_core.shell:Creating package descriptor '/home/danielwp22/arduinobot_ws/install/arduinobot_py_examples/share/arduinobot_py_examples/package.dsv'
[2.713s] INFO:colcon.colcon_core.shell:Creating package script '/home/danielwp22/arduinobot_ws/install/arduinobot_py_examples/share/arduinobot_py_examples/package.sh'
[2.713s] INFO:colcon.colcon_core.shell:Creating package script '/home/danielwp22/arduinobot_ws/install/arduinobot_py_examples/share/arduinobot_py_examples/package.bash'
[2.713s] INFO:colcon.colcon_core.shell:Creating package script '/home/danielwp22/arduinobot_ws/install/arduinobot_py_examples/share/arduinobot_py_examples/package.zsh'
[2.714s] Level 1:colcon.colcon_core.environment:create_file_with_runtime_dependencies(/home/danielwp22/arduinobot_ws/install/arduinobot_py_examples/share/colcon-core/packages/arduinobot_py_examples)
[2.714s] DEBUG:colcon.colcon_parallel_executor.executor.parallel:closing loop
[2.715s] DEBUG:colcon.colcon_parallel_executor.executor.parallel:loop closed
[2.715s] DEBUG:colcon.colcon_parallel_executor.executor.parallel:run_until_complete finished with '0'
[2.715s] DEBUG:colcon.colcon_core.event_reactor:joining thread
[2.723s] INFO:colcon.colcon_core.plugin_system:Skipping extension 'colcon_notification.desktop_notification.terminal_notifier': Not used on non-Darwin systems
[2.723s] INFO:colcon.colcon_core.plugin_system:Skipping extension 'colcon_notification.desktop_notification.win32': Not used on non-Windows systems
[2.724s] INFO:colcon.colcon_notification.desktop_notification:Sending desktop notification using 'notify2'
[2.741s] DEBUG:colcon.colcon_core.event_reactor:joined thread
[2.741s] INFO:colcon.colcon_core.shell:Creating prefix script '/home/danielwp22/arduinobot_ws/install/local_setup.ps1'
[2.742s] INFO:colcon.colcon_core.shell:Creating prefix util module '/home/danielwp22/arduinobot_ws/install/_local_setup_util_ps1.py'
[2.743s] INFO:colcon.colcon_core.shell:Creating prefix chain script '/home/danielwp22/arduinobot_ws/install/setup.ps1'
[2.750s] INFO:colcon.colcon_core.shell:Creating prefix script '/home/danielwp22/arduinobot_ws/install/local_setup.sh'
[2.751s] INFO:colcon.colcon_core.shell:Creating prefix util module '/home/danielwp22/arduinobot_ws/install/_local_setup_util_sh.py'
[2.751s] INFO:colcon.colcon_core.shell:Creating prefix chain script '/home/danielwp22/arduinobot_ws/install/setup.sh'
[2.758s] INFO:colcon.colcon_core.shell:Creating prefix script '/home/danielwp22/arduinobot_ws/install/local_setup.bash'
[2.758s] INFO:colcon.colcon_core.shell:Creating prefix chain script '/home/danielwp22/arduinobot_ws/install/setup.bash'
[2.765s] INFO:colcon.colcon_core.shell:Creating prefix script '/home/danielwp22/arduinobot_ws/install/local_setup.zsh'
[2.765s] INFO:colcon.colcon_core.shell:Creating prefix chain script '/home/danielwp22/arduinobot_ws/install/setup.zsh'
