[0.023s] Invoking command in '/home/danielwp22/arduinobot_ws/build/arduinobot_description': CMAKE_PREFIX_PATH=${CMAKE_PREFIX_PATH}:/home/danielwp22/arduinobot_ws/install/arduinobot_py_examples:/home/danielwp22/ws_moveit/install/moveit_configs_utils:/home/danielwp22/ros2_ws/install/my_turtle_pkg:/home/danielwp22/ros2_ws/install/my_py_pkg:/home/danielwp22/ros2_ws/install/actions_py:/home/danielwp22/ros2_ws/install/lifecycle_py:/home/danielwp22/ros2_ws/install/executors_py:/home/danielwp22/ros2_ws/install/components_py:/opt/ros/jazzy DEBUGINFOD_URLS=https://debuginfod.ubuntu.com /usr/bin/cmake /home/danielwp22/arduinobot_ws/src/arduinobot_description -DCMAKE_INSTALL_PREFIX=/home/danielwp22/arduinobot_ws/install/arduinobot_description
[0.316s] -- The C compiler identification is GNU 13.3.0
[0.402s] -- The CXX compiler identification is GNU 13.3.0
[0.431s] -- Detecting C compiler ABI info
[0.610s] -- Detecting C compiler ABI info - done
[0.625s] -- Check for working C compiler: /usr/bin/cc - skipped
[0.625s] -- Detecting C compile features
[0.625s] -- Detecting C compile features - done
[0.639s] -- Detecting CXX compiler ABI info
[0.811s] -- Detecting CXX compiler ABI info - done
[0.820s] -- Check for working CXX compiler: /usr/bin/c++ - skipped
[0.821s] -- Detecting CXX compile features
[0.822s] -- Detecting CXX compile features - done
[0.839s] -- Found ament_cmake: 2.5.4 (/opt/ros/jazzy/share/ament_cmake/cmake)
[1.195s] -- Found Python3: /usr/bin/python3 (found version "3.12.3") found components: Interpreter 
[1.538s] -- Found ament_lint_auto: 0.17.2 (/opt/ros/jazzy/share/ament_lint_auto/cmake)
[1.869s] -- Added test 'copyright' to check source files copyright and LICENSE
[1.877s] -- Added test 'flake8' to check Python code syntax and style conventions
[1.877s] -- Configured 'flake8' exclude dirs and/or files: 
[1.881s] -- Added test 'lint_cmake' to check CMake code style
[1.886s] -- Added test 'pep257' to check Python code against some of the docstring style conventions in PEP 257
[1.892s] -- Added test 'xmllint' to check XML markup files
[1.901s] -- Configuring done (1.9s)
[1.903s] -- Generating done (0.0s)
[1.905s] -- Build files have been written to: /home/danielwp22/arduinobot_ws/build/arduinobot_description
[1.911s] Invoked command in '/home/danielwp22/arduinobot_ws/build/arduinobot_description' returned '0': CMAKE_PREFIX_PATH=${CMAKE_PREFIX_PATH}:/home/danielwp22/arduinobot_ws/install/arduinobot_py_examples:/home/danielwp22/ws_moveit/install/moveit_configs_utils:/home/danielwp22/ros2_ws/install/my_turtle_pkg:/home/danielwp22/ros2_ws/install/my_py_pkg:/home/danielwp22/ros2_ws/install/actions_py:/home/danielwp22/ros2_ws/install/lifecycle_py:/home/danielwp22/ros2_ws/install/executors_py:/home/danielwp22/ros2_ws/install/components_py:/opt/ros/jazzy DEBUGINFOD_URLS=https://debuginfod.ubuntu.com /usr/bin/cmake /home/danielwp22/arduinobot_ws/src/arduinobot_description -DCMAKE_INSTALL_PREFIX=/home/danielwp22/arduinobot_ws/install/arduinobot_description
[1.913s] Invoking command in '/home/danielwp22/arduinobot_ws/build/arduinobot_description': CMAKE_PREFIX_PATH=${CMAKE_PREFIX_PATH}:/home/danielwp22/arduinobot_ws/install/arduinobot_py_examples:/home/danielwp22/ws_moveit/install/moveit_configs_utils:/home/danielwp22/ros2_ws/install/my_turtle_pkg:/home/danielwp22/ros2_ws/install/my_py_pkg:/home/danielwp22/ros2_ws/install/actions_py:/home/danielwp22/ros2_ws/install/lifecycle_py:/home/danielwp22/ros2_ws/install/executors_py:/home/danielwp22/ros2_ws/install/components_py:/opt/ros/jazzy DEBUGINFOD_URLS=https://debuginfod.ubuntu.com /usr/bin/cmake --build /home/danielwp22/arduinobot_ws/build/arduinobot_description -- -j4 -l4
[1.990s] Invoked command in '/home/danielwp22/arduinobot_ws/build/arduinobot_description' returned '0': CMAKE_PREFIX_PATH=${CMAKE_PREFIX_PATH}:/home/danielwp22/arduinobot_ws/install/arduinobot_py_examples:/home/danielwp22/ws_moveit/install/moveit_configs_utils:/home/danielwp22/ros2_ws/install/my_turtle_pkg:/home/danielwp22/ros2_ws/install/my_py_pkg:/home/danielwp22/ros2_ws/install/actions_py:/home/danielwp22/ros2_ws/install/lifecycle_py:/home/danielwp22/ros2_ws/install/executors_py:/home/danielwp22/ros2_ws/install/components_py:/opt/ros/jazzy DEBUGINFOD_URLS=https://debuginfod.ubuntu.com /usr/bin/cmake --build /home/danielwp22/arduinobot_ws/build/arduinobot_description -- -j4 -l4
[2.008s] Invoking command in '/home/danielwp22/arduinobot_ws/build/arduinobot_description': CMAKE_PREFIX_PATH=${CMAKE_PREFIX_PATH}:/home/danielwp22/arduinobot_ws/install/arduinobot_py_examples:/home/danielwp22/ws_moveit/install/moveit_configs_utils:/home/danielwp22/ros2_ws/install/my_turtle_pkg:/home/danielwp22/ros2_ws/install/my_py_pkg:/home/danielwp22/ros2_ws/install/actions_py:/home/danielwp22/ros2_ws/install/lifecycle_py:/home/danielwp22/ros2_ws/install/executors_py:/home/danielwp22/ros2_ws/install/components_py:/opt/ros/jazzy DEBUGINFOD_URLS=https://debuginfod.ubuntu.com /usr/bin/cmake --install /home/danielwp22/arduinobot_ws/build/arduinobot_description
[2.024s] -- Install configuration: ""
[2.024s] -- Installing: /home/danielwp22/arduinobot_ws/install/arduinobot_description/share/arduinobot_description/launch
[2.025s] -- Installing: /home/danielwp22/arduinobot_ws/install/arduinobot_description/share/arduinobot_description/launch/display.launch.py
[2.025s] -- Installing: /home/danielwp22/arduinobot_ws/install/arduinobot_description/share/arduinobot_description/launch/gazebo.launch.py
[2.025s] -- Installing: /home/danielwp22/arduinobot_ws/install/arduinobot_description/share/arduinobot_description/meshes
[2.025s] -- Installing: /home/danielwp22/arduinobot_ws/install/arduinobot_description/share/arduinobot_description/meshes/left_finger.STL
[2.025s] -- Installing: /home/danielwp22/arduinobot_ws/install/arduinobot_description/share/arduinobot_description/meshes/servo_plate.STL
[2.025s] -- Installing: /home/danielwp22/arduinobot_ws/install/arduinobot_description/share/arduinobot_description/meshes/right_finger.STL
[2.025s] -- Installing: /home/danielwp22/arduinobot_ws/install/arduinobot_description/share/arduinobot_description/meshes/link.STL
[2.026s] -- Installing: /home/danielwp22/arduinobot_ws/install/arduinobot_description/share/arduinobot_description/meshes/claw_support.STL
[2.027s] -- Installing: /home/danielwp22/arduinobot_ws/install/arduinobot_description/share/arduinobot_description/meshes/horizontal_arm.STL
[2.029s] -- Installing: /home/danielwp22/arduinobot_ws/install/arduinobot_description/share/arduinobot_description/meshes/triangular_link.STL
[2.030s] -- Installing: /home/danielwp22/arduinobot_ws/install/arduinobot_description/share/arduinobot_description/meshes/forward_drive_arm.STL
[2.032s] -- Installing: /home/danielwp22/arduinobot_ws/install/arduinobot_description/share/arduinobot_description/meshes/basement.STL
[2.033s] -- Installing: /home/danielwp22/arduinobot_ws/install/arduinobot_description/share/arduinobot_description/meshes/round_plate.STL
[2.033s] -- Installing: /home/danielwp22/arduinobot_ws/install/arduinobot_description/share/arduinobot_description/meshes/base_plate.STL
[2.036s] -- Installing: /home/danielwp22/arduinobot_ws/install/arduinobot_description/share/arduinobot_description/meshes/vertical_drive_arm.STL
[2.037s] -- Installing: /home/danielwp22/arduinobot_ws/install/arduinobot_description/share/arduinobot_description/meshes/plate.STL
[2.039s] -- Installing: /home/danielwp22/arduinobot_ws/install/arduinobot_description/share/arduinobot_description/urdf
[2.040s] -- Installing: /home/danielwp22/arduinobot_ws/install/arduinobot_description/share/arduinobot_description/urdf/arduinobot_ros2_control.xacro
[2.040s] -- Installing: /home/danielwp22/arduinobot_ws/install/arduinobot_description/share/arduinobot_description/urdf/arduinobot.urdf.xacro
[2.040s] -- Installing: /home/danielwp22/arduinobot_ws/install/arduinobot_description/share/arduinobot_description/urdf/arduinobot_gazebo.xacro
[2.040s] -- Installing: /home/danielwp22/arduinobot_ws/install/arduinobot_description/share/arduinobot_description/rviz
[2.040s] -- Installing: /home/danielwp22/arduinobot_ws/install/arduinobot_description/share/arduinobot_description/rviz/display.rviz
[2.040s] -- Installing: /home/danielwp22/arduinobot_ws/install/arduinobot_description/share/ament_index/resource_index/package_run_dependencies/arduinobot_description
[2.040s] -- Installing: /home/danielwp22/arduinobot_ws/install/arduinobot_description/share/ament_index/resource_index/parent_prefix_path/arduinobot_description
[2.041s] -- Installing: /home/danielwp22/arduinobot_ws/install/arduinobot_description/share/arduinobot_description/environment/ament_prefix_path.sh
[2.041s] -- Installing: /home/danielwp22/arduinobot_ws/install/arduinobot_description/share/arduinobot_description/environment/ament_prefix_path.dsv
[2.041s] -- Installing: /home/danielwp22/arduinobot_ws/install/arduinobot_description/share/arduinobot_description/environment/path.sh
[2.041s] -- Installing: /home/danielwp22/arduinobot_ws/install/arduinobot_description/share/arduinobot_description/environment/path.dsv
[2.041s] -- Installing: /home/danielwp22/arduinobot_ws/install/arduinobot_description/share/arduinobot_description/local_setup.bash
[2.041s] -- Installing: /home/danielwp22/arduinobot_ws/install/arduinobot_description/share/arduinobot_description/local_setup.sh
[2.041s] -- Installing: /home/danielwp22/arduinobot_ws/install/arduinobot_description/share/arduinobot_description/local_setup.zsh
[2.042s] -- Installing: /home/danielwp22/arduinobot_ws/install/arduinobot_description/share/arduinobot_description/local_setup.dsv
[2.042s] -- Installing: /home/danielwp22/arduinobot_ws/install/arduinobot_description/share/arduinobot_description/package.dsv
[2.042s] -- Installing: /home/danielwp22/arduinobot_ws/install/arduinobot_description/share/ament_index/resource_index/packages/arduinobot_description
[2.042s] -- Installing: /home/danielwp22/arduinobot_ws/install/arduinobot_description/share/arduinobot_description/cmake/arduinobot_descriptionConfig.cmake
[2.042s] -- Installing: /home/danielwp22/arduinobot_ws/install/arduinobot_description/share/arduinobot_description/cmake/arduinobot_descriptionConfig-version.cmake
[2.042s] -- Installing: /home/danielwp22/arduinobot_ws/install/arduinobot_description/share/arduinobot_description/package.xml
[2.044s] Invoked command in '/home/danielwp22/arduinobot_ws/build/arduinobot_description' returned '0': CMAKE_PREFIX_PATH=${CMAKE_PREFIX_PATH}:/home/danielwp22/arduinobot_ws/install/arduinobot_py_examples:/home/danielwp22/ws_moveit/install/moveit_configs_utils:/home/danielwp22/ros2_ws/install/my_turtle_pkg:/home/danielwp22/ros2_ws/install/my_py_pkg:/home/danielwp22/ros2_ws/install/actions_py:/home/danielwp22/ros2_ws/install/lifecycle_py:/home/danielwp22/ros2_ws/install/executors_py:/home/danielwp22/ros2_ws/install/components_py:/opt/ros/jazzy DEBUGINFOD_URLS=https://debuginfod.ubuntu.com /usr/bin/cmake --install /home/danielwp22/arduinobot_ws/build/arduinobot_description
