[1.775s] Invoking command in '/home/danielwp22/arduinobot_ws/build/arduinobot_utils': AMENT_PREFIX_PATH=/home/danielwp22/arduinobot_ws/install/arduinobot_msgs:${AMENT_PREFIX_PATH} CMAKE_PREFIX_PATH=/home/danielwp22/arduinobot_ws/install/arduinobot_msgs:/home/danielwp22/ros2_ws/install/my_robot_bringup:/home/danielwp22/ros2_ws/install/my_final_project:/home/danielwp22/ros2_ws/install/my_cpp_pkg:/home/danielwp22/ros2_ws/install/actions_cpp:/home/danielwp22/ros2_ws/install/my_robot_interfaces:/home/danielwp22/ros2_ws/install/my_robot_description:/home/danielwp22/ros2_ws/install/my_robot_arm_description:/home/danielwp22/ros2_ws/install/lifecycle_cpp:/home/danielwp22/ros2_ws/install/components_cpp:/opt/ros/jazzy/opt/gz_sim_vendor:/opt/ros/jazzy/opt/gz_sensors_vendor:/opt/ros/jazzy/opt/gz_physics_vendor:/opt/ros/jazzy/opt/sdformat_vendor:/opt/ros/jazzy/opt/gz_gui_vendor:/opt/ros/jazzy/opt/gz_transport_vendor:/opt/ros/jazzy/opt/gz_rendering_vendor:/opt/ros/jazzy/opt/gz_plugin_vendor:/opt/ros/jazzy/opt/gz_fuel_tools_vendor:/opt/ros/jazzy/opt/gz_msgs_vendor:/opt/ros/jazzy/opt/gz_common_vendor:/opt/ros/jazzy/opt/gz_math_vendor:/opt/ros/jazzy/opt/gz_utils_vendor:/opt/ros/jazzy/opt/gz_tools_vendor:/opt/ros/jazzy/opt/gz_ogre_next_vendor:/opt/ros/jazzy/opt/gz_dartsim_vendor:/opt/ros/jazzy/opt/gz_cmake_vendor:/home/danielwp22/ros2_ws/install/my_turtle_pkg:/home/danielwp22/ros2_ws/install/my_py_pkg:/home/danielwp22/ros2_ws/install/actions_py:/home/danielwp22/ros2_ws/install/lifecycle_py:/home/danielwp22/ros2_ws/install/executors_py:/home/danielwp22/ros2_ws/install/components_py:/opt/ros/jazzy CONDA_PROMPT_MODIFIER=(base) DEBUGINFOD_URLS=https://debuginfod.ubuntu.com LD_LIBRARY_PATH=/home/danielwp22/arduinobot_ws/install/arduinobot_msgs/lib:${LD_LIBRARY_PATH} PYTHONPATH=/home/danielwp22/arduinobot_ws/install/arduinobot_msgs/lib/python3.12/site-packages:${PYTHONPATH} /usr/bin/cmake --build /home/danielwp22/arduinobot_ws/build/arduinobot_utils -- -j4 -l4
[3.791s] [100%] Built target angle_conversion
[4.337s] [100%] Built target ament_cmake_python_copy_arduinobot_utils
[5.101s] running egg_info
[5.151s] writing arduinobot_utils.egg-info/PKG-INFO
[5.227s] writing dependency_links to arduinobot_utils.egg-info/dependency_links.txt
[5.227s] writing top-level names to arduinobot_utils.egg-info/top_level.txt
[5.386s] reading manifest file 'arduinobot_utils.egg-info/SOURCES.txt'
[5.457s] writing manifest file 'arduinobot_utils.egg-info/SOURCES.txt'
[5.586s] [100%] Built target ament_cmake_python_build_arduinobot_utils_egg
[5.604s] Invoked command in '/home/danielwp22/arduinobot_ws/build/arduinobot_utils' returned '0': AMENT_PREFIX_PATH=/home/danielwp22/arduinobot_ws/install/arduinobot_msgs:${AMENT_PREFIX_PATH} CMAKE_PREFIX_PATH=/home/danielwp22/arduinobot_ws/install/arduinobot_msgs:/home/danielwp22/ros2_ws/install/my_robot_bringup:/home/danielwp22/ros2_ws/install/my_final_project:/home/danielwp22/ros2_ws/install/my_cpp_pkg:/home/danielwp22/ros2_ws/install/actions_cpp:/home/danielwp22/ros2_ws/install/my_robot_interfaces:/home/danielwp22/ros2_ws/install/my_robot_description:/home/danielwp22/ros2_ws/install/my_robot_arm_description:/home/danielwp22/ros2_ws/install/lifecycle_cpp:/home/danielwp22/ros2_ws/install/components_cpp:/opt/ros/jazzy/opt/gz_sim_vendor:/opt/ros/jazzy/opt/gz_sensors_vendor:/opt/ros/jazzy/opt/gz_physics_vendor:/opt/ros/jazzy/opt/sdformat_vendor:/opt/ros/jazzy/opt/gz_gui_vendor:/opt/ros/jazzy/opt/gz_transport_vendor:/opt/ros/jazzy/opt/gz_rendering_vendor:/opt/ros/jazzy/opt/gz_plugin_vendor:/opt/ros/jazzy/opt/gz_fuel_tools_vendor:/opt/ros/jazzy/opt/gz_msgs_vendor:/opt/ros/jazzy/opt/gz_common_vendor:/opt/ros/jazzy/opt/gz_math_vendor:/opt/ros/jazzy/opt/gz_utils_vendor:/opt/ros/jazzy/opt/gz_tools_vendor:/opt/ros/jazzy/opt/gz_ogre_next_vendor:/opt/ros/jazzy/opt/gz_dartsim_vendor:/opt/ros/jazzy/opt/gz_cmake_vendor:/home/danielwp22/ros2_ws/install/my_turtle_pkg:/home/danielwp22/ros2_ws/install/my_py_pkg:/home/danielwp22/ros2_ws/install/actions_py:/home/danielwp22/ros2_ws/install/lifecycle_py:/home/danielwp22/ros2_ws/install/executors_py:/home/danielwp22/ros2_ws/install/components_py:/opt/ros/jazzy CONDA_PROMPT_MODIFIER=(base) DEBUGINFOD_URLS=https://debuginfod.ubuntu.com LD_LIBRARY_PATH=/home/danielwp22/arduinobot_ws/install/arduinobot_msgs/lib:${LD_LIBRARY_PATH} PYTHONPATH=/home/danielwp22/arduinobot_ws/install/arduinobot_msgs/lib/python3.12/site-packages:${PYTHONPATH} /usr/bin/cmake --build /home/danielwp22/arduinobot_ws/build/arduinobot_utils -- -j4 -l4
[5.687s] Invoking command in '/home/danielwp22/arduinobot_ws/build/arduinobot_utils': AMENT_PREFIX_PATH=/home/danielwp22/arduinobot_ws/install/arduinobot_msgs:${AMENT_PREFIX_PATH} CMAKE_PREFIX_PATH=/home/danielwp22/arduinobot_ws/install/arduinobot_msgs:/home/danielwp22/ros2_ws/install/my_robot_bringup:/home/danielwp22/ros2_ws/install/my_final_project:/home/danielwp22/ros2_ws/install/my_cpp_pkg:/home/danielwp22/ros2_ws/install/actions_cpp:/home/danielwp22/ros2_ws/install/my_robot_interfaces:/home/danielwp22/ros2_ws/install/my_robot_description:/home/danielwp22/ros2_ws/install/my_robot_arm_description:/home/danielwp22/ros2_ws/install/lifecycle_cpp:/home/danielwp22/ros2_ws/install/components_cpp:/opt/ros/jazzy/opt/gz_sim_vendor:/opt/ros/jazzy/opt/gz_sensors_vendor:/opt/ros/jazzy/opt/gz_physics_vendor:/opt/ros/jazzy/opt/sdformat_vendor:/opt/ros/jazzy/opt/gz_gui_vendor:/opt/ros/jazzy/opt/gz_transport_vendor:/opt/ros/jazzy/opt/gz_rendering_vendor:/opt/ros/jazzy/opt/gz_plugin_vendor:/opt/ros/jazzy/opt/gz_fuel_tools_vendor:/opt/ros/jazzy/opt/gz_msgs_vendor:/opt/ros/jazzy/opt/gz_common_vendor:/opt/ros/jazzy/opt/gz_math_vendor:/opt/ros/jazzy/opt/gz_utils_vendor:/opt/ros/jazzy/opt/gz_tools_vendor:/opt/ros/jazzy/opt/gz_ogre_next_vendor:/opt/ros/jazzy/opt/gz_dartsim_vendor:/opt/ros/jazzy/opt/gz_cmake_vendor:/home/danielwp22/ros2_ws/install/my_turtle_pkg:/home/danielwp22/ros2_ws/install/my_py_pkg:/home/danielwp22/ros2_ws/install/actions_py:/home/danielwp22/ros2_ws/install/lifecycle_py:/home/danielwp22/ros2_ws/install/executors_py:/home/danielwp22/ros2_ws/install/components_py:/opt/ros/jazzy CONDA_PROMPT_MODIFIER=(base) DEBUGINFOD_URLS=https://debuginfod.ubuntu.com LD_LIBRARY_PATH=/home/danielwp22/arduinobot_ws/install/arduinobot_msgs/lib:${LD_LIBRARY_PATH} PYTHONPATH=/home/danielwp22/arduinobot_ws/install/arduinobot_msgs/lib/python3.12/site-packages:${PYTHONPATH} /usr/bin/cmake --install /home/danielwp22/arduinobot_ws/build/arduinobot_utils
[5.744s] -- Install configuration: ""
[5.745s] -- Up-to-date: /home/danielwp22/arduinobot_ws/install/arduinobot_utils/share/arduinobot_utils/environment/pythonpath.sh
[5.745s] -- Up-to-date: /home/danielwp22/arduinobot_ws/install/arduinobot_utils/share/arduinobot_utils/environment/pythonpath.dsv
[5.745s] -- Up-to-date: /home/danielwp22/arduinobot_ws/install/arduinobot_utils/lib/python3.12/site-packages/arduinobot_utils-0.0.0-py3.12.egg-info
[5.745s] -- Installing: /home/danielwp22/arduinobot_ws/install/arduinobot_utils/lib/python3.12/site-packages/arduinobot_utils-0.0.0-py3.12.egg-info/PKG-INFO
[5.745s] -- Installing: /home/danielwp22/arduinobot_ws/install/arduinobot_utils/lib/python3.12/site-packages/arduinobot_utils-0.0.0-py3.12.egg-info/SOURCES.txt
[5.745s] -- Installing: /home/danielwp22/arduinobot_ws/install/arduinobot_utils/lib/python3.12/site-packages/arduinobot_utils-0.0.0-py3.12.egg-info/top_level.txt
[5.745s] -- Installing: /home/danielwp22/arduinobot_ws/install/arduinobot_utils/lib/python3.12/site-packages/arduinobot_utils-0.0.0-py3.12.egg-info/dependency_links.txt
[5.745s] -- Up-to-date: /home/danielwp22/arduinobot_ws/install/arduinobot_utils/lib/python3.12/site-packages/arduinobot_utils
[5.745s] -- Up-to-date: /home/danielwp22/arduinobot_ws/install/arduinobot_utils/lib/python3.12/site-packages/arduinobot_utils/__init__.py
[5.745s] -- Up-to-date: /home/danielwp22/arduinobot_ws/install/arduinobot_utils/lib/python3.12/site-packages/arduinobot_utils/angle_conversion.py
[5.996s] Listing '/home/danielwp22/arduinobot_ws/install/arduinobot_utils/lib/python3.12/site-packages/arduinobot_utils'...
[6.415s] -- Up-to-date: /home/danielwp22/arduinobot_ws/install/arduinobot_utils/lib/arduinobot_utils/angle_conversion
[6.415s] -- Up-to-date: /home/danielwp22/arduinobot_ws/install/arduinobot_utils/lib/arduinobot_utils/angle_conversion.py
[6.416s] -- Up-to-date: /home/danielwp22/arduinobot_ws/install/arduinobot_utils/share/ament_index/resource_index/package_run_dependencies/arduinobot_utils
[6.416s] -- Up-to-date: /home/danielwp22/arduinobot_ws/install/arduinobot_utils/share/ament_index/resource_index/parent_prefix_path/arduinobot_utils
[6.416s] -- Up-to-date: /home/danielwp22/arduinobot_ws/install/arduinobot_utils/share/arduinobot_utils/environment/ament_prefix_path.sh
[6.417s] -- Up-to-date: /home/danielwp22/arduinobot_ws/install/arduinobot_utils/share/arduinobot_utils/environment/ament_prefix_path.dsv
[6.417s] -- Up-to-date: /home/danielwp22/arduinobot_ws/install/arduinobot_utils/share/arduinobot_utils/environment/path.sh
[6.417s] -- Up-to-date: /home/danielwp22/arduinobot_ws/install/arduinobot_utils/share/arduinobot_utils/environment/path.dsv
[6.417s] -- Up-to-date: /home/danielwp22/arduinobot_ws/install/arduinobot_utils/share/arduinobot_utils/local_setup.bash
[6.417s] -- Up-to-date: /home/danielwp22/arduinobot_ws/install/arduinobot_utils/share/arduinobot_utils/local_setup.sh
[6.418s] -- Up-to-date: /home/danielwp22/arduinobot_ws/install/arduinobot_utils/share/arduinobot_utils/local_setup.zsh
[6.418s] -- Up-to-date: /home/danielwp22/arduinobot_ws/install/arduinobot_utils/share/arduinobot_utils/local_setup.dsv
[6.418s] -- Installing: /home/danielwp22/arduinobot_ws/install/arduinobot_utils/share/arduinobot_utils/package.dsv
[6.441s] -- Up-to-date: /home/danielwp22/arduinobot_ws/install/arduinobot_utils/share/ament_index/resource_index/packages/arduinobot_utils
[6.442s] -- Up-to-date: /home/danielwp22/arduinobot_ws/install/arduinobot_utils/share/arduinobot_utils/cmake/arduinobot_utilsConfig.cmake
[6.442s] -- Up-to-date: /home/danielwp22/arduinobot_ws/install/arduinobot_utils/share/arduinobot_utils/cmake/arduinobot_utilsConfig-version.cmake
[6.442s] -- Up-to-date: /home/danielwp22/arduinobot_ws/install/arduinobot_utils/share/arduinobot_utils/package.xml
[6.447s] Invoked command in '/home/danielwp22/arduinobot_ws/build/arduinobot_utils' returned '0': AMENT_PREFIX_PATH=/home/danielwp22/arduinobot_ws/install/arduinobot_msgs:${AMENT_PREFIX_PATH} CMAKE_PREFIX_PATH=/home/danielwp22/arduinobot_ws/install/arduinobot_msgs:/home/danielwp22/ros2_ws/install/my_robot_bringup:/home/danielwp22/ros2_ws/install/my_final_project:/home/danielwp22/ros2_ws/install/my_cpp_pkg:/home/danielwp22/ros2_ws/install/actions_cpp:/home/danielwp22/ros2_ws/install/my_robot_interfaces:/home/danielwp22/ros2_ws/install/my_robot_description:/home/danielwp22/ros2_ws/install/my_robot_arm_description:/home/danielwp22/ros2_ws/install/lifecycle_cpp:/home/danielwp22/ros2_ws/install/components_cpp:/opt/ros/jazzy/opt/gz_sim_vendor:/opt/ros/jazzy/opt/gz_sensors_vendor:/opt/ros/jazzy/opt/gz_physics_vendor:/opt/ros/jazzy/opt/sdformat_vendor:/opt/ros/jazzy/opt/gz_gui_vendor:/opt/ros/jazzy/opt/gz_transport_vendor:/opt/ros/jazzy/opt/gz_rendering_vendor:/opt/ros/jazzy/opt/gz_plugin_vendor:/opt/ros/jazzy/opt/gz_fuel_tools_vendor:/opt/ros/jazzy/opt/gz_msgs_vendor:/opt/ros/jazzy/opt/gz_common_vendor:/opt/ros/jazzy/opt/gz_math_vendor:/opt/ros/jazzy/opt/gz_utils_vendor:/opt/ros/jazzy/opt/gz_tools_vendor:/opt/ros/jazzy/opt/gz_ogre_next_vendor:/opt/ros/jazzy/opt/gz_dartsim_vendor:/opt/ros/jazzy/opt/gz_cmake_vendor:/home/danielwp22/ros2_ws/install/my_turtle_pkg:/home/danielwp22/ros2_ws/install/my_py_pkg:/home/danielwp22/ros2_ws/install/actions_py:/home/danielwp22/ros2_ws/install/lifecycle_py:/home/danielwp22/ros2_ws/install/executors_py:/home/danielwp22/ros2_ws/install/components_py:/opt/ros/jazzy CONDA_PROMPT_MODIFIER=(base) DEBUGINFOD_URLS=https://debuginfod.ubuntu.com LD_LIBRARY_PATH=/home/danielwp22/arduinobot_ws/install/arduinobot_msgs/lib:${LD_LIBRARY_PATH} PYTHONPATH=/home/danielwp22/arduinobot_ws/install/arduinobot_msgs/lib/python3.12/site-packages:${PYTHONPATH} /usr/bin/cmake --install /home/danielwp22/arduinobot_ws/build/arduinobot_utils
