[0.975s] Invoking command in '/home/danielwp22/arduinobot_ws/build/arduinobot_msgs': CMAKE_PREFIX_PATH=${CMAKE_PREFIX_PATH}:/home/danielwp22/ros2_ws/install/my_turtle_pkg:/home/danielwp22/ros2_ws/install/my_py_pkg:/home/danielwp22/ros2_ws/install/actions_py:/home/danielwp22/ros2_ws/install/lifecycle_py:/home/danielwp22/ros2_ws/install/executors_py:/home/danielwp22/ros2_ws/install/components_py:/opt/ros/jazzy CONDA_PROMPT_MODIFIER=(base) DEBUGINFOD_URLS=https://debuginfod.ubuntu.com /usr/bin/cmake --build /home/danielwp22/arduinobot_ws/build/arduinobot_msgs -- -j4 -l4
[5.921s] [  1%] Built target arduinobot_msgs__rosidl_generator_type_description
[10.256s] [  1%] Built target ament_cmake_python_copy_arduinobot_msgs
[11.415s] [ 24%] Built target arduinobot_msgs__rosidl_generator_c
[12.151s] running egg_info
[12.197s] writing arduinobot_msgs.egg-info/PKG-INFO
[12.288s] writing dependency_links to arduinobot_msgs.egg-info/dependency_links.txt
[12.288s] writing top-level names to arduinobot_msgs.egg-info/top_level.txt
[12.433s] reading manifest file 'arduinobot_msgs.egg-info/SOURCES.txt'
[12.434s] writing manifest file 'arduinobot_msgs.egg-info/SOURCES.txt'
[12.615s] [ 24%] Built target ament_cmake_python_build_arduinobot_msgs_egg
[13.667s] [ 33%] Built target arduinobot_msgs__rosidl_typesupport_introspection_c
[14.366s] [ 43%] Built target arduinobot_msgs__rosidl_typesupport_c
[15.036s] [ 52%] Built target arduinobot_msgs__rosidl_typesupport_fastrtps_c
[15.788s] [ 54%] Built target arduinobot_msgs__cpp
[16.094s] [ 63%] Built target arduinobot_msgs__rosidl_typesupport_cpp
[16.881s] [ 72%] Built target arduinobot_msgs__rosidl_typesupport_introspection_cpp
[17.464s] [ 82%] Built target arduinobot_msgs__rosidl_typesupport_fastrtps_cpp
[17.505s] [ 82%] Built target arduinobot_msgs
[17.707s] [ 83%] Built target arduinobot_msgs__py
[17.900s] [ 91%] Built target arduinobot_msgs__rosidl_generator_py
[18.364s] [ 94%] Built target arduinobot_msgs_s__rosidl_typesupport_fastrtps_c
[18.455s] [ 97%] Built target arduinobot_msgs_s__rosidl_typesupport_c
[19.036s] [100%] Built target arduinobot_msgs_s__rosidl_typesupport_introspection_c
[19.073s] Invoked command in '/home/danielwp22/arduinobot_ws/build/arduinobot_msgs' returned '0': CMAKE_PREFIX_PATH=${CMAKE_PREFIX_PATH}:/home/danielwp22/ros2_ws/install/my_turtle_pkg:/home/danielwp22/ros2_ws/install/my_py_pkg:/home/danielwp22/ros2_ws/install/actions_py:/home/danielwp22/ros2_ws/install/lifecycle_py:/home/danielwp22/ros2_ws/install/executors_py:/home/danielwp22/ros2_ws/install/components_py:/opt/ros/jazzy CONDA_PROMPT_MODIFIER=(base) DEBUGINFOD_URLS=https://debuginfod.ubuntu.com /usr/bin/cmake --build /home/danielwp22/arduinobot_ws/build/arduinobot_msgs -- -j4 -l4
[19.228s] Invoking command in '/home/danielwp22/arduinobot_ws/build/arduinobot_msgs': CMAKE_PREFIX_PATH=${CMAKE_PREFIX_PATH}:/home/danielwp22/ros2_ws/install/my_turtle_pkg:/home/danielwp22/ros2_ws/install/my_py_pkg:/home/danielwp22/ros2_ws/install/actions_py:/home/danielwp22/ros2_ws/install/lifecycle_py:/home/danielwp22/ros2_ws/install/executors_py:/home/danielwp22/ros2_ws/install/components_py:/opt/ros/jazzy CONDA_PROMPT_MODIFIER=(base) DEBUGINFOD_URLS=https://debuginfod.ubuntu.com /usr/bin/cmake --install /home/danielwp22/arduinobot_ws/build/arduinobot_msgs
[19.280s] -- Install configuration: ""
[19.280s] -- Up-to-date: /home/danielwp22/arduinobot_ws/install/arduinobot_msgs/share/ament_index/resource_index/rosidl_interfaces/arduinobot_msgs
[19.281s] -- Up-to-date: /home/danielwp22/arduinobot_ws/install/arduinobot_msgs/share/arduinobot_msgs/srv/AddTwoInts.json
[19.283s] -- Up-to-date: /home/danielwp22/arduinobot_ws/install/arduinobot_msgs/share/arduinobot_msgs/srv/EulerToQuaternion.json
[19.283s] -- Up-to-date: /home/danielwp22/arduinobot_ws/install/arduinobot_msgs/share/arduinobot_msgs/srv/QuaternionToEuler.json
[19.284s] -- Up-to-date: /home/danielwp22/arduinobot_ws/install/arduinobot_msgs/share/arduinobot_msgs/action/Fibonacci.json
[19.284s] -- Up-to-date: /home/danielwp22/arduinobot_ws/install/arduinobot_msgs/share/arduinobot_msgs/action/ArduinobotTask.json
[19.285s] -- Up-to-date: /home/danielwp22/arduinobot_ws/install/arduinobot_msgs/include/arduinobot_msgs/arduinobot_msgs
[19.285s] -- Up-to-date: /home/danielwp22/arduinobot_ws/install/arduinobot_msgs/include/arduinobot_msgs/arduinobot_msgs/action
[19.285s] -- Up-to-date: /home/danielwp22/arduinobot_ws/install/arduinobot_msgs/include/arduinobot_msgs/arduinobot_msgs/action/arduinobot_task.h
[19.286s] -- Up-to-date: /home/danielwp22/arduinobot_ws/install/arduinobot_msgs/include/arduinobot_msgs/arduinobot_msgs/action/fibonacci.h
[19.286s] -- Up-to-date: /home/danielwp22/arduinobot_ws/install/arduinobot_msgs/include/arduinobot_msgs/arduinobot_msgs/action/detail
[19.287s] -- Up-to-date: /home/danielwp22/arduinobot_ws/install/arduinobot_msgs/include/arduinobot_msgs/arduinobot_msgs/action/detail/fibonacci__description.c
[19.287s] -- Up-to-date: /home/danielwp22/arduinobot_ws/install/arduinobot_msgs/include/arduinobot_msgs/arduinobot_msgs/action/detail/fibonacci__functions.c
[19.287s] -- Up-to-date: /home/danielwp22/arduinobot_ws/install/arduinobot_msgs/include/arduinobot_msgs/arduinobot_msgs/action/detail/fibonacci__type_support.h
[19.288s] -- Installing: /home/danielwp22/arduinobot_ws/install/arduinobot_msgs/include/arduinobot_msgs/arduinobot_msgs/action/detail/fibonacci__type_support.c
[19.375s] -- Up-to-date: /home/danielwp22/arduinobot_ws/install/arduinobot_msgs/include/arduinobot_msgs/arduinobot_msgs/action/detail/fibonacci__functions.h
[19.375s] -- Installing: /home/danielwp22/arduinobot_ws/install/arduinobot_msgs/include/arduinobot_msgs/arduinobot_msgs/action/detail/arduinobot_task__type_support.c
[19.468s] -- Up-to-date: /home/danielwp22/arduinobot_ws/install/arduinobot_msgs/include/arduinobot_msgs/arduinobot_msgs/action/detail/fibonacci__struct.h
[19.469s] -- Up-to-date: /home/danielwp22/arduinobot_ws/install/arduinobot_msgs/include/arduinobot_msgs/arduinobot_msgs/action/detail/arduinobot_task__type_support.h
[19.469s] -- Up-to-date: /home/danielwp22/arduinobot_ws/install/arduinobot_msgs/include/arduinobot_msgs/arduinobot_msgs/action/detail/arduinobot_task__functions.h
[19.470s] -- Up-to-date: /home/danielwp22/arduinobot_ws/install/arduinobot_msgs/include/arduinobot_msgs/arduinobot_msgs/action/detail/arduinobot_task__description.c
[19.470s] -- Up-to-date: /home/danielwp22/arduinobot_ws/install/arduinobot_msgs/include/arduinobot_msgs/arduinobot_msgs/action/detail/arduinobot_task__functions.c
[19.470s] -- Up-to-date: /home/danielwp22/arduinobot_ws/install/arduinobot_msgs/include/arduinobot_msgs/arduinobot_msgs/action/detail/arduinobot_task__struct.h
[19.470s] -- Up-to-date: /home/danielwp22/arduinobot_ws/install/arduinobot_msgs/include/arduinobot_msgs/arduinobot_msgs/srv
[19.470s] -- Up-to-date: /home/danielwp22/arduinobot_ws/install/arduinobot_msgs/include/arduinobot_msgs/arduinobot_msgs/srv/euler_to_quaternion.h
[19.470s] -- Up-to-date: /home/danielwp22/arduinobot_ws/install/arduinobot_msgs/include/arduinobot_msgs/arduinobot_msgs/srv/add_two_ints.h
[19.470s] -- Up-to-date: /home/danielwp22/arduinobot_ws/install/arduinobot_msgs/include/arduinobot_msgs/arduinobot_msgs/srv/quaternion_to_euler.h
[19.470s] -- Up-to-date: /home/danielwp22/arduinobot_ws/install/arduinobot_msgs/include/arduinobot_msgs/arduinobot_msgs/srv/detail
[19.471s] -- Installing: /home/danielwp22/arduinobot_ws/install/arduinobot_msgs/include/arduinobot_msgs/arduinobot_msgs/srv/detail/euler_to_quaternion__type_support.c
[19.554s] -- Up-to-date: /home/danielwp22/arduinobot_ws/install/arduinobot_msgs/include/arduinobot_msgs/arduinobot_msgs/srv/detail/add_two_ints__functions.c
[19.554s] -- Up-to-date: /home/danielwp22/arduinobot_ws/install/arduinobot_msgs/include/arduinobot_msgs/arduinobot_msgs/srv/detail/quaternion_to_euler__functions.c
[19.554s] -- Installing: /home/danielwp22/arduinobot_ws/install/arduinobot_msgs/include/arduinobot_msgs/arduinobot_msgs/srv/detail/add_two_ints__type_support.c
[19.682s] -- Up-to-date: /home/danielwp22/arduinobot_ws/install/arduinobot_msgs/include/arduinobot_msgs/arduinobot_msgs/srv/detail/quaternion_to_euler__struct.h
[19.682s] -- Up-to-date: /home/danielwp22/arduinobot_ws/install/arduinobot_msgs/include/arduinobot_msgs/arduinobot_msgs/srv/detail/euler_to_quaternion__struct.h
[19.682s] -- Up-to-date: /home/danielwp22/arduinobot_ws/install/arduinobot_msgs/include/arduinobot_msgs/arduinobot_msgs/srv/detail/add_two_ints__description.c
[19.682s] -- Up-to-date: /home/danielwp22/arduinobot_ws/install/arduinobot_msgs/include/arduinobot_msgs/arduinobot_msgs/srv/detail/add_two_ints__functions.h
[19.683s] -- Up-to-date: /home/danielwp22/arduinobot_ws/install/arduinobot_msgs/include/arduinobot_msgs/arduinobot_msgs/srv/detail/quaternion_to_euler__functions.h
[19.683s] -- Up-to-date: /home/danielwp22/arduinobot_ws/install/arduinobot_msgs/include/arduinobot_msgs/arduinobot_msgs/srv/detail/euler_to_quaternion__functions.h
[19.683s] -- Up-to-date: /home/danielwp22/arduinobot_ws/install/arduinobot_msgs/include/arduinobot_msgs/arduinobot_msgs/srv/detail/add_two_ints__struct.h
[19.683s] -- Up-to-date: /home/danielwp22/arduinobot_ws/install/arduinobot_msgs/include/arduinobot_msgs/arduinobot_msgs/srv/detail/euler_to_quaternion__functions.c
[19.683s] -- Up-to-date: /home/danielwp22/arduinobot_ws/install/arduinobot_msgs/include/arduinobot_msgs/arduinobot_msgs/srv/detail/euler_to_quaternion__type_support.h
[19.683s] -- Up-to-date: /home/danielwp22/arduinobot_ws/install/arduinobot_msgs/include/arduinobot_msgs/arduinobot_msgs/srv/detail/quaternion_to_euler__description.c
[19.683s] -- Up-to-date: /home/danielwp22/arduinobot_ws/install/arduinobot_msgs/include/arduinobot_msgs/arduinobot_msgs/srv/detail/quaternion_to_euler__type_support.h
[19.683s] -- Up-to-date: /home/danielwp22/arduinobot_ws/install/arduinobot_msgs/include/arduinobot_msgs/arduinobot_msgs/srv/detail/euler_to_quaternion__description.c
[19.683s] -- Installing: /home/danielwp22/arduinobot_ws/install/arduinobot_msgs/include/arduinobot_msgs/arduinobot_msgs/srv/detail/quaternion_to_euler__type_support.c
[19.685s] -- Up-to-date: /home/danielwp22/arduinobot_ws/install/arduinobot_msgs/include/arduinobot_msgs/arduinobot_msgs/srv/detail/add_two_ints__type_support.h
[19.685s] -- Up-to-date: /home/danielwp22/arduinobot_ws/install/arduinobot_msgs/include/arduinobot_msgs/arduinobot_msgs/msg
[19.685s] -- Up-to-date: /home/danielwp22/arduinobot_ws/install/arduinobot_msgs/include/arduinobot_msgs/arduinobot_msgs/msg/rosidl_generator_c__visibility_control.h
[19.685s] -- Up-to-date: /home/danielwp22/arduinobot_ws/install/arduinobot_msgs/share/arduinobot_msgs/environment/library_path.sh
[19.686s] -- Up-to-date: /home/danielwp22/arduinobot_ws/install/arduinobot_msgs/share/arduinobot_msgs/environment/library_path.dsv
[20.153s] -- Up-to-date: /home/danielwp22/arduinobot_ws/install/arduinobot_msgs/lib/libarduinobot_msgs__rosidl_generator_c.so
[20.155s] -- Up-to-date: /home/danielwp22/arduinobot_ws/install/arduinobot_msgs/include/arduinobot_msgs/arduinobot_msgs
[20.155s] -- Up-to-date: /home/danielwp22/arduinobot_ws/install/arduinobot_msgs/include/arduinobot_msgs/arduinobot_msgs/action
[20.155s] -- Up-to-date: /home/danielwp22/arduinobot_ws/install/arduinobot_msgs/include/arduinobot_msgs/arduinobot_msgs/action/detail
[20.155s] -- Up-to-date: /home/danielwp22/arduinobot_ws/install/arduinobot_msgs/include/arduinobot_msgs/arduinobot_msgs/action/detail/arduinobot_task__rosidl_typesupport_fastrtps_c.h
[20.156s] -- Up-to-date: /home/danielwp22/arduinobot_ws/install/arduinobot_msgs/include/arduinobot_msgs/arduinobot_msgs/action/detail/fibonacci__rosidl_typesupport_fastrtps_c.h
[20.156s] -- Up-to-date: /home/danielwp22/arduinobot_ws/install/arduinobot_msgs/include/arduinobot_msgs/arduinobot_msgs/srv
[20.156s] -- Up-to-date: /home/danielwp22/arduinobot_ws/install/arduinobot_msgs/include/arduinobot_msgs/arduinobot_msgs/srv/detail
[20.156s] -- Up-to-date: /home/danielwp22/arduinobot_ws/install/arduinobot_msgs/include/arduinobot_msgs/arduinobot_msgs/srv/detail/euler_to_quaternion__rosidl_typesupport_fastrtps_c.h
[20.156s] -- Up-to-date: /home/danielwp22/arduinobot_ws/install/arduinobot_msgs/include/arduinobot_msgs/arduinobot_msgs/srv/detail/quaternion_to_euler__rosidl_typesupport_fastrtps_c.h
[20.156s] -- Up-to-date: /home/danielwp22/arduinobot_ws/install/arduinobot_msgs/include/arduinobot_msgs/arduinobot_msgs/srv/detail/add_two_ints__rosidl_typesupport_fastrtps_c.h
[20.156s] -- Up-to-date: /home/danielwp22/arduinobot_ws/install/arduinobot_msgs/include/arduinobot_msgs/arduinobot_msgs/msg
[20.157s] -- Up-to-date: /home/danielwp22/arduinobot_ws/install/arduinobot_msgs/include/arduinobot_msgs/arduinobot_msgs/msg/rosidl_typesupport_fastrtps_c__visibility_control.h
[20.570s] -- Up-to-date: /home/danielwp22/arduinobot_ws/install/arduinobot_msgs/lib/libarduinobot_msgs__rosidl_typesupport_fastrtps_c.so
[20.570s] -- Up-to-date: /home/danielwp22/arduinobot_ws/install/arduinobot_msgs/include/arduinobot_msgs/arduinobot_msgs
[20.573s] -- Up-to-date: /home/danielwp22/arduinobot_ws/install/arduinobot_msgs/include/arduinobot_msgs/arduinobot_msgs/action
[20.573s] -- Up-to-date: /home/danielwp22/arduinobot_ws/install/arduinobot_msgs/include/arduinobot_msgs/arduinobot_msgs/action/fibonacci.hpp
[20.574s] -- Up-to-date: /home/danielwp22/arduinobot_ws/install/arduinobot_msgs/include/arduinobot_msgs/arduinobot_msgs/action/arduinobot_task.hpp
[20.574s] -- Up-to-date: /home/danielwp22/arduinobot_ws/install/arduinobot_msgs/include/arduinobot_msgs/arduinobot_msgs/action/detail
[20.574s] -- Up-to-date: /home/danielwp22/arduinobot_ws/install/arduinobot_msgs/include/arduinobot_msgs/arduinobot_msgs/action/detail/fibonacci__traits.hpp
[20.574s] -- Up-to-date: /home/danielwp22/arduinobot_ws/install/arduinobot_msgs/include/arduinobot_msgs/arduinobot_msgs/action/detail/arduinobot_task__traits.hpp
[20.574s] -- Up-to-date: /home/danielwp22/arduinobot_ws/install/arduinobot_msgs/include/arduinobot_msgs/arduinobot_msgs/action/detail/arduinobot_task__struct.hpp
[20.574s] -- Up-to-date: /home/danielwp22/arduinobot_ws/install/arduinobot_msgs/include/arduinobot_msgs/arduinobot_msgs/action/detail/fibonacci__type_support.hpp
[20.577s] -- Up-to-date: /home/danielwp22/arduinobot_ws/install/arduinobot_msgs/include/arduinobot_msgs/arduinobot_msgs/action/detail/arduinobot_task__builder.hpp
[20.578s] -- Up-to-date: /home/danielwp22/arduinobot_ws/install/arduinobot_msgs/include/arduinobot_msgs/arduinobot_msgs/action/detail/fibonacci__builder.hpp
[20.578s] -- Up-to-date: /home/danielwp22/arduinobot_ws/install/arduinobot_msgs/include/arduinobot_msgs/arduinobot_msgs/action/detail/fibonacci__struct.hpp
[20.578s] -- Up-to-date: /home/danielwp22/arduinobot_ws/install/arduinobot_msgs/include/arduinobot_msgs/arduinobot_msgs/action/detail/arduinobot_task__type_support.hpp
[20.578s] -- Up-to-date: /home/danielwp22/arduinobot_ws/install/arduinobot_msgs/include/arduinobot_msgs/arduinobot_msgs/srv
[20.579s] -- Up-to-date: /home/danielwp22/arduinobot_ws/install/arduinobot_msgs/include/arduinobot_msgs/arduinobot_msgs/srv/add_two_ints.hpp
[20.579s] -- Up-to-date: /home/danielwp22/arduinobot_ws/install/arduinobot_msgs/include/arduinobot_msgs/arduinobot_msgs/srv/quaternion_to_euler.hpp
[20.579s] -- Up-to-date: /home/danielwp22/arduinobot_ws/install/arduinobot_msgs/include/arduinobot_msgs/arduinobot_msgs/srv/euler_to_quaternion.hpp
[20.579s] -- Up-to-date: /home/danielwp22/arduinobot_ws/install/arduinobot_msgs/include/arduinobot_msgs/arduinobot_msgs/srv/detail
[20.579s] -- Up-to-date: /home/danielwp22/arduinobot_ws/install/arduinobot_msgs/include/arduinobot_msgs/arduinobot_msgs/srv/detail/quaternion_to_euler__builder.hpp
[20.579s] -- Up-to-date: /home/danielwp22/arduinobot_ws/install/arduinobot_msgs/include/arduinobot_msgs/arduinobot_msgs/srv/detail/quaternion_to_euler__type_support.hpp
[20.579s] -- Up-to-date: /home/danielwp22/arduinobot_ws/install/arduinobot_msgs/include/arduinobot_msgs/arduinobot_msgs/srv/detail/add_two_ints__struct.hpp
[20.579s] -- Up-to-date: /home/danielwp22/arduinobot_ws/install/arduinobot_msgs/include/arduinobot_msgs/arduinobot_msgs/srv/detail/euler_to_quaternion__type_support.hpp
[20.579s] -- Up-to-date: /home/danielwp22/arduinobot_ws/install/arduinobot_msgs/include/arduinobot_msgs/arduinobot_msgs/srv/detail/quaternion_to_euler__struct.hpp
[20.579s] -- Up-to-date: /home/danielwp22/arduinobot_ws/install/arduinobot_msgs/include/arduinobot_msgs/arduinobot_msgs/srv/detail/euler_to_quaternion__builder.hpp
[20.579s] -- Up-to-date: /home/danielwp22/arduinobot_ws/install/arduinobot_msgs/include/arduinobot_msgs/arduinobot_msgs/srv/detail/add_two_ints__type_support.hpp
[20.580s] -- Up-to-date: /home/danielwp22/arduinobot_ws/install/arduinobot_msgs/include/arduinobot_msgs/arduinobot_msgs/srv/detail/euler_to_quaternion__traits.hpp
[20.581s] -- Up-to-date: /home/danielwp22/arduinobot_ws/install/arduinobot_msgs/include/arduinobot_msgs/arduinobot_msgs/srv/detail/euler_to_quaternion__struct.hpp
[20.581s] -- Up-to-date: /home/danielwp22/arduinobot_ws/install/arduinobot_msgs/include/arduinobot_msgs/arduinobot_msgs/srv/detail/quaternion_to_euler__traits.hpp
[20.581s] -- Up-to-date: /home/danielwp22/arduinobot_ws/install/arduinobot_msgs/include/arduinobot_msgs/arduinobot_msgs/srv/detail/add_two_ints__builder.hpp
[20.581s] -- Up-to-date: /home/danielwp22/arduinobot_ws/install/arduinobot_msgs/include/arduinobot_msgs/arduinobot_msgs/srv/detail/add_two_ints__traits.hpp
[20.581s] -- Up-to-date: /home/danielwp22/arduinobot_ws/install/arduinobot_msgs/include/arduinobot_msgs/arduinobot_msgs/msg
[20.581s] -- Up-to-date: /home/danielwp22/arduinobot_ws/install/arduinobot_msgs/include/arduinobot_msgs/arduinobot_msgs/msg/rosidl_generator_cpp__visibility_control.hpp
[20.581s] -- Up-to-date: /home/danielwp22/arduinobot_ws/install/arduinobot_msgs/include/arduinobot_msgs/arduinobot_msgs
[20.581s] -- Up-to-date: /home/danielwp22/arduinobot_ws/install/arduinobot_msgs/include/arduinobot_msgs/arduinobot_msgs/action
[20.581s] -- Up-to-date: /home/danielwp22/arduinobot_ws/install/arduinobot_msgs/include/arduinobot_msgs/arduinobot_msgs/action/detail
[20.581s] -- Up-to-date: /home/danielwp22/arduinobot_ws/install/arduinobot_msgs/include/arduinobot_msgs/arduinobot_msgs/action/detail/dds_fastrtps
[20.582s] -- Up-to-date: /home/danielwp22/arduinobot_ws/install/arduinobot_msgs/include/arduinobot_msgs/arduinobot_msgs/action/detail/arduinobot_task__rosidl_typesupport_fastrtps_cpp.hpp
[20.582s] -- Up-to-date: /home/danielwp22/arduinobot_ws/install/arduinobot_msgs/include/arduinobot_msgs/arduinobot_msgs/action/detail/fibonacci__rosidl_typesupport_fastrtps_cpp.hpp
[20.582s] -- Up-to-date: /home/danielwp22/arduinobot_ws/install/arduinobot_msgs/include/arduinobot_msgs/arduinobot_msgs/srv
[20.582s] -- Up-to-date: /home/danielwp22/arduinobot_ws/install/arduinobot_msgs/include/arduinobot_msgs/arduinobot_msgs/srv/detail
[20.582s] -- Up-to-date: /home/danielwp22/arduinobot_ws/install/arduinobot_msgs/include/arduinobot_msgs/arduinobot_msgs/srv/detail/dds_fastrtps
[20.582s] -- Up-to-date: /home/danielwp22/arduinobot_ws/install/arduinobot_msgs/include/arduinobot_msgs/arduinobot_msgs/srv/detail/quaternion_to_euler__rosidl_typesupport_fastrtps_cpp.hpp
[20.582s] -- Up-to-date: /home/danielwp22/arduinobot_ws/install/arduinobot_msgs/include/arduinobot_msgs/arduinobot_msgs/srv/detail/add_two_ints__rosidl_typesupport_fastrtps_cpp.hpp
[20.582s] -- Up-to-date: /home/danielwp22/arduinobot_ws/install/arduinobot_msgs/include/arduinobot_msgs/arduinobot_msgs/srv/detail/euler_to_quaternion__rosidl_typesupport_fastrtps_cpp.hpp
[20.582s] -- Up-to-date: /home/danielwp22/arduinobot_ws/install/arduinobot_msgs/include/arduinobot_msgs/arduinobot_msgs/msg
[20.582s] -- Up-to-date: /home/danielwp22/arduinobot_ws/install/arduinobot_msgs/include/arduinobot_msgs/arduinobot_msgs/msg/rosidl_typesupport_fastrtps_cpp__visibility_control.h
[21.057s] -- Up-to-date: /home/danielwp22/arduinobot_ws/install/arduinobot_msgs/lib/libarduinobot_msgs__rosidl_typesupport_fastrtps_cpp.so
[21.059s] -- Up-to-date: /home/danielwp22/arduinobot_ws/install/arduinobot_msgs/include/arduinobot_msgs/arduinobot_msgs
[21.060s] -- Up-to-date: /home/danielwp22/arduinobot_ws/install/arduinobot_msgs/include/arduinobot_msgs/arduinobot_msgs/action
[21.060s] -- Up-to-date: /home/danielwp22/arduinobot_ws/install/arduinobot_msgs/include/arduinobot_msgs/arduinobot_msgs/action/detail
[21.061s] -- Installing: /home/danielwp22/arduinobot_ws/install/arduinobot_msgs/include/arduinobot_msgs/arduinobot_msgs/action/detail/fibonacci__type_support.c
[21.123s] -- Up-to-date: /home/danielwp22/arduinobot_ws/install/arduinobot_msgs/include/arduinobot_msgs/arduinobot_msgs/action/detail/arduinobot_task__rosidl_typesupport_introspection_c.h
[21.123s] -- Up-to-date: /home/danielwp22/arduinobot_ws/install/arduinobot_msgs/include/arduinobot_msgs/arduinobot_msgs/action/detail/fibonacci__rosidl_typesupport_introspection_c.h
[21.124s] -- Installing: /home/danielwp22/arduinobot_ws/install/arduinobot_msgs/include/arduinobot_msgs/arduinobot_msgs/action/detail/arduinobot_task__type_support.c
[21.201s] -- Up-to-date: /home/danielwp22/arduinobot_ws/install/arduinobot_msgs/include/arduinobot_msgs/arduinobot_msgs/srv
[21.202s] -- Up-to-date: /home/danielwp22/arduinobot_ws/install/arduinobot_msgs/include/arduinobot_msgs/arduinobot_msgs/srv/detail
[21.202s] -- Installing: /home/danielwp22/arduinobot_ws/install/arduinobot_msgs/include/arduinobot_msgs/arduinobot_msgs/srv/detail/euler_to_quaternion__type_support.c
[21.331s] -- Installing: /home/danielwp22/arduinobot_ws/install/arduinobot_msgs/include/arduinobot_msgs/arduinobot_msgs/srv/detail/add_two_ints__type_support.c
[21.348s] -- Up-to-date: /home/danielwp22/arduinobot_ws/install/arduinobot_msgs/include/arduinobot_msgs/arduinobot_msgs/srv/detail/quaternion_to_euler__rosidl_typesupport_introspection_c.h
[21.348s] -- Up-to-date: /home/danielwp22/arduinobot_ws/install/arduinobot_msgs/include/arduinobot_msgs/arduinobot_msgs/srv/detail/add_two_ints__rosidl_typesupport_introspection_c.h
[21.348s] -- Installing: /home/danielwp22/arduinobot_ws/install/arduinobot_msgs/include/arduinobot_msgs/arduinobot_msgs/srv/detail/quaternion_to_euler__type_support.c
[21.746s] -- Up-to-date: /home/danielwp22/arduinobot_ws/install/arduinobot_msgs/include/arduinobot_msgs/arduinobot_msgs/srv/detail/euler_to_quaternion__rosidl_typesupport_introspection_c.h
[21.746s] -- Up-to-date: /home/danielwp22/arduinobot_ws/install/arduinobot_msgs/include/arduinobot_msgs/arduinobot_msgs/msg
[21.746s] -- Up-to-date: /home/danielwp22/arduinobot_ws/install/arduinobot_msgs/include/arduinobot_msgs/arduinobot_msgs/msg/rosidl_typesupport_introspection_c__visibility_control.h
[22.047s] -- Up-to-date: /home/danielwp22/arduinobot_ws/install/arduinobot_msgs/lib/libarduinobot_msgs__rosidl_typesupport_introspection_c.so
[22.239s] -- Up-to-date: /home/danielwp22/arduinobot_ws/install/arduinobot_msgs/lib/libarduinobot_msgs__rosidl_typesupport_c.so
[22.248s] -- Up-to-date: /home/danielwp22/arduinobot_ws/install/arduinobot_msgs/include/arduinobot_msgs/arduinobot_msgs
[22.253s] -- Up-to-date: /home/danielwp22/arduinobot_ws/install/arduinobot_msgs/include/arduinobot_msgs/arduinobot_msgs/action
[22.258s] -- Up-to-date: /home/danielwp22/arduinobot_ws/install/arduinobot_msgs/include/arduinobot_msgs/arduinobot_msgs/action/detail
[22.262s] -- Up-to-date: /home/danielwp22/arduinobot_ws/install/arduinobot_msgs/include/arduinobot_msgs/arduinobot_msgs/action/detail/arduinobot_task__rosidl_typesupport_introspection_cpp.hpp
[22.266s] -- Up-to-date: /home/danielwp22/arduinobot_ws/install/arduinobot_msgs/include/arduinobot_msgs/arduinobot_msgs/action/detail/arduinobot_task__type_support.cpp
[22.266s] -- Up-to-date: /home/danielwp22/arduinobot_ws/install/arduinobot_msgs/include/arduinobot_msgs/arduinobot_msgs/action/detail/fibonacci__rosidl_typesupport_introspection_cpp.hpp
[22.266s] -- Up-to-date: /home/danielwp22/arduinobot_ws/install/arduinobot_msgs/include/arduinobot_msgs/arduinobot_msgs/action/detail/fibonacci__type_support.cpp
[22.268s] -- Up-to-date: /home/danielwp22/arduinobot_ws/install/arduinobot_msgs/include/arduinobot_msgs/arduinobot_msgs/srv
[22.268s] -- Up-to-date: /home/danielwp22/arduinobot_ws/install/arduinobot_msgs/include/arduinobot_msgs/arduinobot_msgs/srv/detail
[22.271s] -- Up-to-date: /home/danielwp22/arduinobot_ws/install/arduinobot_msgs/include/arduinobot_msgs/arduinobot_msgs/srv/detail/euler_to_quaternion__type_support.cpp
[22.271s] -- Up-to-date: /home/danielwp22/arduinobot_ws/install/arduinobot_msgs/include/arduinobot_msgs/arduinobot_msgs/srv/detail/add_two_ints__type_support.cpp
[22.271s] -- Up-to-date: /home/danielwp22/arduinobot_ws/install/arduinobot_msgs/include/arduinobot_msgs/arduinobot_msgs/srv/detail/add_two_ints__rosidl_typesupport_introspection_cpp.hpp
[22.271s] -- Up-to-date: /home/danielwp22/arduinobot_ws/install/arduinobot_msgs/include/arduinobot_msgs/arduinobot_msgs/srv/detail/quaternion_to_euler__type_support.cpp
[22.272s] -- Up-to-date: /home/danielwp22/arduinobot_ws/install/arduinobot_msgs/include/arduinobot_msgs/arduinobot_msgs/srv/detail/quaternion_to_euler__rosidl_typesupport_introspection_cpp.hpp
[22.272s] -- Up-to-date: /home/danielwp22/arduinobot_ws/install/arduinobot_msgs/include/arduinobot_msgs/arduinobot_msgs/srv/detail/euler_to_quaternion__rosidl_typesupport_introspection_cpp.hpp
[22.767s] -- Up-to-date: /home/danielwp22/arduinobot_ws/install/arduinobot_msgs/lib/libarduinobot_msgs__rosidl_typesupport_introspection_cpp.so
[22.813s] -- Up-to-date: /home/danielwp22/arduinobot_ws/install/arduinobot_msgs/lib/libarduinobot_msgs__rosidl_typesupport_cpp.so
[22.813s] -- Up-to-date: /home/danielwp22/arduinobot_ws/install/arduinobot_msgs/share/arduinobot_msgs/environment/pythonpath.sh
[22.813s] -- Up-to-date: /home/danielwp22/arduinobot_ws/install/arduinobot_msgs/share/arduinobot_msgs/environment/pythonpath.dsv
[22.813s] -- Up-to-date: /home/danielwp22/arduinobot_ws/install/arduinobot_msgs/lib/python3.12/site-packages/arduinobot_msgs-0.0.0-py3.12.egg-info
[22.813s] -- Installing: /home/danielwp22/arduinobot_ws/install/arduinobot_msgs/lib/python3.12/site-packages/arduinobot_msgs-0.0.0-py3.12.egg-info/PKG-INFO
[22.815s] -- Installing: /home/danielwp22/arduinobot_ws/install/arduinobot_msgs/lib/python3.12/site-packages/arduinobot_msgs-0.0.0-py3.12.egg-info/SOURCES.txt
[22.816s] -- Installing: /home/danielwp22/arduinobot_ws/install/arduinobot_msgs/lib/python3.12/site-packages/arduinobot_msgs-0.0.0-py3.12.egg-info/top_level.txt
[22.816s] -- Installing: /home/danielwp22/arduinobot_ws/install/arduinobot_msgs/lib/python3.12/site-packages/arduinobot_msgs-0.0.0-py3.12.egg-info/dependency_links.txt
[22.816s] -- Up-to-date: /home/danielwp22/arduinobot_ws/install/arduinobot_msgs/lib/python3.12/site-packages/arduinobot_msgs
[22.816s] -- Up-to-date: /home/danielwp22/arduinobot_ws/install/arduinobot_msgs/lib/python3.12/site-packages/arduinobot_msgs/action
[22.817s] -- Up-to-date: /home/danielwp22/arduinobot_ws/install/arduinobot_msgs/lib/python3.12/site-packages/arduinobot_msgs/action/_arduinobot_task_s.c
[22.817s] -- Up-to-date: /home/danielwp22/arduinobot_ws/install/arduinobot_msgs/lib/python3.12/site-packages/arduinobot_msgs/action/_fibonacci_s.c
[22.817s] -- Up-to-date: /home/danielwp22/arduinobot_ws/install/arduinobot_msgs/lib/python3.12/site-packages/arduinobot_msgs/action/__init__.py
[22.817s] -- Up-to-date: /home/danielwp22/arduinobot_ws/install/arduinobot_msgs/lib/python3.12/site-packages/arduinobot_msgs/action/_fibonacci.py
[22.818s] -- Up-to-date: /home/danielwp22/arduinobot_ws/install/arduinobot_msgs/lib/python3.12/site-packages/arduinobot_msgs/action/_arduinobot_task.py
[22.818s] -- Up-to-date: /home/danielwp22/arduinobot_ws/install/arduinobot_msgs/lib/python3.12/site-packages/arduinobot_msgs/srv
[22.818s] -- Up-to-date: /home/danielwp22/arduinobot_ws/install/arduinobot_msgs/lib/python3.12/site-packages/arduinobot_msgs/srv/_add_two_ints.py
[22.818s] -- Up-to-date: /home/danielwp22/arduinobot_ws/install/arduinobot_msgs/lib/python3.12/site-packages/arduinobot_msgs/srv/_add_two_ints_s.c
[22.818s] -- Up-to-date: /home/danielwp22/arduinobot_ws/install/arduinobot_msgs/lib/python3.12/site-packages/arduinobot_msgs/srv/_quaternion_to_euler.py
[22.819s] -- Up-to-date: /home/danielwp22/arduinobot_ws/install/arduinobot_msgs/lib/python3.12/site-packages/arduinobot_msgs/srv/__init__.py
[22.819s] -- Up-to-date: /home/danielwp22/arduinobot_ws/install/arduinobot_msgs/lib/python3.12/site-packages/arduinobot_msgs/srv/_euler_to_quaternion.py
[22.820s] -- Up-to-date: /home/danielwp22/arduinobot_ws/install/arduinobot_msgs/lib/python3.12/site-packages/arduinobot_msgs/srv/_euler_to_quaternion_s.c
[22.820s] -- Up-to-date: /home/danielwp22/arduinobot_ws/install/arduinobot_msgs/lib/python3.12/site-packages/arduinobot_msgs/srv/_quaternion_to_euler_s.c
[22.820s] -- Up-to-date: /home/danielwp22/arduinobot_ws/install/arduinobot_msgs/lib/python3.12/site-packages/arduinobot_msgs/arduinobot_msgs_s__rosidl_typesupport_introspection_c.so
[22.820s] -- Up-to-date: /home/danielwp22/arduinobot_ws/install/arduinobot_msgs/lib/python3.12/site-packages/arduinobot_msgs/arduinobot_msgs_s__rosidl_typesupport_fastrtps_c.so
[22.820s] -- Up-to-date: /home/danielwp22/arduinobot_ws/install/arduinobot_msgs/lib/python3.12/site-packages/arduinobot_msgs/_arduinobot_msgs_s.ep.rosidl_typesupport_introspection_c.c
[22.820s] -- Up-to-date: /home/danielwp22/arduinobot_ws/install/arduinobot_msgs/lib/python3.12/site-packages/arduinobot_msgs/__init__.py
[22.821s] -- Up-to-date: /home/danielwp22/arduinobot_ws/install/arduinobot_msgs/lib/python3.12/site-packages/arduinobot_msgs/_arduinobot_msgs_s.ep.rosidl_typesupport_fastrtps_c.c
[22.821s] -- Up-to-date: /home/danielwp22/arduinobot_ws/install/arduinobot_msgs/lib/python3.12/site-packages/arduinobot_msgs/arduinobot_msgs_s__rosidl_typesupport_c.so
[22.821s] -- Up-to-date: /home/danielwp22/arduinobot_ws/install/arduinobot_msgs/lib/python3.12/site-packages/arduinobot_msgs/_arduinobot_msgs_s.ep.rosidl_typesupport_c.c
[23.676s] Listing '/home/danielwp22/arduinobot_ws/install/arduinobot_msgs/lib/python3.12/site-packages/arduinobot_msgs'...
[23.677s] Listing '/home/danielwp22/arduinobot_ws/install/arduinobot_msgs/lib/python3.12/site-packages/arduinobot_msgs/action'...
[23.677s] Listing '/home/danielwp22/arduinobot_ws/install/arduinobot_msgs/lib/python3.12/site-packages/arduinobot_msgs/srv'...
[23.913s] -- Up-to-date: /home/danielwp22/arduinobot_ws/install/arduinobot_msgs/lib/python3.12/site-packages/arduinobot_msgs/arduinobot_msgs_s__rosidl_typesupport_fastrtps_c.so
[23.991s] -- Up-to-date: /home/danielwp22/arduinobot_ws/install/arduinobot_msgs/lib/python3.12/site-packages/arduinobot_msgs/arduinobot_msgs_s__rosidl_typesupport_introspection_c.so
[24.047s] -- Up-to-date: /home/danielwp22/arduinobot_ws/install/arduinobot_msgs/lib/python3.12/site-packages/arduinobot_msgs/arduinobot_msgs_s__rosidl_typesupport_c.so
[24.298s] -- Up-to-date: /home/danielwp22/arduinobot_ws/install/arduinobot_msgs/lib/libarduinobot_msgs__rosidl_generator_py.so
[24.300s] -- Up-to-date: /home/danielwp22/arduinobot_ws/install/arduinobot_msgs/share/arduinobot_msgs/srv/AddTwoInts.idl
[24.302s] -- Up-to-date: /home/danielwp22/arduinobot_ws/install/arduinobot_msgs/share/arduinobot_msgs/srv/EulerToQuaternion.idl
[24.302s] -- Up-to-date: /home/danielwp22/arduinobot_ws/install/arduinobot_msgs/share/arduinobot_msgs/srv/QuaternionToEuler.idl
[24.303s] -- Up-to-date: /home/danielwp22/arduinobot_ws/install/arduinobot_msgs/share/arduinobot_msgs/action/Fibonacci.idl
[24.303s] -- Up-to-date: /home/danielwp22/arduinobot_ws/install/arduinobot_msgs/share/arduinobot_msgs/action/ArduinobotTask.idl
[24.305s] -- Up-to-date: /home/danielwp22/arduinobot_ws/install/arduinobot_msgs/share/arduinobot_msgs/srv/AddTwoInts.srv
[24.306s] -- Up-to-date: /home/danielwp22/arduinobot_ws/install/arduinobot_msgs/share/arduinobot_msgs/srv/EulerToQuaternion.srv
[24.306s] -- Up-to-date: /home/danielwp22/arduinobot_ws/install/arduinobot_msgs/share/arduinobot_msgs/srv/QuaternionToEuler.srv
[24.306s] -- Up-to-date: /home/danielwp22/arduinobot_ws/install/arduinobot_msgs/share/arduinobot_msgs/action/Fibonacci.action
[24.306s] -- Up-to-date: /home/danielwp22/arduinobot_ws/install/arduinobot_msgs/share/arduinobot_msgs/action/ArduinobotTask.action
[24.308s] -- Up-to-date: /home/danielwp22/arduinobot_ws/install/arduinobot_msgs/share/ament_index/resource_index/package_run_dependencies/arduinobot_msgs
[24.311s] -- Up-to-date: /home/danielwp22/arduinobot_ws/install/arduinobot_msgs/share/ament_index/resource_index/parent_prefix_path/arduinobot_msgs
[24.311s] -- Up-to-date: /home/danielwp22/arduinobot_ws/install/arduinobot_msgs/share/arduinobot_msgs/environment/ament_prefix_path.sh
[24.312s] -- Up-to-date: /home/danielwp22/arduinobot_ws/install/arduinobot_msgs/share/arduinobot_msgs/environment/ament_prefix_path.dsv
[24.312s] -- Up-to-date: /home/danielwp22/arduinobot_ws/install/arduinobot_msgs/share/arduinobot_msgs/environment/path.sh
[24.312s] -- Up-to-date: /home/danielwp22/arduinobot_ws/install/arduinobot_msgs/share/arduinobot_msgs/environment/path.dsv
[24.312s] -- Up-to-date: /home/danielwp22/arduinobot_ws/install/arduinobot_msgs/share/arduinobot_msgs/local_setup.bash
[24.312s] -- Up-to-date: /home/danielwp22/arduinobot_ws/install/arduinobot_msgs/share/arduinobot_msgs/local_setup.sh
[24.315s] -- Up-to-date: /home/danielwp22/arduinobot_ws/install/arduinobot_msgs/share/arduinobot_msgs/local_setup.zsh
[24.315s] -- Up-to-date: /home/danielwp22/arduinobot_ws/install/arduinobot_msgs/share/arduinobot_msgs/local_setup.dsv
[24.316s] -- Installing: /home/danielwp22/arduinobot_ws/install/arduinobot_msgs/share/arduinobot_msgs/package.dsv
[24.392s] -- Up-to-date: /home/danielwp22/arduinobot_ws/install/arduinobot_msgs/share/ament_index/resource_index/packages/arduinobot_msgs
[24.518s] -- Up-to-date: /home/danielwp22/arduinobot_ws/install/arduinobot_msgs/share/arduinobot_msgs/cmake/export_arduinobot_msgs__rosidl_generator_cExport.cmake
[24.519s] -- Up-to-date: /home/danielwp22/arduinobot_ws/install/arduinobot_msgs/share/arduinobot_msgs/cmake/export_arduinobot_msgs__rosidl_generator_cExport-noconfig.cmake
[24.585s] -- Up-to-date: /home/danielwp22/arduinobot_ws/install/arduinobot_msgs/share/arduinobot_msgs/cmake/export_arduinobot_msgs__rosidl_typesupport_fastrtps_cExport.cmake
[24.585s] -- Up-to-date: /home/danielwp22/arduinobot_ws/install/arduinobot_msgs/share/arduinobot_msgs/cmake/export_arduinobot_msgs__rosidl_typesupport_fastrtps_cExport-noconfig.cmake
[24.590s] -- Up-to-date: /home/danielwp22/arduinobot_ws/install/arduinobot_msgs/share/arduinobot_msgs/cmake/export_arduinobot_msgs__rosidl_generator_cppExport.cmake
[24.599s] -- Up-to-date: /home/danielwp22/arduinobot_ws/install/arduinobot_msgs/share/arduinobot_msgs/cmake/export_arduinobot_msgs__rosidl_typesupport_fastrtps_cppExport.cmake
[24.599s] -- Up-to-date: /home/danielwp22/arduinobot_ws/install/arduinobot_msgs/share/arduinobot_msgs/cmake/export_arduinobot_msgs__rosidl_typesupport_fastrtps_cppExport-noconfig.cmake
[24.600s] -- Up-to-date: /home/danielwp22/arduinobot_ws/install/arduinobot_msgs/share/arduinobot_msgs/cmake/arduinobot_msgs__rosidl_typesupport_introspection_cExport.cmake
[24.600s] -- Up-to-date: /home/danielwp22/arduinobot_ws/install/arduinobot_msgs/share/arduinobot_msgs/cmake/arduinobot_msgs__rosidl_typesupport_introspection_cExport-noconfig.cmake
[24.601s] -- Up-to-date: /home/danielwp22/arduinobot_ws/install/arduinobot_msgs/share/arduinobot_msgs/cmake/arduinobot_msgs__rosidl_typesupport_cExport.cmake
[24.601s] -- Up-to-date: /home/danielwp22/arduinobot_ws/install/arduinobot_msgs/share/arduinobot_msgs/cmake/arduinobot_msgs__rosidl_typesupport_cExport-noconfig.cmake
[24.601s] -- Up-to-date: /home/danielwp22/arduinobot_ws/install/arduinobot_msgs/share/arduinobot_msgs/cmake/arduinobot_msgs__rosidl_typesupport_introspection_cppExport.cmake
[24.602s] -- Up-to-date: /home/danielwp22/arduinobot_ws/install/arduinobot_msgs/share/arduinobot_msgs/cmake/arduinobot_msgs__rosidl_typesupport_introspection_cppExport-noconfig.cmake
[24.602s] -- Up-to-date: /home/danielwp22/arduinobot_ws/install/arduinobot_msgs/share/arduinobot_msgs/cmake/arduinobot_msgs__rosidl_typesupport_cppExport.cmake
[24.602s] -- Up-to-date: /home/danielwp22/arduinobot_ws/install/arduinobot_msgs/share/arduinobot_msgs/cmake/arduinobot_msgs__rosidl_typesupport_cppExport-noconfig.cmake
[24.602s] -- Up-to-date: /home/danielwp22/arduinobot_ws/install/arduinobot_msgs/share/arduinobot_msgs/cmake/export_arduinobot_msgs__rosidl_generator_pyExport.cmake
[24.602s] -- Up-to-date: /home/danielwp22/arduinobot_ws/install/arduinobot_msgs/share/arduinobot_msgs/cmake/export_arduinobot_msgs__rosidl_generator_pyExport-noconfig.cmake
[24.603s] -- Up-to-date: /home/danielwp22/arduinobot_ws/install/arduinobot_msgs/share/arduinobot_msgs/cmake/rosidl_cmake-extras.cmake
[24.603s] -- Up-to-date: /home/danielwp22/arduinobot_ws/install/arduinobot_msgs/share/arduinobot_msgs/cmake/ament_cmake_export_dependencies-extras.cmake
[24.603s] -- Up-to-date: /home/danielwp22/arduinobot_ws/install/arduinobot_msgs/share/arduinobot_msgs/cmake/ament_cmake_export_include_directories-extras.cmake
[24.603s] -- Up-to-date: /home/danielwp22/arduinobot_ws/install/arduinobot_msgs/share/arduinobot_msgs/cmake/ament_cmake_export_libraries-extras.cmake
[24.603s] -- Up-to-date: /home/danielwp22/arduinobot_ws/install/arduinobot_msgs/share/arduinobot_msgs/cmake/ament_cmake_export_targets-extras.cmake
[24.603s] -- Up-to-date: /home/danielwp22/arduinobot_ws/install/arduinobot_msgs/share/arduinobot_msgs/cmake/rosidl_cmake_export_typesupport_targets-extras.cmake
[24.604s] -- Up-to-date: /home/danielwp22/arduinobot_ws/install/arduinobot_msgs/share/arduinobot_msgs/cmake/rosidl_cmake_export_typesupport_libraries-extras.cmake
[24.604s] -- Up-to-date: /home/danielwp22/arduinobot_ws/install/arduinobot_msgs/share/arduinobot_msgs/cmake/arduinobot_msgsConfig.cmake
[24.604s] -- Up-to-date: /home/danielwp22/arduinobot_ws/install/arduinobot_msgs/share/arduinobot_msgs/cmake/arduinobot_msgsConfig-version.cmake
[24.604s] -- Up-to-date: /home/danielwp22/arduinobot_ws/install/arduinobot_msgs/share/arduinobot_msgs/package.xml
[24.649s] Invoked command in '/home/danielwp22/arduinobot_ws/build/arduinobot_msgs' returned '0': CMAKE_PREFIX_PATH=${CMAKE_PREFIX_PATH}:/home/danielwp22/ros2_ws/install/my_turtle_pkg:/home/danielwp22/ros2_ws/install/my_py_pkg:/home/danielwp22/ros2_ws/install/actions_py:/home/danielwp22/ros2_ws/install/lifecycle_py:/home/danielwp22/ros2_ws/install/executors_py:/home/danielwp22/ros2_ws/install/components_py:/opt/ros/jazzy CONDA_PROMPT_MODIFIER=(base) DEBUGINFOD_URLS=https://debuginfod.ubuntu.com /usr/bin/cmake --install /home/danielwp22/arduinobot_ws/build/arduinobot_msgs
