[0.074s] Invoking command in '/home/danielwp22/arduinobot_ws/build/arduinobot_controller': AMENT_PREFIX_PATH=/home/danielwp22/arduinobot_ws/install/arduinobot_description:${AMENT_PREFIX_PATH} CMAKE_PREFIX_PATH=/home/danielwp22/arduinobot_ws/install/arduinobot_description:/home/danielwp22/ros2_ws/install/my_robot_bringup:/home/danielwp22/ros2_ws/install/my_final_project:/home/danielwp22/ros2_ws/install/my_cpp_pkg:/home/danielwp22/ros2_ws/install/actions_cpp:/home/danielwp22/ros2_ws/install/my_robot_interfaces:/home/danielwp22/ros2_ws/install/my_robot_description:/home/danielwp22/ros2_ws/install/my_robot_arm_description:/home/danielwp22/ros2_ws/install/lifecycle_cpp:/home/danielwp22/ros2_ws/install/components_cpp:/opt/ros/jazzy/opt/gz_sim_vendor:/opt/ros/jazzy/opt/gz_sensors_vendor:/opt/ros/jazzy/opt/gz_physics_vendor:/opt/ros/jazzy/opt/sdformat_vendor:/opt/ros/jazzy/opt/gz_gui_vendor:/opt/ros/jazzy/opt/gz_transport_vendor:/opt/ros/jazzy/opt/gz_rendering_vendor:/opt/ros/jazzy/opt/gz_plugin_vendor:/opt/ros/jazzy/opt/gz_fuel_tools_vendor:/opt/ros/jazzy/opt/gz_msgs_vendor:/opt/ros/jazzy/opt/gz_common_vendor:/opt/ros/jazzy/opt/gz_math_vendor:/opt/ros/jazzy/opt/gz_utils_vendor:/opt/ros/jazzy/opt/gz_tools_vendor:/opt/ros/jazzy/opt/gz_ogre_next_vendor:/opt/ros/jazzy/opt/gz_dartsim_vendor:/opt/ros/jazzy/opt/gz_cmake_vendor:/home/danielwp22/ros2_ws/install/my_turtle_pkg:/home/danielwp22/ros2_ws/install/my_py_pkg:/home/danielwp22/ros2_ws/install/actions_py:/home/danielwp22/ros2_ws/install/lifecycle_py:/home/danielwp22/ros2_ws/install/executors_py:/home/danielwp22/ros2_ws/install/components_py:/opt/ros/jazzy DEBUGINFOD_URLS=https://debuginfod.ubuntu.com /usr/bin/cmake --build /home/danielwp22/arduinobot_ws/build/arduinobot_controller -- -j4 -l4
[1.832s] [ 50%] [32mBuilding CXX object CMakeFiles/slider_control.dir/src/slider_control.cpp.o[0m
[35.317s] [100%] [32m[1mLinking CXX executable slider_control[0m
[41.819s] [100%] Built target slider_control
[41.876s] [100%] Built target ament_cmake_python_copy_arduinobot_controller
[42.272s] running egg_info
[42.314s] writing arduinobot_controller.egg-info/PKG-INFO
[42.314s] writing dependency_links to arduinobot_controller.egg-info/dependency_links.txt
[42.314s] writing top-level names to arduinobot_controller.egg-info/top_level.txt
[42.444s] reading manifest file 'arduinobot_controller.egg-info/SOURCES.txt'
[42.445s] writing manifest file 'arduinobot_controller.egg-info/SOURCES.txt'
[42.490s] [100%] Built target ament_cmake_python_build_arduinobot_controller_egg
[42.505s] Invoked command in '/home/danielwp22/arduinobot_ws/build/arduinobot_controller' returned '0': AMENT_PREFIX_PATH=/home/danielwp22/arduinobot_ws/install/arduinobot_description:${AMENT_PREFIX_PATH} CMAKE_PREFIX_PATH=/home/danielwp22/arduinobot_ws/install/arduinobot_description:/home/danielwp22/ros2_ws/install/my_robot_bringup:/home/danielwp22/ros2_ws/install/my_final_project:/home/danielwp22/ros2_ws/install/my_cpp_pkg:/home/danielwp22/ros2_ws/install/actions_cpp:/home/danielwp22/ros2_ws/install/my_robot_interfaces:/home/danielwp22/ros2_ws/install/my_robot_description:/home/danielwp22/ros2_ws/install/my_robot_arm_description:/home/danielwp22/ros2_ws/install/lifecycle_cpp:/home/danielwp22/ros2_ws/install/components_cpp:/opt/ros/jazzy/opt/gz_sim_vendor:/opt/ros/jazzy/opt/gz_sensors_vendor:/opt/ros/jazzy/opt/gz_physics_vendor:/opt/ros/jazzy/opt/sdformat_vendor:/opt/ros/jazzy/opt/gz_gui_vendor:/opt/ros/jazzy/opt/gz_transport_vendor:/opt/ros/jazzy/opt/gz_rendering_vendor:/opt/ros/jazzy/opt/gz_plugin_vendor:/opt/ros/jazzy/opt/gz_fuel_tools_vendor:/opt/ros/jazzy/opt/gz_msgs_vendor:/opt/ros/jazzy/opt/gz_common_vendor:/opt/ros/jazzy/opt/gz_math_vendor:/opt/ros/jazzy/opt/gz_utils_vendor:/opt/ros/jazzy/opt/gz_tools_vendor:/opt/ros/jazzy/opt/gz_ogre_next_vendor:/opt/ros/jazzy/opt/gz_dartsim_vendor:/opt/ros/jazzy/opt/gz_cmake_vendor:/home/danielwp22/ros2_ws/install/my_turtle_pkg:/home/danielwp22/ros2_ws/install/my_py_pkg:/home/danielwp22/ros2_ws/install/actions_py:/home/danielwp22/ros2_ws/install/lifecycle_py:/home/danielwp22/ros2_ws/install/executors_py:/home/danielwp22/ros2_ws/install/components_py:/opt/ros/jazzy DEBUGINFOD_URLS=https://debuginfod.ubuntu.com /usr/bin/cmake --build /home/danielwp22/arduinobot_ws/build/arduinobot_controller -- -j4 -l4
[42.527s] Invoking command in '/home/danielwp22/arduinobot_ws/build/arduinobot_controller': AMENT_PREFIX_PATH=/home/danielwp22/arduinobot_ws/install/arduinobot_description:${AMENT_PREFIX_PATH} CMAKE_PREFIX_PATH=/home/danielwp22/arduinobot_ws/install/arduinobot_description:/home/danielwp22/ros2_ws/install/my_robot_bringup:/home/danielwp22/ros2_ws/install/my_final_project:/home/danielwp22/ros2_ws/install/my_cpp_pkg:/home/danielwp22/ros2_ws/install/actions_cpp:/home/danielwp22/ros2_ws/install/my_robot_interfaces:/home/danielwp22/ros2_ws/install/my_robot_description:/home/danielwp22/ros2_ws/install/my_robot_arm_description:/home/danielwp22/ros2_ws/install/lifecycle_cpp:/home/danielwp22/ros2_ws/install/components_cpp:/opt/ros/jazzy/opt/gz_sim_vendor:/opt/ros/jazzy/opt/gz_sensors_vendor:/opt/ros/jazzy/opt/gz_physics_vendor:/opt/ros/jazzy/opt/sdformat_vendor:/opt/ros/jazzy/opt/gz_gui_vendor:/opt/ros/jazzy/opt/gz_transport_vendor:/opt/ros/jazzy/opt/gz_rendering_vendor:/opt/ros/jazzy/opt/gz_plugin_vendor:/opt/ros/jazzy/opt/gz_fuel_tools_vendor:/opt/ros/jazzy/opt/gz_msgs_vendor:/opt/ros/jazzy/opt/gz_common_vendor:/opt/ros/jazzy/opt/gz_math_vendor:/opt/ros/jazzy/opt/gz_utils_vendor:/opt/ros/jazzy/opt/gz_tools_vendor:/opt/ros/jazzy/opt/gz_ogre_next_vendor:/opt/ros/jazzy/opt/gz_dartsim_vendor:/opt/ros/jazzy/opt/gz_cmake_vendor:/home/danielwp22/ros2_ws/install/my_turtle_pkg:/home/danielwp22/ros2_ws/install/my_py_pkg:/home/danielwp22/ros2_ws/install/actions_py:/home/danielwp22/ros2_ws/install/lifecycle_py:/home/danielwp22/ros2_ws/install/executors_py:/home/danielwp22/ros2_ws/install/components_py:/opt/ros/jazzy DEBUGINFOD_URLS=https://debuginfod.ubuntu.com /usr/bin/cmake --install /home/danielwp22/arduinobot_ws/build/arduinobot_controller
[42.537s] -- Install configuration: ""
[42.538s] -- Up-to-date: /home/danielwp22/arduinobot_ws/install/arduinobot_controller/share/arduinobot_controller/environment/pythonpath.sh
[42.538s] -- Up-to-date: /home/danielwp22/arduinobot_ws/install/arduinobot_controller/share/arduinobot_controller/environment/pythonpath.dsv
[42.538s] -- Up-to-date: /home/danielwp22/arduinobot_ws/install/arduinobot_controller/lib/python3.12/site-packages/arduinobot_controller-0.0.0-py3.12.egg-info
[42.538s] -- Installing: /home/danielwp22/arduinobot_ws/install/arduinobot_controller/lib/python3.12/site-packages/arduinobot_controller-0.0.0-py3.12.egg-info/PKG-INFO
[42.539s] -- Installing: /home/danielwp22/arduinobot_ws/install/arduinobot_controller/lib/python3.12/site-packages/arduinobot_controller-0.0.0-py3.12.egg-info/SOURCES.txt
[42.539s] -- Installing: /home/danielwp22/arduinobot_ws/install/arduinobot_controller/lib/python3.12/site-packages/arduinobot_controller-0.0.0-py3.12.egg-info/top_level.txt
[42.539s] -- Installing: /home/danielwp22/arduinobot_ws/install/arduinobot_controller/lib/python3.12/site-packages/arduinobot_controller-0.0.0-py3.12.egg-info/dependency_links.txt
[42.539s] -- Up-to-date: /home/danielwp22/arduinobot_ws/install/arduinobot_controller/lib/python3.12/site-packages/arduinobot_controller
[42.539s] -- Up-to-date: /home/danielwp22/arduinobot_ws/install/arduinobot_controller/lib/python3.12/site-packages/arduinobot_controller/slider_control.py
[42.540s] -- Up-to-date: /home/danielwp22/arduinobot_ws/install/arduinobot_controller/lib/python3.12/site-packages/arduinobot_controller/__init__.py
[42.698s] Listing '/home/danielwp22/arduinobot_ws/install/arduinobot_controller/lib/python3.12/site-packages/arduinobot_controller'...
[42.704s] -- Installing: /home/danielwp22/arduinobot_ws/install/arduinobot_controller/lib/arduinobot_controller/slider_control
[42.711s] -- Set non-toolchain portion of runtime path of "/home/danielwp22/arduinobot_ws/install/arduinobot_controller/lib/arduinobot_controller/slider_control" to ""
[42.711s] -- Up-to-date: /home/danielwp22/arduinobot_ws/install/arduinobot_controller/share/arduinobot_controller/launch
[42.711s] -- Up-to-date: /home/danielwp22/arduinobot_ws/install/arduinobot_controller/share/arduinobot_controller/launch/controller.launch.py
[42.711s] -- Up-to-date: /home/danielwp22/arduinobot_ws/install/arduinobot_controller/share/arduinobot_controller/launch/slider_controller.launch.py
[42.712s] -- Up-to-date: /home/danielwp22/arduinobot_ws/install/arduinobot_controller/share/arduinobot_controller/config
[42.712s] -- Up-to-date: /home/danielwp22/arduinobot_ws/install/arduinobot_controller/share/arduinobot_controller/config/arduinobot_controllers.yaml
[42.712s] -- Up-to-date: /home/danielwp22/arduinobot_ws/install/arduinobot_controller/lib/arduinobot_controller/slider_control.py
[42.712s] -- Up-to-date: /home/danielwp22/arduinobot_ws/install/arduinobot_controller/share/ament_index/resource_index/package_run_dependencies/arduinobot_controller
[42.712s] -- Up-to-date: /home/danielwp22/arduinobot_ws/install/arduinobot_controller/share/ament_index/resource_index/parent_prefix_path/arduinobot_controller
[42.712s] -- Up-to-date: /home/danielwp22/arduinobot_ws/install/arduinobot_controller/share/arduinobot_controller/environment/ament_prefix_path.sh
[42.712s] -- Up-to-date: /home/danielwp22/arduinobot_ws/install/arduinobot_controller/share/arduinobot_controller/environment/ament_prefix_path.dsv
[42.712s] -- Up-to-date: /home/danielwp22/arduinobot_ws/install/arduinobot_controller/share/arduinobot_controller/environment/path.sh
[42.712s] -- Up-to-date: /home/danielwp22/arduinobot_ws/install/arduinobot_controller/share/arduinobot_controller/environment/path.dsv
[42.712s] -- Up-to-date: /home/danielwp22/arduinobot_ws/install/arduinobot_controller/share/arduinobot_controller/local_setup.bash
[42.713s] -- Up-to-date: /home/danielwp22/arduinobot_ws/install/arduinobot_controller/share/arduinobot_controller/local_setup.sh
[42.713s] -- Up-to-date: /home/danielwp22/arduinobot_ws/install/arduinobot_controller/share/arduinobot_controller/local_setup.zsh
[42.713s] -- Up-to-date: /home/danielwp22/arduinobot_ws/install/arduinobot_controller/share/arduinobot_controller/local_setup.dsv
[42.713s] -- Installing: /home/danielwp22/arduinobot_ws/install/arduinobot_controller/share/arduinobot_controller/package.dsv
[42.713s] -- Up-to-date: /home/danielwp22/arduinobot_ws/install/arduinobot_controller/share/ament_index/resource_index/packages/arduinobot_controller
[42.713s] -- Up-to-date: /home/danielwp22/arduinobot_ws/install/arduinobot_controller/share/arduinobot_controller/cmake/arduinobot_controllerConfig.cmake
[42.713s] -- Up-to-date: /home/danielwp22/arduinobot_ws/install/arduinobot_controller/share/arduinobot_controller/cmake/arduinobot_controllerConfig-version.cmake
[42.713s] -- Up-to-date: /home/danielwp22/arduinobot_ws/install/arduinobot_controller/share/arduinobot_controller/package.xml
[42.714s] Invoked command in '/home/danielwp22/arduinobot_ws/build/arduinobot_controller' returned '0': AMENT_PREFIX_PATH=/home/danielwp22/arduinobot_ws/install/arduinobot_description:${AMENT_PREFIX_PATH} CMAKE_PREFIX_PATH=/home/danielwp22/arduinobot_ws/install/arduinobot_description:/home/danielwp22/ros2_ws/install/my_robot_bringup:/home/danielwp22/ros2_ws/install/my_final_project:/home/danielwp22/ros2_ws/install/my_cpp_pkg:/home/danielwp22/ros2_ws/install/actions_cpp:/home/danielwp22/ros2_ws/install/my_robot_interfaces:/home/danielwp22/ros2_ws/install/my_robot_description:/home/danielwp22/ros2_ws/install/my_robot_arm_description:/home/danielwp22/ros2_ws/install/lifecycle_cpp:/home/danielwp22/ros2_ws/install/components_cpp:/opt/ros/jazzy/opt/gz_sim_vendor:/opt/ros/jazzy/opt/gz_sensors_vendor:/opt/ros/jazzy/opt/gz_physics_vendor:/opt/ros/jazzy/opt/sdformat_vendor:/opt/ros/jazzy/opt/gz_gui_vendor:/opt/ros/jazzy/opt/gz_transport_vendor:/opt/ros/jazzy/opt/gz_rendering_vendor:/opt/ros/jazzy/opt/gz_plugin_vendor:/opt/ros/jazzy/opt/gz_fuel_tools_vendor:/opt/ros/jazzy/opt/gz_msgs_vendor:/opt/ros/jazzy/opt/gz_common_vendor:/opt/ros/jazzy/opt/gz_math_vendor:/opt/ros/jazzy/opt/gz_utils_vendor:/opt/ros/jazzy/opt/gz_tools_vendor:/opt/ros/jazzy/opt/gz_ogre_next_vendor:/opt/ros/jazzy/opt/gz_dartsim_vendor:/opt/ros/jazzy/opt/gz_cmake_vendor:/home/danielwp22/ros2_ws/install/my_turtle_pkg:/home/danielwp22/ros2_ws/install/my_py_pkg:/home/danielwp22/ros2_ws/install/actions_py:/home/danielwp22/ros2_ws/install/lifecycle_py:/home/danielwp22/ros2_ws/install/executors_py:/home/danielwp22/ros2_ws/install/components_py:/opt/ros/jazzy DEBUGINFOD_URLS=https://debuginfod.ubuntu.com /usr/bin/cmake --install /home/danielwp22/arduinobot_ws/build/arduinobot_controller
