[2.517s] Invoking command in '/home/danielwp22/arduinobot_ws/build/arduinobot_remote': AMENT_PREFIX_PATH=/home/danielwp22/arduinobot_ws/install/arduinobot_moveit:/home/danielwp22/arduinobot_ws/install/arduinobot_msgs:/home/danielwp22/arduinobot_ws/install/arduinobot_description:${AMENT_PREFIX_PATH} CMAKE_PREFIX_PATH=/home/danielwp22/arduinobot_ws/install/arduinobot_moveit:/home/danielwp22/arduinobot_ws/install/arduinobot_msgs:/home/danielwp22/arduinobot_ws/install/arduinobot_description:/home/danielwp22/ros2_ws/install/my_robot_bringup:/home/danielwp22/ros2_ws/install/my_final_project:/home/danielwp22/ros2_ws/install/my_cpp_pkg:/home/danielwp22/ros2_ws/install/actions_cpp:/home/danielwp22/ros2_ws/install/my_robot_interfaces:/home/danielwp22/ros2_ws/install/my_robot_description:/home/danielwp22/ros2_ws/install/my_robot_arm_description:/home/danielwp22/ros2_ws/install/lifecycle_cpp:/home/danielwp22/ros2_ws/install/components_cpp:/opt/ros/jazzy/opt/gz_sim_vendor:/opt/ros/jazzy/opt/gz_sensors_vendor:/opt/ros/jazzy/opt/gz_physics_vendor:/opt/ros/jazzy/opt/sdformat_vendor:/opt/ros/jazzy/opt/gz_gui_vendor:/opt/ros/jazzy/opt/gz_transport_vendor:/opt/ros/jazzy/opt/gz_rendering_vendor:/opt/ros/jazzy/opt/gz_plugin_vendor:/opt/ros/jazzy/opt/gz_fuel_tools_vendor:/opt/ros/jazzy/opt/gz_msgs_vendor:/opt/ros/jazzy/opt/gz_common_vendor:/opt/ros/jazzy/opt/gz_math_vendor:/opt/ros/jazzy/opt/gz_utils_vendor:/opt/ros/jazzy/opt/gz_tools_vendor:/opt/ros/jazzy/opt/gz_ogre_next_vendor:/opt/ros/jazzy/opt/gz_dartsim_vendor:/opt/ros/jazzy/opt/gz_cmake_vendor:/home/danielwp22/ros2_ws/install/my_turtle_pkg:/home/danielwp22/ros2_ws/install/my_py_pkg:/home/danielwp22/ros2_ws/install/actions_py:/home/danielwp22/ros2_ws/install/lifecycle_py:/home/danielwp22/ros2_ws/install/executors_py:/home/danielwp22/ros2_ws/install/components_py:/opt/ros/jazzy CONDA_PROMPT_MODIFIER=(base) DEBUGINFOD_URLS=https://debuginfod.ubuntu.com LD_LIBRARY_PATH=/home/danielwp22/arduinobot_ws/install/arduinobot_msgs/lib:${LD_LIBRARY_PATH} PYTHONPATH=/home/danielwp22/arduinobot_ws/install/arduinobot_msgs/lib/python3.12/site-packages:${PYTHONPATH} /usr/bin/cmake --build /home/danielwp22/arduinobot_ws/build/arduinobot_remote -- -j4 -l4
[14.791s] [ 50%] Built target task_server
[16.038s] [ 50%] Built target ament_cmake_python_copy_arduinobot_remote
[17.333s] [100%] Built target task_server_node
[17.947s] running egg_info
[17.995s] writing arduinobot_remote.egg-info/PKG-INFO
[18.148s] writing dependency_links to arduinobot_remote.egg-info/dependency_links.txt
[18.157s] writing top-level names to arduinobot_remote.egg-info/top_level.txt
[18.310s] reading manifest file 'arduinobot_remote.egg-info/SOURCES.txt'
[18.326s] writing manifest file 'arduinobot_remote.egg-info/SOURCES.txt'
[18.454s] [100%] Built target ament_cmake_python_build_arduinobot_remote_egg
[18.473s] Invoked command in '/home/danielwp22/arduinobot_ws/build/arduinobot_remote' returned '0': AMENT_PREFIX_PATH=/home/danielwp22/arduinobot_ws/install/arduinobot_moveit:/home/danielwp22/arduinobot_ws/install/arduinobot_msgs:/home/danielwp22/arduinobot_ws/install/arduinobot_description:${AMENT_PREFIX_PATH} CMAKE_PREFIX_PATH=/home/danielwp22/arduinobot_ws/install/arduinobot_moveit:/home/danielwp22/arduinobot_ws/install/arduinobot_msgs:/home/danielwp22/arduinobot_ws/install/arduinobot_description:/home/danielwp22/ros2_ws/install/my_robot_bringup:/home/danielwp22/ros2_ws/install/my_final_project:/home/danielwp22/ros2_ws/install/my_cpp_pkg:/home/danielwp22/ros2_ws/install/actions_cpp:/home/danielwp22/ros2_ws/install/my_robot_interfaces:/home/danielwp22/ros2_ws/install/my_robot_description:/home/danielwp22/ros2_ws/install/my_robot_arm_description:/home/danielwp22/ros2_ws/install/lifecycle_cpp:/home/danielwp22/ros2_ws/install/components_cpp:/opt/ros/jazzy/opt/gz_sim_vendor:/opt/ros/jazzy/opt/gz_sensors_vendor:/opt/ros/jazzy/opt/gz_physics_vendor:/opt/ros/jazzy/opt/sdformat_vendor:/opt/ros/jazzy/opt/gz_gui_vendor:/opt/ros/jazzy/opt/gz_transport_vendor:/opt/ros/jazzy/opt/gz_rendering_vendor:/opt/ros/jazzy/opt/gz_plugin_vendor:/opt/ros/jazzy/opt/gz_fuel_tools_vendor:/opt/ros/jazzy/opt/gz_msgs_vendor:/opt/ros/jazzy/opt/gz_common_vendor:/opt/ros/jazzy/opt/gz_math_vendor:/opt/ros/jazzy/opt/gz_utils_vendor:/opt/ros/jazzy/opt/gz_tools_vendor:/opt/ros/jazzy/opt/gz_ogre_next_vendor:/opt/ros/jazzy/opt/gz_dartsim_vendor:/opt/ros/jazzy/opt/gz_cmake_vendor:/home/danielwp22/ros2_ws/install/my_turtle_pkg:/home/danielwp22/ros2_ws/install/my_py_pkg:/home/danielwp22/ros2_ws/install/actions_py:/home/danielwp22/ros2_ws/install/lifecycle_py:/home/danielwp22/ros2_ws/install/executors_py:/home/danielwp22/ros2_ws/install/components_py:/opt/ros/jazzy CONDA_PROMPT_MODIFIER=(base) DEBUGINFOD_URLS=https://debuginfod.ubuntu.com LD_LIBRARY_PATH=/home/danielwp22/arduinobot_ws/install/arduinobot_msgs/lib:${LD_LIBRARY_PATH} PYTHONPATH=/home/danielwp22/arduinobot_ws/install/arduinobot_msgs/lib/python3.12/site-packages:${PYTHONPATH} /usr/bin/cmake --build /home/danielwp22/arduinobot_ws/build/arduinobot_remote -- -j4 -l4
[18.760s] Invoking command in '/home/danielwp22/arduinobot_ws/build/arduinobot_remote': AMENT_PREFIX_PATH=/home/danielwp22/arduinobot_ws/install/arduinobot_moveit:/home/danielwp22/arduinobot_ws/install/arduinobot_msgs:/home/danielwp22/arduinobot_ws/install/arduinobot_description:${AMENT_PREFIX_PATH} CMAKE_PREFIX_PATH=/home/danielwp22/arduinobot_ws/install/arduinobot_moveit:/home/danielwp22/arduinobot_ws/install/arduinobot_msgs:/home/danielwp22/arduinobot_ws/install/arduinobot_description:/home/danielwp22/ros2_ws/install/my_robot_bringup:/home/danielwp22/ros2_ws/install/my_final_project:/home/danielwp22/ros2_ws/install/my_cpp_pkg:/home/danielwp22/ros2_ws/install/actions_cpp:/home/danielwp22/ros2_ws/install/my_robot_interfaces:/home/danielwp22/ros2_ws/install/my_robot_description:/home/danielwp22/ros2_ws/install/my_robot_arm_description:/home/danielwp22/ros2_ws/install/lifecycle_cpp:/home/danielwp22/ros2_ws/install/components_cpp:/opt/ros/jazzy/opt/gz_sim_vendor:/opt/ros/jazzy/opt/gz_sensors_vendor:/opt/ros/jazzy/opt/gz_physics_vendor:/opt/ros/jazzy/opt/sdformat_vendor:/opt/ros/jazzy/opt/gz_gui_vendor:/opt/ros/jazzy/opt/gz_transport_vendor:/opt/ros/jazzy/opt/gz_rendering_vendor:/opt/ros/jazzy/opt/gz_plugin_vendor:/opt/ros/jazzy/opt/gz_fuel_tools_vendor:/opt/ros/jazzy/opt/gz_msgs_vendor:/opt/ros/jazzy/opt/gz_common_vendor:/opt/ros/jazzy/opt/gz_math_vendor:/opt/ros/jazzy/opt/gz_utils_vendor:/opt/ros/jazzy/opt/gz_tools_vendor:/opt/ros/jazzy/opt/gz_ogre_next_vendor:/opt/ros/jazzy/opt/gz_dartsim_vendor:/opt/ros/jazzy/opt/gz_cmake_vendor:/home/danielwp22/ros2_ws/install/my_turtle_pkg:/home/danielwp22/ros2_ws/install/my_py_pkg:/home/danielwp22/ros2_ws/install/actions_py:/home/danielwp22/ros2_ws/install/lifecycle_py:/home/danielwp22/ros2_ws/install/executors_py:/home/danielwp22/ros2_ws/install/components_py:/opt/ros/jazzy CONDA_PROMPT_MODIFIER=(base) DEBUGINFOD_URLS=https://debuginfod.ubuntu.com LD_LIBRARY_PATH=/home/danielwp22/arduinobot_ws/install/arduinobot_msgs/lib:${LD_LIBRARY_PATH} PYTHONPATH=/home/danielwp22/arduinobot_ws/install/arduinobot_msgs/lib/python3.12/site-packages:${PYTHONPATH} /usr/bin/cmake --install /home/danielwp22/arduinobot_ws/build/arduinobot_remote
[18.876s] -- Install configuration: ""
[19.185s] -- Up-to-date: /home/danielwp22/arduinobot_ws/install/arduinobot_remote/lib/arduinobot_remote/task_server_node
[19.186s] -- Up-to-date: /home/danielwp22/arduinobot_ws/install/arduinobot_remote/share/arduinobot_remote/environment/pythonpath.sh
[19.186s] -- Up-to-date: /home/danielwp22/arduinobot_ws/install/arduinobot_remote/share/arduinobot_remote/environment/pythonpath.dsv
[19.186s] -- Up-to-date: /home/danielwp22/arduinobot_ws/install/arduinobot_remote/lib/python3.12/site-packages/arduinobot_remote-0.0.0-py3.12.egg-info
[19.186s] -- Installing: /home/danielwp22/arduinobot_ws/install/arduinobot_remote/lib/python3.12/site-packages/arduinobot_remote-0.0.0-py3.12.egg-info/PKG-INFO
[19.187s] -- Installing: /home/danielwp22/arduinobot_ws/install/arduinobot_remote/lib/python3.12/site-packages/arduinobot_remote-0.0.0-py3.12.egg-info/SOURCES.txt
[19.187s] -- Installing: /home/danielwp22/arduinobot_ws/install/arduinobot_remote/lib/python3.12/site-packages/arduinobot_remote-0.0.0-py3.12.egg-info/top_level.txt
[19.187s] -- Installing: /home/danielwp22/arduinobot_ws/install/arduinobot_remote/lib/python3.12/site-packages/arduinobot_remote-0.0.0-py3.12.egg-info/dependency_links.txt
[19.188s] -- Up-to-date: /home/danielwp22/arduinobot_ws/install/arduinobot_remote/lib/python3.12/site-packages/arduinobot_remote
[19.188s] -- Up-to-date: /home/danielwp22/arduinobot_ws/install/arduinobot_remote/lib/python3.12/site-packages/arduinobot_remote/__init__.py
[19.188s] -- Installing: /home/danielwp22/arduinobot_ws/install/arduinobot_remote/lib/python3.12/site-packages/arduinobot_remote/alexa_interface.py
[19.189s] -- Up-to-date: /home/danielwp22/arduinobot_ws/install/arduinobot_remote/lib/python3.12/site-packages/arduinobot_remote/task_server.py
[19.312s] Listing '/home/danielwp22/arduinobot_ws/install/arduinobot_remote/lib/python3.12/site-packages/arduinobot_remote'...
[19.312s] Compiling '/home/danielwp22/arduinobot_ws/install/arduinobot_remote/lib/python3.12/site-packages/arduinobot_remote/alexa_interface.py'...
[19.330s] -- Up-to-date: /home/danielwp22/arduinobot_ws/install/arduinobot_remote/share/arduinobot_remote/launch
[19.330s] -- Up-to-date: /home/danielwp22/arduinobot_ws/install/arduinobot_remote/share/arduinobot_remote/launch/remote_interface.launch.py
[19.418s] -- Up-to-date: /home/danielwp22/arduinobot_ws/install/arduinobot_remote/lib/libtask_server.so
[19.418s] -- Up-to-date: /home/danielwp22/arduinobot_ws/install/arduinobot_remote/lib/arduinobot_remote/task_server.py
[19.418s] -- Installing: /home/danielwp22/arduinobot_ws/install/arduinobot_remote/lib/arduinobot_remote/alexa_interface.py
[19.418s] -- Up-to-date: /home/danielwp22/arduinobot_ws/install/arduinobot_remote/share/ament_index/resource_index/package_run_dependencies/arduinobot_remote
[19.418s] -- Up-to-date: /home/danielwp22/arduinobot_ws/install/arduinobot_remote/share/ament_index/resource_index/parent_prefix_path/arduinobot_remote
[19.418s] -- Up-to-date: /home/danielwp22/arduinobot_ws/install/arduinobot_remote/share/arduinobot_remote/environment/ament_prefix_path.sh
[19.420s] -- Up-to-date: /home/danielwp22/arduinobot_ws/install/arduinobot_remote/share/arduinobot_remote/environment/ament_prefix_path.dsv
[19.420s] -- Up-to-date: /home/danielwp22/arduinobot_ws/install/arduinobot_remote/share/arduinobot_remote/environment/path.sh
[19.420s] -- Up-to-date: /home/danielwp22/arduinobot_ws/install/arduinobot_remote/share/arduinobot_remote/environment/path.dsv
[19.420s] -- Up-to-date: /home/danielwp22/arduinobot_ws/install/arduinobot_remote/share/arduinobot_remote/local_setup.bash
[19.421s] -- Up-to-date: /home/danielwp22/arduinobot_ws/install/arduinobot_remote/share/arduinobot_remote/local_setup.sh
[19.421s] -- Up-to-date: /home/danielwp22/arduinobot_ws/install/arduinobot_remote/share/arduinobot_remote/local_setup.zsh
[19.421s] -- Up-to-date: /home/danielwp22/arduinobot_ws/install/arduinobot_remote/share/arduinobot_remote/local_setup.dsv
[19.421s] -- Installing: /home/danielwp22/arduinobot_ws/install/arduinobot_remote/share/arduinobot_remote/package.dsv
[19.451s] -- Up-to-date: /home/danielwp22/arduinobot_ws/install/arduinobot_remote/share/ament_index/resource_index/packages/arduinobot_remote
[19.451s] -- Up-to-date: /home/danielwp22/arduinobot_ws/install/arduinobot_remote/share/ament_index/resource_index/rclcpp_components/arduinobot_remote
[19.451s] -- Up-to-date: /home/danielwp22/arduinobot_ws/install/arduinobot_remote/share/arduinobot_remote/cmake/arduinobot_remoteConfig.cmake
[19.451s] -- Up-to-date: /home/danielwp22/arduinobot_ws/install/arduinobot_remote/share/arduinobot_remote/cmake/arduinobot_remoteConfig-version.cmake
[19.451s] -- Up-to-date: /home/danielwp22/arduinobot_ws/install/arduinobot_remote/share/arduinobot_remote/package.xml
[19.519s] Invoked command in '/home/danielwp22/arduinobot_ws/build/arduinobot_remote' returned '0': AMENT_PREFIX_PATH=/home/danielwp22/arduinobot_ws/install/arduinobot_moveit:/home/danielwp22/arduinobot_ws/install/arduinobot_msgs:/home/danielwp22/arduinobot_ws/install/arduinobot_description:${AMENT_PREFIX_PATH} CMAKE_PREFIX_PATH=/home/danielwp22/arduinobot_ws/install/arduinobot_moveit:/home/danielwp22/arduinobot_ws/install/arduinobot_msgs:/home/danielwp22/arduinobot_ws/install/arduinobot_description:/home/danielwp22/ros2_ws/install/my_robot_bringup:/home/danielwp22/ros2_ws/install/my_final_project:/home/danielwp22/ros2_ws/install/my_cpp_pkg:/home/danielwp22/ros2_ws/install/actions_cpp:/home/danielwp22/ros2_ws/install/my_robot_interfaces:/home/danielwp22/ros2_ws/install/my_robot_description:/home/danielwp22/ros2_ws/install/my_robot_arm_description:/home/danielwp22/ros2_ws/install/lifecycle_cpp:/home/danielwp22/ros2_ws/install/components_cpp:/opt/ros/jazzy/opt/gz_sim_vendor:/opt/ros/jazzy/opt/gz_sensors_vendor:/opt/ros/jazzy/opt/gz_physics_vendor:/opt/ros/jazzy/opt/sdformat_vendor:/opt/ros/jazzy/opt/gz_gui_vendor:/opt/ros/jazzy/opt/gz_transport_vendor:/opt/ros/jazzy/opt/gz_rendering_vendor:/opt/ros/jazzy/opt/gz_plugin_vendor:/opt/ros/jazzy/opt/gz_fuel_tools_vendor:/opt/ros/jazzy/opt/gz_msgs_vendor:/opt/ros/jazzy/opt/gz_common_vendor:/opt/ros/jazzy/opt/gz_math_vendor:/opt/ros/jazzy/opt/gz_utils_vendor:/opt/ros/jazzy/opt/gz_tools_vendor:/opt/ros/jazzy/opt/gz_ogre_next_vendor:/opt/ros/jazzy/opt/gz_dartsim_vendor:/opt/ros/jazzy/opt/gz_cmake_vendor:/home/danielwp22/ros2_ws/install/my_turtle_pkg:/home/danielwp22/ros2_ws/install/my_py_pkg:/home/danielwp22/ros2_ws/install/actions_py:/home/danielwp22/ros2_ws/install/lifecycle_py:/home/danielwp22/ros2_ws/install/executors_py:/home/danielwp22/ros2_ws/install/components_py:/opt/ros/jazzy CONDA_PROMPT_MODIFIER=(base) DEBUGINFOD_URLS=https://debuginfod.ubuntu.com LD_LIBRARY_PATH=/home/danielwp22/arduinobot_ws/install/arduinobot_msgs/lib:${LD_LIBRARY_PATH} PYTHONPATH=/home/danielwp22/arduinobot_ws/install/arduinobot_msgs/lib/python3.12/site-packages:${PYTHONPATH} /usr/bin/cmake --install /home/danielwp22/arduinobot_ws/build/arduinobot_remote
