[0.443s] Invoking command in '/home/danielwp22/arduinobot_ws/build/arduinobot_description': CMAKE_PREFIX_PATH=${CMAKE_PREFIX_PATH}:/home/danielwp22/ros2_ws/install/my_turtle_pkg:/home/danielwp22/ros2_ws/install/my_py_pkg:/home/danielwp22/ros2_ws/install/actions_py:/home/danielwp22/ros2_ws/install/lifecycle_py:/home/danielwp22/ros2_ws/install/executors_py:/home/danielwp22/ros2_ws/install/components_py:/opt/ros/jazzy DEBUGINFOD_URLS=https://debuginfod.ubuntu.com /usr/bin/cmake --build /home/danielwp22/arduinobot_ws/build/arduinobot_description -- -j4 -l4
[1.747s] Invoked command in '/home/danielwp22/arduinobot_ws/build/arduinobot_description' returned '0': CMAKE_PREFIX_PATH=${CMAKE_PREFIX_PATH}:/home/danielwp22/ros2_ws/install/my_turtle_pkg:/home/danielwp22/ros2_ws/install/my_py_pkg:/home/danielwp22/ros2_ws/install/actions_py:/home/danielwp22/ros2_ws/install/lifecycle_py:/home/danielwp22/ros2_ws/install/executors_py:/home/danielwp22/ros2_ws/install/components_py:/opt/ros/jazzy DEBUGINFOD_URLS=https://debuginfod.ubuntu.com /usr/bin/cmake --build /home/danielwp22/arduinobot_ws/build/arduinobot_description -- -j4 -l4
[1.921s] Invoking command in '/home/danielwp22/arduinobot_ws/build/arduinobot_description': CMAKE_PREFIX_PATH=${CMAKE_PREFIX_PATH}:/home/danielwp22/ros2_ws/install/my_turtle_pkg:/home/danielwp22/ros2_ws/install/my_py_pkg:/home/danielwp22/ros2_ws/install/actions_py:/home/danielwp22/ros2_ws/install/lifecycle_py:/home/danielwp22/ros2_ws/install/executors_py:/home/danielwp22/ros2_ws/install/components_py:/opt/ros/jazzy DEBUGINFOD_URLS=https://debuginfod.ubuntu.com /usr/bin/cmake --install /home/danielwp22/arduinobot_ws/build/arduinobot_description
[1.950s] -- Install configuration: ""
[1.950s] -- Up-to-date: /home/danielwp22/arduinobot_ws/install/arduinobot_description/share/arduinobot_description/launch
[1.950s] -- Up-to-date: /home/danielwp22/arduinobot_ws/install/arduinobot_description/share/arduinobot_description/launch/display.launch.py
[1.951s] -- Up-to-date: /home/danielwp22/arduinobot_ws/install/arduinobot_description/share/arduinobot_description/launch/gazebo.launch.py
[1.951s] -- Up-to-date: /home/danielwp22/arduinobot_ws/install/arduinobot_description/share/arduinobot_description/meshes
[1.952s] -- Up-to-date: /home/danielwp22/arduinobot_ws/install/arduinobot_description/share/arduinobot_description/meshes/left_finger.STL
[1.953s] -- Up-to-date: /home/danielwp22/arduinobot_ws/install/arduinobot_description/share/arduinobot_description/meshes/servo_plate.STL
[1.953s] -- Up-to-date: /home/danielwp22/arduinobot_ws/install/arduinobot_description/share/arduinobot_description/meshes/right_finger.STL
[1.953s] -- Up-to-date: /home/danielwp22/arduinobot_ws/install/arduinobot_description/share/arduinobot_description/meshes/link.STL
[1.953s] -- Up-to-date: /home/danielwp22/arduinobot_ws/install/arduinobot_description/share/arduinobot_description/meshes/claw_support.STL
[1.954s] -- Up-to-date: /home/danielwp22/arduinobot_ws/install/arduinobot_description/share/arduinobot_description/meshes/horizontal_arm.STL
[1.955s] -- Up-to-date: /home/danielwp22/arduinobot_ws/install/arduinobot_description/share/arduinobot_description/meshes/triangular_link.STL
[1.955s] -- Up-to-date: /home/danielwp22/arduinobot_ws/install/arduinobot_description/share/arduinobot_description/meshes/forward_drive_arm.STL
[1.956s] -- Up-to-date: /home/danielwp22/arduinobot_ws/install/arduinobot_description/share/arduinobot_description/meshes/basement.STL
[1.956s] -- Up-to-date: /home/danielwp22/arduinobot_ws/install/arduinobot_description/share/arduinobot_description/meshes/round_plate.STL
[1.957s] -- Up-to-date: /home/danielwp22/arduinobot_ws/install/arduinobot_description/share/arduinobot_description/meshes/base_plate.STL
[1.957s] -- Up-to-date: /home/danielwp22/arduinobot_ws/install/arduinobot_description/share/arduinobot_description/meshes/vertical_drive_arm.STL
[1.957s] -- Up-to-date: /home/danielwp22/arduinobot_ws/install/arduinobot_description/share/arduinobot_description/meshes/plate.STL
[1.958s] -- Up-to-date: /home/danielwp22/arduinobot_ws/install/arduinobot_description/share/arduinobot_description/urdf
[1.960s] -- Up-to-date: /home/danielwp22/arduinobot_ws/install/arduinobot_description/share/arduinobot_description/urdf/arduinobot_ros2_control.xacro
[1.961s] -- Up-to-date: /home/danielwp22/arduinobot_ws/install/arduinobot_description/share/arduinobot_description/urdf/arduinobot.urdf.xacro
[1.961s] -- Up-to-date: /home/danielwp22/arduinobot_ws/install/arduinobot_description/share/arduinobot_description/urdf/arduinobot_gazebo.xacro
[1.961s] -- Up-to-date: /home/danielwp22/arduinobot_ws/install/arduinobot_description/share/arduinobot_description/rviz
[1.962s] -- Up-to-date: /home/danielwp22/arduinobot_ws/install/arduinobot_description/share/arduinobot_description/rviz/display.rviz
[1.962s] -- Up-to-date: /home/danielwp22/arduinobot_ws/install/arduinobot_description/share/ament_index/resource_index/package_run_dependencies/arduinobot_description
[1.962s] -- Up-to-date: /home/danielwp22/arduinobot_ws/install/arduinobot_description/share/ament_index/resource_index/parent_prefix_path/arduinobot_description
[1.962s] -- Up-to-date: /home/danielwp22/arduinobot_ws/install/arduinobot_description/share/arduinobot_description/environment/ament_prefix_path.sh
[1.962s] -- Up-to-date: /home/danielwp22/arduinobot_ws/install/arduinobot_description/share/arduinobot_description/environment/ament_prefix_path.dsv
[1.962s] -- Up-to-date: /home/danielwp22/arduinobot_ws/install/arduinobot_description/share/arduinobot_description/environment/path.sh
[1.963s] -- Up-to-date: /home/danielwp22/arduinobot_ws/install/arduinobot_description/share/arduinobot_description/environment/path.dsv
[1.963s] -- Up-to-date: /home/danielwp22/arduinobot_ws/install/arduinobot_description/share/arduinobot_description/local_setup.bash
[1.963s] -- Up-to-date: /home/danielwp22/arduinobot_ws/install/arduinobot_description/share/arduinobot_description/local_setup.sh
[1.963s] -- Up-to-date: /home/danielwp22/arduinobot_ws/install/arduinobot_description/share/arduinobot_description/local_setup.zsh
[1.963s] -- Up-to-date: /home/danielwp22/arduinobot_ws/install/arduinobot_description/share/arduinobot_description/local_setup.dsv
[1.964s] -- Installing: /home/danielwp22/arduinobot_ws/install/arduinobot_description/share/arduinobot_description/package.dsv
[1.964s] -- Up-to-date: /home/danielwp22/arduinobot_ws/install/arduinobot_description/share/ament_index/resource_index/packages/arduinobot_description
[1.964s] -- Up-to-date: /home/danielwp22/arduinobot_ws/install/arduinobot_description/share/arduinobot_description/cmake/arduinobot_descriptionConfig.cmake
[1.964s] -- Up-to-date: /home/danielwp22/arduinobot_ws/install/arduinobot_description/share/arduinobot_description/cmake/arduinobot_descriptionConfig-version.cmake
[1.964s] -- Up-to-date: /home/danielwp22/arduinobot_ws/install/arduinobot_description/share/arduinobot_description/package.xml
[1.965s] Invoked command in '/home/danielwp22/arduinobot_ws/build/arduinobot_description' returned '0': CMAKE_PREFIX_PATH=${CMAKE_PREFIX_PATH}:/home/danielwp22/ros2_ws/install/my_turtle_pkg:/home/danielwp22/ros2_ws/install/my_py_pkg:/home/danielwp22/ros2_ws/install/actions_py:/home/danielwp22/ros2_ws/install/lifecycle_py:/home/danielwp22/ros2_ws/install/executors_py:/home/danielwp22/ros2_ws/install/components_py:/opt/ros/jazzy DEBUGINFOD_URLS=https://debuginfod.ubuntu.com /usr/bin/cmake --install /home/danielwp22/arduinobot_ws/build/arduinobot_description
