[3.605s] DEBUG:colcon:Command line arguments: ['/usr/bin/colcon', 'build']
[3.606s] DEBUG:colcon:Parsed command line arguments: Namespace(log_base=None, log_level=None, verb_name='build', build_base='build', install_base='install', merge_install=False, symlink_install=False, test_result_base=None, continue_on_error=False, executor='parallel', parallel_workers=4, event_handlers=None, ignore_user_meta=False, metas=['./colcon.meta'], base_paths=['.'], packages_ignore=None, packages_ignore_regex=None, paths=None, packages_up_to=None, packages_up_to_regex=None, packages_above=None, packages_above_and_dependencies=None, packages_above_depth=None, packages_select_by_dep=None, packages_skip_by_dep=None, packages_skip_up_to=None, packages_select_build_failed=False, packages_skip_build_finished=False, packages_select_test_failures=False, packages_skip_test_passed=False, packages_select=None, packages_skip=None, packages_select_regex=None, packages_skip_regex=None, packages_start=None, packages_end=None, allow_overriding=[], cmake_args=None, cmake_target=None, cmake_target_skip_unavailable=False, cmake_clean_cache=False, cmake_clean_first=False, cmake_force_configure=False, ament_cmake_args=None, catkin_cmake_args=None, catkin_skip_building_tests=False, mixin_files=None, mixin=None, verb_parser=<colcon_mixin.mixin.mixin_argument.MixinArgumentDecorator object at 0x7fddba9aab10>, verb_extension=<colcon_core.verb.build.BuildVerb object at 0x7fddbb016750>, main=<bound method BuildVerb.main of <colcon_core.verb.build.BuildVerb object at 0x7fddbb016750>>, mixin_verb=('build',))
[4.029s] Level 1:colcon.colcon_core.package_discovery:discover_packages(colcon_meta) check parameters
[4.030s] Level 1:colcon.colcon_core.package_discovery:discover_packages(recursive) check parameters
[4.030s] Level 1:colcon.colcon_core.package_discovery:discover_packages(ignore) check parameters
[4.030s] Level 1:colcon.colcon_core.package_discovery:discover_packages(path) check parameters
[4.030s] Level 1:colcon.colcon_core.package_discovery:discover_packages(colcon_meta) discover
[4.030s] Level 1:colcon.colcon_core.package_discovery:discover_packages(recursive) discover
[4.031s] INFO:colcon.colcon_core.package_discovery:Crawling recursively for packages in '/home/danielwp22/arduinobot_ws'
[4.031s] Level 1:colcon.colcon_core.package_identification:_identify(.) by extensions ['ignore', 'ignore_ament_install']
[4.031s] Level 1:colcon.colcon_core.package_identification:_identify(.) by extension 'ignore'
[4.032s] Level 1:colcon.colcon_core.package_identification:_identify(.) by extension 'ignore_ament_install'
[4.032s] Level 1:colcon.colcon_core.package_identification:_identify(.) by extensions ['colcon_pkg']
[4.032s] Level 1:colcon.colcon_core.package_identification:_identify(.) by extension 'colcon_pkg'
[4.032s] Level 1:colcon.colcon_core.package_identification:_identify(.) by extensions ['colcon_meta']
[4.033s] Level 1:colcon.colcon_core.package_identification:_identify(.) by extension 'colcon_meta'
[4.033s] Level 1:colcon.colcon_core.package_identification:_identify(.) by extensions ['ros']
[4.033s] Level 1:colcon.colcon_core.package_identification:_identify(.) by extension 'ros'
[4.237s] Level 1:colcon.colcon_core.package_identification:_identify(.) by extensions ['cmake', 'python']
[4.237s] Level 1:colcon.colcon_core.package_identification:_identify(.) by extension 'cmake'
[4.237s] Level 1:colcon.colcon_core.package_identification:_identify(.) by extension 'python'
[4.237s] Level 1:colcon.colcon_core.package_identification:_identify(.) by extensions ['python_setup_py']
[4.237s] Level 1:colcon.colcon_core.package_identification:_identify(.) by extension 'python_setup_py'
[4.237s] Level 1:colcon.colcon_core.package_identification:_identify(build) by extensions ['ignore', 'ignore_ament_install']
[4.237s] Level 1:colcon.colcon_core.package_identification:_identify(build) by extension 'ignore'
[4.237s] Level 1:colcon.colcon_core.package_identification:_identify(build) ignored
[4.238s] Level 1:colcon.colcon_core.package_identification:_identify(install) by extensions ['ignore', 'ignore_ament_install']
[4.238s] Level 1:colcon.colcon_core.package_identification:_identify(install) by extension 'ignore'
[4.238s] Level 1:colcon.colcon_core.package_identification:_identify(install) ignored
[4.238s] Level 1:colcon.colcon_core.package_identification:_identify(log) by extensions ['ignore', 'ignore_ament_install']
[4.238s] Level 1:colcon.colcon_core.package_identification:_identify(log) by extension 'ignore'
[4.238s] Level 1:colcon.colcon_core.package_identification:_identify(log) ignored
[4.238s] Level 1:colcon.colcon_core.package_identification:_identify(src) by extensions ['ignore', 'ignore_ament_install']
[4.238s] Level 1:colcon.colcon_core.package_identification:_identify(src) by extension 'ignore'
[4.238s] Level 1:colcon.colcon_core.package_identification:_identify(src) by extension 'ignore_ament_install'
[4.239s] Level 1:colcon.colcon_core.package_identification:_identify(src) by extensions ['colcon_pkg']
[4.239s] Level 1:colcon.colcon_core.package_identification:_identify(src) by extension 'colcon_pkg'
[4.239s] Level 1:colcon.colcon_core.package_identification:_identify(src) by extensions ['colcon_meta']
[4.239s] Level 1:colcon.colcon_core.package_identification:_identify(src) by extension 'colcon_meta'
[4.239s] Level 1:colcon.colcon_core.package_identification:_identify(src) by extensions ['ros']
[4.239s] Level 1:colcon.colcon_core.package_identification:_identify(src) by extension 'ros'
[4.239s] Level 1:colcon.colcon_core.package_identification:_identify(src) by extensions ['cmake', 'python']
[4.239s] Level 1:colcon.colcon_core.package_identification:_identify(src) by extension 'cmake'
[4.239s] Level 1:colcon.colcon_core.package_identification:_identify(src) by extension 'python'
[4.239s] Level 1:colcon.colcon_core.package_identification:_identify(src) by extensions ['python_setup_py']
[4.239s] Level 1:colcon.colcon_core.package_identification:_identify(src) by extension 'python_setup_py'
[4.239s] Level 1:colcon.colcon_core.package_discovery:discover_packages(recursive) using defaults
[4.239s] Level 1:colcon.colcon_core.package_discovery:discover_packages(ignore) discover
[4.239s] Level 1:colcon.colcon_core.package_discovery:discover_packages(ignore) using defaults
[4.239s] Level 1:colcon.colcon_core.package_discovery:discover_packages(path) discover
[4.239s] Level 1:colcon.colcon_core.package_discovery:discover_packages(path) using defaults
[4.455s] Level 1:colcon.colcon_core.package_discovery:discover_packages(prefix_path) check parameters
[4.455s] Level 1:colcon.colcon_core.package_discovery:discover_packages(prefix_path) discover
[4.786s] DEBUG:colcon.colcon_installed_package_information.package_discovery:Found 15 installed packages in /home/danielwp22/ros2_ws/install
[4.817s] DEBUG:colcon.colcon_installed_package_information.package_discovery:Found 444 installed packages in /opt/ros/jazzy
[4.825s] Level 1:colcon.colcon_core.package_discovery:discover_packages(prefix_path) using defaults
[10.328s] INFO:colcon.colcon_core.executor:Executing jobs using 'parallel' executor
[10.328s] DEBUG:colcon.colcon_parallel_executor.executor.parallel:run_until_complete
[10.329s] DEBUG:colcon.colcon_parallel_executor.executor.parallel:closing loop
[10.329s] DEBUG:colcon.colcon_parallel_executor.executor.parallel:loop closed
[10.329s] DEBUG:colcon.colcon_parallel_executor.executor.parallel:run_until_complete finished with '0'
[10.329s] DEBUG:colcon.colcon_core.event_reactor:joining thread
[10.381s] INFO:colcon.colcon_core.plugin_system:Skipping extension 'colcon_notification.desktop_notification.terminal_notifier': Not used on non-Darwin systems
[10.381s] INFO:colcon.colcon_core.plugin_system:Skipping extension 'colcon_notification.desktop_notification.win32': Not used on non-Windows systems
[10.381s] INFO:colcon.colcon_notification.desktop_notification:Sending desktop notification using 'notify2'
[10.415s] DEBUG:colcon.colcon_core.event_reactor:joined thread
[10.480s] INFO:colcon.colcon_core.plugin_system:Skipping extension 'colcon_core.shell.bat': Not used on non-Windows systems
[10.481s] INFO:colcon.colcon_core.shell:Creating prefix script '/home/danielwp22/arduinobot_ws/install/local_setup.ps1'
[10.492s] INFO:colcon.colcon_core.shell:Creating prefix util module '/home/danielwp22/arduinobot_ws/install/_local_setup_util_ps1.py'
[10.505s] INFO:colcon.colcon_core.shell:Creating prefix chain script '/home/danielwp22/arduinobot_ws/install/setup.ps1'
[10.513s] INFO:colcon.colcon_core.shell:Creating prefix script '/home/danielwp22/arduinobot_ws/install/local_setup.sh'
[10.519s] INFO:colcon.colcon_core.shell:Creating prefix util module '/home/danielwp22/arduinobot_ws/install/_local_setup_util_sh.py'
[10.522s] INFO:colcon.colcon_core.shell:Creating prefix chain script '/home/danielwp22/arduinobot_ws/install/setup.sh'
[10.530s] INFO:colcon.colcon_core.shell:Creating prefix script '/home/danielwp22/arduinobot_ws/install/local_setup.bash'
[10.537s] INFO:colcon.colcon_core.shell:Creating prefix chain script '/home/danielwp22/arduinobot_ws/install/setup.bash'
[10.545s] INFO:colcon.colcon_core.shell:Creating prefix script '/home/danielwp22/arduinobot_ws/install/local_setup.zsh'
[10.552s] INFO:colcon.colcon_core.shell:Creating prefix chain script '/home/danielwp22/arduinobot_ws/install/setup.zsh'
