[0.145s] DEBUG:colcon:Command line arguments: ['/usr/bin/colcon', 'build']
[0.145s] DEBUG:colcon:Parsed command line arguments: Namespace(log_base=None, log_level=None, verb_name='build', build_base='build', install_base='install', merge_install=False, symlink_install=False, test_result_base=None, continue_on_error=False, executor='parallel', parallel_workers=4, event_handlers=None, ignore_user_meta=False, metas=['./colcon.meta'], base_paths=['.'], packages_ignore=None, packages_ignore_regex=None, paths=None, packages_up_to=None, packages_up_to_regex=None, packages_above=None, packages_above_and_dependencies=None, packages_above_depth=None, packages_select_by_dep=None, packages_skip_by_dep=None, packages_skip_up_to=None, packages_select_build_failed=False, packages_skip_build_finished=False, packages_select_test_failures=False, packages_skip_test_passed=False, packages_select=None, packages_skip=None, packages_select_regex=None, packages_skip_regex=None, packages_start=None, packages_end=None, allow_overriding=[], cmake_args=None, cmake_target=None, cmake_target_skip_unavailable=False, cmake_clean_cache=False, cmake_clean_first=False, cmake_force_configure=False, ament_cmake_args=None, catkin_cmake_args=None, catkin_skip_building_tests=False, mixin_files=None, mixin=None, verb_parser=<colcon_mixin.mixin.mixin_argument.MixinArgumentDecorator object at 0x74d2b96fd0d0>, verb_extension=<colcon_core.verb.build.BuildVerb object at 0x74d2b962d6d0>, main=<bound method BuildVerb.main of <colcon_core.verb.build.BuildVerb object at 0x74d2b962d6d0>>, mixin_verb=('build',))
[0.189s] Level 1:colcon.colcon_core.package_discovery:discover_packages(colcon_meta) check parameters
[0.189s] Level 1:colcon.colcon_core.package_discovery:discover_packages(recursive) check parameters
[0.189s] Level 1:colcon.colcon_core.package_discovery:discover_packages(ignore) check parameters
[0.189s] Level 1:colcon.colcon_core.package_discovery:discover_packages(path) check parameters
[0.189s] Level 1:colcon.colcon_core.package_discovery:discover_packages(colcon_meta) discover
[0.189s] Level 1:colcon.colcon_core.package_discovery:discover_packages(recursive) discover
[0.190s] INFO:colcon.colcon_core.package_discovery:Crawling recursively for packages in '/home/danielwp22/arduinobot_ws'
[0.190s] Level 1:colcon.colcon_core.package_identification:_identify(.) by extensions ['ignore', 'ignore_ament_install']
[0.190s] Level 1:colcon.colcon_core.package_identification:_identify(.) by extension 'ignore'
[0.190s] Level 1:colcon.colcon_core.package_identification:_identify(.) by extension 'ignore_ament_install'
[0.190s] Level 1:colcon.colcon_core.package_identification:_identify(.) by extensions ['colcon_pkg']
[0.190s] Level 1:colcon.colcon_core.package_identification:_identify(.) by extension 'colcon_pkg'
[0.190s] Level 1:colcon.colcon_core.package_identification:_identify(.) by extensions ['colcon_meta']
[0.190s] Level 1:colcon.colcon_core.package_identification:_identify(.) by extension 'colcon_meta'
[0.190s] Level 1:colcon.colcon_core.package_identification:_identify(.) by extensions ['ros']
[0.190s] Level 1:colcon.colcon_core.package_identification:_identify(.) by extension 'ros'
[0.216s] Level 1:colcon.colcon_core.package_identification:_identify(.) by extensions ['cmake', 'python']
[0.217s] Level 1:colcon.colcon_core.package_identification:_identify(.) by extension 'cmake'
[0.217s] Level 1:colcon.colcon_core.package_identification:_identify(.) by extension 'python'
[0.217s] Level 1:colcon.colcon_core.package_identification:_identify(.) by extensions ['python_setup_py']
[0.217s] Level 1:colcon.colcon_core.package_identification:_identify(.) by extension 'python_setup_py'
[0.217s] Level 1:colcon.colcon_core.package_identification:_identify(build) by extensions ['ignore', 'ignore_ament_install']
[0.217s] Level 1:colcon.colcon_core.package_identification:_identify(build) by extension 'ignore'
[0.217s] Level 1:colcon.colcon_core.package_identification:_identify(build) ignored
[0.217s] Level 1:colcon.colcon_core.package_identification:_identify(install) by extensions ['ignore', 'ignore_ament_install']
[0.217s] Level 1:colcon.colcon_core.package_identification:_identify(install) by extension 'ignore'
[0.217s] Level 1:colcon.colcon_core.package_identification:_identify(install) ignored
[0.217s] Level 1:colcon.colcon_core.package_identification:_identify(log) by extensions ['ignore', 'ignore_ament_install']
[0.218s] Level 1:colcon.colcon_core.package_identification:_identify(log) by extension 'ignore'
[0.218s] Level 1:colcon.colcon_core.package_identification:_identify(log) ignored
[0.218s] Level 1:colcon.colcon_core.package_identification:_identify(src) by extensions ['ignore', 'ignore_ament_install']
[0.218s] Level 1:colcon.colcon_core.package_identification:_identify(src) by extension 'ignore'
[0.218s] Level 1:colcon.colcon_core.package_identification:_identify(src) by extension 'ignore_ament_install'
[0.218s] Level 1:colcon.colcon_core.package_identification:_identify(src) by extensions ['colcon_pkg']
[0.218s] Level 1:colcon.colcon_core.package_identification:_identify(src) by extension 'colcon_pkg'
[0.218s] Level 1:colcon.colcon_core.package_identification:_identify(src) by extensions ['colcon_meta']
[0.218s] Level 1:colcon.colcon_core.package_identification:_identify(src) by extension 'colcon_meta'
[0.218s] Level 1:colcon.colcon_core.package_identification:_identify(src) by extensions ['ros']
[0.218s] Level 1:colcon.colcon_core.package_identification:_identify(src) by extension 'ros'
[0.218s] Level 1:colcon.colcon_core.package_identification:_identify(src) by extensions ['cmake', 'python']
[0.218s] Level 1:colcon.colcon_core.package_identification:_identify(src) by extension 'cmake'
[0.218s] Level 1:colcon.colcon_core.package_identification:_identify(src) by extension 'python'
[0.218s] Level 1:colcon.colcon_core.package_identification:_identify(src) by extensions ['python_setup_py']
[0.218s] Level 1:colcon.colcon_core.package_identification:_identify(src) by extension 'python_setup_py'
[0.219s] Level 1:colcon.colcon_core.package_identification:_identify(src/arduinobot_controller) by extensions ['ignore', 'ignore_ament_install']
[0.219s] Level 1:colcon.colcon_core.package_identification:_identify(src/arduinobot_controller) by extension 'ignore'
[0.219s] Level 1:colcon.colcon_core.package_identification:_identify(src/arduinobot_controller) by extension 'ignore_ament_install'
[0.219s] Level 1:colcon.colcon_core.package_identification:_identify(src/arduinobot_controller) by extensions ['colcon_pkg']
[0.219s] Level 1:colcon.colcon_core.package_identification:_identify(src/arduinobot_controller) by extension 'colcon_pkg'
[0.219s] Level 1:colcon.colcon_core.package_identification:_identify(src/arduinobot_controller) by extensions ['colcon_meta']
[0.219s] Level 1:colcon.colcon_core.package_identification:_identify(src/arduinobot_controller) by extension 'colcon_meta'
[0.219s] Level 1:colcon.colcon_core.package_identification:_identify(src/arduinobot_controller) by extensions ['ros']
[0.219s] Level 1:colcon.colcon_core.package_identification:_identify(src/arduinobot_controller) by extension 'ros'
[0.222s] DEBUG:colcon.colcon_core.package_identification:Package 'src/arduinobot_controller' with type 'ros.ament_cmake' and name 'arduinobot_controller'
[0.222s] Level 1:colcon.colcon_core.package_identification:_identify(src/arduinobot_cpp_examples) by extensions ['ignore', 'ignore_ament_install']
[0.222s] Level 1:colcon.colcon_core.package_identification:_identify(src/arduinobot_cpp_examples) by extension 'ignore'
[0.222s] Level 1:colcon.colcon_core.package_identification:_identify(src/arduinobot_cpp_examples) by extension 'ignore_ament_install'
[0.222s] Level 1:colcon.colcon_core.package_identification:_identify(src/arduinobot_cpp_examples) by extensions ['colcon_pkg']
[0.223s] Level 1:colcon.colcon_core.package_identification:_identify(src/arduinobot_cpp_examples) by extension 'colcon_pkg'
[0.223s] Level 1:colcon.colcon_core.package_identification:_identify(src/arduinobot_cpp_examples) by extensions ['colcon_meta']
[0.223s] Level 1:colcon.colcon_core.package_identification:_identify(src/arduinobot_cpp_examples) by extension 'colcon_meta'
[0.223s] Level 1:colcon.colcon_core.package_identification:_identify(src/arduinobot_cpp_examples) by extensions ['ros']
[0.223s] Level 1:colcon.colcon_core.package_identification:_identify(src/arduinobot_cpp_examples) by extension 'ros'
[0.223s] DEBUG:colcon.colcon_core.package_identification:Package 'src/arduinobot_cpp_examples' with type 'ros.ament_cmake' and name 'arduinobot_cpp_examples'
[0.223s] Level 1:colcon.colcon_core.package_identification:_identify(src/arduinobot_description) by extensions ['ignore', 'ignore_ament_install']
[0.224s] Level 1:colcon.colcon_core.package_identification:_identify(src/arduinobot_description) by extension 'ignore'
[0.224s] Level 1:colcon.colcon_core.package_identification:_identify(src/arduinobot_description) by extension 'ignore_ament_install'
[0.224s] Level 1:colcon.colcon_core.package_identification:_identify(src/arduinobot_description) by extensions ['colcon_pkg']
[0.224s] Level 1:colcon.colcon_core.package_identification:_identify(src/arduinobot_description) by extension 'colcon_pkg'
[0.224s] Level 1:colcon.colcon_core.package_identification:_identify(src/arduinobot_description) by extensions ['colcon_meta']
[0.224s] Level 1:colcon.colcon_core.package_identification:_identify(src/arduinobot_description) by extension 'colcon_meta'
[0.224s] Level 1:colcon.colcon_core.package_identification:_identify(src/arduinobot_description) by extensions ['ros']
[0.224s] Level 1:colcon.colcon_core.package_identification:_identify(src/arduinobot_description) by extension 'ros'
[0.227s] DEBUG:colcon.colcon_core.package_identification:Package 'src/arduinobot_description' with type 'ros.ament_cmake' and name 'arduinobot_description'
[0.227s] Level 1:colcon.colcon_core.package_identification:_identify(src/arduinobot_py_examples) by extensions ['ignore', 'ignore_ament_install']
[0.227s] Level 1:colcon.colcon_core.package_identification:_identify(src/arduinobot_py_examples) by extension 'ignore'
[0.228s] Level 1:colcon.colcon_core.package_identification:_identify(src/arduinobot_py_examples) by extension 'ignore_ament_install'
[0.228s] Level 1:colcon.colcon_core.package_identification:_identify(src/arduinobot_py_examples) by extensions ['colcon_pkg']
[0.228s] Level 1:colcon.colcon_core.package_identification:_identify(src/arduinobot_py_examples) by extension 'colcon_pkg'
[0.228s] Level 1:colcon.colcon_core.package_identification:_identify(src/arduinobot_py_examples) by extensions ['colcon_meta']
[0.228s] Level 1:colcon.colcon_core.package_identification:_identify(src/arduinobot_py_examples) by extension 'colcon_meta'
[0.228s] Level 1:colcon.colcon_core.package_identification:_identify(src/arduinobot_py_examples) by extensions ['ros']
[0.228s] Level 1:colcon.colcon_core.package_identification:_identify(src/arduinobot_py_examples) by extension 'ros'
[0.228s] DEBUG:colcon.colcon_core.package_identification:Package 'src/arduinobot_py_examples' with type 'ros.ament_python' and name 'arduinobot_py_examples'
[0.228s] Level 1:colcon.colcon_core.package_discovery:discover_packages(recursive) using defaults
[0.228s] Level 1:colcon.colcon_core.package_discovery:discover_packages(ignore) discover
[0.228s] Level 1:colcon.colcon_core.package_discovery:discover_packages(ignore) using defaults
[0.228s] Level 1:colcon.colcon_core.package_discovery:discover_packages(path) discover
[0.228s] Level 1:colcon.colcon_core.package_discovery:discover_packages(path) using defaults
[0.248s] Level 1:colcon.colcon_core.package_discovery:discover_packages(prefix_path) check parameters
[0.248s] Level 1:colcon.colcon_core.package_discovery:discover_packages(prefix_path) discover
[0.249s] WARNING:colcon.colcon_ros.prefix_path.ament:The path '/home/danielwp22/arduinobot_ws/install/arduinobot_controller' in the environment variable AMENT_PREFIX_PATH doesn't exist
[0.253s] WARNING:colcon.colcon_ros.prefix_path.ament:The path '/home/danielwp22/arduinobot_ws/install/moveit_resources_prbt_support' in the environment variable AMENT_PREFIX_PATH doesn't exist
[0.253s] WARNING:colcon.colcon_ros.prefix_path.ament:The path '/home/danielwp22/arduinobot_ws/install/moveit_configs_utils' in the environment variable AMENT_PREFIX_PATH doesn't exist
[0.253s] WARNING:colcon.colcon_ros.prefix_path.ament:The path '/home/danielwp22/arduinobot_ws/install/moveit_common' in the environment variable AMENT_PREFIX_PATH doesn't exist
[0.253s] WARNING:colcon.colcon_ros.prefix_path.ament:The path '/home/danielwp22/arduinobot_ws/install/arduinobot_description' in the environment variable AMENT_PREFIX_PATH doesn't exist
[0.254s] WARNING:colcon.colcon_ros.prefix_path.catkin:The path '/home/danielwp22/arduinobot_ws/install/arduinobot_controller' in the environment variable CMAKE_PREFIX_PATH doesn't exist
[0.255s] WARNING:colcon.colcon_ros.prefix_path.catkin:The path '/home/danielwp22/arduinobot_ws/install/moveit_resources_prbt_support' in the environment variable CMAKE_PREFIX_PATH doesn't exist
[0.255s] WARNING:colcon.colcon_ros.prefix_path.catkin:The path '/home/danielwp22/arduinobot_ws/install/moveit_common' in the environment variable CMAKE_PREFIX_PATH doesn't exist
[0.255s] WARNING:colcon.colcon_ros.prefix_path.catkin:The path '/home/danielwp22/arduinobot_ws/install/arduinobot_description' in the environment variable CMAKE_PREFIX_PATH doesn't exist
[0.256s] DEBUG:colcon.colcon_installed_package_information.package_discovery:Found 2 installed packages in /home/danielwp22/arduinobot_ws/install
[0.257s] DEBUG:colcon.colcon_installed_package_information.package_discovery:Found 15 installed packages in /home/danielwp22/ros2_ws/install
[0.260s] DEBUG:colcon.colcon_installed_package_information.package_discovery:Found 70 installed packages in /home/danielwp22/ws_moveit/install
[0.262s] DEBUG:colcon.colcon_installed_package_information.package_discovery:Found 470 installed packages in /opt/ros/jazzy
[0.263s] Level 1:colcon.colcon_core.package_discovery:discover_packages(prefix_path) using defaults
[0.361s] Level 5:colcon.colcon_core.verb:set package 'arduinobot_cpp_examples' build argument 'cmake_args' from command line to 'None'
[0.362s] Level 5:colcon.colcon_core.verb:set package 'arduinobot_cpp_examples' build argument 'cmake_target' from command line to 'None'
[0.362s] Level 5:colcon.colcon_core.verb:set package 'arduinobot_cpp_examples' build argument 'cmake_target_skip_unavailable' from command line to 'False'
[0.362s] Level 5:colcon.colcon_core.verb:set package 'arduinobot_cpp_examples' build argument 'cmake_clean_cache' from command line to 'False'
[0.362s] Level 5:colcon.colcon_core.verb:set package 'arduinobot_cpp_examples' build argument 'cmake_clean_first' from command line to 'False'
[0.362s] Level 5:colcon.colcon_core.verb:set package 'arduinobot_cpp_examples' build argument 'cmake_force_configure' from command line to 'False'
[0.362s] Level 5:colcon.colcon_core.verb:set package 'arduinobot_cpp_examples' build argument 'ament_cmake_args' from command line to 'None'
[0.362s] Level 5:colcon.colcon_core.verb:set package 'arduinobot_cpp_examples' build argument 'catkin_cmake_args' from command line to 'None'
[0.362s] Level 5:colcon.colcon_core.verb:set package 'arduinobot_cpp_examples' build argument 'catkin_skip_building_tests' from command line to 'False'
[0.362s] DEBUG:colcon.colcon_core.verb:Building package 'arduinobot_cpp_examples' with the following arguments: {'ament_cmake_args': None, 'build_base': '/home/danielwp22/arduinobot_ws/build/arduinobot_cpp_examples', 'catkin_cmake_args': None, 'catkin_skip_building_tests': False, 'cmake_args': None, 'cmake_clean_cache': False, 'cmake_clean_first': False, 'cmake_force_configure': False, 'cmake_target': None, 'cmake_target_skip_unavailable': False, 'install_base': '/home/danielwp22/arduinobot_ws/install/arduinobot_cpp_examples', 'merge_install': False, 'path': '/home/danielwp22/arduinobot_ws/src/arduinobot_cpp_examples', 'symlink_install': False, 'test_result_base': None}
[0.362s] Level 5:colcon.colcon_core.verb:set package 'arduinobot_description' build argument 'cmake_args' from command line to 'None'
[0.362s] Level 5:colcon.colcon_core.verb:set package 'arduinobot_description' build argument 'cmake_target' from command line to 'None'
[0.362s] Level 5:colcon.colcon_core.verb:set package 'arduinobot_description' build argument 'cmake_target_skip_unavailable' from command line to 'False'
[0.362s] Level 5:colcon.colcon_core.verb:set package 'arduinobot_description' build argument 'cmake_clean_cache' from command line to 'False'
[0.362s] Level 5:colcon.colcon_core.verb:set package 'arduinobot_description' build argument 'cmake_clean_first' from command line to 'False'
[0.362s] Level 5:colcon.colcon_core.verb:set package 'arduinobot_description' build argument 'cmake_force_configure' from command line to 'False'
[0.362s] Level 5:colcon.colcon_core.verb:set package 'arduinobot_description' build argument 'ament_cmake_args' from command line to 'None'
[0.362s] Level 5:colcon.colcon_core.verb:set package 'arduinobot_description' build argument 'catkin_cmake_args' from command line to 'None'
[0.362s] Level 5:colcon.colcon_core.verb:set package 'arduinobot_description' build argument 'catkin_skip_building_tests' from command line to 'False'
[0.362s] DEBUG:colcon.colcon_core.verb:Building package 'arduinobot_description' with the following arguments: {'ament_cmake_args': None, 'build_base': '/home/danielwp22/arduinobot_ws/build/arduinobot_description', 'catkin_cmake_args': None, 'catkin_skip_building_tests': False, 'cmake_args': None, 'cmake_clean_cache': False, 'cmake_clean_first': False, 'cmake_force_configure': False, 'cmake_target': None, 'cmake_target_skip_unavailable': False, 'install_base': '/home/danielwp22/arduinobot_ws/install/arduinobot_description', 'merge_install': False, 'path': '/home/danielwp22/arduinobot_ws/src/arduinobot_description', 'symlink_install': False, 'test_result_base': None}
[0.363s] Level 5:colcon.colcon_core.verb:set package 'arduinobot_py_examples' build argument 'cmake_args' from command line to 'None'
[0.363s] Level 5:colcon.colcon_core.verb:set package 'arduinobot_py_examples' build argument 'cmake_target' from command line to 'None'
[0.363s] Level 5:colcon.colcon_core.verb:set package 'arduinobot_py_examples' build argument 'cmake_target_skip_unavailable' from command line to 'False'
[0.363s] Level 5:colcon.colcon_core.verb:set package 'arduinobot_py_examples' build argument 'cmake_clean_cache' from command line to 'False'
[0.363s] Level 5:colcon.colcon_core.verb:set package 'arduinobot_py_examples' build argument 'cmake_clean_first' from command line to 'False'
[0.363s] Level 5:colcon.colcon_core.verb:set package 'arduinobot_py_examples' build argument 'cmake_force_configure' from command line to 'False'
[0.363s] Level 5:colcon.colcon_core.verb:set package 'arduinobot_py_examples' build argument 'ament_cmake_args' from command line to 'None'
[0.363s] Level 5:colcon.colcon_core.verb:set package 'arduinobot_py_examples' build argument 'catkin_cmake_args' from command line to 'None'
[0.363s] Level 5:colcon.colcon_core.verb:set package 'arduinobot_py_examples' build argument 'catkin_skip_building_tests' from command line to 'False'
[0.363s] DEBUG:colcon.colcon_core.verb:Building package 'arduinobot_py_examples' with the following arguments: {'ament_cmake_args': None, 'build_base': '/home/danielwp22/arduinobot_ws/build/arduinobot_py_examples', 'catkin_cmake_args': None, 'catkin_skip_building_tests': False, 'cmake_args': None, 'cmake_clean_cache': False, 'cmake_clean_first': False, 'cmake_force_configure': False, 'cmake_target': None, 'cmake_target_skip_unavailable': False, 'install_base': '/home/danielwp22/arduinobot_ws/install/arduinobot_py_examples', 'merge_install': False, 'path': '/home/danielwp22/arduinobot_ws/src/arduinobot_py_examples', 'symlink_install': False, 'test_result_base': None}
[0.363s] Level 5:colcon.colcon_core.verb:set package 'arduinobot_controller' build argument 'cmake_args' from command line to 'None'
[0.363s] Level 5:colcon.colcon_core.verb:set package 'arduinobot_controller' build argument 'cmake_target' from command line to 'None'
[0.363s] Level 5:colcon.colcon_core.verb:set package 'arduinobot_controller' build argument 'cmake_target_skip_unavailable' from command line to 'False'
[0.363s] Level 5:colcon.colcon_core.verb:set package 'arduinobot_controller' build argument 'cmake_clean_cache' from command line to 'False'
[0.363s] Level 5:colcon.colcon_core.verb:set package 'arduinobot_controller' build argument 'cmake_clean_first' from command line to 'False'
[0.363s] Level 5:colcon.colcon_core.verb:set package 'arduinobot_controller' build argument 'cmake_force_configure' from command line to 'False'
[0.363s] Level 5:colcon.colcon_core.verb:set package 'arduinobot_controller' build argument 'ament_cmake_args' from command line to 'None'
[0.363s] Level 5:colcon.colcon_core.verb:set package 'arduinobot_controller' build argument 'catkin_cmake_args' from command line to 'None'
[0.363s] Level 5:colcon.colcon_core.verb:set package 'arduinobot_controller' build argument 'catkin_skip_building_tests' from command line to 'False'
[0.363s] DEBUG:colcon.colcon_core.verb:Building package 'arduinobot_controller' with the following arguments: {'ament_cmake_args': None, 'build_base': '/home/danielwp22/arduinobot_ws/build/arduinobot_controller', 'catkin_cmake_args': None, 'catkin_skip_building_tests': False, 'cmake_args': None, 'cmake_clean_cache': False, 'cmake_clean_first': False, 'cmake_force_configure': False, 'cmake_target': None, 'cmake_target_skip_unavailable': False, 'install_base': '/home/danielwp22/arduinobot_ws/install/arduinobot_controller', 'merge_install': False, 'path': '/home/danielwp22/arduinobot_ws/src/arduinobot_controller', 'symlink_install': False, 'test_result_base': None}
[0.363s] INFO:colcon.colcon_core.executor:Executing jobs using 'parallel' executor
[0.364s] DEBUG:colcon.colcon_parallel_executor.executor.parallel:run_until_complete
[0.365s] INFO:colcon.colcon_ros.task.ament_cmake.build:Building ROS package in '/home/danielwp22/arduinobot_ws/src/arduinobot_description' with build type 'ament_cmake'
[0.365s] INFO:colcon.colcon_cmake.task.cmake.build:Building CMake package in '/home/danielwp22/arduinobot_ws/src/arduinobot_description'
[0.368s] INFO:colcon.colcon_core.plugin_system:Skipping extension 'colcon_core.shell.bat': Not used on non-Windows systems
[0.368s] INFO:colcon.colcon_core.shell:Skip shell extension 'powershell' for command environment: Not usable outside of PowerShell
[0.368s] DEBUG:colcon.colcon_core.shell:Skip shell extension 'dsv' for command environment
[0.380s] INFO:colcon.colcon_ros.task.ament_cmake.build:Building ROS package in '/home/danielwp22/arduinobot_ws/src/arduinobot_cpp_examples' with build type 'ament_cmake'
[0.380s] INFO:colcon.colcon_cmake.task.cmake.build:Building CMake package in '/home/danielwp22/arduinobot_ws/src/arduinobot_cpp_examples'
[0.381s] INFO:colcon.colcon_core.shell:Skip shell extension 'powershell' for command environment: Not usable outside of PowerShell
[0.381s] DEBUG:colcon.colcon_core.shell:Skip shell extension 'dsv' for command environment
[0.394s] INFO:colcon.colcon_ros.task.ament_python.build:Building ROS package in '/home/danielwp22/arduinobot_ws/src/arduinobot_py_examples' with build type 'ament_python'
[0.394s] Level 1:colcon.colcon_core.shell:create_environment_hook('arduinobot_py_examples', 'ament_prefix_path')
[0.395s] INFO:colcon.colcon_core.shell:Creating environment hook '/home/danielwp22/arduinobot_ws/install/arduinobot_py_examples/share/arduinobot_py_examples/hook/ament_prefix_path.ps1'
[0.395s] INFO:colcon.colcon_core.shell:Creating environment descriptor '/home/danielwp22/arduinobot_ws/install/arduinobot_py_examples/share/arduinobot_py_examples/hook/ament_prefix_path.dsv'
[0.396s] INFO:colcon.colcon_core.shell:Creating environment hook '/home/danielwp22/arduinobot_ws/install/arduinobot_py_examples/share/arduinobot_py_examples/hook/ament_prefix_path.sh'
[0.397s] INFO:colcon.colcon_core.shell:Skip shell extension 'powershell' for command environment: Not usable outside of PowerShell
[0.397s] DEBUG:colcon.colcon_core.shell:Skip shell extension 'dsv' for command environment
[0.413s] DEBUG:colcon.colcon_core.event_handler.log_command:Invoking command in '/home/danielwp22/arduinobot_ws/build/arduinobot_description': CMAKE_PREFIX_PATH=${CMAKE_PREFIX_PATH}:/home/danielwp22/ws_moveit/install/moveit_configs_utils:/home/danielwp22/arduinobot_ws/install/moveit_configs_utils:/home/danielwp22/arduinobot_ws/install/arduinobot_py_examples:/home/danielwp22/ros2_ws/install/my_turtle_pkg:/home/danielwp22/ros2_ws/install/my_py_pkg:/home/danielwp22/ros2_ws/install/actions_py:/home/danielwp22/ros2_ws/install/lifecycle_py:/home/danielwp22/ros2_ws/install/executors_py:/home/danielwp22/ros2_ws/install/components_py:/opt/ros/jazzy DEBUGINFOD_URLS=https://debuginfod.ubuntu.com /usr/bin/cmake /home/danielwp22/arduinobot_ws/src/arduinobot_description -DCMAKE_INSTALL_PREFIX=/home/danielwp22/arduinobot_ws/install/arduinobot_description
[0.417s] DEBUG:colcon.colcon_core.event_handler.log_command:Invoking command in '/home/danielwp22/arduinobot_ws/build/arduinobot_cpp_examples': CMAKE_PREFIX_PATH=${CMAKE_PREFIX_PATH}:/home/danielwp22/ws_moveit/install/moveit_configs_utils:/home/danielwp22/arduinobot_ws/install/moveit_configs_utils:/home/danielwp22/arduinobot_ws/install/arduinobot_py_examples:/home/danielwp22/ros2_ws/install/my_turtle_pkg:/home/danielwp22/ros2_ws/install/my_py_pkg:/home/danielwp22/ros2_ws/install/actions_py:/home/danielwp22/ros2_ws/install/lifecycle_py:/home/danielwp22/ros2_ws/install/executors_py:/home/danielwp22/ros2_ws/install/components_py:/opt/ros/jazzy DEBUGINFOD_URLS=https://debuginfod.ubuntu.com /usr/bin/cmake --build /home/danielwp22/arduinobot_ws/build/arduinobot_cpp_examples -- -j4 -l4
[0.759s] INFO:colcon.colcon_core.task.python.build:Building Python package in '/home/danielwp22/arduinobot_ws/src/arduinobot_py_examples'
[0.760s] INFO:colcon.colcon_core.shell:Skip shell extension 'powershell' for command environment: Not usable outside of PowerShell
[0.760s] DEBUG:colcon.colcon_core.shell:Skip shell extension 'dsv' for command environment
[0.776s] DEBUG:colcon.colcon_core.event_handler.log_command:Invoked command in '/home/danielwp22/arduinobot_ws/build/arduinobot_cpp_examples' returned '0': CMAKE_PREFIX_PATH=${CMAKE_PREFIX_PATH}:/home/danielwp22/ws_moveit/install/moveit_configs_utils:/home/danielwp22/arduinobot_ws/install/moveit_configs_utils:/home/danielwp22/arduinobot_ws/install/arduinobot_py_examples:/home/danielwp22/ros2_ws/install/my_turtle_pkg:/home/danielwp22/ros2_ws/install/my_py_pkg:/home/danielwp22/ros2_ws/install/actions_py:/home/danielwp22/ros2_ws/install/lifecycle_py:/home/danielwp22/ros2_ws/install/executors_py:/home/danielwp22/ros2_ws/install/components_py:/opt/ros/jazzy DEBUGINFOD_URLS=https://debuginfod.ubuntu.com /usr/bin/cmake --build /home/danielwp22/arduinobot_ws/build/arduinobot_cpp_examples -- -j4 -l4
[0.796s] DEBUG:colcon.colcon_core.event_handler.log_command:Invoking command in '/home/danielwp22/arduinobot_ws/build/arduinobot_cpp_examples': CMAKE_PREFIX_PATH=${CMAKE_PREFIX_PATH}:/home/danielwp22/ws_moveit/install/moveit_configs_utils:/home/danielwp22/arduinobot_ws/install/moveit_configs_utils:/home/danielwp22/arduinobot_ws/install/arduinobot_py_examples:/home/danielwp22/ros2_ws/install/my_turtle_pkg:/home/danielwp22/ros2_ws/install/my_py_pkg:/home/danielwp22/ros2_ws/install/actions_py:/home/danielwp22/ros2_ws/install/lifecycle_py:/home/danielwp22/ros2_ws/install/executors_py:/home/danielwp22/ros2_ws/install/components_py:/opt/ros/jazzy DEBUGINFOD_URLS=https://debuginfod.ubuntu.com /usr/bin/cmake --install /home/danielwp22/arduinobot_ws/build/arduinobot_cpp_examples
[0.846s] Level 1:colcon.colcon_core.environment:create_environment_scripts_only(arduinobot_cpp_examples)
[0.852s] Level 1:colcon.colcon_core.environment:checking '/home/danielwp22/arduinobot_ws/install/arduinobot_cpp_examples' for CMake module files
[0.853s] DEBUG:colcon.colcon_core.event_handler.log_command:Invoked command in '/home/danielwp22/arduinobot_ws/build/arduinobot_cpp_examples' returned '0': CMAKE_PREFIX_PATH=${CMAKE_PREFIX_PATH}:/home/danielwp22/ws_moveit/install/moveit_configs_utils:/home/danielwp22/arduinobot_ws/install/moveit_configs_utils:/home/danielwp22/arduinobot_ws/install/arduinobot_py_examples:/home/danielwp22/ros2_ws/install/my_turtle_pkg:/home/danielwp22/ros2_ws/install/my_py_pkg:/home/danielwp22/ros2_ws/install/actions_py:/home/danielwp22/ros2_ws/install/lifecycle_py:/home/danielwp22/ros2_ws/install/executors_py:/home/danielwp22/ros2_ws/install/components_py:/opt/ros/jazzy DEBUGINFOD_URLS=https://debuginfod.ubuntu.com /usr/bin/cmake --install /home/danielwp22/arduinobot_ws/build/arduinobot_cpp_examples
[0.857s] Level 1:colcon.colcon_core.environment:checking '/home/danielwp22/arduinobot_ws/install/arduinobot_cpp_examples' for CMake config files
[0.857s] Level 1:colcon.colcon_core.shell:create_environment_hook('arduinobot_cpp_examples', 'cmake_prefix_path')
[0.857s] INFO:colcon.colcon_core.shell:Creating environment hook '/home/danielwp22/arduinobot_ws/install/arduinobot_cpp_examples/share/arduinobot_cpp_examples/hook/cmake_prefix_path.ps1'
[0.858s] INFO:colcon.colcon_core.shell:Creating environment descriptor '/home/danielwp22/arduinobot_ws/install/arduinobot_cpp_examples/share/arduinobot_cpp_examples/hook/cmake_prefix_path.dsv'
[0.858s] INFO:colcon.colcon_core.shell:Creating environment hook '/home/danielwp22/arduinobot_ws/install/arduinobot_cpp_examples/share/arduinobot_cpp_examples/hook/cmake_prefix_path.sh'
[0.859s] Level 1:colcon.colcon_core.environment:checking '/home/danielwp22/arduinobot_ws/install/arduinobot_cpp_examples/bin'
[0.859s] Level 1:colcon.colcon_core.environment:checking '/home/danielwp22/arduinobot_ws/install/arduinobot_cpp_examples/lib/pkgconfig/arduinobot_cpp_examples.pc'
[0.860s] Level 1:colcon.colcon_core.environment:checking '/home/danielwp22/arduinobot_ws/install/arduinobot_cpp_examples/lib/python3.12/site-packages'
[0.860s] Level 1:colcon.colcon_core.environment:checking '/home/danielwp22/arduinobot_ws/install/arduinobot_cpp_examples/bin'
[0.860s] INFO:colcon.colcon_core.shell:Creating package script '/home/danielwp22/arduinobot_ws/install/arduinobot_cpp_examples/share/arduinobot_cpp_examples/package.ps1'
[0.861s] INFO:colcon.colcon_core.shell:Creating package descriptor '/home/danielwp22/arduinobot_ws/install/arduinobot_cpp_examples/share/arduinobot_cpp_examples/package.dsv'
[0.862s] INFO:colcon.colcon_core.shell:Creating package script '/home/danielwp22/arduinobot_ws/install/arduinobot_cpp_examples/share/arduinobot_cpp_examples/package.sh'
[0.866s] INFO:colcon.colcon_core.shell:Creating package script '/home/danielwp22/arduinobot_ws/install/arduinobot_cpp_examples/share/arduinobot_cpp_examples/package.bash'
[0.867s] INFO:colcon.colcon_core.shell:Creating package script '/home/danielwp22/arduinobot_ws/install/arduinobot_cpp_examples/share/arduinobot_cpp_examples/package.zsh'
[0.868s] Level 1:colcon.colcon_core.environment:create_file_with_runtime_dependencies(/home/danielwp22/arduinobot_ws/install/arduinobot_cpp_examples/share/colcon-core/packages/arduinobot_cpp_examples)
[0.868s] Level 1:colcon.colcon_core.environment:create_environment_scripts_only(arduinobot_cpp_examples)
[0.869s] Level 1:colcon.colcon_core.environment:checking '/home/danielwp22/arduinobot_ws/install/arduinobot_cpp_examples' for CMake module files
[0.870s] Level 1:colcon.colcon_core.environment:checking '/home/danielwp22/arduinobot_ws/install/arduinobot_cpp_examples' for CMake config files
[0.870s] Level 1:colcon.colcon_core.shell:create_environment_hook('arduinobot_cpp_examples', 'cmake_prefix_path')
[0.870s] INFO:colcon.colcon_core.shell:Creating environment hook '/home/danielwp22/arduinobot_ws/install/arduinobot_cpp_examples/share/arduinobot_cpp_examples/hook/cmake_prefix_path.ps1'
[0.871s] INFO:colcon.colcon_core.shell:Creating environment descriptor '/home/danielwp22/arduinobot_ws/install/arduinobot_cpp_examples/share/arduinobot_cpp_examples/hook/cmake_prefix_path.dsv'
[0.871s] INFO:colcon.colcon_core.shell:Creating environment hook '/home/danielwp22/arduinobot_ws/install/arduinobot_cpp_examples/share/arduinobot_cpp_examples/hook/cmake_prefix_path.sh'
[0.872s] Level 1:colcon.colcon_core.environment:checking '/home/danielwp22/arduinobot_ws/install/arduinobot_cpp_examples/bin'
[0.872s] Level 1:colcon.colcon_core.environment:checking '/home/danielwp22/arduinobot_ws/install/arduinobot_cpp_examples/lib/pkgconfig/arduinobot_cpp_examples.pc'
[0.872s] Level 1:colcon.colcon_core.environment:checking '/home/danielwp22/arduinobot_ws/install/arduinobot_cpp_examples/lib/python3.12/site-packages'
[0.873s] Level 1:colcon.colcon_core.environment:checking '/home/danielwp22/arduinobot_ws/install/arduinobot_cpp_examples/bin'
[0.873s] INFO:colcon.colcon_core.shell:Creating package script '/home/danielwp22/arduinobot_ws/install/arduinobot_cpp_examples/share/arduinobot_cpp_examples/package.ps1'
[0.874s] INFO:colcon.colcon_core.shell:Creating package descriptor '/home/danielwp22/arduinobot_ws/install/arduinobot_cpp_examples/share/arduinobot_cpp_examples/package.dsv'
[0.874s] INFO:colcon.colcon_core.shell:Creating package script '/home/danielwp22/arduinobot_ws/install/arduinobot_cpp_examples/share/arduinobot_cpp_examples/package.sh'
[0.875s] INFO:colcon.colcon_core.shell:Creating package script '/home/danielwp22/arduinobot_ws/install/arduinobot_cpp_examples/share/arduinobot_cpp_examples/package.bash'
[0.875s] INFO:colcon.colcon_core.shell:Creating package script '/home/danielwp22/arduinobot_ws/install/arduinobot_cpp_examples/share/arduinobot_cpp_examples/package.zsh'
[0.876s] Level 1:colcon.colcon_core.environment:create_file_with_runtime_dependencies(/home/danielwp22/arduinobot_ws/install/arduinobot_cpp_examples/share/colcon-core/packages/arduinobot_cpp_examples)
[1.894s] DEBUG:colcon.colcon_core.event_handler.log_command:Invoking command in '/home/danielwp22/arduinobot_ws/src/arduinobot_py_examples': DEBUGINFOD_URLS=https://debuginfod.ubuntu.com PYTHONPATH=/home/danielwp22/arduinobot_ws/build/arduinobot_py_examples/prefix_override:/usr/lib/python3/dist-packages/colcon_core/task/python/colcon_distutils_commands:/home/danielwp22/arduinobot_ws/install/arduinobot_py_examples/lib/python3.12/site-packages:${PYTHONPATH} /usr/bin/python3 -W ignore:setup.py install is deprecated -W ignore:easy_install command is deprecated setup.py egg_info --egg-base ../../build/arduinobot_py_examples build --build-base /home/danielwp22/arduinobot_ws/build/arduinobot_py_examples/build install --record /home/danielwp22/arduinobot_ws/build/arduinobot_py_examples/install.log --single-version-externally-managed install_data
[2.109s] DEBUG:colcon.colcon_core.event_handler.log_command:Invoked command in '/home/danielwp22/arduinobot_ws/build/arduinobot_description' returned '0': CMAKE_PREFIX_PATH=${CMAKE_PREFIX_PATH}:/home/danielwp22/ws_moveit/install/moveit_configs_utils:/home/danielwp22/arduinobot_ws/install/moveit_configs_utils:/home/danielwp22/arduinobot_ws/install/arduinobot_py_examples:/home/danielwp22/ros2_ws/install/my_turtle_pkg:/home/danielwp22/ros2_ws/install/my_py_pkg:/home/danielwp22/ros2_ws/install/actions_py:/home/danielwp22/ros2_ws/install/lifecycle_py:/home/danielwp22/ros2_ws/install/executors_py:/home/danielwp22/ros2_ws/install/components_py:/opt/ros/jazzy DEBUGINFOD_URLS=https://debuginfod.ubuntu.com /usr/bin/cmake /home/danielwp22/arduinobot_ws/src/arduinobot_description -DCMAKE_INSTALL_PREFIX=/home/danielwp22/arduinobot_ws/install/arduinobot_description
[2.111s] DEBUG:colcon.colcon_core.event_handler.log_command:Invoking command in '/home/danielwp22/arduinobot_ws/build/arduinobot_description': CMAKE_PREFIX_PATH=${CMAKE_PREFIX_PATH}:/home/danielwp22/ws_moveit/install/moveit_configs_utils:/home/danielwp22/arduinobot_ws/install/moveit_configs_utils:/home/danielwp22/arduinobot_ws/install/arduinobot_py_examples:/home/danielwp22/ros2_ws/install/my_turtle_pkg:/home/danielwp22/ros2_ws/install/my_py_pkg:/home/danielwp22/ros2_ws/install/actions_py:/home/danielwp22/ros2_ws/install/lifecycle_py:/home/danielwp22/ros2_ws/install/executors_py:/home/danielwp22/ros2_ws/install/components_py:/opt/ros/jazzy DEBUGINFOD_URLS=https://debuginfod.ubuntu.com /usr/bin/cmake --build /home/danielwp22/arduinobot_ws/build/arduinobot_description -- -j4 -l4
[2.190s] DEBUG:colcon.colcon_core.event_handler.log_command:Invoked command in '/home/danielwp22/arduinobot_ws/build/arduinobot_description' returned '0': CMAKE_PREFIX_PATH=${CMAKE_PREFIX_PATH}:/home/danielwp22/ws_moveit/install/moveit_configs_utils:/home/danielwp22/arduinobot_ws/install/moveit_configs_utils:/home/danielwp22/arduinobot_ws/install/arduinobot_py_examples:/home/danielwp22/ros2_ws/install/my_turtle_pkg:/home/danielwp22/ros2_ws/install/my_py_pkg:/home/danielwp22/ros2_ws/install/actions_py:/home/danielwp22/ros2_ws/install/lifecycle_py:/home/danielwp22/ros2_ws/install/executors_py:/home/danielwp22/ros2_ws/install/components_py:/opt/ros/jazzy DEBUGINFOD_URLS=https://debuginfod.ubuntu.com /usr/bin/cmake --build /home/danielwp22/arduinobot_ws/build/arduinobot_description -- -j4 -l4
[2.192s] DEBUG:colcon.colcon_core.event_handler.log_command:Invoking command in '/home/danielwp22/arduinobot_ws/build/arduinobot_description': CMAKE_PREFIX_PATH=${CMAKE_PREFIX_PATH}:/home/danielwp22/ws_moveit/install/moveit_configs_utils:/home/danielwp22/arduinobot_ws/install/moveit_configs_utils:/home/danielwp22/arduinobot_ws/install/arduinobot_py_examples:/home/danielwp22/ros2_ws/install/my_turtle_pkg:/home/danielwp22/ros2_ws/install/my_py_pkg:/home/danielwp22/ros2_ws/install/actions_py:/home/danielwp22/ros2_ws/install/lifecycle_py:/home/danielwp22/ros2_ws/install/executors_py:/home/danielwp22/ros2_ws/install/components_py:/opt/ros/jazzy DEBUGINFOD_URLS=https://debuginfod.ubuntu.com /usr/bin/cmake --install /home/danielwp22/arduinobot_ws/build/arduinobot_description
[2.231s] Level 1:colcon.colcon_core.environment:create_environment_scripts_only(arduinobot_description)
[2.231s] Level 1:colcon.colcon_core.environment:checking '/home/danielwp22/arduinobot_ws/install/arduinobot_description' for CMake module files
[2.232s] DEBUG:colcon.colcon_core.event_handler.log_command:Invoked command in '/home/danielwp22/arduinobot_ws/build/arduinobot_description' returned '0': CMAKE_PREFIX_PATH=${CMAKE_PREFIX_PATH}:/home/danielwp22/ws_moveit/install/moveit_configs_utils:/home/danielwp22/arduinobot_ws/install/moveit_configs_utils:/home/danielwp22/arduinobot_ws/install/arduinobot_py_examples:/home/danielwp22/ros2_ws/install/my_turtle_pkg:/home/danielwp22/ros2_ws/install/my_py_pkg:/home/danielwp22/ros2_ws/install/actions_py:/home/danielwp22/ros2_ws/install/lifecycle_py:/home/danielwp22/ros2_ws/install/executors_py:/home/danielwp22/ros2_ws/install/components_py:/opt/ros/jazzy DEBUGINFOD_URLS=https://debuginfod.ubuntu.com /usr/bin/cmake --install /home/danielwp22/arduinobot_ws/build/arduinobot_description
[2.232s] Level 1:colcon.colcon_core.environment:checking '/home/danielwp22/arduinobot_ws/install/arduinobot_description' for CMake config files
[2.232s] Level 1:colcon.colcon_core.shell:create_environment_hook('arduinobot_description', 'cmake_prefix_path')
[2.232s] INFO:colcon.colcon_core.shell:Creating environment hook '/home/danielwp22/arduinobot_ws/install/arduinobot_description/share/arduinobot_description/hook/cmake_prefix_path.ps1'
[2.233s] INFO:colcon.colcon_core.shell:Creating environment descriptor '/home/danielwp22/arduinobot_ws/install/arduinobot_description/share/arduinobot_description/hook/cmake_prefix_path.dsv'
[2.233s] INFO:colcon.colcon_core.shell:Creating environment hook '/home/danielwp22/arduinobot_ws/install/arduinobot_description/share/arduinobot_description/hook/cmake_prefix_path.sh'
[2.234s] Level 1:colcon.colcon_core.environment:checking '/home/danielwp22/arduinobot_ws/install/arduinobot_description/bin'
[2.234s] Level 1:colcon.colcon_core.environment:checking '/home/danielwp22/arduinobot_ws/install/arduinobot_description/lib/pkgconfig/arduinobot_description.pc'
[2.234s] Level 1:colcon.colcon_core.environment:checking '/home/danielwp22/arduinobot_ws/install/arduinobot_description/lib/python3.12/site-packages'
[2.234s] Level 1:colcon.colcon_core.environment:checking '/home/danielwp22/arduinobot_ws/install/arduinobot_description/bin'
[2.235s] INFO:colcon.colcon_core.shell:Creating package script '/home/danielwp22/arduinobot_ws/install/arduinobot_description/share/arduinobot_description/package.ps1'
[2.235s] INFO:colcon.colcon_core.shell:Creating package descriptor '/home/danielwp22/arduinobot_ws/install/arduinobot_description/share/arduinobot_description/package.dsv'
[2.236s] INFO:colcon.colcon_core.shell:Creating package script '/home/danielwp22/arduinobot_ws/install/arduinobot_description/share/arduinobot_description/package.sh'
[2.236s] INFO:colcon.colcon_core.shell:Creating package script '/home/danielwp22/arduinobot_ws/install/arduinobot_description/share/arduinobot_description/package.bash'
[2.237s] INFO:colcon.colcon_core.shell:Creating package script '/home/danielwp22/arduinobot_ws/install/arduinobot_description/share/arduinobot_description/package.zsh'
[2.237s] Level 1:colcon.colcon_core.environment:create_file_with_runtime_dependencies(/home/danielwp22/arduinobot_ws/install/arduinobot_description/share/colcon-core/packages/arduinobot_description)
[2.238s] Level 1:colcon.colcon_core.environment:create_environment_scripts_only(arduinobot_description)
[2.238s] Level 1:colcon.colcon_core.environment:checking '/home/danielwp22/arduinobot_ws/install/arduinobot_description' for CMake module files
[2.238s] Level 1:colcon.colcon_core.environment:checking '/home/danielwp22/arduinobot_ws/install/arduinobot_description' for CMake config files
[2.239s] Level 1:colcon.colcon_core.shell:create_environment_hook('arduinobot_description', 'cmake_prefix_path')
[2.239s] INFO:colcon.colcon_core.shell:Creating environment hook '/home/danielwp22/arduinobot_ws/install/arduinobot_description/share/arduinobot_description/hook/cmake_prefix_path.ps1'
[2.239s] INFO:colcon.colcon_core.shell:Creating environment descriptor '/home/danielwp22/arduinobot_ws/install/arduinobot_description/share/arduinobot_description/hook/cmake_prefix_path.dsv'
[2.240s] INFO:colcon.colcon_core.shell:Creating environment hook '/home/danielwp22/arduinobot_ws/install/arduinobot_description/share/arduinobot_description/hook/cmake_prefix_path.sh'
[2.240s] Level 1:colcon.colcon_core.environment:checking '/home/danielwp22/arduinobot_ws/install/arduinobot_description/bin'
[2.241s] Level 1:colcon.colcon_core.environment:checking '/home/danielwp22/arduinobot_ws/install/arduinobot_description/lib/pkgconfig/arduinobot_description.pc'
[2.241s] Level 1:colcon.colcon_core.environment:checking '/home/danielwp22/arduinobot_ws/install/arduinobot_description/lib/python3.12/site-packages'
[2.241s] Level 1:colcon.colcon_core.environment:checking '/home/danielwp22/arduinobot_ws/install/arduinobot_description/bin'
[2.241s] INFO:colcon.colcon_core.shell:Creating package script '/home/danielwp22/arduinobot_ws/install/arduinobot_description/share/arduinobot_description/package.ps1'
[2.242s] INFO:colcon.colcon_core.shell:Creating package descriptor '/home/danielwp22/arduinobot_ws/install/arduinobot_description/share/arduinobot_description/package.dsv'
[2.242s] INFO:colcon.colcon_core.shell:Creating package script '/home/danielwp22/arduinobot_ws/install/arduinobot_description/share/arduinobot_description/package.sh'
[2.243s] INFO:colcon.colcon_core.shell:Creating package script '/home/danielwp22/arduinobot_ws/install/arduinobot_description/share/arduinobot_description/package.bash'
[2.244s] INFO:colcon.colcon_core.shell:Creating package script '/home/danielwp22/arduinobot_ws/install/arduinobot_description/share/arduinobot_description/package.zsh'
[2.244s] Level 1:colcon.colcon_core.environment:create_file_with_runtime_dependencies(/home/danielwp22/arduinobot_ws/install/arduinobot_description/share/colcon-core/packages/arduinobot_description)
[2.245s] INFO:colcon.colcon_ros.task.ament_cmake.build:Building ROS package in '/home/danielwp22/arduinobot_ws/src/arduinobot_controller' with build type 'ament_cmake'
[2.245s] INFO:colcon.colcon_cmake.task.cmake.build:Building CMake package in '/home/danielwp22/arduinobot_ws/src/arduinobot_controller'
[2.245s] INFO:colcon.colcon_core.shell:Skip shell extension 'powershell' for command environment: Not usable outside of PowerShell
[2.245s] DEBUG:colcon.colcon_core.shell:Skip shell extension 'dsv' for command environment
[2.266s] DEBUG:colcon.colcon_core.event_handler.log_command:Invoking command in '/home/danielwp22/arduinobot_ws/build/arduinobot_controller': CMAKE_PREFIX_PATH=/home/danielwp22/arduinobot_ws/install/arduinobot_description:/home/danielwp22/arduinobot_ws/install/arduinobot_controller:/home/danielwp22/ws_moveit/install/robotiq_hardware_tests:/home/danielwp22/ws_moveit/install/robotiq_driver:/home/danielwp22/ws_moveit/install/serial:/home/danielwp22/ws_moveit/install/moveit2_tutorials:/home/danielwp22/ws_moveit/install/moveit_visual_tools:/home/danielwp22/ws_moveit/install/rviz_visual_tools:/home/danielwp22/ws_moveit/install/moveit_task_constructor_visualization:/home/danielwp22/ws_moveit/install/moveit_task_constructor_demo:/home/danielwp22/ws_moveit/install/moveit_task_constructor_capabilities:/home/danielwp22/ws_moveit/install/moveit_task_constructor_core:/home/danielwp22/ws_moveit/install/rviz_marker_tools:/home/danielwp22/ws_moveit/install/kortex_bringup:/home/danielwp22/ws_moveit/install/kinova_gen3_lite_moveit_config:/home/danielwp22/ws_moveit/install/kinova_gen3_7dof_robotiq_2f_85_moveit_config:/home/danielwp22/ws_moveit/install/kinova_gen3_6dof_robotiq_2f_85_moveit_config:/home/danielwp22/ws_moveit/install/kortex_description:/home/danielwp22/ws_moveit/install/robotiq_description:/home/danielwp22/ws_moveit/install/robotiq_controllers:/home/danielwp22/ws_moveit/install/pilz_industrial_motion_planner_testutils:/home/danielwp22/ws_moveit/install/moveit_runtime:/home/danielwp22/ws_moveit/install/moveit:/home/danielwp22/ws_moveit/install/moveit_planners:/home/danielwp22/ws_moveit/install/pilz_industrial_motion_planner:/home/danielwp22/ws_moveit/install/moveit_task_constructor_msgs:/home/danielwp22/ws_moveit/install/moveit_ros_control_interface:/home/danielwp22/ws_moveit/install/moveit_plugins:/home/danielwp22/ws_moveit/install/moveit_simple_controller_manager:/home/danielwp22/ws_moveit/install/moveit_setup_assistant:/home/danielwp22/ws_moveit/install/moveit_setup_srdf_plugins:/home/danielwp22/ws_moveit/install/moveit_setup_core_plugins:/home/danielwp22/ws_moveit/install/moveit_setup_controllers:/home/danielwp22/ws_moveit/install/moveit_setup_app_plugins:/home/danielwp22/ws_moveit/install/moveit_setup_framework:/home/danielwp22/ws_moveit/install/moveit_servo:/home/danielwp22/ws_moveit/install/moveit_ros_trajectory_cache:/home/danielwp22/ws_moveit/install/moveit_ros:/home/danielwp22/ws_moveit/install/moveit_ros_visualization:/home/danielwp22/ws_moveit/install/moveit_py:/home/danielwp22/ws_moveit/install/moveit_hybrid_planning:/home/danielwp22/ws_moveit/install/moveit_ros_planning_interface:/home/danielwp22/ws_moveit/install/moveit_ros_benchmarks:/home/danielwp22/ws_moveit/install/moveit_ros_warehouse:/home/danielwp22/ws_moveit/install/moveit_ros_robot_interaction:/home/danielwp22/ws_moveit/install/moveit_ros_perception:/home/danielwp22/ws_moveit/install/moveit_resources_prbt_pg70_support:/home/danielwp22/ws_moveit/install/moveit_resources_prbt_moveit_config:/home/danielwp22/ws_moveit/install/moveit_ros_move_group:/home/danielwp22/ws_moveit/install/moveit_planners_ompl:/home/danielwp22/ws_moveit/install/moveit_kinematics:/home/danielwp22/ws_moveit/install/moveit_ros_planning:/home/danielwp22/ws_moveit/install/moveit_ros_occupancy_map_monitor:/home/danielwp22/ws_moveit/install/moveit_resources_prbt_support:/home/danielwp22/ws_moveit/install/moveit_resources_prbt_ikfast_manipulator_plugin:/home/danielwp22/ws_moveit/install/moveit_resources:/home/danielwp22/ws_moveit/install/moveit_resources_pr2_description:/home/danielwp22/ws_moveit/install/moveit_resources_panda_moveit_config:/home/danielwp22/ws_moveit/install/dual_arm_panda_moveit_config:/home/danielwp22/ws_moveit/install/moveit_resources_panda_description:/home/danielwp22/ws_moveit/install/moveit_resources_fanuc_moveit_config:/home/danielwp22/ws_moveit/install/moveit_resources_fanuc_description:/home/danielwp22/ws_moveit/install/moveit_planners_stomp:/home/danielwp22/ws_moveit/install/moveit_planners_chomp:/home/danielwp22/ws_moveit/install/chomp_motion_planner:/home/danielwp22/ws_moveit/install/moveit_core:/home/danielwp22/ws_moveit/install/moveit_msgs:/home/danielwp22/ws_moveit/install/moveit_common:/home/danielwp22/ws_moveit/install/kortex_driver:/home/danielwp22/ws_moveit/install/kortex_api:/home/danielwp22/ws_moveit/install:/home/danielwp22/arduinobot_ws/install/moveit_resources_prbt_support:/home/danielwp22/arduinobot_ws/install/moveit_common:/home/danielwp22/arduinobot_ws/install/arduinobot_cpp_examples:/home/danielwp22/ros2_ws/install/my_robot_bringup:/home/danielwp22/ros2_ws/install/my_final_project:/home/danielwp22/ros2_ws/install/my_cpp_pkg:/home/danielwp22/ros2_ws/install/actions_cpp:/home/danielwp22/ros2_ws/install/my_robot_interfaces:/home/danielwp22/ros2_ws/install/my_robot_description:/home/danielwp22/ros2_ws/install/my_robot_arm_description:/home/danielwp22/ros2_ws/install/lifecycle_cpp:/home/danielwp22/ros2_ws/install/components_cpp:/opt/ros/jazzy/opt/gz_sim_vendor:/opt/ros/jazzy/opt/gz_sensors_vendor:/opt/ros/jazzy/opt/gz_physics_vendor:/opt/ros/jazzy/opt/sdformat_vendor:/opt/ros/jazzy/opt/gz_gui_vendor:/opt/ros/jazzy/opt/gz_transport_vendor:/opt/ros/jazzy/opt/gz_rendering_vendor:/opt/ros/jazzy/opt/gz_plugin_vendor:/opt/ros/jazzy/opt/gz_fuel_tools_vendor:/opt/ros/jazzy/opt/gz_msgs_vendor:/opt/ros/jazzy/opt/gz_common_vendor:/opt/ros/jazzy/opt/gz_math_vendor:/opt/ros/jazzy/opt/gz_utils_vendor:/opt/ros/jazzy/opt/gz_tools_vendor:/opt/ros/jazzy/opt/gz_ogre_next_vendor:/opt/ros/jazzy/opt/gz_dartsim_vendor:/opt/ros/jazzy/opt/gz_cmake_vendor:/home/danielwp22/ws_moveit/install/moveit_configs_utils:/home/danielwp22/arduinobot_ws/install/moveit_configs_utils:/home/danielwp22/arduinobot_ws/install/arduinobot_py_examples:/home/danielwp22/ros2_ws/install/my_turtle_pkg:/home/danielwp22/ros2_ws/install/my_py_pkg:/home/danielwp22/ros2_ws/install/actions_py:/home/danielwp22/ros2_ws/install/lifecycle_py:/home/danielwp22/ros2_ws/install/executors_py:/home/danielwp22/ros2_ws/install/components_py:/opt/ros/jazzy DEBUGINFOD_URLS=https://debuginfod.ubuntu.com /usr/bin/cmake /home/danielwp22/arduinobot_ws/src/arduinobot_controller -DCMAKE_INSTALL_PREFIX=/home/danielwp22/arduinobot_ws/install/arduinobot_controller
[2.885s] Level 1:colcon.colcon_core.environment:checking '/home/danielwp22/arduinobot_ws/install/arduinobot_py_examples' for CMake module files
[2.885s] DEBUG:colcon.colcon_core.event_handler.log_command:Invoked command in '/home/danielwp22/arduinobot_ws/src/arduinobot_py_examples' returned '0': DEBUGINFOD_URLS=https://debuginfod.ubuntu.com PYTHONPATH=/home/danielwp22/arduinobot_ws/build/arduinobot_py_examples/prefix_override:/usr/lib/python3/dist-packages/colcon_core/task/python/colcon_distutils_commands:/home/danielwp22/arduinobot_ws/install/arduinobot_py_examples/lib/python3.12/site-packages:${PYTHONPATH} /usr/bin/python3 -W ignore:setup.py install is deprecated -W ignore:easy_install command is deprecated setup.py egg_info --egg-base ../../build/arduinobot_py_examples build --build-base /home/danielwp22/arduinobot_ws/build/arduinobot_py_examples/build install --record /home/danielwp22/arduinobot_ws/build/arduinobot_py_examples/install.log --single-version-externally-managed install_data
[2.886s] Level 1:colcon.colcon_core.environment:checking '/home/danielwp22/arduinobot_ws/install/arduinobot_py_examples' for CMake config files
[2.887s] Level 1:colcon.colcon_core.environment:checking '/home/danielwp22/arduinobot_ws/install/arduinobot_py_examples/lib'
[2.887s] Level 1:colcon.colcon_core.environment:checking '/home/danielwp22/arduinobot_ws/install/arduinobot_py_examples/bin'
[2.887s] Level 1:colcon.colcon_core.environment:checking '/home/danielwp22/arduinobot_ws/install/arduinobot_py_examples/lib/pkgconfig/arduinobot_py_examples.pc'
[2.888s] Level 1:colcon.colcon_core.environment:checking '/home/danielwp22/arduinobot_ws/install/arduinobot_py_examples/lib/python3.12/site-packages'
[2.888s] Level 1:colcon.colcon_core.shell:create_environment_hook('arduinobot_py_examples', 'pythonpath')
[2.888s] INFO:colcon.colcon_core.shell:Creating environment hook '/home/danielwp22/arduinobot_ws/install/arduinobot_py_examples/share/arduinobot_py_examples/hook/pythonpath.ps1'
[2.888s] INFO:colcon.colcon_core.shell:Creating environment descriptor '/home/danielwp22/arduinobot_ws/install/arduinobot_py_examples/share/arduinobot_py_examples/hook/pythonpath.dsv'
[2.889s] INFO:colcon.colcon_core.shell:Creating environment hook '/home/danielwp22/arduinobot_ws/install/arduinobot_py_examples/share/arduinobot_py_examples/hook/pythonpath.sh'
[2.890s] Level 1:colcon.colcon_core.environment:checking '/home/danielwp22/arduinobot_ws/install/arduinobot_py_examples/bin'
[2.890s] Level 1:colcon.colcon_core.environment:create_environment_scripts_only(arduinobot_py_examples)
[2.890s] INFO:colcon.colcon_core.shell:Creating package script '/home/danielwp22/arduinobot_ws/install/arduinobot_py_examples/share/arduinobot_py_examples/package.ps1'
[2.890s] INFO:colcon.colcon_core.shell:Creating package descriptor '/home/danielwp22/arduinobot_ws/install/arduinobot_py_examples/share/arduinobot_py_examples/package.dsv'
[2.891s] INFO:colcon.colcon_core.shell:Creating package script '/home/danielwp22/arduinobot_ws/install/arduinobot_py_examples/share/arduinobot_py_examples/package.sh'
[2.891s] INFO:colcon.colcon_core.shell:Creating package script '/home/danielwp22/arduinobot_ws/install/arduinobot_py_examples/share/arduinobot_py_examples/package.bash'
[2.892s] INFO:colcon.colcon_core.shell:Creating package script '/home/danielwp22/arduinobot_ws/install/arduinobot_py_examples/share/arduinobot_py_examples/package.zsh'
[2.892s] Level 1:colcon.colcon_core.environment:create_file_with_runtime_dependencies(/home/danielwp22/arduinobot_ws/install/arduinobot_py_examples/share/colcon-core/packages/arduinobot_py_examples)
[5.382s] DEBUG:colcon.colcon_core.event_handler.log_command:Invoked command in '/home/danielwp22/arduinobot_ws/build/arduinobot_controller' returned '0': CMAKE_PREFIX_PATH=/home/danielwp22/arduinobot_ws/install/arduinobot_description:/home/danielwp22/arduinobot_ws/install/arduinobot_controller:/home/danielwp22/ws_moveit/install/robotiq_hardware_tests:/home/danielwp22/ws_moveit/install/robotiq_driver:/home/danielwp22/ws_moveit/install/serial:/home/danielwp22/ws_moveit/install/moveit2_tutorials:/home/danielwp22/ws_moveit/install/moveit_visual_tools:/home/danielwp22/ws_moveit/install/rviz_visual_tools:/home/danielwp22/ws_moveit/install/moveit_task_constructor_visualization:/home/danielwp22/ws_moveit/install/moveit_task_constructor_demo:/home/danielwp22/ws_moveit/install/moveit_task_constructor_capabilities:/home/danielwp22/ws_moveit/install/moveit_task_constructor_core:/home/danielwp22/ws_moveit/install/rviz_marker_tools:/home/danielwp22/ws_moveit/install/kortex_bringup:/home/danielwp22/ws_moveit/install/kinova_gen3_lite_moveit_config:/home/danielwp22/ws_moveit/install/kinova_gen3_7dof_robotiq_2f_85_moveit_config:/home/danielwp22/ws_moveit/install/kinova_gen3_6dof_robotiq_2f_85_moveit_config:/home/danielwp22/ws_moveit/install/kortex_description:/home/danielwp22/ws_moveit/install/robotiq_description:/home/danielwp22/ws_moveit/install/robotiq_controllers:/home/danielwp22/ws_moveit/install/pilz_industrial_motion_planner_testutils:/home/danielwp22/ws_moveit/install/moveit_runtime:/home/danielwp22/ws_moveit/install/moveit:/home/danielwp22/ws_moveit/install/moveit_planners:/home/danielwp22/ws_moveit/install/pilz_industrial_motion_planner:/home/danielwp22/ws_moveit/install/moveit_task_constructor_msgs:/home/danielwp22/ws_moveit/install/moveit_ros_control_interface:/home/danielwp22/ws_moveit/install/moveit_plugins:/home/danielwp22/ws_moveit/install/moveit_simple_controller_manager:/home/danielwp22/ws_moveit/install/moveit_setup_assistant:/home/danielwp22/ws_moveit/install/moveit_setup_srdf_plugins:/home/danielwp22/ws_moveit/install/moveit_setup_core_plugins:/home/danielwp22/ws_moveit/install/moveit_setup_controllers:/home/danielwp22/ws_moveit/install/moveit_setup_app_plugins:/home/danielwp22/ws_moveit/install/moveit_setup_framework:/home/danielwp22/ws_moveit/install/moveit_servo:/home/danielwp22/ws_moveit/install/moveit_ros_trajectory_cache:/home/danielwp22/ws_moveit/install/moveit_ros:/home/danielwp22/ws_moveit/install/moveit_ros_visualization:/home/danielwp22/ws_moveit/install/moveit_py:/home/danielwp22/ws_moveit/install/moveit_hybrid_planning:/home/danielwp22/ws_moveit/install/moveit_ros_planning_interface:/home/danielwp22/ws_moveit/install/moveit_ros_benchmarks:/home/danielwp22/ws_moveit/install/moveit_ros_warehouse:/home/danielwp22/ws_moveit/install/moveit_ros_robot_interaction:/home/danielwp22/ws_moveit/install/moveit_ros_perception:/home/danielwp22/ws_moveit/install/moveit_resources_prbt_pg70_support:/home/danielwp22/ws_moveit/install/moveit_resources_prbt_moveit_config:/home/danielwp22/ws_moveit/install/moveit_ros_move_group:/home/danielwp22/ws_moveit/install/moveit_planners_ompl:/home/danielwp22/ws_moveit/install/moveit_kinematics:/home/danielwp22/ws_moveit/install/moveit_ros_planning:/home/danielwp22/ws_moveit/install/moveit_ros_occupancy_map_monitor:/home/danielwp22/ws_moveit/install/moveit_resources_prbt_support:/home/danielwp22/ws_moveit/install/moveit_resources_prbt_ikfast_manipulator_plugin:/home/danielwp22/ws_moveit/install/moveit_resources:/home/danielwp22/ws_moveit/install/moveit_resources_pr2_description:/home/danielwp22/ws_moveit/install/moveit_resources_panda_moveit_config:/home/danielwp22/ws_moveit/install/dual_arm_panda_moveit_config:/home/danielwp22/ws_moveit/install/moveit_resources_panda_description:/home/danielwp22/ws_moveit/install/moveit_resources_fanuc_moveit_config:/home/danielwp22/ws_moveit/install/moveit_resources_fanuc_description:/home/danielwp22/ws_moveit/install/moveit_planners_stomp:/home/danielwp22/ws_moveit/install/moveit_planners_chomp:/home/danielwp22/ws_moveit/install/chomp_motion_planner:/home/danielwp22/ws_moveit/install/moveit_core:/home/danielwp22/ws_moveit/install/moveit_msgs:/home/danielwp22/ws_moveit/install/moveit_common:/home/danielwp22/ws_moveit/install/kortex_driver:/home/danielwp22/ws_moveit/install/kortex_api:/home/danielwp22/ws_moveit/install:/home/danielwp22/arduinobot_ws/install/moveit_resources_prbt_support:/home/danielwp22/arduinobot_ws/install/moveit_common:/home/danielwp22/arduinobot_ws/install/arduinobot_cpp_examples:/home/danielwp22/ros2_ws/install/my_robot_bringup:/home/danielwp22/ros2_ws/install/my_final_project:/home/danielwp22/ros2_ws/install/my_cpp_pkg:/home/danielwp22/ros2_ws/install/actions_cpp:/home/danielwp22/ros2_ws/install/my_robot_interfaces:/home/danielwp22/ros2_ws/install/my_robot_description:/home/danielwp22/ros2_ws/install/my_robot_arm_description:/home/danielwp22/ros2_ws/install/lifecycle_cpp:/home/danielwp22/ros2_ws/install/components_cpp:/opt/ros/jazzy/opt/gz_sim_vendor:/opt/ros/jazzy/opt/gz_sensors_vendor:/opt/ros/jazzy/opt/gz_physics_vendor:/opt/ros/jazzy/opt/sdformat_vendor:/opt/ros/jazzy/opt/gz_gui_vendor:/opt/ros/jazzy/opt/gz_transport_vendor:/opt/ros/jazzy/opt/gz_rendering_vendor:/opt/ros/jazzy/opt/gz_plugin_vendor:/opt/ros/jazzy/opt/gz_fuel_tools_vendor:/opt/ros/jazzy/opt/gz_msgs_vendor:/opt/ros/jazzy/opt/gz_common_vendor:/opt/ros/jazzy/opt/gz_math_vendor:/opt/ros/jazzy/opt/gz_utils_vendor:/opt/ros/jazzy/opt/gz_tools_vendor:/opt/ros/jazzy/opt/gz_ogre_next_vendor:/opt/ros/jazzy/opt/gz_dartsim_vendor:/opt/ros/jazzy/opt/gz_cmake_vendor:/home/danielwp22/ws_moveit/install/moveit_configs_utils:/home/danielwp22/arduinobot_ws/install/moveit_configs_utils:/home/danielwp22/arduinobot_ws/install/arduinobot_py_examples:/home/danielwp22/ros2_ws/install/my_turtle_pkg:/home/danielwp22/ros2_ws/install/my_py_pkg:/home/danielwp22/ros2_ws/install/actions_py:/home/danielwp22/ros2_ws/install/lifecycle_py:/home/danielwp22/ros2_ws/install/executors_py:/home/danielwp22/ros2_ws/install/components_py:/opt/ros/jazzy DEBUGINFOD_URLS=https://debuginfod.ubuntu.com /usr/bin/cmake /home/danielwp22/arduinobot_ws/src/arduinobot_controller -DCMAKE_INSTALL_PREFIX=/home/danielwp22/arduinobot_ws/install/arduinobot_controller
[5.384s] DEBUG:colcon.colcon_core.event_handler.log_command:Invoking command in '/home/danielwp22/arduinobot_ws/build/arduinobot_controller': CMAKE_PREFIX_PATH=/home/danielwp22/arduinobot_ws/install/arduinobot_description:/home/danielwp22/arduinobot_ws/install/arduinobot_controller:/home/danielwp22/ws_moveit/install/robotiq_hardware_tests:/home/danielwp22/ws_moveit/install/robotiq_driver:/home/danielwp22/ws_moveit/install/serial:/home/danielwp22/ws_moveit/install/moveit2_tutorials:/home/danielwp22/ws_moveit/install/moveit_visual_tools:/home/danielwp22/ws_moveit/install/rviz_visual_tools:/home/danielwp22/ws_moveit/install/moveit_task_constructor_visualization:/home/danielwp22/ws_moveit/install/moveit_task_constructor_demo:/home/danielwp22/ws_moveit/install/moveit_task_constructor_capabilities:/home/danielwp22/ws_moveit/install/moveit_task_constructor_core:/home/danielwp22/ws_moveit/install/rviz_marker_tools:/home/danielwp22/ws_moveit/install/kortex_bringup:/home/danielwp22/ws_moveit/install/kinova_gen3_lite_moveit_config:/home/danielwp22/ws_moveit/install/kinova_gen3_7dof_robotiq_2f_85_moveit_config:/home/danielwp22/ws_moveit/install/kinova_gen3_6dof_robotiq_2f_85_moveit_config:/home/danielwp22/ws_moveit/install/kortex_description:/home/danielwp22/ws_moveit/install/robotiq_description:/home/danielwp22/ws_moveit/install/robotiq_controllers:/home/danielwp22/ws_moveit/install/pilz_industrial_motion_planner_testutils:/home/danielwp22/ws_moveit/install/moveit_runtime:/home/danielwp22/ws_moveit/install/moveit:/home/danielwp22/ws_moveit/install/moveit_planners:/home/danielwp22/ws_moveit/install/pilz_industrial_motion_planner:/home/danielwp22/ws_moveit/install/moveit_task_constructor_msgs:/home/danielwp22/ws_moveit/install/moveit_ros_control_interface:/home/danielwp22/ws_moveit/install/moveit_plugins:/home/danielwp22/ws_moveit/install/moveit_simple_controller_manager:/home/danielwp22/ws_moveit/install/moveit_setup_assistant:/home/danielwp22/ws_moveit/install/moveit_setup_srdf_plugins:/home/danielwp22/ws_moveit/install/moveit_setup_core_plugins:/home/danielwp22/ws_moveit/install/moveit_setup_controllers:/home/danielwp22/ws_moveit/install/moveit_setup_app_plugins:/home/danielwp22/ws_moveit/install/moveit_setup_framework:/home/danielwp22/ws_moveit/install/moveit_servo:/home/danielwp22/ws_moveit/install/moveit_ros_trajectory_cache:/home/danielwp22/ws_moveit/install/moveit_ros:/home/danielwp22/ws_moveit/install/moveit_ros_visualization:/home/danielwp22/ws_moveit/install/moveit_py:/home/danielwp22/ws_moveit/install/moveit_hybrid_planning:/home/danielwp22/ws_moveit/install/moveit_ros_planning_interface:/home/danielwp22/ws_moveit/install/moveit_ros_benchmarks:/home/danielwp22/ws_moveit/install/moveit_ros_warehouse:/home/danielwp22/ws_moveit/install/moveit_ros_robot_interaction:/home/danielwp22/ws_moveit/install/moveit_ros_perception:/home/danielwp22/ws_moveit/install/moveit_resources_prbt_pg70_support:/home/danielwp22/ws_moveit/install/moveit_resources_prbt_moveit_config:/home/danielwp22/ws_moveit/install/moveit_ros_move_group:/home/danielwp22/ws_moveit/install/moveit_planners_ompl:/home/danielwp22/ws_moveit/install/moveit_kinematics:/home/danielwp22/ws_moveit/install/moveit_ros_planning:/home/danielwp22/ws_moveit/install/moveit_ros_occupancy_map_monitor:/home/danielwp22/ws_moveit/install/moveit_resources_prbt_support:/home/danielwp22/ws_moveit/install/moveit_resources_prbt_ikfast_manipulator_plugin:/home/danielwp22/ws_moveit/install/moveit_resources:/home/danielwp22/ws_moveit/install/moveit_resources_pr2_description:/home/danielwp22/ws_moveit/install/moveit_resources_panda_moveit_config:/home/danielwp22/ws_moveit/install/dual_arm_panda_moveit_config:/home/danielwp22/ws_moveit/install/moveit_resources_panda_description:/home/danielwp22/ws_moveit/install/moveit_resources_fanuc_moveit_config:/home/danielwp22/ws_moveit/install/moveit_resources_fanuc_description:/home/danielwp22/ws_moveit/install/moveit_planners_stomp:/home/danielwp22/ws_moveit/install/moveit_planners_chomp:/home/danielwp22/ws_moveit/install/chomp_motion_planner:/home/danielwp22/ws_moveit/install/moveit_core:/home/danielwp22/ws_moveit/install/moveit_msgs:/home/danielwp22/ws_moveit/install/moveit_common:/home/danielwp22/ws_moveit/install/kortex_driver:/home/danielwp22/ws_moveit/install/kortex_api:/home/danielwp22/ws_moveit/install:/home/danielwp22/arduinobot_ws/install/moveit_resources_prbt_support:/home/danielwp22/arduinobot_ws/install/moveit_common:/home/danielwp22/arduinobot_ws/install/arduinobot_cpp_examples:/home/danielwp22/ros2_ws/install/my_robot_bringup:/home/danielwp22/ros2_ws/install/my_final_project:/home/danielwp22/ros2_ws/install/my_cpp_pkg:/home/danielwp22/ros2_ws/install/actions_cpp:/home/danielwp22/ros2_ws/install/my_robot_interfaces:/home/danielwp22/ros2_ws/install/my_robot_description:/home/danielwp22/ros2_ws/install/my_robot_arm_description:/home/danielwp22/ros2_ws/install/lifecycle_cpp:/home/danielwp22/ros2_ws/install/components_cpp:/opt/ros/jazzy/opt/gz_sim_vendor:/opt/ros/jazzy/opt/gz_sensors_vendor:/opt/ros/jazzy/opt/gz_physics_vendor:/opt/ros/jazzy/opt/sdformat_vendor:/opt/ros/jazzy/opt/gz_gui_vendor:/opt/ros/jazzy/opt/gz_transport_vendor:/opt/ros/jazzy/opt/gz_rendering_vendor:/opt/ros/jazzy/opt/gz_plugin_vendor:/opt/ros/jazzy/opt/gz_fuel_tools_vendor:/opt/ros/jazzy/opt/gz_msgs_vendor:/opt/ros/jazzy/opt/gz_common_vendor:/opt/ros/jazzy/opt/gz_math_vendor:/opt/ros/jazzy/opt/gz_utils_vendor:/opt/ros/jazzy/opt/gz_tools_vendor:/opt/ros/jazzy/opt/gz_ogre_next_vendor:/opt/ros/jazzy/opt/gz_dartsim_vendor:/opt/ros/jazzy/opt/gz_cmake_vendor:/home/danielwp22/ws_moveit/install/moveit_configs_utils:/home/danielwp22/arduinobot_ws/install/moveit_configs_utils:/home/danielwp22/arduinobot_ws/install/arduinobot_py_examples:/home/danielwp22/ros2_ws/install/my_turtle_pkg:/home/danielwp22/ros2_ws/install/my_py_pkg:/home/danielwp22/ros2_ws/install/actions_py:/home/danielwp22/ros2_ws/install/lifecycle_py:/home/danielwp22/ros2_ws/install/executors_py:/home/danielwp22/ros2_ws/install/components_py:/opt/ros/jazzy DEBUGINFOD_URLS=https://debuginfod.ubuntu.com /usr/bin/cmake --build /home/danielwp22/arduinobot_ws/build/arduinobot_controller -- -j4 -l4
[17.115s] DEBUG:colcon.colcon_core.event_handler.log_command:Invoked command in '/home/danielwp22/arduinobot_ws/build/arduinobot_controller' returned '0': CMAKE_PREFIX_PATH=/home/danielwp22/arduinobot_ws/install/arduinobot_description:/home/danielwp22/arduinobot_ws/install/arduinobot_controller:/home/danielwp22/ws_moveit/install/robotiq_hardware_tests:/home/danielwp22/ws_moveit/install/robotiq_driver:/home/danielwp22/ws_moveit/install/serial:/home/danielwp22/ws_moveit/install/moveit2_tutorials:/home/danielwp22/ws_moveit/install/moveit_visual_tools:/home/danielwp22/ws_moveit/install/rviz_visual_tools:/home/danielwp22/ws_moveit/install/moveit_task_constructor_visualization:/home/danielwp22/ws_moveit/install/moveit_task_constructor_demo:/home/danielwp22/ws_moveit/install/moveit_task_constructor_capabilities:/home/danielwp22/ws_moveit/install/moveit_task_constructor_core:/home/danielwp22/ws_moveit/install/rviz_marker_tools:/home/danielwp22/ws_moveit/install/kortex_bringup:/home/danielwp22/ws_moveit/install/kinova_gen3_lite_moveit_config:/home/danielwp22/ws_moveit/install/kinova_gen3_7dof_robotiq_2f_85_moveit_config:/home/danielwp22/ws_moveit/install/kinova_gen3_6dof_robotiq_2f_85_moveit_config:/home/danielwp22/ws_moveit/install/kortex_description:/home/danielwp22/ws_moveit/install/robotiq_description:/home/danielwp22/ws_moveit/install/robotiq_controllers:/home/danielwp22/ws_moveit/install/pilz_industrial_motion_planner_testutils:/home/danielwp22/ws_moveit/install/moveit_runtime:/home/danielwp22/ws_moveit/install/moveit:/home/danielwp22/ws_moveit/install/moveit_planners:/home/danielwp22/ws_moveit/install/pilz_industrial_motion_planner:/home/danielwp22/ws_moveit/install/moveit_task_constructor_msgs:/home/danielwp22/ws_moveit/install/moveit_ros_control_interface:/home/danielwp22/ws_moveit/install/moveit_plugins:/home/danielwp22/ws_moveit/install/moveit_simple_controller_manager:/home/danielwp22/ws_moveit/install/moveit_setup_assistant:/home/danielwp22/ws_moveit/install/moveit_setup_srdf_plugins:/home/danielwp22/ws_moveit/install/moveit_setup_core_plugins:/home/danielwp22/ws_moveit/install/moveit_setup_controllers:/home/danielwp22/ws_moveit/install/moveit_setup_app_plugins:/home/danielwp22/ws_moveit/install/moveit_setup_framework:/home/danielwp22/ws_moveit/install/moveit_servo:/home/danielwp22/ws_moveit/install/moveit_ros_trajectory_cache:/home/danielwp22/ws_moveit/install/moveit_ros:/home/danielwp22/ws_moveit/install/moveit_ros_visualization:/home/danielwp22/ws_moveit/install/moveit_py:/home/danielwp22/ws_moveit/install/moveit_hybrid_planning:/home/danielwp22/ws_moveit/install/moveit_ros_planning_interface:/home/danielwp22/ws_moveit/install/moveit_ros_benchmarks:/home/danielwp22/ws_moveit/install/moveit_ros_warehouse:/home/danielwp22/ws_moveit/install/moveit_ros_robot_interaction:/home/danielwp22/ws_moveit/install/moveit_ros_perception:/home/danielwp22/ws_moveit/install/moveit_resources_prbt_pg70_support:/home/danielwp22/ws_moveit/install/moveit_resources_prbt_moveit_config:/home/danielwp22/ws_moveit/install/moveit_ros_move_group:/home/danielwp22/ws_moveit/install/moveit_planners_ompl:/home/danielwp22/ws_moveit/install/moveit_kinematics:/home/danielwp22/ws_moveit/install/moveit_ros_planning:/home/danielwp22/ws_moveit/install/moveit_ros_occupancy_map_monitor:/home/danielwp22/ws_moveit/install/moveit_resources_prbt_support:/home/danielwp22/ws_moveit/install/moveit_resources_prbt_ikfast_manipulator_plugin:/home/danielwp22/ws_moveit/install/moveit_resources:/home/danielwp22/ws_moveit/install/moveit_resources_pr2_description:/home/danielwp22/ws_moveit/install/moveit_resources_panda_moveit_config:/home/danielwp22/ws_moveit/install/dual_arm_panda_moveit_config:/home/danielwp22/ws_moveit/install/moveit_resources_panda_description:/home/danielwp22/ws_moveit/install/moveit_resources_fanuc_moveit_config:/home/danielwp22/ws_moveit/install/moveit_resources_fanuc_description:/home/danielwp22/ws_moveit/install/moveit_planners_stomp:/home/danielwp22/ws_moveit/install/moveit_planners_chomp:/home/danielwp22/ws_moveit/install/chomp_motion_planner:/home/danielwp22/ws_moveit/install/moveit_core:/home/danielwp22/ws_moveit/install/moveit_msgs:/home/danielwp22/ws_moveit/install/moveit_common:/home/danielwp22/ws_moveit/install/kortex_driver:/home/danielwp22/ws_moveit/install/kortex_api:/home/danielwp22/ws_moveit/install:/home/danielwp22/arduinobot_ws/install/moveit_resources_prbt_support:/home/danielwp22/arduinobot_ws/install/moveit_common:/home/danielwp22/arduinobot_ws/install/arduinobot_cpp_examples:/home/danielwp22/ros2_ws/install/my_robot_bringup:/home/danielwp22/ros2_ws/install/my_final_project:/home/danielwp22/ros2_ws/install/my_cpp_pkg:/home/danielwp22/ros2_ws/install/actions_cpp:/home/danielwp22/ros2_ws/install/my_robot_interfaces:/home/danielwp22/ros2_ws/install/my_robot_description:/home/danielwp22/ros2_ws/install/my_robot_arm_description:/home/danielwp22/ros2_ws/install/lifecycle_cpp:/home/danielwp22/ros2_ws/install/components_cpp:/opt/ros/jazzy/opt/gz_sim_vendor:/opt/ros/jazzy/opt/gz_sensors_vendor:/opt/ros/jazzy/opt/gz_physics_vendor:/opt/ros/jazzy/opt/sdformat_vendor:/opt/ros/jazzy/opt/gz_gui_vendor:/opt/ros/jazzy/opt/gz_transport_vendor:/opt/ros/jazzy/opt/gz_rendering_vendor:/opt/ros/jazzy/opt/gz_plugin_vendor:/opt/ros/jazzy/opt/gz_fuel_tools_vendor:/opt/ros/jazzy/opt/gz_msgs_vendor:/opt/ros/jazzy/opt/gz_common_vendor:/opt/ros/jazzy/opt/gz_math_vendor:/opt/ros/jazzy/opt/gz_utils_vendor:/opt/ros/jazzy/opt/gz_tools_vendor:/opt/ros/jazzy/opt/gz_ogre_next_vendor:/opt/ros/jazzy/opt/gz_dartsim_vendor:/opt/ros/jazzy/opt/gz_cmake_vendor:/home/danielwp22/ws_moveit/install/moveit_configs_utils:/home/danielwp22/arduinobot_ws/install/moveit_configs_utils:/home/danielwp22/arduinobot_ws/install/arduinobot_py_examples:/home/danielwp22/ros2_ws/install/my_turtle_pkg:/home/danielwp22/ros2_ws/install/my_py_pkg:/home/danielwp22/ros2_ws/install/actions_py:/home/danielwp22/ros2_ws/install/lifecycle_py:/home/danielwp22/ros2_ws/install/executors_py:/home/danielwp22/ros2_ws/install/components_py:/opt/ros/jazzy DEBUGINFOD_URLS=https://debuginfod.ubuntu.com /usr/bin/cmake --build /home/danielwp22/arduinobot_ws/build/arduinobot_controller -- -j4 -l4
[17.117s] DEBUG:colcon.colcon_core.event_handler.log_command:Invoking command in '/home/danielwp22/arduinobot_ws/build/arduinobot_controller': CMAKE_PREFIX_PATH=/home/danielwp22/arduinobot_ws/install/arduinobot_description:/home/danielwp22/arduinobot_ws/install/arduinobot_controller:/home/danielwp22/ws_moveit/install/robotiq_hardware_tests:/home/danielwp22/ws_moveit/install/robotiq_driver:/home/danielwp22/ws_moveit/install/serial:/home/danielwp22/ws_moveit/install/moveit2_tutorials:/home/danielwp22/ws_moveit/install/moveit_visual_tools:/home/danielwp22/ws_moveit/install/rviz_visual_tools:/home/danielwp22/ws_moveit/install/moveit_task_constructor_visualization:/home/danielwp22/ws_moveit/install/moveit_task_constructor_demo:/home/danielwp22/ws_moveit/install/moveit_task_constructor_capabilities:/home/danielwp22/ws_moveit/install/moveit_task_constructor_core:/home/danielwp22/ws_moveit/install/rviz_marker_tools:/home/danielwp22/ws_moveit/install/kortex_bringup:/home/danielwp22/ws_moveit/install/kinova_gen3_lite_moveit_config:/home/danielwp22/ws_moveit/install/kinova_gen3_7dof_robotiq_2f_85_moveit_config:/home/danielwp22/ws_moveit/install/kinova_gen3_6dof_robotiq_2f_85_moveit_config:/home/danielwp22/ws_moveit/install/kortex_description:/home/danielwp22/ws_moveit/install/robotiq_description:/home/danielwp22/ws_moveit/install/robotiq_controllers:/home/danielwp22/ws_moveit/install/pilz_industrial_motion_planner_testutils:/home/danielwp22/ws_moveit/install/moveit_runtime:/home/danielwp22/ws_moveit/install/moveit:/home/danielwp22/ws_moveit/install/moveit_planners:/home/danielwp22/ws_moveit/install/pilz_industrial_motion_planner:/home/danielwp22/ws_moveit/install/moveit_task_constructor_msgs:/home/danielwp22/ws_moveit/install/moveit_ros_control_interface:/home/danielwp22/ws_moveit/install/moveit_plugins:/home/danielwp22/ws_moveit/install/moveit_simple_controller_manager:/home/danielwp22/ws_moveit/install/moveit_setup_assistant:/home/danielwp22/ws_moveit/install/moveit_setup_srdf_plugins:/home/danielwp22/ws_moveit/install/moveit_setup_core_plugins:/home/danielwp22/ws_moveit/install/moveit_setup_controllers:/home/danielwp22/ws_moveit/install/moveit_setup_app_plugins:/home/danielwp22/ws_moveit/install/moveit_setup_framework:/home/danielwp22/ws_moveit/install/moveit_servo:/home/danielwp22/ws_moveit/install/moveit_ros_trajectory_cache:/home/danielwp22/ws_moveit/install/moveit_ros:/home/danielwp22/ws_moveit/install/moveit_ros_visualization:/home/danielwp22/ws_moveit/install/moveit_py:/home/danielwp22/ws_moveit/install/moveit_hybrid_planning:/home/danielwp22/ws_moveit/install/moveit_ros_planning_interface:/home/danielwp22/ws_moveit/install/moveit_ros_benchmarks:/home/danielwp22/ws_moveit/install/moveit_ros_warehouse:/home/danielwp22/ws_moveit/install/moveit_ros_robot_interaction:/home/danielwp22/ws_moveit/install/moveit_ros_perception:/home/danielwp22/ws_moveit/install/moveit_resources_prbt_pg70_support:/home/danielwp22/ws_moveit/install/moveit_resources_prbt_moveit_config:/home/danielwp22/ws_moveit/install/moveit_ros_move_group:/home/danielwp22/ws_moveit/install/moveit_planners_ompl:/home/danielwp22/ws_moveit/install/moveit_kinematics:/home/danielwp22/ws_moveit/install/moveit_ros_planning:/home/danielwp22/ws_moveit/install/moveit_ros_occupancy_map_monitor:/home/danielwp22/ws_moveit/install/moveit_resources_prbt_support:/home/danielwp22/ws_moveit/install/moveit_resources_prbt_ikfast_manipulator_plugin:/home/danielwp22/ws_moveit/install/moveit_resources:/home/danielwp22/ws_moveit/install/moveit_resources_pr2_description:/home/danielwp22/ws_moveit/install/moveit_resources_panda_moveit_config:/home/danielwp22/ws_moveit/install/dual_arm_panda_moveit_config:/home/danielwp22/ws_moveit/install/moveit_resources_panda_description:/home/danielwp22/ws_moveit/install/moveit_resources_fanuc_moveit_config:/home/danielwp22/ws_moveit/install/moveit_resources_fanuc_description:/home/danielwp22/ws_moveit/install/moveit_planners_stomp:/home/danielwp22/ws_moveit/install/moveit_planners_chomp:/home/danielwp22/ws_moveit/install/chomp_motion_planner:/home/danielwp22/ws_moveit/install/moveit_core:/home/danielwp22/ws_moveit/install/moveit_msgs:/home/danielwp22/ws_moveit/install/moveit_common:/home/danielwp22/ws_moveit/install/kortex_driver:/home/danielwp22/ws_moveit/install/kortex_api:/home/danielwp22/ws_moveit/install:/home/danielwp22/arduinobot_ws/install/moveit_resources_prbt_support:/home/danielwp22/arduinobot_ws/install/moveit_common:/home/danielwp22/arduinobot_ws/install/arduinobot_cpp_examples:/home/danielwp22/ros2_ws/install/my_robot_bringup:/home/danielwp22/ros2_ws/install/my_final_project:/home/danielwp22/ros2_ws/install/my_cpp_pkg:/home/danielwp22/ros2_ws/install/actions_cpp:/home/danielwp22/ros2_ws/install/my_robot_interfaces:/home/danielwp22/ros2_ws/install/my_robot_description:/home/danielwp22/ros2_ws/install/my_robot_arm_description:/home/danielwp22/ros2_ws/install/lifecycle_cpp:/home/danielwp22/ros2_ws/install/components_cpp:/opt/ros/jazzy/opt/gz_sim_vendor:/opt/ros/jazzy/opt/gz_sensors_vendor:/opt/ros/jazzy/opt/gz_physics_vendor:/opt/ros/jazzy/opt/sdformat_vendor:/opt/ros/jazzy/opt/gz_gui_vendor:/opt/ros/jazzy/opt/gz_transport_vendor:/opt/ros/jazzy/opt/gz_rendering_vendor:/opt/ros/jazzy/opt/gz_plugin_vendor:/opt/ros/jazzy/opt/gz_fuel_tools_vendor:/opt/ros/jazzy/opt/gz_msgs_vendor:/opt/ros/jazzy/opt/gz_common_vendor:/opt/ros/jazzy/opt/gz_math_vendor:/opt/ros/jazzy/opt/gz_utils_vendor:/opt/ros/jazzy/opt/gz_tools_vendor:/opt/ros/jazzy/opt/gz_ogre_next_vendor:/opt/ros/jazzy/opt/gz_dartsim_vendor:/opt/ros/jazzy/opt/gz_cmake_vendor:/home/danielwp22/ws_moveit/install/moveit_configs_utils:/home/danielwp22/arduinobot_ws/install/moveit_configs_utils:/home/danielwp22/arduinobot_ws/install/arduinobot_py_examples:/home/danielwp22/ros2_ws/install/my_turtle_pkg:/home/danielwp22/ros2_ws/install/my_py_pkg:/home/danielwp22/ros2_ws/install/actions_py:/home/danielwp22/ros2_ws/install/lifecycle_py:/home/danielwp22/ros2_ws/install/executors_py:/home/danielwp22/ros2_ws/install/components_py:/opt/ros/jazzy DEBUGINFOD_URLS=https://debuginfod.ubuntu.com /usr/bin/cmake --install /home/danielwp22/arduinobot_ws/build/arduinobot_controller
[17.214s] Level 1:colcon.colcon_core.environment:create_environment_scripts_only(arduinobot_controller)
[17.215s] Level 1:colcon.colcon_core.environment:checking '/home/danielwp22/arduinobot_ws/install/arduinobot_controller' for CMake module files
[17.216s] Level 1:colcon.colcon_core.environment:checking '/home/danielwp22/arduinobot_ws/install/arduinobot_controller' for CMake config files
[17.216s] Level 1:colcon.colcon_core.shell:create_environment_hook('arduinobot_controller', 'cmake_prefix_path')
[17.216s] DEBUG:colcon.colcon_core.event_handler.log_command:Invoked command in '/home/danielwp22/arduinobot_ws/build/arduinobot_controller' returned '0': CMAKE_PREFIX_PATH=/home/danielwp22/arduinobot_ws/install/arduinobot_description:/home/danielwp22/arduinobot_ws/install/arduinobot_controller:/home/danielwp22/ws_moveit/install/robotiq_hardware_tests:/home/danielwp22/ws_moveit/install/robotiq_driver:/home/danielwp22/ws_moveit/install/serial:/home/danielwp22/ws_moveit/install/moveit2_tutorials:/home/danielwp22/ws_moveit/install/moveit_visual_tools:/home/danielwp22/ws_moveit/install/rviz_visual_tools:/home/danielwp22/ws_moveit/install/moveit_task_constructor_visualization:/home/danielwp22/ws_moveit/install/moveit_task_constructor_demo:/home/danielwp22/ws_moveit/install/moveit_task_constructor_capabilities:/home/danielwp22/ws_moveit/install/moveit_task_constructor_core:/home/danielwp22/ws_moveit/install/rviz_marker_tools:/home/danielwp22/ws_moveit/install/kortex_bringup:/home/danielwp22/ws_moveit/install/kinova_gen3_lite_moveit_config:/home/danielwp22/ws_moveit/install/kinova_gen3_7dof_robotiq_2f_85_moveit_config:/home/danielwp22/ws_moveit/install/kinova_gen3_6dof_robotiq_2f_85_moveit_config:/home/danielwp22/ws_moveit/install/kortex_description:/home/danielwp22/ws_moveit/install/robotiq_description:/home/danielwp22/ws_moveit/install/robotiq_controllers:/home/danielwp22/ws_moveit/install/pilz_industrial_motion_planner_testutils:/home/danielwp22/ws_moveit/install/moveit_runtime:/home/danielwp22/ws_moveit/install/moveit:/home/danielwp22/ws_moveit/install/moveit_planners:/home/danielwp22/ws_moveit/install/pilz_industrial_motion_planner:/home/danielwp22/ws_moveit/install/moveit_task_constructor_msgs:/home/danielwp22/ws_moveit/install/moveit_ros_control_interface:/home/danielwp22/ws_moveit/install/moveit_plugins:/home/danielwp22/ws_moveit/install/moveit_simple_controller_manager:/home/danielwp22/ws_moveit/install/moveit_setup_assistant:/home/danielwp22/ws_moveit/install/moveit_setup_srdf_plugins:/home/danielwp22/ws_moveit/install/moveit_setup_core_plugins:/home/danielwp22/ws_moveit/install/moveit_setup_controllers:/home/danielwp22/ws_moveit/install/moveit_setup_app_plugins:/home/danielwp22/ws_moveit/install/moveit_setup_framework:/home/danielwp22/ws_moveit/install/moveit_servo:/home/danielwp22/ws_moveit/install/moveit_ros_trajectory_cache:/home/danielwp22/ws_moveit/install/moveit_ros:/home/danielwp22/ws_moveit/install/moveit_ros_visualization:/home/danielwp22/ws_moveit/install/moveit_py:/home/danielwp22/ws_moveit/install/moveit_hybrid_planning:/home/danielwp22/ws_moveit/install/moveit_ros_planning_interface:/home/danielwp22/ws_moveit/install/moveit_ros_benchmarks:/home/danielwp22/ws_moveit/install/moveit_ros_warehouse:/home/danielwp22/ws_moveit/install/moveit_ros_robot_interaction:/home/danielwp22/ws_moveit/install/moveit_ros_perception:/home/danielwp22/ws_moveit/install/moveit_resources_prbt_pg70_support:/home/danielwp22/ws_moveit/install/moveit_resources_prbt_moveit_config:/home/danielwp22/ws_moveit/install/moveit_ros_move_group:/home/danielwp22/ws_moveit/install/moveit_planners_ompl:/home/danielwp22/ws_moveit/install/moveit_kinematics:/home/danielwp22/ws_moveit/install/moveit_ros_planning:/home/danielwp22/ws_moveit/install/moveit_ros_occupancy_map_monitor:/home/danielwp22/ws_moveit/install/moveit_resources_prbt_support:/home/danielwp22/ws_moveit/install/moveit_resources_prbt_ikfast_manipulator_plugin:/home/danielwp22/ws_moveit/install/moveit_resources:/home/danielwp22/ws_moveit/install/moveit_resources_pr2_description:/home/danielwp22/ws_moveit/install/moveit_resources_panda_moveit_config:/home/danielwp22/ws_moveit/install/dual_arm_panda_moveit_config:/home/danielwp22/ws_moveit/install/moveit_resources_panda_description:/home/danielwp22/ws_moveit/install/moveit_resources_fanuc_moveit_config:/home/danielwp22/ws_moveit/install/moveit_resources_fanuc_description:/home/danielwp22/ws_moveit/install/moveit_planners_stomp:/home/danielwp22/ws_moveit/install/moveit_planners_chomp:/home/danielwp22/ws_moveit/install/chomp_motion_planner:/home/danielwp22/ws_moveit/install/moveit_core:/home/danielwp22/ws_moveit/install/moveit_msgs:/home/danielwp22/ws_moveit/install/moveit_common:/home/danielwp22/ws_moveit/install/kortex_driver:/home/danielwp22/ws_moveit/install/kortex_api:/home/danielwp22/ws_moveit/install:/home/danielwp22/arduinobot_ws/install/moveit_resources_prbt_support:/home/danielwp22/arduinobot_ws/install/moveit_common:/home/danielwp22/arduinobot_ws/install/arduinobot_cpp_examples:/home/danielwp22/ros2_ws/install/my_robot_bringup:/home/danielwp22/ros2_ws/install/my_final_project:/home/danielwp22/ros2_ws/install/my_cpp_pkg:/home/danielwp22/ros2_ws/install/actions_cpp:/home/danielwp22/ros2_ws/install/my_robot_interfaces:/home/danielwp22/ros2_ws/install/my_robot_description:/home/danielwp22/ros2_ws/install/my_robot_arm_description:/home/danielwp22/ros2_ws/install/lifecycle_cpp:/home/danielwp22/ros2_ws/install/components_cpp:/opt/ros/jazzy/opt/gz_sim_vendor:/opt/ros/jazzy/opt/gz_sensors_vendor:/opt/ros/jazzy/opt/gz_physics_vendor:/opt/ros/jazzy/opt/sdformat_vendor:/opt/ros/jazzy/opt/gz_gui_vendor:/opt/ros/jazzy/opt/gz_transport_vendor:/opt/ros/jazzy/opt/gz_rendering_vendor:/opt/ros/jazzy/opt/gz_plugin_vendor:/opt/ros/jazzy/opt/gz_fuel_tools_vendor:/opt/ros/jazzy/opt/gz_msgs_vendor:/opt/ros/jazzy/opt/gz_common_vendor:/opt/ros/jazzy/opt/gz_math_vendor:/opt/ros/jazzy/opt/gz_utils_vendor:/opt/ros/jazzy/opt/gz_tools_vendor:/opt/ros/jazzy/opt/gz_ogre_next_vendor:/opt/ros/jazzy/opt/gz_dartsim_vendor:/opt/ros/jazzy/opt/gz_cmake_vendor:/home/danielwp22/ws_moveit/install/moveit_configs_utils:/home/danielwp22/arduinobot_ws/install/moveit_configs_utils:/home/danielwp22/arduinobot_ws/install/arduinobot_py_examples:/home/danielwp22/ros2_ws/install/my_turtle_pkg:/home/danielwp22/ros2_ws/install/my_py_pkg:/home/danielwp22/ros2_ws/install/actions_py:/home/danielwp22/ros2_ws/install/lifecycle_py:/home/danielwp22/ros2_ws/install/executors_py:/home/danielwp22/ros2_ws/install/components_py:/opt/ros/jazzy DEBUGINFOD_URLS=https://debuginfod.ubuntu.com /usr/bin/cmake --install /home/danielwp22/arduinobot_ws/build/arduinobot_controller
[17.216s] INFO:colcon.colcon_core.shell:Creating environment hook '/home/danielwp22/arduinobot_ws/install/arduinobot_controller/share/arduinobot_controller/hook/cmake_prefix_path.ps1'
[17.217s] INFO:colcon.colcon_core.shell:Creating environment descriptor '/home/danielwp22/arduinobot_ws/install/arduinobot_controller/share/arduinobot_controller/hook/cmake_prefix_path.dsv'
[17.217s] INFO:colcon.colcon_core.shell:Creating environment hook '/home/danielwp22/arduinobot_ws/install/arduinobot_controller/share/arduinobot_controller/hook/cmake_prefix_path.sh'
[17.218s] Level 1:colcon.colcon_core.environment:checking '/home/danielwp22/arduinobot_ws/install/arduinobot_controller/lib'
[17.218s] Level 1:colcon.colcon_core.environment:checking '/home/danielwp22/arduinobot_ws/install/arduinobot_controller/bin'
[17.218s] Level 1:colcon.colcon_core.environment:checking '/home/danielwp22/arduinobot_ws/install/arduinobot_controller/lib/pkgconfig/arduinobot_controller.pc'
[17.218s] Level 1:colcon.colcon_core.environment:checking '/home/danielwp22/arduinobot_ws/install/arduinobot_controller/lib/python3.12/site-packages'
[17.219s] Level 1:colcon.colcon_core.shell:create_environment_hook('arduinobot_controller', 'pythonpath')
[17.219s] INFO:colcon.colcon_core.shell:Creating environment hook '/home/danielwp22/arduinobot_ws/install/arduinobot_controller/share/arduinobot_controller/hook/pythonpath.ps1'
[17.219s] INFO:colcon.colcon_core.shell:Creating environment descriptor '/home/danielwp22/arduinobot_ws/install/arduinobot_controller/share/arduinobot_controller/hook/pythonpath.dsv'
[17.219s] INFO:colcon.colcon_core.shell:Creating environment hook '/home/danielwp22/arduinobot_ws/install/arduinobot_controller/share/arduinobot_controller/hook/pythonpath.sh'
[17.220s] Level 1:colcon.colcon_core.environment:checking '/home/danielwp22/arduinobot_ws/install/arduinobot_controller/bin'
[17.220s] INFO:colcon.colcon_core.shell:Creating package script '/home/danielwp22/arduinobot_ws/install/arduinobot_controller/share/arduinobot_controller/package.ps1'
[17.221s] INFO:colcon.colcon_core.shell:Creating package descriptor '/home/danielwp22/arduinobot_ws/install/arduinobot_controller/share/arduinobot_controller/package.dsv'
[17.221s] INFO:colcon.colcon_core.shell:Creating package script '/home/danielwp22/arduinobot_ws/install/arduinobot_controller/share/arduinobot_controller/package.sh'
[17.222s] INFO:colcon.colcon_core.shell:Creating package script '/home/danielwp22/arduinobot_ws/install/arduinobot_controller/share/arduinobot_controller/package.bash'
[17.222s] INFO:colcon.colcon_core.shell:Creating package script '/home/danielwp22/arduinobot_ws/install/arduinobot_controller/share/arduinobot_controller/package.zsh'
[17.222s] Level 1:colcon.colcon_core.environment:create_file_with_runtime_dependencies(/home/danielwp22/arduinobot_ws/install/arduinobot_controller/share/colcon-core/packages/arduinobot_controller)
[17.223s] Level 1:colcon.colcon_core.environment:create_environment_scripts_only(arduinobot_controller)
[17.223s] Level 1:colcon.colcon_core.environment:checking '/home/danielwp22/arduinobot_ws/install/arduinobot_controller' for CMake module files
[17.224s] Level 1:colcon.colcon_core.environment:checking '/home/danielwp22/arduinobot_ws/install/arduinobot_controller' for CMake config files
[17.224s] Level 1:colcon.colcon_core.shell:create_environment_hook('arduinobot_controller', 'cmake_prefix_path')
[17.224s] INFO:colcon.colcon_core.shell:Creating environment hook '/home/danielwp22/arduinobot_ws/install/arduinobot_controller/share/arduinobot_controller/hook/cmake_prefix_path.ps1'
[17.225s] INFO:colcon.colcon_core.shell:Creating environment descriptor '/home/danielwp22/arduinobot_ws/install/arduinobot_controller/share/arduinobot_controller/hook/cmake_prefix_path.dsv'
[17.225s] INFO:colcon.colcon_core.shell:Creating environment hook '/home/danielwp22/arduinobot_ws/install/arduinobot_controller/share/arduinobot_controller/hook/cmake_prefix_path.sh'
[17.226s] Level 1:colcon.colcon_core.environment:checking '/home/danielwp22/arduinobot_ws/install/arduinobot_controller/lib'
[17.226s] Level 1:colcon.colcon_core.environment:checking '/home/danielwp22/arduinobot_ws/install/arduinobot_controller/bin'
[17.226s] Level 1:colcon.colcon_core.environment:checking '/home/danielwp22/arduinobot_ws/install/arduinobot_controller/lib/pkgconfig/arduinobot_controller.pc'
[17.226s] Level 1:colcon.colcon_core.environment:checking '/home/danielwp22/arduinobot_ws/install/arduinobot_controller/lib/python3.12/site-packages'
[17.226s] Level 1:colcon.colcon_core.shell:create_environment_hook('arduinobot_controller', 'pythonpath')
[17.226s] INFO:colcon.colcon_core.shell:Creating environment hook '/home/danielwp22/arduinobot_ws/install/arduinobot_controller/share/arduinobot_controller/hook/pythonpath.ps1'
[17.227s] INFO:colcon.colcon_core.shell:Creating environment descriptor '/home/danielwp22/arduinobot_ws/install/arduinobot_controller/share/arduinobot_controller/hook/pythonpath.dsv'
[17.227s] INFO:colcon.colcon_core.shell:Creating environment hook '/home/danielwp22/arduinobot_ws/install/arduinobot_controller/share/arduinobot_controller/hook/pythonpath.sh'
[17.228s] Level 1:colcon.colcon_core.environment:checking '/home/danielwp22/arduinobot_ws/install/arduinobot_controller/bin'
[17.228s] INFO:colcon.colcon_core.shell:Creating package script '/home/danielwp22/arduinobot_ws/install/arduinobot_controller/share/arduinobot_controller/package.ps1'
[17.228s] INFO:colcon.colcon_core.shell:Creating package descriptor '/home/danielwp22/arduinobot_ws/install/arduinobot_controller/share/arduinobot_controller/package.dsv'
[17.229s] INFO:colcon.colcon_core.shell:Creating package script '/home/danielwp22/arduinobot_ws/install/arduinobot_controller/share/arduinobot_controller/package.sh'
[17.229s] INFO:colcon.colcon_core.shell:Creating package script '/home/danielwp22/arduinobot_ws/install/arduinobot_controller/share/arduinobot_controller/package.bash'
[17.230s] INFO:colcon.colcon_core.shell:Creating package script '/home/danielwp22/arduinobot_ws/install/arduinobot_controller/share/arduinobot_controller/package.zsh'
[17.230s] Level 1:colcon.colcon_core.environment:create_file_with_runtime_dependencies(/home/danielwp22/arduinobot_ws/install/arduinobot_controller/share/colcon-core/packages/arduinobot_controller)
[17.230s] DEBUG:colcon.colcon_parallel_executor.executor.parallel:closing loop
[17.231s] DEBUG:colcon.colcon_parallel_executor.executor.parallel:loop closed
[17.231s] DEBUG:colcon.colcon_parallel_executor.executor.parallel:run_until_complete finished with '0'
[17.231s] DEBUG:colcon.colcon_core.event_reactor:joining thread
[17.238s] INFO:colcon.colcon_core.plugin_system:Skipping extension 'colcon_notification.desktop_notification.terminal_notifier': Not used on non-Darwin systems
[17.238s] INFO:colcon.colcon_core.plugin_system:Skipping extension 'colcon_notification.desktop_notification.win32': Not used on non-Windows systems
[17.238s] INFO:colcon.colcon_notification.desktop_notification:Sending desktop notification using 'notify2'
[17.248s] DEBUG:colcon.colcon_core.event_reactor:joined thread
[17.248s] INFO:colcon.colcon_core.shell:Creating prefix script '/home/danielwp22/arduinobot_ws/install/local_setup.ps1'
[17.249s] INFO:colcon.colcon_core.shell:Creating prefix util module '/home/danielwp22/arduinobot_ws/install/_local_setup_util_ps1.py'
[17.250s] INFO:colcon.colcon_core.shell:Creating prefix chain script '/home/danielwp22/arduinobot_ws/install/setup.ps1'
[17.257s] INFO:colcon.colcon_core.shell:Creating prefix script '/home/danielwp22/arduinobot_ws/install/local_setup.sh'
[17.257s] INFO:colcon.colcon_core.shell:Creating prefix util module '/home/danielwp22/arduinobot_ws/install/_local_setup_util_sh.py'
[17.258s] INFO:colcon.colcon_core.shell:Creating prefix chain script '/home/danielwp22/arduinobot_ws/install/setup.sh'
[17.264s] INFO:colcon.colcon_core.shell:Creating prefix script '/home/danielwp22/arduinobot_ws/install/local_setup.bash'
[17.264s] INFO:colcon.colcon_core.shell:Creating prefix chain script '/home/danielwp22/arduinobot_ws/install/setup.bash'
[17.270s] INFO:colcon.colcon_core.shell:Creating prefix script '/home/danielwp22/arduinobot_ws/install/local_setup.zsh'
[17.271s] INFO:colcon.colcon_core.shell:Creating prefix chain script '/home/danielwp22/arduinobot_ws/install/setup.zsh'
