[0.873s] Invoking command in '/home/danielwp22/arduinobot_ws/build/arduinobot_description': CMAKE_PREFIX_PATH=${CMAKE_PREFIX_PATH}:/home/danielwp22/ros2_ws/install/my_turtle_pkg:/home/danielwp22/ros2_ws/install/my_py_pkg:/home/danielwp22/ros2_ws/install/actions_py:/home/danielwp22/ros2_ws/install/lifecycle_py:/home/danielwp22/ros2_ws/install/executors_py:/home/danielwp22/ros2_ws/install/components_py:/opt/ros/jazzy CONDA_PROMPT_MODIFIER=(base) DEBUGINFOD_URLS=https://debuginfod.ubuntu.com /usr/bin/cmake --build /home/danielwp22/arduinobot_ws/build/arduinobot_description -- -j4 -l4
[4.223s] Invoked command in '/home/danielwp22/arduinobot_ws/build/arduinobot_description' returned '0': CMAKE_PREFIX_PATH=${CMAKE_PREFIX_PATH}:/home/danielwp22/ros2_ws/install/my_turtle_pkg:/home/danielwp22/ros2_ws/install/my_py_pkg:/home/danielwp22/ros2_ws/install/actions_py:/home/danielwp22/ros2_ws/install/lifecycle_py:/home/danielwp22/ros2_ws/install/executors_py:/home/danielwp22/ros2_ws/install/components_py:/opt/ros/jazzy CONDA_PROMPT_MODIFIER=(base) DEBUGINFOD_URLS=https://debuginfod.ubuntu.com /usr/bin/cmake --build /home/danielwp22/arduinobot_ws/build/arduinobot_description -- -j4 -l4
[4.622s] Invoking command in '/home/danielwp22/arduinobot_ws/build/arduinobot_description': CMAKE_PREFIX_PATH=${CMAKE_PREFIX_PATH}:/home/danielwp22/ros2_ws/install/my_turtle_pkg:/home/danielwp22/ros2_ws/install/my_py_pkg:/home/danielwp22/ros2_ws/install/actions_py:/home/danielwp22/ros2_ws/install/lifecycle_py:/home/danielwp22/ros2_ws/install/executors_py:/home/danielwp22/ros2_ws/install/components_py:/opt/ros/jazzy CONDA_PROMPT_MODIFIER=(base) DEBUGINFOD_URLS=https://debuginfod.ubuntu.com /usr/bin/cmake --install /home/danielwp22/arduinobot_ws/build/arduinobot_description
[4.853s] -- Install configuration: ""
[5.060s] -- Up-to-date: /home/danielwp22/arduinobot_ws/install/arduinobot_description/share/arduinobot_description/launch
[5.060s] -- Up-to-date: /home/danielwp22/arduinobot_ws/install/arduinobot_description/share/arduinobot_description/launch/display.launch.py
[5.061s] -- Up-to-date: /home/danielwp22/arduinobot_ws/install/arduinobot_description/share/arduinobot_description/launch/gazebo.launch.py
[5.061s] -- Up-to-date: /home/danielwp22/arduinobot_ws/install/arduinobot_description/share/arduinobot_description/meshes
[5.061s] -- Up-to-date: /home/danielwp22/arduinobot_ws/install/arduinobot_description/share/arduinobot_description/meshes/left_finger.STL
[5.062s] -- Up-to-date: /home/danielwp22/arduinobot_ws/install/arduinobot_description/share/arduinobot_description/meshes/servo_plate.STL
[5.062s] -- Up-to-date: /home/danielwp22/arduinobot_ws/install/arduinobot_description/share/arduinobot_description/meshes/right_finger.STL
[5.062s] -- Up-to-date: /home/danielwp22/arduinobot_ws/install/arduinobot_description/share/arduinobot_description/meshes/link.STL
[5.062s] -- Up-to-date: /home/danielwp22/arduinobot_ws/install/arduinobot_description/share/arduinobot_description/meshes/claw_support.STL
[5.062s] -- Up-to-date: /home/danielwp22/arduinobot_ws/install/arduinobot_description/share/arduinobot_description/meshes/horizontal_arm.STL
[5.062s] -- Up-to-date: /home/danielwp22/arduinobot_ws/install/arduinobot_description/share/arduinobot_description/meshes/triangular_link.STL
[5.062s] -- Up-to-date: /home/danielwp22/arduinobot_ws/install/arduinobot_description/share/arduinobot_description/meshes/forward_drive_arm.STL
[5.063s] -- Up-to-date: /home/danielwp22/arduinobot_ws/install/arduinobot_description/share/arduinobot_description/meshes/basement.STL
[5.063s] -- Up-to-date: /home/danielwp22/arduinobot_ws/install/arduinobot_description/share/arduinobot_description/meshes/round_plate.STL
[5.063s] -- Up-to-date: /home/danielwp22/arduinobot_ws/install/arduinobot_description/share/arduinobot_description/meshes/base_plate.STL
[5.063s] -- Up-to-date: /home/danielwp22/arduinobot_ws/install/arduinobot_description/share/arduinobot_description/meshes/vertical_drive_arm.STL
[5.063s] -- Up-to-date: /home/danielwp22/arduinobot_ws/install/arduinobot_description/share/arduinobot_description/meshes/plate.STL
[5.063s] -- Up-to-date: /home/danielwp22/arduinobot_ws/install/arduinobot_description/share/arduinobot_description/urdf
[5.063s] -- Up-to-date: /home/danielwp22/arduinobot_ws/install/arduinobot_description/share/arduinobot_description/urdf/arduinobot_ros2_control.xacro
[5.064s] -- Up-to-date: /home/danielwp22/arduinobot_ws/install/arduinobot_description/share/arduinobot_description/urdf/arduinobot.urdf.xacro
[5.064s] -- Up-to-date: /home/danielwp22/arduinobot_ws/install/arduinobot_description/share/arduinobot_description/urdf/arduinobot_gazebo.xacro
[5.064s] -- Up-to-date: /home/danielwp22/arduinobot_ws/install/arduinobot_description/share/arduinobot_description/rviz
[5.064s] -- Up-to-date: /home/danielwp22/arduinobot_ws/install/arduinobot_description/share/arduinobot_description/rviz/display.rviz
[5.064s] -- Up-to-date: /home/danielwp22/arduinobot_ws/install/arduinobot_description/share/ament_index/resource_index/package_run_dependencies/arduinobot_description
[5.064s] -- Up-to-date: /home/danielwp22/arduinobot_ws/install/arduinobot_description/share/ament_index/resource_index/parent_prefix_path/arduinobot_description
[5.064s] -- Up-to-date: /home/danielwp22/arduinobot_ws/install/arduinobot_description/share/arduinobot_description/environment/ament_prefix_path.sh
[5.065s] -- Up-to-date: /home/danielwp22/arduinobot_ws/install/arduinobot_description/share/arduinobot_description/environment/ament_prefix_path.dsv
[5.065s] -- Up-to-date: /home/danielwp22/arduinobot_ws/install/arduinobot_description/share/arduinobot_description/environment/path.sh
[5.065s] -- Up-to-date: /home/danielwp22/arduinobot_ws/install/arduinobot_description/share/arduinobot_description/environment/path.dsv
[5.065s] -- Up-to-date: /home/danielwp22/arduinobot_ws/install/arduinobot_description/share/arduinobot_description/local_setup.bash
[5.065s] -- Up-to-date: /home/danielwp22/arduinobot_ws/install/arduinobot_description/share/arduinobot_description/local_setup.sh
[5.065s] -- Up-to-date: /home/danielwp22/arduinobot_ws/install/arduinobot_description/share/arduinobot_description/local_setup.zsh
[5.065s] -- Up-to-date: /home/danielwp22/arduinobot_ws/install/arduinobot_description/share/arduinobot_description/local_setup.dsv
[5.065s] -- Installing: /home/danielwp22/arduinobot_ws/install/arduinobot_description/share/arduinobot_description/package.dsv
[5.112s] -- Up-to-date: /home/danielwp22/arduinobot_ws/install/arduinobot_description/share/ament_index/resource_index/packages/arduinobot_description
[5.112s] -- Up-to-date: /home/danielwp22/arduinobot_ws/install/arduinobot_description/share/arduinobot_description/cmake/arduinobot_descriptionConfig.cmake
[5.112s] -- Up-to-date: /home/danielwp22/arduinobot_ws/install/arduinobot_description/share/arduinobot_description/cmake/arduinobot_descriptionConfig-version.cmake
[5.112s] -- Up-to-date: /home/danielwp22/arduinobot_ws/install/arduinobot_description/share/arduinobot_description/package.xml
[5.122s] Invoked command in '/home/danielwp22/arduinobot_ws/build/arduinobot_description' returned '0': CMAKE_PREFIX_PATH=${CMAKE_PREFIX_PATH}:/home/danielwp22/ros2_ws/install/my_turtle_pkg:/home/danielwp22/ros2_ws/install/my_py_pkg:/home/danielwp22/ros2_ws/install/actions_py:/home/danielwp22/ros2_ws/install/lifecycle_py:/home/danielwp22/ros2_ws/install/executors_py:/home/danielwp22/ros2_ws/install/components_py:/opt/ros/jazzy CONDA_PROMPT_MODIFIER=(base) DEBUGINFOD_URLS=https://debuginfod.ubuntu.com /usr/bin/cmake --install /home/danielwp22/arduinobot_ws/build/arduinobot_description
