[0.031s] Invoking command in '/home/danielwp22/arduinobot_ws/build/arduinobot_remote': AMENT_PREFIX_PATH=/home/danielwp22/arduinobot_ws/install/arduinobot_moveit:/home/danielwp22/arduinobot_ws/install/arduinobot_msgs:/home/danielwp22/arduinobot_ws/install/arduinobot_description:${AMENT_PREFIX_PATH} CMAKE_PREFIX_PATH=/home/danielwp22/arduinobot_ws/install/arduinobot_moveit:/home/danielwp22/arduinobot_ws/install/arduinobot_msgs:/home/danielwp22/arduinobot_ws/install/arduinobot_description:/home/danielwp22/ros2_ws/install/my_robot_bringup:/home/danielwp22/ros2_ws/install/my_final_project:/home/danielwp22/ros2_ws/install/my_cpp_pkg:/home/danielwp22/ros2_ws/install/actions_cpp:/home/danielwp22/ros2_ws/install/my_robot_interfaces:/home/danielwp22/ros2_ws/install/my_robot_description:/home/danielwp22/ros2_ws/install/my_robot_arm_description:/home/danielwp22/ros2_ws/install/lifecycle_cpp:/home/danielwp22/ros2_ws/install/components_cpp:/opt/ros/jazzy/opt/gz_sim_vendor:/opt/ros/jazzy/opt/gz_sensors_vendor:/opt/ros/jazzy/opt/gz_physics_vendor:/opt/ros/jazzy/opt/sdformat_vendor:/opt/ros/jazzy/opt/gz_gui_vendor:/opt/ros/jazzy/opt/gz_transport_vendor:/opt/ros/jazzy/opt/gz_rendering_vendor:/opt/ros/jazzy/opt/gz_plugin_vendor:/opt/ros/jazzy/opt/gz_fuel_tools_vendor:/opt/ros/jazzy/opt/gz_msgs_vendor:/opt/ros/jazzy/opt/gz_common_vendor:/opt/ros/jazzy/opt/gz_math_vendor:/opt/ros/jazzy/opt/gz_utils_vendor:/opt/ros/jazzy/opt/gz_tools_vendor:/opt/ros/jazzy/opt/gz_ogre_next_vendor:/opt/ros/jazzy/opt/gz_dartsim_vendor:/opt/ros/jazzy/opt/gz_cmake_vendor:/home/danielwp22/ros2_ws/install/my_turtle_pkg:/home/danielwp22/ros2_ws/install/my_py_pkg:/home/danielwp22/ros2_ws/install/actions_py:/home/danielwp22/ros2_ws/install/lifecycle_py:/home/danielwp22/ros2_ws/install/executors_py:/home/danielwp22/ros2_ws/install/components_py:/opt/ros/jazzy DEBUGINFOD_URLS=https://debuginfod.ubuntu.com LD_LIBRARY_PATH=/home/danielwp22/arduinobot_ws/install/arduinobot_msgs/lib:${LD_LIBRARY_PATH} PYTHONPATH=/home/danielwp22/arduinobot_ws/install/arduinobot_msgs/lib/python3.12/site-packages:${PYTHONPATH} /usr/bin/cmake --build /home/danielwp22/arduinobot_ws/build/arduinobot_remote -- -j4 -l4
[0.185s] [  0%] Built target ament_cmake_python_copy_arduinobot_remote
[0.196s] [ 50%] Built target task_server_node
[0.222s] [100%] Built target task_server
[0.647s] running egg_info
[0.710s] writing arduinobot_remote.egg-info/PKG-INFO
[0.711s] writing dependency_links to arduinobot_remote.egg-info/dependency_links.txt
[0.711s] writing top-level names to arduinobot_remote.egg-info/top_level.txt
[0.868s] reading manifest file 'arduinobot_remote.egg-info/SOURCES.txt'
[0.868s] writing manifest file 'arduinobot_remote.egg-info/SOURCES.txt'
[0.913s] [100%] Built target ament_cmake_python_build_arduinobot_remote_egg
[0.937s] Invoked command in '/home/danielwp22/arduinobot_ws/build/arduinobot_remote' returned '0': AMENT_PREFIX_PATH=/home/danielwp22/arduinobot_ws/install/arduinobot_moveit:/home/danielwp22/arduinobot_ws/install/arduinobot_msgs:/home/danielwp22/arduinobot_ws/install/arduinobot_description:${AMENT_PREFIX_PATH} CMAKE_PREFIX_PATH=/home/danielwp22/arduinobot_ws/install/arduinobot_moveit:/home/danielwp22/arduinobot_ws/install/arduinobot_msgs:/home/danielwp22/arduinobot_ws/install/arduinobot_description:/home/danielwp22/ros2_ws/install/my_robot_bringup:/home/danielwp22/ros2_ws/install/my_final_project:/home/danielwp22/ros2_ws/install/my_cpp_pkg:/home/danielwp22/ros2_ws/install/actions_cpp:/home/danielwp22/ros2_ws/install/my_robot_interfaces:/home/danielwp22/ros2_ws/install/my_robot_description:/home/danielwp22/ros2_ws/install/my_robot_arm_description:/home/danielwp22/ros2_ws/install/lifecycle_cpp:/home/danielwp22/ros2_ws/install/components_cpp:/opt/ros/jazzy/opt/gz_sim_vendor:/opt/ros/jazzy/opt/gz_sensors_vendor:/opt/ros/jazzy/opt/gz_physics_vendor:/opt/ros/jazzy/opt/sdformat_vendor:/opt/ros/jazzy/opt/gz_gui_vendor:/opt/ros/jazzy/opt/gz_transport_vendor:/opt/ros/jazzy/opt/gz_rendering_vendor:/opt/ros/jazzy/opt/gz_plugin_vendor:/opt/ros/jazzy/opt/gz_fuel_tools_vendor:/opt/ros/jazzy/opt/gz_msgs_vendor:/opt/ros/jazzy/opt/gz_common_vendor:/opt/ros/jazzy/opt/gz_math_vendor:/opt/ros/jazzy/opt/gz_utils_vendor:/opt/ros/jazzy/opt/gz_tools_vendor:/opt/ros/jazzy/opt/gz_ogre_next_vendor:/opt/ros/jazzy/opt/gz_dartsim_vendor:/opt/ros/jazzy/opt/gz_cmake_vendor:/home/danielwp22/ros2_ws/install/my_turtle_pkg:/home/danielwp22/ros2_ws/install/my_py_pkg:/home/danielwp22/ros2_ws/install/actions_py:/home/danielwp22/ros2_ws/install/lifecycle_py:/home/danielwp22/ros2_ws/install/executors_py:/home/danielwp22/ros2_ws/install/components_py:/opt/ros/jazzy DEBUGINFOD_URLS=https://debuginfod.ubuntu.com LD_LIBRARY_PATH=/home/danielwp22/arduinobot_ws/install/arduinobot_msgs/lib:${LD_LIBRARY_PATH} PYTHONPATH=/home/danielwp22/arduinobot_ws/install/arduinobot_msgs/lib/python3.12/site-packages:${PYTHONPATH} /usr/bin/cmake --build /home/danielwp22/arduinobot_ws/build/arduinobot_remote -- -j4 -l4
[0.939s] Invoking command in '/home/danielwp22/arduinobot_ws/build/arduinobot_remote': AMENT_PREFIX_PATH=/home/danielwp22/arduinobot_ws/install/arduinobot_moveit:/home/danielwp22/arduinobot_ws/install/arduinobot_msgs:/home/danielwp22/arduinobot_ws/install/arduinobot_description:${AMENT_PREFIX_PATH} CMAKE_PREFIX_PATH=/home/danielwp22/arduinobot_ws/install/arduinobot_moveit:/home/danielwp22/arduinobot_ws/install/arduinobot_msgs:/home/danielwp22/arduinobot_ws/install/arduinobot_description:/home/danielwp22/ros2_ws/install/my_robot_bringup:/home/danielwp22/ros2_ws/install/my_final_project:/home/danielwp22/ros2_ws/install/my_cpp_pkg:/home/danielwp22/ros2_ws/install/actions_cpp:/home/danielwp22/ros2_ws/install/my_robot_interfaces:/home/danielwp22/ros2_ws/install/my_robot_description:/home/danielwp22/ros2_ws/install/my_robot_arm_description:/home/danielwp22/ros2_ws/install/lifecycle_cpp:/home/danielwp22/ros2_ws/install/components_cpp:/opt/ros/jazzy/opt/gz_sim_vendor:/opt/ros/jazzy/opt/gz_sensors_vendor:/opt/ros/jazzy/opt/gz_physics_vendor:/opt/ros/jazzy/opt/sdformat_vendor:/opt/ros/jazzy/opt/gz_gui_vendor:/opt/ros/jazzy/opt/gz_transport_vendor:/opt/ros/jazzy/opt/gz_rendering_vendor:/opt/ros/jazzy/opt/gz_plugin_vendor:/opt/ros/jazzy/opt/gz_fuel_tools_vendor:/opt/ros/jazzy/opt/gz_msgs_vendor:/opt/ros/jazzy/opt/gz_common_vendor:/opt/ros/jazzy/opt/gz_math_vendor:/opt/ros/jazzy/opt/gz_utils_vendor:/opt/ros/jazzy/opt/gz_tools_vendor:/opt/ros/jazzy/opt/gz_ogre_next_vendor:/opt/ros/jazzy/opt/gz_dartsim_vendor:/opt/ros/jazzy/opt/gz_cmake_vendor:/home/danielwp22/ros2_ws/install/my_turtle_pkg:/home/danielwp22/ros2_ws/install/my_py_pkg:/home/danielwp22/ros2_ws/install/actions_py:/home/danielwp22/ros2_ws/install/lifecycle_py:/home/danielwp22/ros2_ws/install/executors_py:/home/danielwp22/ros2_ws/install/components_py:/opt/ros/jazzy DEBUGINFOD_URLS=https://debuginfod.ubuntu.com LD_LIBRARY_PATH=/home/danielwp22/arduinobot_ws/install/arduinobot_msgs/lib:${LD_LIBRARY_PATH} PYTHONPATH=/home/danielwp22/arduinobot_ws/install/arduinobot_msgs/lib/python3.12/site-packages:${PYTHONPATH} /usr/bin/cmake --install /home/danielwp22/arduinobot_ws/build/arduinobot_remote
[0.964s] -- Install configuration: ""
[0.982s] -- Installing: /home/danielwp22/arduinobot_ws/install/arduinobot_remote/lib/arduinobot_remote/task_server_node
[0.982s] -- Set non-toolchain portion of runtime path of "/home/danielwp22/arduinobot_ws/install/arduinobot_remote/lib/arduinobot_remote/task_server_node" to ""
[0.982s] -- Up-to-date: /home/danielwp22/arduinobot_ws/install/arduinobot_remote/share/arduinobot_remote/environment/pythonpath.sh
[0.982s] -- Up-to-date: /home/danielwp22/arduinobot_ws/install/arduinobot_remote/share/arduinobot_remote/environment/pythonpath.dsv
[0.982s] -- Up-to-date: /home/danielwp22/arduinobot_ws/install/arduinobot_remote/lib/python3.12/site-packages/arduinobot_remote-0.0.0-py3.12.egg-info
[0.982s] -- Installing: /home/danielwp22/arduinobot_ws/install/arduinobot_remote/lib/python3.12/site-packages/arduinobot_remote-0.0.0-py3.12.egg-info/PKG-INFO
[0.982s] -- Installing: /home/danielwp22/arduinobot_ws/install/arduinobot_remote/lib/python3.12/site-packages/arduinobot_remote-0.0.0-py3.12.egg-info/SOURCES.txt
[0.982s] -- Installing: /home/danielwp22/arduinobot_ws/install/arduinobot_remote/lib/python3.12/site-packages/arduinobot_remote-0.0.0-py3.12.egg-info/top_level.txt
[0.982s] -- Installing: /home/danielwp22/arduinobot_ws/install/arduinobot_remote/lib/python3.12/site-packages/arduinobot_remote-0.0.0-py3.12.egg-info/dependency_links.txt
[0.982s] -- Up-to-date: /home/danielwp22/arduinobot_ws/install/arduinobot_remote/lib/python3.12/site-packages/arduinobot_remote
[0.983s] -- Up-to-date: /home/danielwp22/arduinobot_ws/install/arduinobot_remote/lib/python3.12/site-packages/arduinobot_remote/__init__.py
[0.983s] -- Up-to-date: /home/danielwp22/arduinobot_ws/install/arduinobot_remote/lib/python3.12/site-packages/arduinobot_remote/alexa_interface.py
[0.983s] -- Up-to-date: /home/danielwp22/arduinobot_ws/install/arduinobot_remote/lib/python3.12/site-packages/arduinobot_remote/task_server.py
[1.055s] Listing '/home/danielwp22/arduinobot_ws/install/arduinobot_remote/lib/python3.12/site-packages/arduinobot_remote'...
[1.062s] -- Up-to-date: /home/danielwp22/arduinobot_ws/install/arduinobot_remote/share/arduinobot_remote/launch
[1.062s] -- Up-to-date: /home/danielwp22/arduinobot_ws/install/arduinobot_remote/share/arduinobot_remote/launch/remote_interface.launch.py
[1.088s] -- Installing: /home/danielwp22/arduinobot_ws/install/arduinobot_remote/lib/libtask_server.so
[1.093s] -- Set non-toolchain portion of runtime path of "/home/danielwp22/arduinobot_ws/install/arduinobot_remote/lib/libtask_server.so" to ""
[1.094s] -- Up-to-date: /home/danielwp22/arduinobot_ws/install/arduinobot_remote/lib/arduinobot_remote/task_server.py
[1.094s] -- Up-to-date: /home/danielwp22/arduinobot_ws/install/arduinobot_remote/lib/arduinobot_remote/alexa_interface.py
[1.094s] -- Up-to-date: /home/danielwp22/arduinobot_ws/install/arduinobot_remote/share/ament_index/resource_index/package_run_dependencies/arduinobot_remote
[1.095s] -- Up-to-date: /home/danielwp22/arduinobot_ws/install/arduinobot_remote/share/ament_index/resource_index/parent_prefix_path/arduinobot_remote
[1.095s] -- Up-to-date: /home/danielwp22/arduinobot_ws/install/arduinobot_remote/share/arduinobot_remote/environment/ament_prefix_path.sh
[1.095s] -- Up-to-date: /home/danielwp22/arduinobot_ws/install/arduinobot_remote/share/arduinobot_remote/environment/ament_prefix_path.dsv
[1.095s] -- Up-to-date: /home/danielwp22/arduinobot_ws/install/arduinobot_remote/share/arduinobot_remote/environment/path.sh
[1.095s] -- Up-to-date: /home/danielwp22/arduinobot_ws/install/arduinobot_remote/share/arduinobot_remote/environment/path.dsv
[1.095s] -- Up-to-date: /home/danielwp22/arduinobot_ws/install/arduinobot_remote/share/arduinobot_remote/local_setup.bash
[1.095s] -- Up-to-date: /home/danielwp22/arduinobot_ws/install/arduinobot_remote/share/arduinobot_remote/local_setup.sh
[1.095s] -- Up-to-date: /home/danielwp22/arduinobot_ws/install/arduinobot_remote/share/arduinobot_remote/local_setup.zsh
[1.098s] -- Up-to-date: /home/danielwp22/arduinobot_ws/install/arduinobot_remote/share/arduinobot_remote/local_setup.dsv
[1.098s] -- Installing: /home/danielwp22/arduinobot_ws/install/arduinobot_remote/share/arduinobot_remote/package.dsv
[1.098s] -- Up-to-date: /home/danielwp22/arduinobot_ws/install/arduinobot_remote/share/ament_index/resource_index/packages/arduinobot_remote
[1.098s] -- Up-to-date: /home/danielwp22/arduinobot_ws/install/arduinobot_remote/share/ament_index/resource_index/rclcpp_components/arduinobot_remote
[1.098s] -- Up-to-date: /home/danielwp22/arduinobot_ws/install/arduinobot_remote/share/arduinobot_remote/cmake/arduinobot_remoteConfig.cmake
[1.098s] -- Up-to-date: /home/danielwp22/arduinobot_ws/install/arduinobot_remote/share/arduinobot_remote/cmake/arduinobot_remoteConfig-version.cmake
[1.098s] -- Up-to-date: /home/danielwp22/arduinobot_ws/install/arduinobot_remote/share/arduinobot_remote/package.xml
[1.107s] Invoked command in '/home/danielwp22/arduinobot_ws/build/arduinobot_remote' returned '0': AMENT_PREFIX_PATH=/home/danielwp22/arduinobot_ws/install/arduinobot_moveit:/home/danielwp22/arduinobot_ws/install/arduinobot_msgs:/home/danielwp22/arduinobot_ws/install/arduinobot_description:${AMENT_PREFIX_PATH} CMAKE_PREFIX_PATH=/home/danielwp22/arduinobot_ws/install/arduinobot_moveit:/home/danielwp22/arduinobot_ws/install/arduinobot_msgs:/home/danielwp22/arduinobot_ws/install/arduinobot_description:/home/danielwp22/ros2_ws/install/my_robot_bringup:/home/danielwp22/ros2_ws/install/my_final_project:/home/danielwp22/ros2_ws/install/my_cpp_pkg:/home/danielwp22/ros2_ws/install/actions_cpp:/home/danielwp22/ros2_ws/install/my_robot_interfaces:/home/danielwp22/ros2_ws/install/my_robot_description:/home/danielwp22/ros2_ws/install/my_robot_arm_description:/home/danielwp22/ros2_ws/install/lifecycle_cpp:/home/danielwp22/ros2_ws/install/components_cpp:/opt/ros/jazzy/opt/gz_sim_vendor:/opt/ros/jazzy/opt/gz_sensors_vendor:/opt/ros/jazzy/opt/gz_physics_vendor:/opt/ros/jazzy/opt/sdformat_vendor:/opt/ros/jazzy/opt/gz_gui_vendor:/opt/ros/jazzy/opt/gz_transport_vendor:/opt/ros/jazzy/opt/gz_rendering_vendor:/opt/ros/jazzy/opt/gz_plugin_vendor:/opt/ros/jazzy/opt/gz_fuel_tools_vendor:/opt/ros/jazzy/opt/gz_msgs_vendor:/opt/ros/jazzy/opt/gz_common_vendor:/opt/ros/jazzy/opt/gz_math_vendor:/opt/ros/jazzy/opt/gz_utils_vendor:/opt/ros/jazzy/opt/gz_tools_vendor:/opt/ros/jazzy/opt/gz_ogre_next_vendor:/opt/ros/jazzy/opt/gz_dartsim_vendor:/opt/ros/jazzy/opt/gz_cmake_vendor:/home/danielwp22/ros2_ws/install/my_turtle_pkg:/home/danielwp22/ros2_ws/install/my_py_pkg:/home/danielwp22/ros2_ws/install/actions_py:/home/danielwp22/ros2_ws/install/lifecycle_py:/home/danielwp22/ros2_ws/install/executors_py:/home/danielwp22/ros2_ws/install/components_py:/opt/ros/jazzy DEBUGINFOD_URLS=https://debuginfod.ubuntu.com LD_LIBRARY_PATH=/home/danielwp22/arduinobot_ws/install/arduinobot_msgs/lib:${LD_LIBRARY_PATH} PYTHONPATH=/home/danielwp22/arduinobot_ws/install/arduinobot_msgs/lib/python3.12/site-packages:${PYTHONPATH} /usr/bin/cmake --install /home/danielwp22/arduinobot_ws/build/arduinobot_remote
