[7.366s] Invoking command in '/home/danielwp22/arduinobot_ws/src/arduinobot_py_examples': DEBUGINFOD_URLS=https://debuginfod.ubuntu.com PYTHONPATH=/home/danielwp22/arduinobot_ws/build/arduinobot_py_examples/prefix_override:/usr/lib/python3/dist-packages/colcon_core/task/python/colcon_distutils_commands:/home/danielwp22/arduinobot_ws/install/arduinobot_py_examples/lib/python3.12/site-packages:${PYTHONPATH} /usr/bin/python3 -W ignore:setup.py install is deprecated -W ignore:easy_install command is deprecated setup.py egg_info --egg-base ../../build/arduinobot_py_examples build --build-base /home/danielwp22/arduinobot_ws/build/arduinobot_py_examples/build install --record /home/danielwp22/arduinobot_ws/build/arduinobot_py_examples/install.log --single-version-externally-managed install_data
[7.715s] running egg_info
[7.716s] creating ../../build/arduinobot_py_examples/arduinobot_py_examples.egg-info
[7.742s] writing ../../build/arduinobot_py_examples/arduinobot_py_examples.egg-info/PKG-INFO
[7.743s] writing dependency_links to ../../build/arduinobot_py_examples/arduinobot_py_examples.egg-info/dependency_links.txt
[7.743s] writing requirements to ../../build/arduinobot_py_examples/arduinobot_py_examples.egg-info/requires.txt
[7.743s] writing top-level names to ../../build/arduinobot_py_examples/arduinobot_py_examples.egg-info/top_level.txt
[7.743s] writing manifest file '../../build/arduinobot_py_examples/arduinobot_py_examples.egg-info/SOURCES.txt'
[7.799s] reading manifest file '../../build/arduinobot_py_examples/arduinobot_py_examples.egg-info/SOURCES.txt'
[7.799s] writing manifest file '../../build/arduinobot_py_examples/arduinobot_py_examples.egg-info/SOURCES.txt'
[7.802s] running build
[7.803s] running build_py
[7.803s] creating /home/danielwp22/arduinobot_ws/build/arduinobot_py_examples/build
[7.803s] creating /home/danielwp22/arduinobot_ws/build/arduinobot_py_examples/build/lib
[7.803s] creating /home/danielwp22/arduinobot_ws/build/arduinobot_py_examples/build/lib/arduinobot_py_examples
[7.803s] copying arduinobot_py_examples/__init__.py -> /home/danielwp22/arduinobot_ws/build/arduinobot_py_examples/build/lib/arduinobot_py_examples
[7.803s] running install
[7.810s] running install_lib
[7.836s] creating /home/danielwp22/arduinobot_ws/install/arduinobot_py_examples/lib/python3.12/site-packages/arduinobot_py_examples
[7.836s] copying /home/danielwp22/arduinobot_ws/build/arduinobot_py_examples/build/lib/arduinobot_py_examples/__init__.py -> /home/danielwp22/arduinobot_ws/install/arduinobot_py_examples/lib/python3.12/site-packages/arduinobot_py_examples
[7.836s] byte-compiling /home/danielwp22/arduinobot_ws/install/arduinobot_py_examples/lib/python3.12/site-packages/arduinobot_py_examples/__init__.py to __init__.cpython-312.pyc
[7.837s] running install_data
[7.837s] creating /home/danielwp22/arduinobot_ws/install/arduinobot_py_examples/share/ament_index
[7.837s] creating /home/danielwp22/arduinobot_ws/install/arduinobot_py_examples/share/ament_index/resource_index
[7.837s] creating /home/danielwp22/arduinobot_ws/install/arduinobot_py_examples/share/ament_index/resource_index/packages
[7.837s] copying resource/arduinobot_py_examples -> /home/danielwp22/arduinobot_ws/install/arduinobot_py_examples/share/ament_index/resource_index/packages
[7.837s] copying package.xml -> /home/danielwp22/arduinobot_ws/install/arduinobot_py_examples/share/arduinobot_py_examples
[7.837s] running install_egg_info
[7.865s] Copying ../../build/arduinobot_py_examples/arduinobot_py_examples.egg-info to /home/danielwp22/arduinobot_ws/install/arduinobot_py_examples/lib/python3.12/site-packages/arduinobot_py_examples-0.0.0-py3.12.egg-info
[7.865s] running install_scripts
[8.034s] writing list of installed files to '/home/danielwp22/arduinobot_ws/build/arduinobot_py_examples/install.log'
[8.065s] Invoked command in '/home/danielwp22/arduinobot_ws/src/arduinobot_py_examples' returned '0': DEBUGINFOD_URLS=https://debuginfod.ubuntu.com PYTHONPATH=/home/danielwp22/arduinobot_ws/build/arduinobot_py_examples/prefix_override:/usr/lib/python3/dist-packages/colcon_core/task/python/colcon_distutils_commands:/home/danielwp22/arduinobot_ws/install/arduinobot_py_examples/lib/python3.12/site-packages:${PYTHONPATH} /usr/bin/python3 -W ignore:setup.py install is deprecated -W ignore:easy_install command is deprecated setup.py egg_info --egg-base ../../build/arduinobot_py_examples build --build-base /home/danielwp22/arduinobot_ws/build/arduinobot_py_examples/build install --record /home/danielwp22/arduinobot_ws/build/arduinobot_py_examples/install.log --single-version-externally-managed install_data
