[1.377s] Invoking command in '/home/danielwp22/arduinobot_ws/src/arduinobot_py_examples': DEBUGINFOD_URLS=https://debuginfod.ubuntu.com PYTHONPATH=/home/danielwp22/arduinobot_ws/build/arduinobot_py_examples/prefix_override:/usr/lib/python3/dist-packages/colcon_core/task/python/colcon_distutils_commands:/home/danielwp22/arduinobot_ws/install/arduinobot_py_examples/lib/python3.12/site-packages:${PYTHONPATH} /usr/bin/python3 -W ignore:setup.py install is deprecated -W ignore:easy_install command is deprecated setup.py egg_info --egg-base ../../build/arduinobot_py_examples build --build-base /home/danielwp22/arduinobot_ws/build/arduinobot_py_examples/build install --record /home/danielwp22/arduinobot_ws/build/arduinobot_py_examples/install.log --single-version-externally-managed install_data
[1.823s] running egg_info
[1.861s] writing ../../build/arduinobot_py_examples/arduinobot_py_examples.egg-info/PKG-INFO
[1.861s] writing dependency_links to ../../build/arduinobot_py_examples/arduinobot_py_examples.egg-info/dependency_links.txt
[1.862s] writing entry points to ../../build/arduinobot_py_examples/arduinobot_py_examples.egg-info/entry_points.txt
[1.862s] writing requirements to ../../build/arduinobot_py_examples/arduinobot_py_examples.egg-info/requires.txt
[1.862s] writing top-level names to ../../build/arduinobot_py_examples/arduinobot_py_examples.egg-info/top_level.txt
[1.939s] reading manifest file '../../build/arduinobot_py_examples/arduinobot_py_examples.egg-info/SOURCES.txt'
[1.940s] writing manifest file '../../build/arduinobot_py_examples/arduinobot_py_examples.egg-info/SOURCES.txt'
[1.940s] running build
[1.940s] running build_py
[1.941s] running install
[1.948s] running install_lib
[1.989s] running install_data
[1.989s] running install_egg_info
[2.029s] removing '/home/danielwp22/arduinobot_ws/install/arduinobot_py_examples/lib/python3.12/site-packages/arduinobot_py_examples-0.0.0-py3.12.egg-info' (and everything under it)
[2.030s] Copying ../../build/arduinobot_py_examples/arduinobot_py_examples.egg-info to /home/danielwp22/arduinobot_ws/install/arduinobot_py_examples/lib/python3.12/site-packages/arduinobot_py_examples-0.0.0-py3.12.egg-info
[2.031s] running install_scripts
[2.270s] Installing simple_parameter script to /home/danielwp22/arduinobot_ws/install/arduinobot_py_examples/lib/arduinobot_py_examples
[2.271s] Installing simple_publisher script to /home/danielwp22/arduinobot_ws/install/arduinobot_py_examples/lib/arduinobot_py_examples
[2.271s] Installing simple_subscriber script to /home/danielwp22/arduinobot_ws/install/arduinobot_py_examples/lib/arduinobot_py_examples
[2.271s] writing list of installed files to '/home/danielwp22/arduinobot_ws/build/arduinobot_py_examples/install.log'
[2.305s] Invoked command in '/home/danielwp22/arduinobot_ws/src/arduinobot_py_examples' returned '0': DEBUGINFOD_URLS=https://debuginfod.ubuntu.com PYTHONPATH=/home/danielwp22/arduinobot_ws/build/arduinobot_py_examples/prefix_override:/usr/lib/python3/dist-packages/colcon_core/task/python/colcon_distutils_commands:/home/danielwp22/arduinobot_ws/install/arduinobot_py_examples/lib/python3.12/site-packages:${PYTHONPATH} /usr/bin/python3 -W ignore:setup.py install is deprecated -W ignore:easy_install command is deprecated setup.py egg_info --egg-base ../../build/arduinobot_py_examples build --build-base /home/danielwp22/arduinobot_ws/build/arduinobot_py_examples/build install --record /home/danielwp22/arduinobot_ws/build/arduinobot_py_examples/install.log --single-version-externally-managed install_data
