[3.887s] DEBUG:colcon:Command line arguments: ['/usr/bin/colcon', 'build']
[3.887s] DEBUG:colcon:Parsed command line arguments: Namespace(log_base=None, log_level=None, verb_name='build', build_base='build', install_base='install', merge_install=False, symlink_install=False, test_result_base=None, continue_on_error=False, executor='parallel', parallel_workers=4, event_handlers=None, ignore_user_meta=False, metas=['./colcon.meta'], base_paths=['.'], packages_ignore=None, packages_ignore_regex=None, paths=None, packages_up_to=None, packages_up_to_regex=None, packages_above=None, packages_above_and_dependencies=None, packages_above_depth=None, packages_select_by_dep=None, packages_skip_by_dep=None, packages_skip_up_to=None, packages_select_build_failed=False, packages_skip_build_finished=False, packages_select_test_failures=False, packages_skip_test_passed=False, packages_select=None, packages_skip=None, packages_select_regex=None, packages_skip_regex=None, packages_start=None, packages_end=None, allow_overriding=[], cmake_args=None, cmake_target=None, cmake_target_skip_unavailable=False, cmake_clean_cache=False, cmake_clean_first=False, cmake_force_configure=False, ament_cmake_args=None, catkin_cmake_args=None, catkin_skip_building_tests=False, mixin_files=None, mixin=None, verb_parser=<colcon_mixin.mixin.mixin_argument.MixinArgumentDecorator object at 0x78b58bfb6720>, verb_extension=<colcon_core.verb.build.BuildVerb object at 0x78b58c67e3c0>, main=<bound method BuildVerb.main of <colcon_core.verb.build.BuildVerb object at 0x78b58c67e3c0>>, mixin_verb=('build',))
[4.218s] Level 1:colcon.colcon_core.package_discovery:discover_packages(colcon_meta) check parameters
[4.218s] Level 1:colcon.colcon_core.package_discovery:discover_packages(recursive) check parameters
[4.218s] Level 1:colcon.colcon_core.package_discovery:discover_packages(ignore) check parameters
[4.218s] Level 1:colcon.colcon_core.package_discovery:discover_packages(path) check parameters
[4.219s] Level 1:colcon.colcon_core.package_discovery:discover_packages(colcon_meta) discover
[4.219s] Level 1:colcon.colcon_core.package_discovery:discover_packages(recursive) discover
[4.219s] INFO:colcon.colcon_core.package_discovery:Crawling recursively for packages in '/home/danielwp22/arduinobot_ws'
[4.219s] Level 1:colcon.colcon_core.package_identification:_identify(.) by extensions ['ignore', 'ignore_ament_install']
[4.219s] Level 1:colcon.colcon_core.package_identification:_identify(.) by extension 'ignore'
[4.220s] Level 1:colcon.colcon_core.package_identification:_identify(.) by extension 'ignore_ament_install'
[4.220s] Level 1:colcon.colcon_core.package_identification:_identify(.) by extensions ['colcon_pkg']
[4.220s] Level 1:colcon.colcon_core.package_identification:_identify(.) by extension 'colcon_pkg'
[4.220s] Level 1:colcon.colcon_core.package_identification:_identify(.) by extensions ['colcon_meta']
[4.220s] Level 1:colcon.colcon_core.package_identification:_identify(.) by extension 'colcon_meta'
[4.220s] Level 1:colcon.colcon_core.package_identification:_identify(.) by extensions ['ros']
[4.220s] Level 1:colcon.colcon_core.package_identification:_identify(.) by extension 'ros'
[4.334s] Level 1:colcon.colcon_core.package_identification:_identify(.) by extensions ['cmake', 'python']
[4.334s] Level 1:colcon.colcon_core.package_identification:_identify(.) by extension 'cmake'
[4.335s] Level 1:colcon.colcon_core.package_identification:_identify(.) by extension 'python'
[4.335s] Level 1:colcon.colcon_core.package_identification:_identify(.) by extensions ['python_setup_py']
[4.335s] Level 1:colcon.colcon_core.package_identification:_identify(.) by extension 'python_setup_py'
[4.335s] Level 1:colcon.colcon_core.package_identification:_identify(build) by extensions ['ignore', 'ignore_ament_install']
[4.335s] Level 1:colcon.colcon_core.package_identification:_identify(build) by extension 'ignore'
[4.335s] Level 1:colcon.colcon_core.package_identification:_identify(build) ignored
[4.335s] Level 1:colcon.colcon_core.package_identification:_identify(install) by extensions ['ignore', 'ignore_ament_install']
[4.335s] Level 1:colcon.colcon_core.package_identification:_identify(install) by extension 'ignore'
[4.335s] Level 1:colcon.colcon_core.package_identification:_identify(install) ignored
[4.335s] Level 1:colcon.colcon_core.package_identification:_identify(log) by extensions ['ignore', 'ignore_ament_install']
[4.335s] Level 1:colcon.colcon_core.package_identification:_identify(log) by extension 'ignore'
[4.335s] Level 1:colcon.colcon_core.package_identification:_identify(log) ignored
[4.353s] Level 1:colcon.colcon_core.package_identification:_identify(src) by extensions ['ignore', 'ignore_ament_install']
[4.353s] Level 1:colcon.colcon_core.package_identification:_identify(src) by extension 'ignore'
[4.353s] Level 1:colcon.colcon_core.package_identification:_identify(src) by extension 'ignore_ament_install'
[4.353s] Level 1:colcon.colcon_core.package_identification:_identify(src) by extensions ['colcon_pkg']
[4.353s] Level 1:colcon.colcon_core.package_identification:_identify(src) by extension 'colcon_pkg'
[4.353s] Level 1:colcon.colcon_core.package_identification:_identify(src) by extensions ['colcon_meta']
[4.353s] Level 1:colcon.colcon_core.package_identification:_identify(src) by extension 'colcon_meta'
[4.353s] Level 1:colcon.colcon_core.package_identification:_identify(src) by extensions ['ros']
[4.353s] Level 1:colcon.colcon_core.package_identification:_identify(src) by extension 'ros'
[4.353s] Level 1:colcon.colcon_core.package_identification:_identify(src) by extensions ['cmake', 'python']
[4.353s] Level 1:colcon.colcon_core.package_identification:_identify(src) by extension 'cmake'
[4.353s] Level 1:colcon.colcon_core.package_identification:_identify(src) by extension 'python'
[4.354s] Level 1:colcon.colcon_core.package_identification:_identify(src) by extensions ['python_setup_py']
[4.354s] Level 1:colcon.colcon_core.package_identification:_identify(src) by extension 'python_setup_py'
[4.356s] Level 1:colcon.colcon_core.package_identification:_identify(src/arduinobot_cpp_examples) by extensions ['ignore', 'ignore_ament_install']
[4.356s] Level 1:colcon.colcon_core.package_identification:_identify(src/arduinobot_cpp_examples) by extension 'ignore'
[4.356s] Level 1:colcon.colcon_core.package_identification:_identify(src/arduinobot_cpp_examples) by extension 'ignore_ament_install'
[4.356s] Level 1:colcon.colcon_core.package_identification:_identify(src/arduinobot_cpp_examples) by extensions ['colcon_pkg']
[4.356s] Level 1:colcon.colcon_core.package_identification:_identify(src/arduinobot_cpp_examples) by extension 'colcon_pkg'
[4.356s] Level 1:colcon.colcon_core.package_identification:_identify(src/arduinobot_cpp_examples) by extensions ['colcon_meta']
[4.356s] Level 1:colcon.colcon_core.package_identification:_identify(src/arduinobot_cpp_examples) by extension 'colcon_meta'
[4.356s] Level 1:colcon.colcon_core.package_identification:_identify(src/arduinobot_cpp_examples) by extensions ['ros']
[4.356s] Level 1:colcon.colcon_core.package_identification:_identify(src/arduinobot_cpp_examples) by extension 'ros'
[4.377s] DEBUG:colcon.colcon_core.package_identification:Package 'src/arduinobot_cpp_examples' with type 'ros.ament_cmake' and name 'arduinobot_cpp_examples'
[4.382s] Level 1:colcon.colcon_core.package_identification:_identify(src/arduinobot_py_examples) by extensions ['ignore', 'ignore_ament_install']
[4.382s] Level 1:colcon.colcon_core.package_identification:_identify(src/arduinobot_py_examples) by extension 'ignore'
[4.382s] Level 1:colcon.colcon_core.package_identification:_identify(src/arduinobot_py_examples) by extension 'ignore_ament_install'
[4.382s] Level 1:colcon.colcon_core.package_identification:_identify(src/arduinobot_py_examples) by extensions ['colcon_pkg']
[4.382s] Level 1:colcon.colcon_core.package_identification:_identify(src/arduinobot_py_examples) by extension 'colcon_pkg'
[4.382s] Level 1:colcon.colcon_core.package_identification:_identify(src/arduinobot_py_examples) by extensions ['colcon_meta']
[4.382s] Level 1:colcon.colcon_core.package_identification:_identify(src/arduinobot_py_examples) by extension 'colcon_meta'
[4.382s] Level 1:colcon.colcon_core.package_identification:_identify(src/arduinobot_py_examples) by extensions ['ros']
[4.382s] Level 1:colcon.colcon_core.package_identification:_identify(src/arduinobot_py_examples) by extension 'ros'
[4.393s] DEBUG:colcon.colcon_core.package_identification:Package 'src/arduinobot_py_examples' with type 'ros.ament_python' and name 'arduinobot_py_examples'
[4.393s] Level 1:colcon.colcon_core.package_discovery:discover_packages(recursive) using defaults
[4.393s] Level 1:colcon.colcon_core.package_discovery:discover_packages(ignore) discover
[4.393s] Level 1:colcon.colcon_core.package_discovery:discover_packages(ignore) using defaults
[4.393s] Level 1:colcon.colcon_core.package_discovery:discover_packages(path) discover
[4.393s] Level 1:colcon.colcon_core.package_discovery:discover_packages(path) using defaults
[4.654s] Level 1:colcon.colcon_core.package_discovery:discover_packages(prefix_path) check parameters
[4.654s] Level 1:colcon.colcon_core.package_discovery:discover_packages(prefix_path) discover
[4.680s] DEBUG:colcon.colcon_installed_package_information.package_discovery:Found 0 installed packages in /home/danielwp22/arduinobot_ws/install
[4.681s] DEBUG:colcon.colcon_installed_package_information.package_discovery:Found 15 installed packages in /home/danielwp22/ros2_ws/install
[4.683s] DEBUG:colcon.colcon_installed_package_information.package_discovery:Found 444 installed packages in /opt/ros/jazzy
[4.685s] Level 1:colcon.colcon_core.package_discovery:discover_packages(prefix_path) using defaults
[5.138s] Level 5:colcon.colcon_core.verb:set package 'arduinobot_cpp_examples' build argument 'cmake_args' from command line to 'None'
[5.138s] Level 5:colcon.colcon_core.verb:set package 'arduinobot_cpp_examples' build argument 'cmake_target' from command line to 'None'
[5.138s] Level 5:colcon.colcon_core.verb:set package 'arduinobot_cpp_examples' build argument 'cmake_target_skip_unavailable' from command line to 'False'
[5.138s] Level 5:colcon.colcon_core.verb:set package 'arduinobot_cpp_examples' build argument 'cmake_clean_cache' from command line to 'False'
[5.138s] Level 5:colcon.colcon_core.verb:set package 'arduinobot_cpp_examples' build argument 'cmake_clean_first' from command line to 'False'
[5.138s] Level 5:colcon.colcon_core.verb:set package 'arduinobot_cpp_examples' build argument 'cmake_force_configure' from command line to 'False'
[5.138s] Level 5:colcon.colcon_core.verb:set package 'arduinobot_cpp_examples' build argument 'ament_cmake_args' from command line to 'None'
[5.138s] Level 5:colcon.colcon_core.verb:set package 'arduinobot_cpp_examples' build argument 'catkin_cmake_args' from command line to 'None'
[5.138s] Level 5:colcon.colcon_core.verb:set package 'arduinobot_cpp_examples' build argument 'catkin_skip_building_tests' from command line to 'False'
[5.138s] DEBUG:colcon.colcon_core.verb:Building package 'arduinobot_cpp_examples' with the following arguments: {'ament_cmake_args': None, 'build_base': '/home/danielwp22/arduinobot_ws/build/arduinobot_cpp_examples', 'catkin_cmake_args': None, 'catkin_skip_building_tests': False, 'cmake_args': None, 'cmake_clean_cache': False, 'cmake_clean_first': False, 'cmake_force_configure': False, 'cmake_target': None, 'cmake_target_skip_unavailable': False, 'install_base': '/home/danielwp22/arduinobot_ws/install/arduinobot_cpp_examples', 'merge_install': False, 'path': '/home/danielwp22/arduinobot_ws/src/arduinobot_cpp_examples', 'symlink_install': False, 'test_result_base': None}
[5.139s] Level 5:colcon.colcon_core.verb:set package 'arduinobot_py_examples' build argument 'cmake_args' from command line to 'None'
[5.139s] Level 5:colcon.colcon_core.verb:set package 'arduinobot_py_examples' build argument 'cmake_target' from command line to 'None'
[5.139s] Level 5:colcon.colcon_core.verb:set package 'arduinobot_py_examples' build argument 'cmake_target_skip_unavailable' from command line to 'False'
[5.139s] Level 5:colcon.colcon_core.verb:set package 'arduinobot_py_examples' build argument 'cmake_clean_cache' from command line to 'False'
[5.139s] Level 5:colcon.colcon_core.verb:set package 'arduinobot_py_examples' build argument 'cmake_clean_first' from command line to 'False'
[5.139s] Level 5:colcon.colcon_core.verb:set package 'arduinobot_py_examples' build argument 'cmake_force_configure' from command line to 'False'
[5.139s] Level 5:colcon.colcon_core.verb:set package 'arduinobot_py_examples' build argument 'ament_cmake_args' from command line to 'None'
[5.139s] Level 5:colcon.colcon_core.verb:set package 'arduinobot_py_examples' build argument 'catkin_cmake_args' from command line to 'None'
[5.139s] Level 5:colcon.colcon_core.verb:set package 'arduinobot_py_examples' build argument 'catkin_skip_building_tests' from command line to 'False'
[5.139s] DEBUG:colcon.colcon_core.verb:Building package 'arduinobot_py_examples' with the following arguments: {'ament_cmake_args': None, 'build_base': '/home/danielwp22/arduinobot_ws/build/arduinobot_py_examples', 'catkin_cmake_args': None, 'catkin_skip_building_tests': False, 'cmake_args': None, 'cmake_clean_cache': False, 'cmake_clean_first': False, 'cmake_force_configure': False, 'cmake_target': None, 'cmake_target_skip_unavailable': False, 'install_base': '/home/danielwp22/arduinobot_ws/install/arduinobot_py_examples', 'merge_install': False, 'path': '/home/danielwp22/arduinobot_ws/src/arduinobot_py_examples', 'symlink_install': False, 'test_result_base': None}
[5.139s] INFO:colcon.colcon_core.executor:Executing jobs using 'parallel' executor
[5.140s] DEBUG:colcon.colcon_parallel_executor.executor.parallel:run_until_complete
[5.140s] INFO:colcon.colcon_ros.task.ament_cmake.build:Building ROS package in '/home/danielwp22/arduinobot_ws/src/arduinobot_cpp_examples' with build type 'ament_cmake'
[5.140s] INFO:colcon.colcon_cmake.task.cmake.build:Building CMake package in '/home/danielwp22/arduinobot_ws/src/arduinobot_cpp_examples'
[5.183s] INFO:colcon.colcon_core.plugin_system:Skipping extension 'colcon_core.shell.bat': Not used on non-Windows systems
[5.183s] INFO:colcon.colcon_core.shell:Skip shell extension 'powershell' for command environment: Not usable outside of PowerShell
[5.183s] DEBUG:colcon.colcon_core.shell:Skip shell extension 'dsv' for command environment
[5.198s] INFO:colcon.colcon_ros.task.ament_python.build:Building ROS package in '/home/danielwp22/arduinobot_ws/src/arduinobot_py_examples' with build type 'ament_python'
[5.198s] Level 1:colcon.colcon_core.shell:create_environment_hook('arduinobot_py_examples', 'ament_prefix_path')
[5.199s] INFO:colcon.colcon_core.shell:Creating environment hook '/home/danielwp22/arduinobot_ws/install/arduinobot_py_examples/share/arduinobot_py_examples/hook/ament_prefix_path.ps1'
[5.203s] INFO:colcon.colcon_core.shell:Creating environment descriptor '/home/danielwp22/arduinobot_ws/install/arduinobot_py_examples/share/arduinobot_py_examples/hook/ament_prefix_path.dsv'
[5.206s] INFO:colcon.colcon_core.shell:Creating environment hook '/home/danielwp22/arduinobot_ws/install/arduinobot_py_examples/share/arduinobot_py_examples/hook/ament_prefix_path.sh'
[5.207s] INFO:colcon.colcon_core.shell:Skip shell extension 'powershell' for command environment: Not usable outside of PowerShell
[5.207s] DEBUG:colcon.colcon_core.shell:Skip shell extension 'dsv' for command environment
[5.216s] DEBUG:colcon.colcon_core.event_handler.log_command:Invoking command in '/home/danielwp22/arduinobot_ws/build/arduinobot_cpp_examples': CMAKE_PREFIX_PATH=${CMAKE_PREFIX_PATH}:/home/danielwp22/ros2_ws/install/my_turtle_pkg:/home/danielwp22/ros2_ws/install/my_py_pkg:/home/danielwp22/ros2_ws/install/actions_py:/home/danielwp22/ros2_ws/install/lifecycle_py:/home/danielwp22/ros2_ws/install/executors_py:/home/danielwp22/ros2_ws/install/components_py:/opt/ros/jazzy DEBUGINFOD_URLS=https://debuginfod.ubuntu.com /usr/bin/cmake /home/danielwp22/arduinobot_ws/src/arduinobot_cpp_examples -DCMAKE_INSTALL_PREFIX=/home/danielwp22/arduinobot_ws/install/arduinobot_cpp_examples
[5.652s] INFO:colcon.colcon_core.task.python.build:Building Python package in '/home/danielwp22/arduinobot_ws/src/arduinobot_py_examples'
[5.653s] INFO:colcon.colcon_core.shell:Skip shell extension 'powershell' for command environment: Not usable outside of PowerShell
[5.653s] DEBUG:colcon.colcon_core.shell:Skip shell extension 'dsv' for command environment
[12.565s] DEBUG:colcon.colcon_core.event_handler.log_command:Invoking command in '/home/danielwp22/arduinobot_ws/src/arduinobot_py_examples': DEBUGINFOD_URLS=https://debuginfod.ubuntu.com PYTHONPATH=/home/danielwp22/arduinobot_ws/build/arduinobot_py_examples/prefix_override:/usr/lib/python3/dist-packages/colcon_core/task/python/colcon_distutils_commands:/home/danielwp22/arduinobot_ws/install/arduinobot_py_examples/lib/python3.12/site-packages:${PYTHONPATH} /usr/bin/python3 -W ignore:setup.py install is deprecated -W ignore:easy_install command is deprecated setup.py egg_info --egg-base ../../build/arduinobot_py_examples build --build-base /home/danielwp22/arduinobot_ws/build/arduinobot_py_examples/build install --record /home/danielwp22/arduinobot_ws/build/arduinobot_py_examples/install.log --single-version-externally-managed install_data
[12.728s] DEBUG:colcon.colcon_core.event_handler.log_command:Invoked command in '/home/danielwp22/arduinobot_ws/build/arduinobot_cpp_examples' returned '0': CMAKE_PREFIX_PATH=${CMAKE_PREFIX_PATH}:/home/danielwp22/ros2_ws/install/my_turtle_pkg:/home/danielwp22/ros2_ws/install/my_py_pkg:/home/danielwp22/ros2_ws/install/actions_py:/home/danielwp22/ros2_ws/install/lifecycle_py:/home/danielwp22/ros2_ws/install/executors_py:/home/danielwp22/ros2_ws/install/components_py:/opt/ros/jazzy DEBUGINFOD_URLS=https://debuginfod.ubuntu.com /usr/bin/cmake /home/danielwp22/arduinobot_ws/src/arduinobot_cpp_examples -DCMAKE_INSTALL_PREFIX=/home/danielwp22/arduinobot_ws/install/arduinobot_cpp_examples
[12.729s] DEBUG:colcon.colcon_core.event_handler.log_command:Invoking command in '/home/danielwp22/arduinobot_ws/build/arduinobot_cpp_examples': CMAKE_PREFIX_PATH=${CMAKE_PREFIX_PATH}:/home/danielwp22/ros2_ws/install/my_turtle_pkg:/home/danielwp22/ros2_ws/install/my_py_pkg:/home/danielwp22/ros2_ws/install/actions_py:/home/danielwp22/ros2_ws/install/lifecycle_py:/home/danielwp22/ros2_ws/install/executors_py:/home/danielwp22/ros2_ws/install/components_py:/opt/ros/jazzy DEBUGINFOD_URLS=https://debuginfod.ubuntu.com /usr/bin/cmake --build /home/danielwp22/arduinobot_ws/build/arduinobot_cpp_examples -- -j4 -l4
[12.781s] DEBUG:colcon.colcon_core.event_handler.log_command:Invoked command in '/home/danielwp22/arduinobot_ws/build/arduinobot_cpp_examples' returned '0': CMAKE_PREFIX_PATH=${CMAKE_PREFIX_PATH}:/home/danielwp22/ros2_ws/install/my_turtle_pkg:/home/danielwp22/ros2_ws/install/my_py_pkg:/home/danielwp22/ros2_ws/install/actions_py:/home/danielwp22/ros2_ws/install/lifecycle_py:/home/danielwp22/ros2_ws/install/executors_py:/home/danielwp22/ros2_ws/install/components_py:/opt/ros/jazzy DEBUGINFOD_URLS=https://debuginfod.ubuntu.com /usr/bin/cmake --build /home/danielwp22/arduinobot_ws/build/arduinobot_cpp_examples -- -j4 -l4
[12.794s] DEBUG:colcon.colcon_core.event_handler.log_command:Invoking command in '/home/danielwp22/arduinobot_ws/build/arduinobot_cpp_examples': CMAKE_PREFIX_PATH=${CMAKE_PREFIX_PATH}:/home/danielwp22/ros2_ws/install/my_turtle_pkg:/home/danielwp22/ros2_ws/install/my_py_pkg:/home/danielwp22/ros2_ws/install/actions_py:/home/danielwp22/ros2_ws/install/lifecycle_py:/home/danielwp22/ros2_ws/install/executors_py:/home/danielwp22/ros2_ws/install/components_py:/opt/ros/jazzy DEBUGINFOD_URLS=https://debuginfod.ubuntu.com /usr/bin/cmake --install /home/danielwp22/arduinobot_ws/build/arduinobot_cpp_examples
[12.810s] Level 1:colcon.colcon_core.environment:create_environment_scripts_only(arduinobot_cpp_examples)
[12.811s] DEBUG:colcon.colcon_core.event_handler.log_command:Invoked command in '/home/danielwp22/arduinobot_ws/build/arduinobot_cpp_examples' returned '0': CMAKE_PREFIX_PATH=${CMAKE_PREFIX_PATH}:/home/danielwp22/ros2_ws/install/my_turtle_pkg:/home/danielwp22/ros2_ws/install/my_py_pkg:/home/danielwp22/ros2_ws/install/actions_py:/home/danielwp22/ros2_ws/install/lifecycle_py:/home/danielwp22/ros2_ws/install/executors_py:/home/danielwp22/ros2_ws/install/components_py:/opt/ros/jazzy DEBUGINFOD_URLS=https://debuginfod.ubuntu.com /usr/bin/cmake --install /home/danielwp22/arduinobot_ws/build/arduinobot_cpp_examples
[12.870s] Level 1:colcon.colcon_core.environment:checking '/home/danielwp22/arduinobot_ws/install/arduinobot_cpp_examples' for CMake module files
[12.870s] Level 1:colcon.colcon_core.environment:checking '/home/danielwp22/arduinobot_ws/install/arduinobot_cpp_examples' for CMake config files
[12.870s] Level 1:colcon.colcon_core.shell:create_environment_hook('arduinobot_cpp_examples', 'cmake_prefix_path')
[12.871s] INFO:colcon.colcon_core.shell:Creating environment hook '/home/danielwp22/arduinobot_ws/install/arduinobot_cpp_examples/share/arduinobot_cpp_examples/hook/cmake_prefix_path.ps1'
[12.871s] INFO:colcon.colcon_core.shell:Creating environment descriptor '/home/danielwp22/arduinobot_ws/install/arduinobot_cpp_examples/share/arduinobot_cpp_examples/hook/cmake_prefix_path.dsv'
[12.872s] INFO:colcon.colcon_core.shell:Creating environment hook '/home/danielwp22/arduinobot_ws/install/arduinobot_cpp_examples/share/arduinobot_cpp_examples/hook/cmake_prefix_path.sh'
[12.872s] Level 1:colcon.colcon_core.environment:checking '/home/danielwp22/arduinobot_ws/install/arduinobot_cpp_examples/bin'
[12.872s] Level 1:colcon.colcon_core.environment:checking '/home/danielwp22/arduinobot_ws/install/arduinobot_cpp_examples/lib/pkgconfig/arduinobot_cpp_examples.pc'
[12.873s] Level 1:colcon.colcon_core.environment:checking '/home/danielwp22/arduinobot_ws/install/arduinobot_cpp_examples/lib/python3.12/site-packages'
[12.873s] Level 1:colcon.colcon_core.environment:checking '/home/danielwp22/arduinobot_ws/install/arduinobot_cpp_examples/bin'
[12.873s] INFO:colcon.colcon_core.shell:Creating package script '/home/danielwp22/arduinobot_ws/install/arduinobot_cpp_examples/share/arduinobot_cpp_examples/package.ps1'
[12.881s] INFO:colcon.colcon_core.shell:Creating package descriptor '/home/danielwp22/arduinobot_ws/install/arduinobot_cpp_examples/share/arduinobot_cpp_examples/package.dsv'
[12.884s] INFO:colcon.colcon_core.shell:Creating package script '/home/danielwp22/arduinobot_ws/install/arduinobot_cpp_examples/share/arduinobot_cpp_examples/package.sh'
[12.885s] INFO:colcon.colcon_core.shell:Creating package script '/home/danielwp22/arduinobot_ws/install/arduinobot_cpp_examples/share/arduinobot_cpp_examples/package.bash'
[12.894s] INFO:colcon.colcon_core.shell:Creating package script '/home/danielwp22/arduinobot_ws/install/arduinobot_cpp_examples/share/arduinobot_cpp_examples/package.zsh'
[12.910s] Level 1:colcon.colcon_core.environment:create_file_with_runtime_dependencies(/home/danielwp22/arduinobot_ws/install/arduinobot_cpp_examples/share/colcon-core/packages/arduinobot_cpp_examples)
[12.910s] Level 1:colcon.colcon_core.environment:create_environment_scripts_only(arduinobot_cpp_examples)
[12.911s] Level 1:colcon.colcon_core.environment:checking '/home/danielwp22/arduinobot_ws/install/arduinobot_cpp_examples' for CMake module files
[12.911s] Level 1:colcon.colcon_core.environment:checking '/home/danielwp22/arduinobot_ws/install/arduinobot_cpp_examples' for CMake config files
[12.911s] Level 1:colcon.colcon_core.shell:create_environment_hook('arduinobot_cpp_examples', 'cmake_prefix_path')
[12.911s] INFO:colcon.colcon_core.shell:Creating environment hook '/home/danielwp22/arduinobot_ws/install/arduinobot_cpp_examples/share/arduinobot_cpp_examples/hook/cmake_prefix_path.ps1'
[12.912s] INFO:colcon.colcon_core.shell:Creating environment descriptor '/home/danielwp22/arduinobot_ws/install/arduinobot_cpp_examples/share/arduinobot_cpp_examples/hook/cmake_prefix_path.dsv'
[12.912s] INFO:colcon.colcon_core.shell:Creating environment hook '/home/danielwp22/arduinobot_ws/install/arduinobot_cpp_examples/share/arduinobot_cpp_examples/hook/cmake_prefix_path.sh'
[12.913s] Level 1:colcon.colcon_core.environment:checking '/home/danielwp22/arduinobot_ws/install/arduinobot_cpp_examples/bin'
[12.913s] Level 1:colcon.colcon_core.environment:checking '/home/danielwp22/arduinobot_ws/install/arduinobot_cpp_examples/lib/pkgconfig/arduinobot_cpp_examples.pc'
[12.913s] Level 1:colcon.colcon_core.environment:checking '/home/danielwp22/arduinobot_ws/install/arduinobot_cpp_examples/lib/python3.12/site-packages'
[12.913s] Level 1:colcon.colcon_core.environment:checking '/home/danielwp22/arduinobot_ws/install/arduinobot_cpp_examples/bin'
[12.913s] INFO:colcon.colcon_core.shell:Creating package script '/home/danielwp22/arduinobot_ws/install/arduinobot_cpp_examples/share/arduinobot_cpp_examples/package.ps1'
[12.914s] INFO:colcon.colcon_core.shell:Creating package descriptor '/home/danielwp22/arduinobot_ws/install/arduinobot_cpp_examples/share/arduinobot_cpp_examples/package.dsv'
[12.915s] INFO:colcon.colcon_core.shell:Creating package script '/home/danielwp22/arduinobot_ws/install/arduinobot_cpp_examples/share/arduinobot_cpp_examples/package.sh'
[12.916s] INFO:colcon.colcon_core.shell:Creating package script '/home/danielwp22/arduinobot_ws/install/arduinobot_cpp_examples/share/arduinobot_cpp_examples/package.bash'
[12.916s] INFO:colcon.colcon_core.shell:Creating package script '/home/danielwp22/arduinobot_ws/install/arduinobot_cpp_examples/share/arduinobot_cpp_examples/package.zsh'
[12.916s] Level 1:colcon.colcon_core.environment:create_file_with_runtime_dependencies(/home/danielwp22/arduinobot_ws/install/arduinobot_cpp_examples/share/colcon-core/packages/arduinobot_cpp_examples)
[13.263s] Level 1:colcon.colcon_core.environment:checking '/home/danielwp22/arduinobot_ws/install/arduinobot_py_examples' for CMake module files
[13.264s] DEBUG:colcon.colcon_core.event_handler.log_command:Invoked command in '/home/danielwp22/arduinobot_ws/src/arduinobot_py_examples' returned '0': DEBUGINFOD_URLS=https://debuginfod.ubuntu.com PYTHONPATH=/home/danielwp22/arduinobot_ws/build/arduinobot_py_examples/prefix_override:/usr/lib/python3/dist-packages/colcon_core/task/python/colcon_distutils_commands:/home/danielwp22/arduinobot_ws/install/arduinobot_py_examples/lib/python3.12/site-packages:${PYTHONPATH} /usr/bin/python3 -W ignore:setup.py install is deprecated -W ignore:easy_install command is deprecated setup.py egg_info --egg-base ../../build/arduinobot_py_examples build --build-base /home/danielwp22/arduinobot_ws/build/arduinobot_py_examples/build install --record /home/danielwp22/arduinobot_ws/build/arduinobot_py_examples/install.log --single-version-externally-managed install_data
[13.264s] Level 1:colcon.colcon_core.environment:checking '/home/danielwp22/arduinobot_ws/install/arduinobot_py_examples' for CMake config files
[13.265s] Level 1:colcon.colcon_core.environment:checking '/home/danielwp22/arduinobot_ws/install/arduinobot_py_examples/lib'
[13.265s] Level 1:colcon.colcon_core.environment:checking '/home/danielwp22/arduinobot_ws/install/arduinobot_py_examples/bin'
[13.265s] Level 1:colcon.colcon_core.environment:checking '/home/danielwp22/arduinobot_ws/install/arduinobot_py_examples/lib/pkgconfig/arduinobot_py_examples.pc'
[13.266s] Level 1:colcon.colcon_core.environment:checking '/home/danielwp22/arduinobot_ws/install/arduinobot_py_examples/lib/python3.12/site-packages'
[13.266s] Level 1:colcon.colcon_core.shell:create_environment_hook('arduinobot_py_examples', 'pythonpath')
[13.266s] INFO:colcon.colcon_core.shell:Creating environment hook '/home/danielwp22/arduinobot_ws/install/arduinobot_py_examples/share/arduinobot_py_examples/hook/pythonpath.ps1'
[13.267s] INFO:colcon.colcon_core.shell:Creating environment descriptor '/home/danielwp22/arduinobot_ws/install/arduinobot_py_examples/share/arduinobot_py_examples/hook/pythonpath.dsv'
[13.267s] INFO:colcon.colcon_core.shell:Creating environment hook '/home/danielwp22/arduinobot_ws/install/arduinobot_py_examples/share/arduinobot_py_examples/hook/pythonpath.sh'
[13.268s] Level 1:colcon.colcon_core.environment:checking '/home/danielwp22/arduinobot_ws/install/arduinobot_py_examples/bin'
[13.268s] Level 1:colcon.colcon_core.environment:create_environment_scripts_only(arduinobot_py_examples)
[13.268s] INFO:colcon.colcon_core.shell:Creating package script '/home/danielwp22/arduinobot_ws/install/arduinobot_py_examples/share/arduinobot_py_examples/package.ps1'
[13.268s] INFO:colcon.colcon_core.shell:Creating package descriptor '/home/danielwp22/arduinobot_ws/install/arduinobot_py_examples/share/arduinobot_py_examples/package.dsv'
[13.269s] INFO:colcon.colcon_core.shell:Creating package script '/home/danielwp22/arduinobot_ws/install/arduinobot_py_examples/share/arduinobot_py_examples/package.sh'
[13.269s] INFO:colcon.colcon_core.shell:Creating package script '/home/danielwp22/arduinobot_ws/install/arduinobot_py_examples/share/arduinobot_py_examples/package.bash'
[13.270s] INFO:colcon.colcon_core.shell:Creating package script '/home/danielwp22/arduinobot_ws/install/arduinobot_py_examples/share/arduinobot_py_examples/package.zsh'
[13.270s] Level 1:colcon.colcon_core.environment:create_file_with_runtime_dependencies(/home/danielwp22/arduinobot_ws/install/arduinobot_py_examples/share/colcon-core/packages/arduinobot_py_examples)
[13.270s] DEBUG:colcon.colcon_parallel_executor.executor.parallel:closing loop
[13.271s] DEBUG:colcon.colcon_parallel_executor.executor.parallel:loop closed
[13.271s] DEBUG:colcon.colcon_parallel_executor.executor.parallel:run_until_complete finished with '0'
[13.271s] DEBUG:colcon.colcon_core.event_reactor:joining thread
[13.298s] INFO:colcon.colcon_core.plugin_system:Skipping extension 'colcon_notification.desktop_notification.terminal_notifier': Not used on non-Darwin systems
[13.298s] INFO:colcon.colcon_core.plugin_system:Skipping extension 'colcon_notification.desktop_notification.win32': Not used on non-Windows systems
[13.298s] INFO:colcon.colcon_notification.desktop_notification:Sending desktop notification using 'notify2'
[13.316s] DEBUG:colcon.colcon_core.event_reactor:joined thread
[13.316s] INFO:colcon.colcon_core.shell:Creating prefix script '/home/danielwp22/arduinobot_ws/install/local_setup.ps1'
[13.317s] INFO:colcon.colcon_core.shell:Creating prefix util module '/home/danielwp22/arduinobot_ws/install/_local_setup_util_ps1.py'
[13.319s] INFO:colcon.colcon_core.shell:Creating prefix chain script '/home/danielwp22/arduinobot_ws/install/setup.ps1'
[13.321s] INFO:colcon.colcon_core.shell:Creating prefix script '/home/danielwp22/arduinobot_ws/install/local_setup.sh'
[13.330s] INFO:colcon.colcon_core.shell:Creating prefix util module '/home/danielwp22/arduinobot_ws/install/_local_setup_util_sh.py'
[13.331s] INFO:colcon.colcon_core.shell:Creating prefix chain script '/home/danielwp22/arduinobot_ws/install/setup.sh'
[13.333s] INFO:colcon.colcon_core.shell:Creating prefix script '/home/danielwp22/arduinobot_ws/install/local_setup.bash'
[13.334s] INFO:colcon.colcon_core.shell:Creating prefix chain script '/home/danielwp22/arduinobot_ws/install/setup.bash'
[13.336s] INFO:colcon.colcon_core.shell:Creating prefix script '/home/danielwp22/arduinobot_ws/install/local_setup.zsh'
[13.336s] INFO:colcon.colcon_core.shell:Creating prefix chain script '/home/danielwp22/arduinobot_ws/install/setup.zsh'
