[0.029s] Invoking command in '/home/danielwp22/arduinobot_ws/build/arduinobot_description': CMAKE_PREFIX_PATH=${CMAKE_PREFIX_PATH}:/home/danielwp22/ros2_ws/install/my_turtle_pkg:/home/danielwp22/ros2_ws/install/my_py_pkg:/home/danielwp22/ros2_ws/install/actions_py:/home/danielwp22/ros2_ws/install/lifecycle_py:/home/danielwp22/ros2_ws/install/executors_py:/home/danielwp22/ros2_ws/install/components_py:/opt/ros/jazzy DEBUGINFOD_URLS=https://debuginfod.ubuntu.com /usr/bin/cmake --build /home/danielwp22/arduinobot_ws/build/arduinobot_description -- -j4 -l4
[0.141s] Invoked command in '/home/danielwp22/arduinobot_ws/build/arduinobot_description' returned '0': CMAKE_PREFIX_PATH=${CMAKE_PREFIX_PATH}:/home/danielwp22/ros2_ws/install/my_turtle_pkg:/home/danielwp22/ros2_ws/install/my_py_pkg:/home/danielwp22/ros2_ws/install/actions_py:/home/danielwp22/ros2_ws/install/lifecycle_py:/home/danielwp22/ros2_ws/install/executors_py:/home/danielwp22/ros2_ws/install/components_py:/opt/ros/jazzy DEBUGINFOD_URLS=https://debuginfod.ubuntu.com /usr/bin/cmake --build /home/danielwp22/arduinobot_ws/build/arduinobot_description -- -j4 -l4
[0.176s] Invoking command in '/home/danielwp22/arduinobot_ws/build/arduinobot_description': CMAKE_PREFIX_PATH=${CMAKE_PREFIX_PATH}:/home/danielwp22/ros2_ws/install/my_turtle_pkg:/home/danielwp22/ros2_ws/install/my_py_pkg:/home/danielwp22/ros2_ws/install/actions_py:/home/danielwp22/ros2_ws/install/lifecycle_py:/home/danielwp22/ros2_ws/install/executors_py:/home/danielwp22/ros2_ws/install/components_py:/opt/ros/jazzy DEBUGINFOD_URLS=https://debuginfod.ubuntu.com /usr/bin/cmake --install /home/danielwp22/arduinobot_ws/build/arduinobot_description
[0.208s] -- Install configuration: ""
[0.209s] -- Up-to-date: /home/danielwp22/arduinobot_ws/install/arduinobot_description/share/arduinobot_description/launch
[0.209s] -- Up-to-date: /home/danielwp22/arduinobot_ws/install/arduinobot_description/share/arduinobot_description/launch/display.launch.py
[0.209s] -- Up-to-date: /home/danielwp22/arduinobot_ws/install/arduinobot_description/share/arduinobot_description/launch/gazebo.launch.py
[0.209s] -- Up-to-date: /home/danielwp22/arduinobot_ws/install/arduinobot_description/share/arduinobot_description/meshes
[0.209s] -- Up-to-date: /home/danielwp22/arduinobot_ws/install/arduinobot_description/share/arduinobot_description/meshes/left_finger.STL
[0.209s] -- Up-to-date: /home/danielwp22/arduinobot_ws/install/arduinobot_description/share/arduinobot_description/meshes/servo_plate.STL
[0.209s] -- Up-to-date: /home/danielwp22/arduinobot_ws/install/arduinobot_description/share/arduinobot_description/meshes/right_finger.STL
[0.209s] -- Up-to-date: /home/danielwp22/arduinobot_ws/install/arduinobot_description/share/arduinobot_description/meshes/link.STL
[0.209s] -- Up-to-date: /home/danielwp22/arduinobot_ws/install/arduinobot_description/share/arduinobot_description/meshes/claw_support.STL
[0.209s] -- Up-to-date: /home/danielwp22/arduinobot_ws/install/arduinobot_description/share/arduinobot_description/meshes/horizontal_arm.STL
[0.209s] -- Up-to-date: /home/danielwp22/arduinobot_ws/install/arduinobot_description/share/arduinobot_description/meshes/triangular_link.STL
[0.210s] -- Up-to-date: /home/danielwp22/arduinobot_ws/install/arduinobot_description/share/arduinobot_description/meshes/forward_drive_arm.STL
[0.210s] -- Up-to-date: /home/danielwp22/arduinobot_ws/install/arduinobot_description/share/arduinobot_description/meshes/basement.STL
[0.210s] -- Up-to-date: /home/danielwp22/arduinobot_ws/install/arduinobot_description/share/arduinobot_description/meshes/round_plate.STL
[0.210s] -- Up-to-date: /home/danielwp22/arduinobot_ws/install/arduinobot_description/share/arduinobot_description/meshes/base_plate.STL
[0.210s] -- Up-to-date: /home/danielwp22/arduinobot_ws/install/arduinobot_description/share/arduinobot_description/meshes/vertical_drive_arm.STL
[0.210s] -- Up-to-date: /home/danielwp22/arduinobot_ws/install/arduinobot_description/share/arduinobot_description/meshes/plate.STL
[0.210s] -- Up-to-date: /home/danielwp22/arduinobot_ws/install/arduinobot_description/share/arduinobot_description/urdf
[0.210s] -- Up-to-date: /home/danielwp22/arduinobot_ws/install/arduinobot_description/share/arduinobot_description/urdf/arduinobot_ros2_control.xacro
[0.210s] -- Up-to-date: /home/danielwp22/arduinobot_ws/install/arduinobot_description/share/arduinobot_description/urdf/arduinobot.urdf.xacro
[0.210s] -- Up-to-date: /home/danielwp22/arduinobot_ws/install/arduinobot_description/share/arduinobot_description/urdf/arduinobot_gazebo.xacro
[0.210s] -- Up-to-date: /home/danielwp22/arduinobot_ws/install/arduinobot_description/share/arduinobot_description/rviz
[0.211s] -- Up-to-date: /home/danielwp22/arduinobot_ws/install/arduinobot_description/share/arduinobot_description/rviz/display.rviz
[0.211s] -- Up-to-date: /home/danielwp22/arduinobot_ws/install/arduinobot_description/share/ament_index/resource_index/package_run_dependencies/arduinobot_description
[0.211s] -- Up-to-date: /home/danielwp22/arduinobot_ws/install/arduinobot_description/share/ament_index/resource_index/parent_prefix_path/arduinobot_description
[0.211s] -- Up-to-date: /home/danielwp22/arduinobot_ws/install/arduinobot_description/share/arduinobot_description/environment/ament_prefix_path.sh
[0.211s] -- Up-to-date: /home/danielwp22/arduinobot_ws/install/arduinobot_description/share/arduinobot_description/environment/ament_prefix_path.dsv
[0.211s] -- Up-to-date: /home/danielwp22/arduinobot_ws/install/arduinobot_description/share/arduinobot_description/environment/path.sh
[0.222s] -- Up-to-date: /home/danielwp22/arduinobot_ws/install/arduinobot_description/share/arduinobot_description/environment/path.dsv
[0.222s] -- Up-to-date: /home/danielwp22/arduinobot_ws/install/arduinobot_description/share/arduinobot_description/local_setup.bash
[0.222s] -- Up-to-date: /home/danielwp22/arduinobot_ws/install/arduinobot_description/share/arduinobot_description/local_setup.sh
[0.222s] -- Up-to-date: /home/danielwp22/arduinobot_ws/install/arduinobot_description/share/arduinobot_description/local_setup.zsh
[0.222s] -- Up-to-date: /home/danielwp22/arduinobot_ws/install/arduinobot_description/share/arduinobot_description/local_setup.dsv
[0.222s] -- Installing: /home/danielwp22/arduinobot_ws/install/arduinobot_description/share/arduinobot_description/package.dsv
[0.222s] -- Up-to-date: /home/danielwp22/arduinobot_ws/install/arduinobot_description/share/ament_index/resource_index/packages/arduinobot_description
[0.222s] -- Up-to-date: /home/danielwp22/arduinobot_ws/install/arduinobot_description/share/arduinobot_description/cmake/arduinobot_descriptionConfig.cmake
[0.223s] -- Up-to-date: /home/danielwp22/arduinobot_ws/install/arduinobot_description/share/arduinobot_description/cmake/arduinobot_descriptionConfig-version.cmake
[0.223s] -- Up-to-date: /home/danielwp22/arduinobot_ws/install/arduinobot_description/share/arduinobot_description/package.xml
[0.223s] Invoked command in '/home/danielwp22/arduinobot_ws/build/arduinobot_description' returned '0': CMAKE_PREFIX_PATH=${CMAKE_PREFIX_PATH}:/home/danielwp22/ros2_ws/install/my_turtle_pkg:/home/danielwp22/ros2_ws/install/my_py_pkg:/home/danielwp22/ros2_ws/install/actions_py:/home/danielwp22/ros2_ws/install/lifecycle_py:/home/danielwp22/ros2_ws/install/executors_py:/home/danielwp22/ros2_ws/install/components_py:/opt/ros/jazzy DEBUGINFOD_URLS=https://debuginfod.ubuntu.com /usr/bin/cmake --install /home/danielwp22/arduinobot_ws/build/arduinobot_description
